[0.010s] Invoking command in '/home/noldona/niryo/niryo_two_ros/build/niryo_one_msgs': DEBUGINFOD_URLS=https://debuginfod.ubuntu.com /usr/bin/cmake /home/noldona/niryo/niryo_two_ros/src/niryo_one_msgs -DCMAKE_INSTALL_PREFIX=/home/noldona/niryo/niryo_two_ros/install/niryo_one_msgs
[0.025s] -- Found ament_cmake: 2.5.2 (/opt/ros/jazzy/share/ament_cmake/cmake)
[0.247s] -- Found rosidl_default_generators: 1.6.0 (/opt/ros/jazzy/share/rosidl_default_generators/cmake)
[0.250s] -- Using all available rosidl_typesupport_c: rosidl_typesupport_fastrtps_c;rosidl_typesupport_introspection_c
[0.291s] -- Using all available rosidl_typesupport_cpp: rosidl_typesupport_fastrtps_cpp;rosidl_typesupport_introspection_cpp
[0.320s] -- Found rosidl_adapter: 4.6.4 (/opt/ros/jazzy/share/rosidl_adapter/cmake)
[0.322s] -- Found std_msgs: 5.3.5 (/opt/ros/jazzy/share/std_msgs/cmake)
[0.355s] -- Found geometry_msgs: 5.3.5 (/opt/ros/jazzy/share/geometry_msgs/cmake)
[0.374s] -- Found moveit_msgs: 2.5.0 (/opt/ros/jazzy/share/moveit_msgs/cmake)
[1.056s] Error parsing '/home/noldona/niryo/niryo_two_ros/src/niryo_one_msgs/package.xml':
[3.729s] Traceback (most recent call last):
[3.729s]   File "/opt/ros/jazzy/share/ament_cmake_core/cmake/core/package_xml_2_cmake.py", line 150, in <module>
[3.729s]     main()
[3.731s]   File "/opt/ros/jazzy/share/ament_cmake_core/cmake/core/package_xml_2_cmake.py", line 53, in main
[3.731s]     raise e
[3.731s]   File "/opt/ros/jazzy/share/ament_cmake_core/cmake/core/package_xml_2_cmake.py", line 49, in main
[3.731s]     package = parse_package_string(
[3.732s]               ^^^^^^^^^^^^^^^^^^^^^
[3.732s]   File "/usr/lib/python3/dist-packages/catkin_pkg/package.py", line 786, in parse_package_string
[3.732s]     raise InvalidPackage('Error(s):%s' % (''.join(['\n- %s' % e for e in errors])), filename)
[3.732s] catkin_pkg.package.InvalidPackage: Error(s) in package '/home/noldona/niryo/niryo_two_ros/src/niryo_one_msgs/package.xml':
[3.732s] Error(s):
[3.732s] - The manifest of package "niryo_one_msgs" (with format version 3) must not contain the following tags: exec_depends
[3.773s] [31mCMake Error at /opt/ros/jazzy/share/ament_cmake_core/cmake/core/ament_package_xml.cmake:95 (message):
[3.773s]   execute_process(/usr/bin/python3
[3.773s]   /opt/ros/jazzy/share/ament_cmake_core/cmake/core/package_xml_2_cmake.py
[3.773s]   /home/noldona/niryo/niryo_two_ros/src/niryo_one_msgs/package.xml
[3.773s]   /home/noldona/niryo/niryo_two_ros/build/niryo_one_msgs/ament_cmake_core/package.cmake)
[3.773s]   returned error code 1
[3.773s] Call Stack (most recent call first):
[3.773s]   /opt/ros/jazzy/share/ament_cmake_core/cmake/core/ament_package_xml.cmake:49 (_ament_package_xml)
[3.773s]   /opt/ros/jazzy/share/rosidl_cmake/cmake/rosidl_generate_interfaces.cmake:220 (ament_package_xml)
[3.773s]   CMakeLists.txt:18 (rosidl_generate_interfaces)
[3.774s] 
[3.774s] [0m
[3.774s] -- Configuring incomplete, errors occurred!
[3.780s] Invoked command in '/home/noldona/niryo/niryo_two_ros/build/niryo_one_msgs' returned '1': DEBUGINFOD_URLS=https://debuginfod.ubuntu.com /usr/bin/cmake /home/noldona/niryo/niryo_two_ros/src/niryo_one_msgs -DCMAKE_INSTALL_PREFIX=/home/noldona/niryo/niryo_two_ros/install/niryo_one_msgs
