[0.015s] Invoking command in '/home/noldona/niryo/niryo_two_ros/build/niryo_one_msgs': CMAKE_PREFIX_PATH=${CMAKE_PREFIX_PATH}:/opt/ros/jazzy DEBUGINFOD_URLS=https://debuginfod.ubuntu.com /usr/bin/cmake --build /home/noldona/niryo/niryo_two_ros/build/niryo_one_msgs -- -j4 -l4
[0.110s] -- Found ament_cmake: 2.5.2 (/opt/ros/jazzy/share/ament_cmake/cmake)
[0.156s] -- Found Python3: /usr/bin/python3 (found version "3.12.3") found components: Interpreter 
[0.265s] -- Found std_msgs: 5.3.5 (/opt/ros/jazzy/share/std_msgs/cmake)
[0.318s] -- Found rosidl_generator_c: 4.6.4 (/opt/ros/jazzy/share/rosidl_generator_c/cmake)
[0.334s] -- Found rosidl_generator_cpp: 4.6.4 (/opt/ros/jazzy/share/rosidl_generator_cpp/cmake)
[0.361s] -- Using all available rosidl_typesupport_c: rosidl_typesupport_fastrtps_c;rosidl_typesupport_introspection_c
[0.388s] -- Using all available rosidl_typesupport_cpp: rosidl_typesupport_fastrtps_cpp;rosidl_typesupport_introspection_cpp
[0.433s] -- Found geometry_msgs: 5.3.5 (/opt/ros/jazzy/share/geometry_msgs/cmake)
[0.458s] -- Found moveit_msgs: 2.5.0 (/opt/ros/jazzy/share/moveit_msgs/cmake)
[0.844s] -- Found rosidl_default_generators: 1.6.0 (/opt/ros/jazzy/share/rosidl_default_generators/cmake)
[0.857s] -- Found rosidl_adapter: 4.6.4 (/opt/ros/jazzy/share/rosidl_adapter/cmake)
[1.360s] -- Found ament_cmake_ros: 0.12.0 (/opt/ros/jazzy/share/ament_cmake_ros/cmake)
[2.030s] -- Using all available rosidl_typesupport_c: rosidl_typesupport_fastrtps_c;rosidl_typesupport_introspection_c
[2.306s] -- Using all available rosidl_typesupport_cpp: rosidl_typesupport_fastrtps_cpp;rosidl_typesupport_introspection_cpp
[2.309s] -- Found python_cmake_module: 0.11.1 (/opt/ros/jazzy/share/python_cmake_module/cmake)
[2.740s] -- Found Python3: /usr/bin/python3 (found version "3.12.3") found components: Interpreter Development NumPy Development.Module Development.Embed 
[2.864s] -- Found ament_lint_auto: 0.17.1 (/opt/ros/jazzy/share/ament_lint_auto/cmake)
[2.901s] -- Added test 'lint_cmake' to check CMake code style
[2.906s] -- Added test 'xmllint' to check XML markup files
[2.914s] -- Configuring done (2.8s)
[3.129s] -- Generating done (0.2s)
[3.134s] -- Build files have been written to: /home/noldona/niryo/niryo_two_ros/build/niryo_one_msgs
[3.227s] [  1%] [34m[1mGenerating type hashes for ROS interfaces[0m
[3.246s] [  1%] Built target ament_cmake_python_copy_niryo_one_msgs
[3.623s] running egg_info
[3.652s] writing niryo_one_msgs.egg-info/PKG-INFO
[3.652s] writing dependency_links to niryo_one_msgs.egg-info/dependency_links.txt
[3.652s] writing top-level names to niryo_one_msgs.egg-info/top_level.txt
[3.737s] reading manifest file 'niryo_one_msgs.egg-info/SOURCES.txt'
[3.738s] writing manifest file 'niryo_one_msgs.egg-info/SOURCES.txt'
[3.751s] [  1%] Built target niryo_one_msgs__rosidl_generator_type_description
[3.776s] [  1%] Built target ament_cmake_python_build_niryo_one_msgs_egg
[3.782s] [  1%] [34m[1mGenerating C++ code for ROS interfaces[0m
[3.864s] [  2%] [34m[1mGenerating C code for ROS interfaces[0m
[4.733s] [  2%] Built target niryo_one_msgs__cpp
[4.910s] [  3%] [32mBuilding C object CMakeFiles/niryo_one_msgs__rosidl_generator_c.dir/rosidl_generator_c/niryo_one_msgs/msg/detail/conveyor_feedback__description.c.o[0m
[4.910s] [  5%] [32mBuilding C object CMakeFiles/niryo_one_msgs__rosidl_generator_c.dir/rosidl_generator_c/niryo_one_msgs/msg/detail/conveyor_feedback__functions.c.o[0m
[4.911s] [  5%] [32mBuilding C object CMakeFiles/niryo_one_msgs__rosidl_generator_c.dir/rosidl_generator_c/niryo_one_msgs/msg/detail/conveyor_feedback__type_support.c.o[0m
[4.914s] [  6%] [32mBuilding C object CMakeFiles/niryo_one_msgs__rosidl_generator_c.dir/rosidl_generator_c/niryo_one_msgs/msg/detail/digital_io_state__description.c.o[0m
[5.029s] [  7%] [32mBuilding C object CMakeFiles/niryo_one_msgs__rosidl_generator_c.dir/rosidl_generator_c/niryo_one_msgs/msg/detail/digital_io_state__functions.c.o[0m
[5.076s] [  7%] [32mBuilding C object CMakeFiles/niryo_one_msgs__rosidl_generator_c.dir/rosidl_generator_c/niryo_one_msgs/msg/detail/digital_io_state__type_support.c.o[0m
[5.077s] [  8%] [32mBuilding C object CMakeFiles/niryo_one_msgs__rosidl_generator_c.dir/rosidl_generator_c/niryo_one_msgs/msg/detail/hardware_status__description.c.o[0m
[5.096s] [  9%] [32mBuilding C object CMakeFiles/niryo_one_msgs__rosidl_generator_c.dir/rosidl_generator_c/niryo_one_msgs/msg/detail/hardware_status__functions.c.o[0m
[5.119s] [ 10%] [32mBuilding C object CMakeFiles/niryo_one_msgs__rosidl_generator_c.dir/rosidl_generator_c/niryo_one_msgs/msg/detail/hardware_status__type_support.c.o[0m
[5.122s] [ 11%] [32mBuilding C object CMakeFiles/niryo_one_msgs__rosidl_generator_c.dir/rosidl_generator_c/niryo_one_msgs/msg/detail/log_status__description.c.o[0m
[5.143s] [ 12%] [32mBuilding C object CMakeFiles/niryo_one_msgs__rosidl_generator_c.dir/rosidl_generator_c/niryo_one_msgs/msg/detail/log_status__functions.c.o[0m
[5.170s] [ 13%] [32mBuilding C object CMakeFiles/niryo_one_msgs__rosidl_generator_c.dir/rosidl_generator_c/niryo_one_msgs/msg/detail/log_status__type_support.c.o[0m
[5.177s] [ 14%] [32mBuilding C object CMakeFiles/niryo_one_msgs__rosidl_generator_c.dir/rosidl_generator_c/niryo_one_msgs/msg/detail/matlab_move_result__description.c.o[0m
[5.185s] [ 14%] [32mBuilding C object CMakeFiles/niryo_one_msgs__rosidl_generator_c.dir/rosidl_generator_c/niryo_one_msgs/msg/detail/matlab_move_result__functions.c.o[0m
[5.216s] [ 16%] [32mBuilding C object CMakeFiles/niryo_one_msgs__rosidl_generator_c.dir/rosidl_generator_c/niryo_one_msgs/msg/detail/object_pose__description.c.o[0m
[5.219s] [ 16%] [32mBuilding C object CMakeFiles/niryo_one_msgs__rosidl_generator_c.dir/rosidl_generator_c/niryo_one_msgs/msg/detail/matlab_move_result__type_support.c.o[0m
[5.235s] [ 17%] [32mBuilding C object CMakeFiles/niryo_one_msgs__rosidl_generator_c.dir/rosidl_generator_c/niryo_one_msgs/msg/detail/object_pose__functions.c.o[0m
[5.258s] [ 18%] [32mBuilding C object CMakeFiles/niryo_one_msgs__rosidl_generator_c.dir/rosidl_generator_c/niryo_one_msgs/msg/detail/object_pose__type_support.c.o[0m
[5.263s] [ 19%] [32mBuilding C object CMakeFiles/niryo_one_msgs__rosidl_generator_c.dir/rosidl_generator_c/niryo_one_msgs/msg/detail/rpy__description.c.o[0m
[5.271s] [ 20%] [32mBuilding C object CMakeFiles/niryo_one_msgs__rosidl_generator_c.dir/rosidl_generator_c/niryo_one_msgs/msg/detail/rpy__functions.c.o[0m
[5.304s] [ 21%] [32mBuilding C object CMakeFiles/niryo_one_msgs__rosidl_generator_c.dir/rosidl_generator_c/niryo_one_msgs/msg/detail/rpy__type_support.c.o[0m
[5.312s] [ 21%] [32mBuilding C object CMakeFiles/niryo_one_msgs__rosidl_generator_c.dir/rosidl_generator_c/niryo_one_msgs/msg/detail/position__description.c.o[0m
[5.330s] [ 22%] [32mBuilding C object CMakeFiles/niryo_one_msgs__rosidl_generator_c.dir/rosidl_generator_c/niryo_one_msgs/msg/detail/position__functions.c.o[0m
[5.357s] [ 23%] [32mBuilding C object CMakeFiles/niryo_one_msgs__rosidl_generator_c.dir/rosidl_generator_c/niryo_one_msgs/msg/detail/position__type_support.c.o[0m
[5.357s] [ 24%] [32mBuilding C object CMakeFiles/niryo_one_msgs__rosidl_generator_c.dir/rosidl_generator_c/niryo_one_msgs/srv/detail/change_hardware_version__description.c.o[0m
[5.406s] [ 25%] [32mBuilding C object CMakeFiles/niryo_one_msgs__rosidl_generator_c.dir/rosidl_generator_c/niryo_one_msgs/srv/detail/change_hardware_version__functions.c.o[0m
[5.415s] [ 26%] [32mBuilding C object CMakeFiles/niryo_one_msgs__rosidl_generator_c.dir/rosidl_generator_c/niryo_one_msgs/srv/detail/change_hardware_version__type_support.c.o[0m
[5.499s] [ 27%] [32m[1mLinking C shared library libniryo_one_msgs__rosidl_generator_c.so[0m
[5.590s] [ 27%] Built target niryo_one_msgs__rosidl_generator_c
[5.684s] [ 28%] [34m[1mGenerating C++ type support dispatch for ROS interfaces[0m
[5.711s] [ 29%] [34m[1mGenerating C introspection for ROS interfaces[0m
[5.736s] [ 30%] [34m[1mGenerating C++ type support for eProsima Fast-RTPS[0m
[5.752s] [ 31%] [34m[1mGenerating C type support for eProsima Fast-RTPS[0m
[6.356s] [ 32%] [32mBuilding CXX object CMakeFiles/niryo_one_msgs__rosidl_typesupport_cpp.dir/rosidl_typesupport_cpp/niryo_one_msgs/msg/conveyor_feedback__type_support.cpp.o[0m
[6.657s] [ 33%] [32mBuilding C object CMakeFiles/niryo_one_msgs__rosidl_typesupport_introspection_c.dir/rosidl_typesupport_introspection_c/niryo_one_msgs/msg/detail/conveyor_feedback__type_support.c.o[0m
[6.723s] [ 34%] [32mBuilding C object CMakeFiles/niryo_one_msgs__rosidl_typesupport_introspection_c.dir/rosidl_typesupport_introspection_c/niryo_one_msgs/msg/detail/digital_io_state__type_support.c.o[0m
[6.804s] [ 34%] [32mBuilding C object CMakeFiles/niryo_one_msgs__rosidl_typesupport_introspection_c.dir/rosidl_typesupport_introspection_c/niryo_one_msgs/msg/detail/hardware_status__type_support.c.o[0m
[6.863s] [ 35%] [32mBuilding CXX object CMakeFiles/niryo_one_msgs__rosidl_typesupport_fastrtps_cpp.dir/rosidl_typesupport_fastrtps_cpp/niryo_one_msgs/msg/detail/dds_fastrtps/conveyor_feedback__type_support.cpp.o[0m
[6.894s] [ 36%] [32mBuilding C object CMakeFiles/niryo_one_msgs__rosidl_typesupport_introspection_c.dir/rosidl_typesupport_introspection_c/niryo_one_msgs/msg/detail/log_status__type_support.c.o[0m
[6.951s] [ 37%] [32mBuilding C object CMakeFiles/niryo_one_msgs__rosidl_typesupport_introspection_c.dir/rosidl_typesupport_introspection_c/niryo_one_msgs/msg/detail/matlab_move_result__type_support.c.o[0m
[6.956s] [ 37%] [32mBuilding CXX object CMakeFiles/niryo_one_msgs__rosidl_typesupport_fastrtps_c.dir/rosidl_typesupport_fastrtps_c/niryo_one_msgs/msg/detail/conveyor_feedback__type_support_c.cpp.o[0m
[7.010s] [ 38%] [32mBuilding C object CMakeFiles/niryo_one_msgs__rosidl_typesupport_introspection_c.dir/rosidl_typesupport_introspection_c/niryo_one_msgs/msg/detail/object_pose__type_support.c.o[0m
[7.075s] [ 39%] [32mBuilding CXX object CMakeFiles/niryo_one_msgs__rosidl_typesupport_cpp.dir/rosidl_typesupport_cpp/niryo_one_msgs/msg/digital_io_state__type_support.cpp.o[0m
[7.087s] [ 40%] [32mBuilding C object CMakeFiles/niryo_one_msgs__rosidl_typesupport_introspection_c.dir/rosidl_typesupport_introspection_c/niryo_one_msgs/msg/detail/rpy__type_support.c.o[0m
[7.142s] [ 41%] [32mBuilding C object CMakeFiles/niryo_one_msgs__rosidl_typesupport_introspection_c.dir/rosidl_typesupport_introspection_c/niryo_one_msgs/msg/detail/position__type_support.c.o[0m
[7.259s] [ 42%] [32mBuilding C object CMakeFiles/niryo_one_msgs__rosidl_typesupport_introspection_c.dir/rosidl_typesupport_introspection_c/niryo_one_msgs/srv/detail/change_hardware_version__type_support.c.o[0m
[7.362s] [ 43%] [32m[1mLinking C shared library libniryo_one_msgs__rosidl_typesupport_introspection_c.so[0m
[7.466s] [ 43%] Built target niryo_one_msgs__rosidl_typesupport_introspection_c
[7.479s] [ 44%] [32mBuilding CXX object CMakeFiles/niryo_one_msgs__rosidl_typesupport_fastrtps_cpp.dir/rosidl_typesupport_fastrtps_cpp/niryo_one_msgs/msg/detail/dds_fastrtps/digital_io_state__type_support.cpp.o[0m
[7.815s] [ 47%] [32mBuilding CXX object CMakeFiles/niryo_one_msgs__rosidl_typesupport_fastrtps_c.dir/rosidl_typesupport_fastrtps_c/niryo_one_msgs/msg/detail/hardware_status__type_support_c.cpp.o[0m
[7.815s] [ 47%] [32mBuilding CXX object CMakeFiles/niryo_one_msgs__rosidl_typesupport_fastrtps_c.dir/rosidl_typesupport_fastrtps_c/niryo_one_msgs/msg/detail/digital_io_state__type_support_c.cpp.o[0m
[7.815s] [ 47%] [32mBuilding CXX object CMakeFiles/niryo_one_msgs__rosidl_typesupport_cpp.dir/rosidl_typesupport_cpp/niryo_one_msgs/msg/hardware_status__type_support.cpp.o[0m
[8.507s] [ 47%] [32mBuilding CXX object CMakeFiles/niryo_one_msgs__rosidl_typesupport_cpp.dir/rosidl_typesupport_cpp/niryo_one_msgs/msg/log_status__type_support.cpp.o[0m
[8.554s] [ 48%] [32mBuilding CXX object CMakeFiles/niryo_one_msgs__rosidl_typesupport_fastrtps_cpp.dir/rosidl_typesupport_fastrtps_cpp/niryo_one_msgs/msg/detail/dds_fastrtps/hardware_status__type_support.cpp.o[0m
[8.839s] [ 49%] [32mBuilding CXX object CMakeFiles/niryo_one_msgs__rosidl_typesupport_fastrtps_cpp.dir/rosidl_typesupport_fastrtps_cpp/niryo_one_msgs/msg/detail/dds_fastrtps/log_status__type_support.cpp.o[0m
[8.937s] [ 50%] [32mBuilding CXX object CMakeFiles/niryo_one_msgs__rosidl_typesupport_fastrtps_c.dir/rosidl_typesupport_fastrtps_c/niryo_one_msgs/msg/detail/log_status__type_support_c.cpp.o[0m
[9.064s] [ 51%] [32mBuilding CXX object CMakeFiles/niryo_one_msgs__rosidl_typesupport_cpp.dir/rosidl_typesupport_cpp/niryo_one_msgs/msg/matlab_move_result__type_support.cpp.o[0m
[9.719s] [ 53%] [32mBuilding CXX object CMakeFiles/niryo_one_msgs__rosidl_typesupport_cpp.dir/rosidl_typesupport_cpp/niryo_one_msgs/msg/object_pose__type_support.cpp.o[0m
[9.720s] [ 53%] [32mBuilding CXX object CMakeFiles/niryo_one_msgs__rosidl_typesupport_fastrtps_cpp.dir/rosidl_typesupport_fastrtps_cpp/niryo_one_msgs/msg/detail/dds_fastrtps/matlab_move_result__type_support.cpp.o[0m
[9.738s] [ 53%] [32mBuilding CXX object CMakeFiles/niryo_one_msgs__rosidl_typesupport_fastrtps_cpp.dir/rosidl_typesupport_fastrtps_cpp/niryo_one_msgs/msg/detail/dds_fastrtps/object_pose__type_support.cpp.o[0m
[9.854s] [ 54%] [32mBuilding CXX object CMakeFiles/niryo_one_msgs__rosidl_typesupport_fastrtps_c.dir/rosidl_typesupport_fastrtps_c/niryo_one_msgs/msg/detail/matlab_move_result__type_support_c.cpp.o[0m
[10.274s] [ 55%] [32mBuilding CXX object CMakeFiles/niryo_one_msgs__rosidl_typesupport_cpp.dir/rosidl_typesupport_cpp/niryo_one_msgs/msg/rpy__type_support.cpp.o[0m
[10.603s] [ 56%] [32mBuilding CXX object CMakeFiles/niryo_one_msgs__rosidl_typesupport_cpp.dir/rosidl_typesupport_cpp/niryo_one_msgs/msg/position__type_support.cpp.o[0m
[10.604s] [ 57%] [32mBuilding CXX object CMakeFiles/niryo_one_msgs__rosidl_typesupport_fastrtps_cpp.dir/rosidl_typesupport_fastrtps_cpp/niryo_one_msgs/msg/detail/dds_fastrtps/rpy__type_support.cpp.o[0m
[10.725s] [ 58%] [32mBuilding CXX object CMakeFiles/niryo_one_msgs__rosidl_typesupport_fastrtps_c.dir/rosidl_typesupport_fastrtps_c/niryo_one_msgs/msg/detail/object_pose__type_support_c.cpp.o[0m
[10.832s] [ 59%] [32mBuilding CXX object CMakeFiles/niryo_one_msgs__rosidl_typesupport_fastrtps_c.dir/rosidl_typesupport_fastrtps_c/niryo_one_msgs/msg/detail/rpy__type_support_c.cpp.o[0m
[11.170s] [ 60%] [32mBuilding CXX object CMakeFiles/niryo_one_msgs__rosidl_typesupport_cpp.dir/rosidl_typesupport_cpp/niryo_one_msgs/srv/change_hardware_version__type_support.cpp.o[0m
[11.433s] [ 61%] [32mBuilding CXX object CMakeFiles/niryo_one_msgs__rosidl_typesupport_fastrtps_cpp.dir/rosidl_typesupport_fastrtps_cpp/niryo_one_msgs/msg/detail/dds_fastrtps/position__type_support.cpp.o[0m
[11.653s] [ 62%] [32mBuilding CXX object CMakeFiles/niryo_one_msgs__rosidl_typesupport_fastrtps_c.dir/rosidl_typesupport_fastrtps_c/niryo_one_msgs/msg/detail/position__type_support_c.cpp.o[0m
[11.681s] [ 63%] [34m[1mGenerating C type support dispatch for ROS interfaces[0m
[11.893s] [ 64%] [32m[1mLinking CXX shared library libniryo_one_msgs__rosidl_typesupport_cpp.so[0m
[12.065s] [ 64%] Built target niryo_one_msgs__rosidl_typesupport_cpp
[12.079s] [ 65%] [32mBuilding CXX object CMakeFiles/niryo_one_msgs__rosidl_typesupport_fastrtps_cpp.dir/rosidl_typesupport_fastrtps_cpp/niryo_one_msgs/srv/detail/dds_fastrtps/change_hardware_version__type_support.cpp.o[0m
[12.351s] [ 65%] [32mBuilding CXX object CMakeFiles/niryo_one_msgs__rosidl_typesupport_fastrtps_c.dir/rosidl_typesupport_fastrtps_c/niryo_one_msgs/srv/detail/change_hardware_version__type_support_c.cpp.o[0m
[12.477s] [ 66%] [32mBuilding CXX object CMakeFiles/niryo_one_msgs__rosidl_typesupport_c.dir/rosidl_typesupport_c/niryo_one_msgs/msg/conveyor_feedback__type_support.cpp.o[0m
[12.661s] [ 67%] [32mBuilding CXX object CMakeFiles/niryo_one_msgs__rosidl_typesupport_c.dir/rosidl_typesupport_c/niryo_one_msgs/msg/digital_io_state__type_support.cpp.o[0m
[12.671s] [ 67%] [34m[1mGenerating C++ introspection for ROS interfaces[0m
[12.735s] [ 68%] [32mBuilding CXX object CMakeFiles/niryo_one_msgs__rosidl_typesupport_c.dir/rosidl_typesupport_c/niryo_one_msgs/msg/hardware_status__type_support.cpp.o[0m
[12.802s] [ 69%] [32mBuilding CXX object CMakeFiles/niryo_one_msgs__rosidl_typesupport_c.dir/rosidl_typesupport_c/niryo_one_msgs/msg/log_status__type_support.cpp.o[0m
[12.869s] [ 70%] [32mBuilding CXX object CMakeFiles/niryo_one_msgs__rosidl_typesupport_c.dir/rosidl_typesupport_c/niryo_one_msgs/msg/matlab_move_result__type_support.cpp.o[0m
[12.946s] [ 70%] [32mBuilding CXX object CMakeFiles/niryo_one_msgs__rosidl_typesupport_c.dir/rosidl_typesupport_c/niryo_one_msgs/msg/object_pose__type_support.cpp.o[0m
[13.011s] [ 71%] [32mBuilding CXX object CMakeFiles/niryo_one_msgs__rosidl_typesupport_c.dir/rosidl_typesupport_c/niryo_one_msgs/msg/rpy__type_support.cpp.o[0m
[13.078s] [ 72%] [32mBuilding CXX object CMakeFiles/niryo_one_msgs__rosidl_typesupport_c.dir/rosidl_typesupport_c/niryo_one_msgs/msg/position__type_support.cpp.o[0m
[13.141s] [ 73%] [32mBuilding CXX object CMakeFiles/niryo_one_msgs__rosidl_typesupport_c.dir/rosidl_typesupport_c/niryo_one_msgs/srv/change_hardware_version__type_support.cpp.o[0m
[13.196s] [ 74%] [32m[1mLinking CXX shared library libniryo_one_msgs__rosidl_typesupport_fastrtps_cpp.so[0m
[13.222s] [ 75%] [32m[1mLinking CXX shared library libniryo_one_msgs__rosidl_typesupport_c.so[0m
[13.265s] [ 76%] [32m[1mLinking CXX shared library libniryo_one_msgs__rosidl_typesupport_fastrtps_c.so[0m
[13.306s] [ 76%] Built target niryo_one_msgs__rosidl_typesupport_c
[13.363s] [ 76%] Built target niryo_one_msgs__rosidl_typesupport_fastrtps_cpp
[13.410s] [ 76%] Built target niryo_one_msgs__rosidl_typesupport_fastrtps_c
[13.522s] [ 77%] [32mBuilding CXX object CMakeFiles/niryo_one_msgs__rosidl_typesupport_introspection_cpp.dir/rosidl_typesupport_introspection_cpp/niryo_one_msgs/msg/detail/conveyor_feedback__type_support.cpp.o[0m
[13.525s] [ 78%] [32mBuilding CXX object CMakeFiles/niryo_one_msgs__rosidl_typesupport_introspection_cpp.dir/rosidl_typesupport_introspection_cpp/niryo_one_msgs/msg/detail/digital_io_state__type_support.cpp.o[0m
[13.533s] [ 79%] [32mBuilding CXX object CMakeFiles/niryo_one_msgs__rosidl_typesupport_introspection_cpp.dir/rosidl_typesupport_introspection_cpp/niryo_one_msgs/msg/detail/log_status__type_support.cpp.o[0m
[13.533s] [ 80%] [32mBuilding CXX object CMakeFiles/niryo_one_msgs__rosidl_typesupport_introspection_cpp.dir/rosidl_typesupport_introspection_cpp/niryo_one_msgs/msg/detail/hardware_status__type_support.cpp.o[0m
[14.232s] [ 81%] [32mBuilding CXX object CMakeFiles/niryo_one_msgs__rosidl_typesupport_introspection_cpp.dir/rosidl_typesupport_introspection_cpp/niryo_one_msgs/msg/detail/matlab_move_result__type_support.cpp.o[0m
[14.451s] [ 82%] [32mBuilding CXX object CMakeFiles/niryo_one_msgs__rosidl_typesupport_introspection_cpp.dir/rosidl_typesupport_introspection_cpp/niryo_one_msgs/msg/detail/object_pose__type_support.cpp.o[0m
[14.474s] [ 83%] [32mBuilding CXX object CMakeFiles/niryo_one_msgs__rosidl_typesupport_introspection_cpp.dir/rosidl_typesupport_introspection_cpp/niryo_one_msgs/msg/detail/rpy__type_support.cpp.o[0m
[14.566s] [ 83%] [32mBuilding CXX object CMakeFiles/niryo_one_msgs__rosidl_typesupport_introspection_cpp.dir/rosidl_typesupport_introspection_cpp/niryo_one_msgs/msg/detail/position__type_support.cpp.o[0m
[14.935s] [ 84%] [32mBuilding CXX object CMakeFiles/niryo_one_msgs__rosidl_typesupport_introspection_cpp.dir/rosidl_typesupport_introspection_cpp/niryo_one_msgs/srv/detail/change_hardware_version__type_support.cpp.o[0m
[15.548s] [ 85%] [32m[1mLinking CXX shared library libniryo_one_msgs__rosidl_typesupport_introspection_cpp.so[0m
[15.661s] [ 85%] Built target niryo_one_msgs__rosidl_typesupport_introspection_cpp
[15.694s] [ 85%] Built target niryo_one_msgs
[15.725s] [ 86%] [34m[1mGenerating Python code for ROS interfaces[0m
[16.956s] [ 86%] Built target niryo_one_msgs__py
[17.031s] [ 87%] [32mBuilding C object CMakeFiles/niryo_one_msgs__rosidl_generator_py.dir/rosidl_generator_py/niryo_one_msgs/msg/_digital_io_state_s.c.o[0m
[17.031s] [ 88%] [32mBuilding C object CMakeFiles/niryo_one_msgs__rosidl_generator_py.dir/rosidl_generator_py/niryo_one_msgs/msg/_hardware_status_s.c.o[0m
[17.033s] [ 88%] [32mBuilding C object CMakeFiles/niryo_one_msgs__rosidl_generator_py.dir/rosidl_generator_py/niryo_one_msgs/msg/_conveyor_feedback_s.c.o[0m
[17.036s] [ 89%] [32mBuilding C object CMakeFiles/niryo_one_msgs__rosidl_generator_py.dir/rosidl_generator_py/niryo_one_msgs/msg/_log_status_s.c.o[0m
[17.444s] [ 91%] [32mBuilding C object CMakeFiles/niryo_one_msgs__rosidl_generator_py.dir/rosidl_generator_py/niryo_one_msgs/msg/_matlab_move_result_s.c.o[0m
[17.444s] [ 91%] [32mBuilding C object CMakeFiles/niryo_one_msgs__rosidl_generator_py.dir/rosidl_generator_py/niryo_one_msgs/msg/_object_pose_s.c.o[0m
[17.489s] [ 92%] [32mBuilding C object CMakeFiles/niryo_one_msgs__rosidl_generator_py.dir/rosidl_generator_py/niryo_one_msgs/msg/_rpy_s.c.o[0m
[17.506s] [ 93%] [32mBuilding C object CMakeFiles/niryo_one_msgs__rosidl_generator_py.dir/rosidl_generator_py/niryo_one_msgs/msg/_position_s.c.o[0m
[17.632s] [ 94%] [32mBuilding C object CMakeFiles/niryo_one_msgs__rosidl_generator_py.dir/rosidl_generator_py/niryo_one_msgs/srv/_change_hardware_version_s.c.o[0m
[17.818s] [ 94%] [32m[1mLinking C shared library libniryo_one_msgs__rosidl_generator_py.so[0m
[17.914s] [ 94%] Built target niryo_one_msgs__rosidl_generator_py
[17.973s] [ 95%] [32mBuilding C object CMakeFiles/niryo_one_msgs_s__rosidl_typesupport_fastrtps_c.dir/rosidl_generator_py/niryo_one_msgs/_niryo_one_msgs_s.ep.rosidl_typesupport_fastrtps_c.c.o[0m
[17.973s] [ 96%] [32mBuilding C object CMakeFiles/niryo_one_msgs_s__rosidl_typesupport_c.dir/rosidl_generator_py/niryo_one_msgs/_niryo_one_msgs_s.ep.rosidl_typesupport_c.c.o[0m
[17.983s] [ 97%] [32mBuilding C object CMakeFiles/niryo_one_msgs_s__rosidl_typesupport_introspection_c.dir/rosidl_generator_py/niryo_one_msgs/_niryo_one_msgs_s.ep.rosidl_typesupport_introspection_c.c.o[0m
[18.194s] [ 98%] [32m[1mLinking C shared module rosidl_generator_py/niryo_one_msgs/niryo_one_msgs_s__rosidl_typesupport_introspection_c.so[0m
[18.202s] [ 99%] [32m[1mLinking C shared module rosidl_generator_py/niryo_one_msgs/niryo_one_msgs_s__rosidl_typesupport_fastrtps_c.so[0m
[18.247s] [ 99%] Built target niryo_one_msgs_s__rosidl_typesupport_introspection_c
[18.251s] [100%] [32m[1mLinking C shared module rosidl_generator_py/niryo_one_msgs/niryo_one_msgs_s__rosidl_typesupport_c.so[0m
[18.256s] [100%] Built target niryo_one_msgs_s__rosidl_typesupport_fastrtps_c
[18.292s] [100%] Built target niryo_one_msgs_s__rosidl_typesupport_c
[18.311s] Invoked command in '/home/noldona/niryo/niryo_two_ros/build/niryo_one_msgs' returned '0': CMAKE_PREFIX_PATH=${CMAKE_PREFIX_PATH}:/opt/ros/jazzy DEBUGINFOD_URLS=https://debuginfod.ubuntu.com /usr/bin/cmake --build /home/noldona/niryo/niryo_two_ros/build/niryo_one_msgs -- -j4 -l4
[18.592s] Invoking command in '/home/noldona/niryo/niryo_two_ros/build/niryo_one_msgs': CMAKE_PREFIX_PATH=${CMAKE_PREFIX_PATH}:/opt/ros/jazzy DEBUGINFOD_URLS=https://debuginfod.ubuntu.com /usr/bin/cmake --install /home/noldona/niryo/niryo_two_ros/build/niryo_one_msgs
[18.602s] -- Install configuration: ""
[18.605s] -- Installing: /home/noldona/niryo/niryo_two_ros/install/niryo_one_msgs/share/ament_index/resource_index/rosidl_interfaces/niryo_one_msgs
[18.606s] -- Installing: /home/noldona/niryo/niryo_two_ros/install/niryo_one_msgs/share/niryo_one_msgs/msg/ConveyorFeedback.json
[18.606s] -- Installing: /home/noldona/niryo/niryo_two_ros/install/niryo_one_msgs/share/niryo_one_msgs/msg/DigitalIOState.json
[18.607s] -- Installing: /home/noldona/niryo/niryo_two_ros/install/niryo_one_msgs/share/niryo_one_msgs/msg/HardwareStatus.json
[18.607s] -- Installing: /home/noldona/niryo/niryo_two_ros/install/niryo_one_msgs/share/niryo_one_msgs/msg/LogStatus.json
[18.608s] -- Installing: /home/noldona/niryo/niryo_two_ros/install/niryo_one_msgs/share/niryo_one_msgs/msg/MatlabMoveResult.json
[18.608s] -- Installing: /home/noldona/niryo/niryo_two_ros/install/niryo_one_msgs/share/niryo_one_msgs/msg/ObjectPose.json
[18.608s] -- Installing: /home/noldona/niryo/niryo_two_ros/install/niryo_one_msgs/share/niryo_one_msgs/msg/RPY.json
[18.609s] -- Installing: /home/noldona/niryo/niryo_two_ros/install/niryo_one_msgs/share/niryo_one_msgs/msg/Position.json
[18.609s] -- Installing: /home/noldona/niryo/niryo_two_ros/install/niryo_one_msgs/share/niryo_one_msgs/srv/ChangeHardwareVersion.json
[18.610s] -- Up-to-date: /home/noldona/niryo/niryo_two_ros/install/niryo_one_msgs/include/niryo_one_msgs/niryo_one_msgs
[18.610s] -- Up-to-date: /home/noldona/niryo/niryo_two_ros/install/niryo_one_msgs/include/niryo_one_msgs/niryo_one_msgs/msg
[18.611s] -- Up-to-date: /home/noldona/niryo/niryo_two_ros/install/niryo_one_msgs/include/niryo_one_msgs/niryo_one_msgs/msg/object_pose.h
[18.611s] -- Installing: /home/noldona/niryo/niryo_two_ros/install/niryo_one_msgs/include/niryo_one_msgs/niryo_one_msgs/msg/position.h
[18.611s] -- Installing: /home/noldona/niryo/niryo_two_ros/install/niryo_one_msgs/include/niryo_one_msgs/niryo_one_msgs/msg/digital_io_state.h
[18.612s] -- Up-to-date: /home/noldona/niryo/niryo_two_ros/install/niryo_one_msgs/include/niryo_one_msgs/niryo_one_msgs/msg/log_status.h
[18.612s] -- Up-to-date: /home/noldona/niryo/niryo_two_ros/install/niryo_one_msgs/include/niryo_one_msgs/niryo_one_msgs/msg/matlab_move_result.h
[18.612s] -- Up-to-date: /home/noldona/niryo/niryo_two_ros/install/niryo_one_msgs/include/niryo_one_msgs/niryo_one_msgs/msg/rosidl_generator_c__visibility_control.h
[18.612s] -- Installing: /home/noldona/niryo/niryo_two_ros/install/niryo_one_msgs/include/niryo_one_msgs/niryo_one_msgs/msg/rpy.h
[18.612s] -- Up-to-date: /home/noldona/niryo/niryo_two_ros/install/niryo_one_msgs/include/niryo_one_msgs/niryo_one_msgs/msg/detail
[18.613s] -- Installing: /home/noldona/niryo/niryo_two_ros/install/niryo_one_msgs/include/niryo_one_msgs/niryo_one_msgs/msg/detail/object_pose__functions.h
[18.613s] -- Installing: /home/noldona/niryo/niryo_two_ros/install/niryo_one_msgs/include/niryo_one_msgs/niryo_one_msgs/msg/detail/digital_io_state__functions.h
[18.613s] -- Installing: /home/noldona/niryo/niryo_two_ros/install/niryo_one_msgs/include/niryo_one_msgs/niryo_one_msgs/msg/detail/position__type_support.h
[18.613s] -- Installing: /home/noldona/niryo/niryo_two_ros/install/niryo_one_msgs/include/niryo_one_msgs/niryo_one_msgs/msg/detail/rpy__functions.h
[18.614s] -- Installing: /home/noldona/niryo/niryo_two_ros/install/niryo_one_msgs/include/niryo_one_msgs/niryo_one_msgs/msg/detail/digital_io_state__description.c
[18.614s] -- Installing: /home/noldona/niryo/niryo_two_ros/install/niryo_one_msgs/include/niryo_one_msgs/niryo_one_msgs/msg/detail/rpy__description.c
[18.615s] -- Installing: /home/noldona/niryo/niryo_two_ros/install/niryo_one_msgs/include/niryo_one_msgs/niryo_one_msgs/msg/detail/hardware_status__functions.h
[18.615s] -- Installing: /home/noldona/niryo/niryo_two_ros/install/niryo_one_msgs/include/niryo_one_msgs/niryo_one_msgs/msg/detail/conveyor_feedback__functions.h
[18.615s] -- Installing: /home/noldona/niryo/niryo_two_ros/install/niryo_one_msgs/include/niryo_one_msgs/niryo_one_msgs/msg/detail/position__functions.h
[18.615s] -- Installing: /home/noldona/niryo/niryo_two_ros/install/niryo_one_msgs/include/niryo_one_msgs/niryo_one_msgs/msg/detail/log_status__functions.h
[18.615s] -- Installing: /home/noldona/niryo/niryo_two_ros/install/niryo_one_msgs/include/niryo_one_msgs/niryo_one_msgs/msg/detail/rpy__functions.c
[18.615s] -- Installing: /home/noldona/niryo/niryo_two_ros/install/niryo_one_msgs/include/niryo_one_msgs/niryo_one_msgs/msg/detail/matlab_move_result__type_support.h
[18.616s] -- Installing: /home/noldona/niryo/niryo_two_ros/install/niryo_one_msgs/include/niryo_one_msgs/niryo_one_msgs/msg/detail/hardware_status__description.c
[18.616s] -- Installing: /home/noldona/niryo/niryo_two_ros/install/niryo_one_msgs/include/niryo_one_msgs/niryo_one_msgs/msg/detail/digital_io_state__type_support.h
[18.616s] -- Installing: /home/noldona/niryo/niryo_two_ros/install/niryo_one_msgs/include/niryo_one_msgs/niryo_one_msgs/msg/detail/log_status__type_support.c
[18.616s] -- Installing: /home/noldona/niryo/niryo_two_ros/install/niryo_one_msgs/include/niryo_one_msgs/niryo_one_msgs/msg/detail/log_status__functions.c
[18.617s] -- Installing: /home/noldona/niryo/niryo_two_ros/install/niryo_one_msgs/include/niryo_one_msgs/niryo_one_msgs/msg/detail/hardware_status__type_support.c
[18.617s] -- Installing: /home/noldona/niryo/niryo_two_ros/install/niryo_one_msgs/include/niryo_one_msgs/niryo_one_msgs/msg/detail/log_status__description.c
[18.618s] -- Installing: /home/noldona/niryo/niryo_two_ros/install/niryo_one_msgs/include/niryo_one_msgs/niryo_one_msgs/msg/detail/object_pose__functions.c
[18.618s] -- Installing: /home/noldona/niryo/niryo_two_ros/install/niryo_one_msgs/include/niryo_one_msgs/niryo_one_msgs/msg/detail/object_pose__type_support.h
[18.618s] -- Installing: /home/noldona/niryo/niryo_two_ros/install/niryo_one_msgs/include/niryo_one_msgs/niryo_one_msgs/msg/detail/log_status__struct.h
[18.618s] -- Installing: /home/noldona/niryo/niryo_two_ros/install/niryo_one_msgs/include/niryo_one_msgs/niryo_one_msgs/msg/detail/conveyor_feedback__description.c
[18.619s] -- Installing: /home/noldona/niryo/niryo_two_ros/install/niryo_one_msgs/include/niryo_one_msgs/niryo_one_msgs/msg/detail/rpy__type_support.h
[18.619s] -- Installing: /home/noldona/niryo/niryo_two_ros/install/niryo_one_msgs/include/niryo_one_msgs/niryo_one_msgs/msg/detail/hardware_status__struct.h
[18.619s] -- Installing: /home/noldona/niryo/niryo_two_ros/install/niryo_one_msgs/include/niryo_one_msgs/niryo_one_msgs/msg/detail/matlab_move_result__functions.h
[18.619s] -- Installing: /home/noldona/niryo/niryo_two_ros/install/niryo_one_msgs/include/niryo_one_msgs/niryo_one_msgs/msg/detail/position__type_support.c
[18.619s] -- Installing: /home/noldona/niryo/niryo_two_ros/install/niryo_one_msgs/include/niryo_one_msgs/niryo_one_msgs/msg/detail/matlab_move_result__type_support.c
[18.620s] -- Installing: /home/noldona/niryo/niryo_two_ros/install/niryo_one_msgs/include/niryo_one_msgs/niryo_one_msgs/msg/detail/position__struct.h
[18.621s] -- Installing: /home/noldona/niryo/niryo_two_ros/install/niryo_one_msgs/include/niryo_one_msgs/niryo_one_msgs/msg/detail/position__description.c
[18.621s] -- Installing: /home/noldona/niryo/niryo_two_ros/install/niryo_one_msgs/include/niryo_one_msgs/niryo_one_msgs/msg/detail/object_pose__struct.h
[18.621s] -- Installing: /home/noldona/niryo/niryo_two_ros/install/niryo_one_msgs/include/niryo_one_msgs/niryo_one_msgs/msg/detail/matlab_move_result__description.c
[18.621s] -- Installing: /home/noldona/niryo/niryo_two_ros/install/niryo_one_msgs/include/niryo_one_msgs/niryo_one_msgs/msg/detail/conveyor_feedback__type_support.h
[18.621s] -- Installing: /home/noldona/niryo/niryo_two_ros/install/niryo_one_msgs/include/niryo_one_msgs/niryo_one_msgs/msg/detail/digital_io_state__type_support.c
[18.621s] -- Installing: /home/noldona/niryo/niryo_two_ros/install/niryo_one_msgs/include/niryo_one_msgs/niryo_one_msgs/msg/detail/matlab_move_result__struct.h
[18.622s] -- Installing: /home/noldona/niryo/niryo_two_ros/install/niryo_one_msgs/include/niryo_one_msgs/niryo_one_msgs/msg/detail/position__functions.c
[18.622s] -- Installing: /home/noldona/niryo/niryo_two_ros/install/niryo_one_msgs/include/niryo_one_msgs/niryo_one_msgs/msg/detail/hardware_status__functions.c
[18.622s] -- Installing: /home/noldona/niryo/niryo_two_ros/install/niryo_one_msgs/include/niryo_one_msgs/niryo_one_msgs/msg/detail/conveyor_feedback__type_support.c
[18.622s] -- Installing: /home/noldona/niryo/niryo_two_ros/install/niryo_one_msgs/include/niryo_one_msgs/niryo_one_msgs/msg/detail/digital_io_state__struct.h
[18.623s] -- Installing: /home/noldona/niryo/niryo_two_ros/install/niryo_one_msgs/include/niryo_one_msgs/niryo_one_msgs/msg/detail/conveyor_feedback__functions.c
[18.623s] -- Installing: /home/noldona/niryo/niryo_two_ros/install/niryo_one_msgs/include/niryo_one_msgs/niryo_one_msgs/msg/detail/hardware_status__type_support.h
[18.623s] -- Installing: /home/noldona/niryo/niryo_two_ros/install/niryo_one_msgs/include/niryo_one_msgs/niryo_one_msgs/msg/detail/matlab_move_result__functions.c
[18.623s] -- Installing: /home/noldona/niryo/niryo_two_ros/install/niryo_one_msgs/include/niryo_one_msgs/niryo_one_msgs/msg/detail/object_pose__type_support.c
[18.624s] -- Installing: /home/noldona/niryo/niryo_two_ros/install/niryo_one_msgs/include/niryo_one_msgs/niryo_one_msgs/msg/detail/log_status__type_support.h
[18.624s] -- Installing: /home/noldona/niryo/niryo_two_ros/install/niryo_one_msgs/include/niryo_one_msgs/niryo_one_msgs/msg/detail/rpy__struct.h
[18.624s] -- Installing: /home/noldona/niryo/niryo_two_ros/install/niryo_one_msgs/include/niryo_one_msgs/niryo_one_msgs/msg/detail/conveyor_feedback__struct.h
[18.624s] -- Installing: /home/noldona/niryo/niryo_two_ros/install/niryo_one_msgs/include/niryo_one_msgs/niryo_one_msgs/msg/detail/digital_io_state__functions.c
[18.625s] -- Installing: /home/noldona/niryo/niryo_two_ros/install/niryo_one_msgs/include/niryo_one_msgs/niryo_one_msgs/msg/detail/rpy__type_support.c
[18.625s] -- Installing: /home/noldona/niryo/niryo_two_ros/install/niryo_one_msgs/include/niryo_one_msgs/niryo_one_msgs/msg/detail/object_pose__description.c
[18.625s] -- Installing: /home/noldona/niryo/niryo_two_ros/install/niryo_one_msgs/include/niryo_one_msgs/niryo_one_msgs/msg/conveyor_feedback.h
[18.625s] -- Up-to-date: /home/noldona/niryo/niryo_two_ros/install/niryo_one_msgs/include/niryo_one_msgs/niryo_one_msgs/msg/hardware_status.h
[18.625s] -- Up-to-date: /home/noldona/niryo/niryo_two_ros/install/niryo_one_msgs/include/niryo_one_msgs/niryo_one_msgs/srv
[18.626s] -- Installing: /home/noldona/niryo/niryo_two_ros/install/niryo_one_msgs/include/niryo_one_msgs/niryo_one_msgs/srv/change_hardware_version.h
[18.626s] -- Up-to-date: /home/noldona/niryo/niryo_two_ros/install/niryo_one_msgs/include/niryo_one_msgs/niryo_one_msgs/srv/detail
[18.626s] -- Installing: /home/noldona/niryo/niryo_two_ros/install/niryo_one_msgs/include/niryo_one_msgs/niryo_one_msgs/srv/detail/change_hardware_version__type_support.c
[18.626s] -- Installing: /home/noldona/niryo/niryo_two_ros/install/niryo_one_msgs/include/niryo_one_msgs/niryo_one_msgs/srv/detail/change_hardware_version__description.c
[18.627s] -- Installing: /home/noldona/niryo/niryo_two_ros/install/niryo_one_msgs/include/niryo_one_msgs/niryo_one_msgs/srv/detail/change_hardware_version__functions.c
[18.628s] -- Installing: /home/noldona/niryo/niryo_two_ros/install/niryo_one_msgs/include/niryo_one_msgs/niryo_one_msgs/srv/detail/change_hardware_version__struct.h
[18.628s] -- Installing: /home/noldona/niryo/niryo_two_ros/install/niryo_one_msgs/include/niryo_one_msgs/niryo_one_msgs/srv/detail/change_hardware_version__functions.h
[18.628s] -- Installing: /home/noldona/niryo/niryo_two_ros/install/niryo_one_msgs/include/niryo_one_msgs/niryo_one_msgs/srv/detail/change_hardware_version__type_support.h
[18.630s] -- Up-to-date: /home/noldona/niryo/niryo_two_ros/install/niryo_one_msgs/share/niryo_one_msgs/environment/library_path.sh
[18.630s] -- Up-to-date: /home/noldona/niryo/niryo_two_ros/install/niryo_one_msgs/share/niryo_one_msgs/environment/library_path.dsv
[18.631s] -- Installing: /home/noldona/niryo/niryo_two_ros/install/niryo_one_msgs/lib/libniryo_one_msgs__rosidl_generator_c.so
[18.632s] -- Set non-toolchain portion of runtime path of "/home/noldona/niryo/niryo_two_ros/install/niryo_one_msgs/lib/libniryo_one_msgs__rosidl_generator_c.so" to ""
[18.632s] -- Up-to-date: /home/noldona/niryo/niryo_two_ros/install/niryo_one_msgs/include/niryo_one_msgs/niryo_one_msgs
[18.633s] -- Up-to-date: /home/noldona/niryo/niryo_two_ros/install/niryo_one_msgs/include/niryo_one_msgs/niryo_one_msgs/msg
[18.633s] -- Up-to-date: /home/noldona/niryo/niryo_two_ros/install/niryo_one_msgs/include/niryo_one_msgs/niryo_one_msgs/msg/detail
[18.633s] -- Installing: /home/noldona/niryo/niryo_two_ros/install/niryo_one_msgs/include/niryo_one_msgs/niryo_one_msgs/msg/detail/rpy__rosidl_typesupport_fastrtps_c.h
[18.633s] -- Installing: /home/noldona/niryo/niryo_two_ros/install/niryo_one_msgs/include/niryo_one_msgs/niryo_one_msgs/msg/detail/position__rosidl_typesupport_fastrtps_c.h
[18.633s] -- Installing: /home/noldona/niryo/niryo_two_ros/install/niryo_one_msgs/include/niryo_one_msgs/niryo_one_msgs/msg/detail/log_status__rosidl_typesupport_fastrtps_c.h
[18.633s] -- Installing: /home/noldona/niryo/niryo_two_ros/install/niryo_one_msgs/include/niryo_one_msgs/niryo_one_msgs/msg/detail/hardware_status__rosidl_typesupport_fastrtps_c.h
[18.633s] -- Installing: /home/noldona/niryo/niryo_two_ros/install/niryo_one_msgs/include/niryo_one_msgs/niryo_one_msgs/msg/detail/digital_io_state__rosidl_typesupport_fastrtps_c.h
[18.634s] -- Installing: /home/noldona/niryo/niryo_two_ros/install/niryo_one_msgs/include/niryo_one_msgs/niryo_one_msgs/msg/detail/conveyor_feedback__rosidl_typesupport_fastrtps_c.h
[18.634s] -- Installing: /home/noldona/niryo/niryo_two_ros/install/niryo_one_msgs/include/niryo_one_msgs/niryo_one_msgs/msg/detail/matlab_move_result__rosidl_typesupport_fastrtps_c.h
[18.634s] -- Installing: /home/noldona/niryo/niryo_two_ros/install/niryo_one_msgs/include/niryo_one_msgs/niryo_one_msgs/msg/detail/object_pose__rosidl_typesupport_fastrtps_c.h
[18.634s] -- Up-to-date: /home/noldona/niryo/niryo_two_ros/install/niryo_one_msgs/include/niryo_one_msgs/niryo_one_msgs/msg/rosidl_typesupport_fastrtps_c__visibility_control.h
[18.634s] -- Up-to-date: /home/noldona/niryo/niryo_two_ros/install/niryo_one_msgs/include/niryo_one_msgs/niryo_one_msgs/srv
[18.634s] -- Up-to-date: /home/noldona/niryo/niryo_two_ros/install/niryo_one_msgs/include/niryo_one_msgs/niryo_one_msgs/srv/detail
[18.635s] -- Installing: /home/noldona/niryo/niryo_two_ros/install/niryo_one_msgs/include/niryo_one_msgs/niryo_one_msgs/srv/detail/change_hardware_version__rosidl_typesupport_fastrtps_c.h
[18.635s] -- Installing: /home/noldona/niryo/niryo_two_ros/install/niryo_one_msgs/lib/libniryo_one_msgs__rosidl_typesupport_fastrtps_c.so
[18.636s] -- Set non-toolchain portion of runtime path of "/home/noldona/niryo/niryo_two_ros/install/niryo_one_msgs/lib/libniryo_one_msgs__rosidl_typesupport_fastrtps_c.so" to ""
[18.636s] -- Up-to-date: /home/noldona/niryo/niryo_two_ros/install/niryo_one_msgs/include/niryo_one_msgs/niryo_one_msgs
[18.636s] -- Up-to-date: /home/noldona/niryo/niryo_two_ros/install/niryo_one_msgs/include/niryo_one_msgs/niryo_one_msgs/msg
[18.636s] -- Installing: /home/noldona/niryo/niryo_two_ros/install/niryo_one_msgs/include/niryo_one_msgs/niryo_one_msgs/msg/log_status.hpp
[18.636s] -- Installing: /home/noldona/niryo/niryo_two_ros/install/niryo_one_msgs/include/niryo_one_msgs/niryo_one_msgs/msg/digital_io_state.hpp
[18.636s] -- Installing: /home/noldona/niryo/niryo_two_ros/install/niryo_one_msgs/include/niryo_one_msgs/niryo_one_msgs/msg/position.hpp
[18.636s] -- Up-to-date: /home/noldona/niryo/niryo_two_ros/install/niryo_one_msgs/include/niryo_one_msgs/niryo_one_msgs/msg/detail
[18.636s] -- Installing: /home/noldona/niryo/niryo_two_ros/install/niryo_one_msgs/include/niryo_one_msgs/niryo_one_msgs/msg/detail/object_pose__builder.hpp
[18.636s] -- Installing: /home/noldona/niryo/niryo_two_ros/install/niryo_one_msgs/include/niryo_one_msgs/niryo_one_msgs/msg/detail/hardware_status__traits.hpp
[18.637s] -- Installing: /home/noldona/niryo/niryo_two_ros/install/niryo_one_msgs/include/niryo_one_msgs/niryo_one_msgs/msg/detail/rpy__builder.hpp
[18.637s] -- Installing: /home/noldona/niryo/niryo_two_ros/install/niryo_one_msgs/include/niryo_one_msgs/niryo_one_msgs/msg/detail/digital_io_state__type_support.hpp
[18.637s] -- Installing: /home/noldona/niryo/niryo_two_ros/install/niryo_one_msgs/include/niryo_one_msgs/niryo_one_msgs/msg/detail/matlab_move_result__traits.hpp
[18.637s] -- Installing: /home/noldona/niryo/niryo_two_ros/install/niryo_one_msgs/include/niryo_one_msgs/niryo_one_msgs/msg/detail/hardware_status__type_support.hpp
[18.637s] -- Installing: /home/noldona/niryo/niryo_two_ros/install/niryo_one_msgs/include/niryo_one_msgs/niryo_one_msgs/msg/detail/object_pose__type_support.hpp
[18.638s] -- Installing: /home/noldona/niryo/niryo_two_ros/install/niryo_one_msgs/include/niryo_one_msgs/niryo_one_msgs/msg/detail/position__builder.hpp
[18.638s] -- Installing: /home/noldona/niryo/niryo_two_ros/install/niryo_one_msgs/include/niryo_one_msgs/niryo_one_msgs/msg/detail/digital_io_state__traits.hpp
[18.638s] -- Installing: /home/noldona/niryo/niryo_two_ros/install/niryo_one_msgs/include/niryo_one_msgs/niryo_one_msgs/msg/detail/hardware_status__builder.hpp
[18.638s] -- Installing: /home/noldona/niryo/niryo_two_ros/install/niryo_one_msgs/include/niryo_one_msgs/niryo_one_msgs/msg/detail/matlab_move_result__struct.hpp
[18.639s] -- Installing: /home/noldona/niryo/niryo_two_ros/install/niryo_one_msgs/include/niryo_one_msgs/niryo_one_msgs/msg/detail/conveyor_feedback__builder.hpp
[18.639s] -- Installing: /home/noldona/niryo/niryo_two_ros/install/niryo_one_msgs/include/niryo_one_msgs/niryo_one_msgs/msg/detail/rpy__type_support.hpp
[18.639s] -- Installing: /home/noldona/niryo/niryo_two_ros/install/niryo_one_msgs/include/niryo_one_msgs/niryo_one_msgs/msg/detail/rpy__traits.hpp
[18.639s] -- Installing: /home/noldona/niryo/niryo_two_ros/install/niryo_one_msgs/include/niryo_one_msgs/niryo_one_msgs/msg/detail/rpy__struct.hpp
[18.639s] -- Installing: /home/noldona/niryo/niryo_two_ros/install/niryo_one_msgs/include/niryo_one_msgs/niryo_one_msgs/msg/detail/digital_io_state__struct.hpp
[18.639s] -- Installing: /home/noldona/niryo/niryo_two_ros/install/niryo_one_msgs/include/niryo_one_msgs/niryo_one_msgs/msg/detail/log_status__traits.hpp
[18.639s] -- Installing: /home/noldona/niryo/niryo_two_ros/install/niryo_one_msgs/include/niryo_one_msgs/niryo_one_msgs/msg/detail/conveyor_feedback__traits.hpp
[18.640s] -- Installing: /home/noldona/niryo/niryo_two_ros/install/niryo_one_msgs/include/niryo_one_msgs/niryo_one_msgs/msg/detail/position__traits.hpp
[18.640s] -- Installing: /home/noldona/niryo/niryo_two_ros/install/niryo_one_msgs/include/niryo_one_msgs/niryo_one_msgs/msg/detail/hardware_status__struct.hpp
[18.640s] -- Installing: /home/noldona/niryo/niryo_two_ros/install/niryo_one_msgs/include/niryo_one_msgs/niryo_one_msgs/msg/detail/log_status__struct.hpp
[18.640s] -- Installing: /home/noldona/niryo/niryo_two_ros/install/niryo_one_msgs/include/niryo_one_msgs/niryo_one_msgs/msg/detail/matlab_move_result__type_support.hpp
[18.640s] -- Installing: /home/noldona/niryo/niryo_two_ros/install/niryo_one_msgs/include/niryo_one_msgs/niryo_one_msgs/msg/detail/conveyor_feedback__type_support.hpp
[18.641s] -- Installing: /home/noldona/niryo/niryo_two_ros/install/niryo_one_msgs/include/niryo_one_msgs/niryo_one_msgs/msg/detail/position__struct.hpp
[18.641s] -- Installing: /home/noldona/niryo/niryo_two_ros/install/niryo_one_msgs/include/niryo_one_msgs/niryo_one_msgs/msg/detail/conveyor_feedback__struct.hpp
[18.641s] -- Installing: /home/noldona/niryo/niryo_two_ros/install/niryo_one_msgs/include/niryo_one_msgs/niryo_one_msgs/msg/detail/object_pose__traits.hpp
[18.641s] -- Installing: /home/noldona/niryo/niryo_two_ros/install/niryo_one_msgs/include/niryo_one_msgs/niryo_one_msgs/msg/detail/object_pose__struct.hpp
[18.641s] -- Installing: /home/noldona/niryo/niryo_two_ros/install/niryo_one_msgs/include/niryo_one_msgs/niryo_one_msgs/msg/detail/log_status__type_support.hpp
[18.642s] -- Installing: /home/noldona/niryo/niryo_two_ros/install/niryo_one_msgs/include/niryo_one_msgs/niryo_one_msgs/msg/detail/digital_io_state__builder.hpp
[18.642s] -- Installing: /home/noldona/niryo/niryo_two_ros/install/niryo_one_msgs/include/niryo_one_msgs/niryo_one_msgs/msg/detail/matlab_move_result__builder.hpp
[18.642s] -- Installing: /home/noldona/niryo/niryo_two_ros/install/niryo_one_msgs/include/niryo_one_msgs/niryo_one_msgs/msg/detail/position__type_support.hpp
[18.642s] -- Installing: /home/noldona/niryo/niryo_two_ros/install/niryo_one_msgs/include/niryo_one_msgs/niryo_one_msgs/msg/detail/log_status__builder.hpp
[18.643s] -- Installing: /home/noldona/niryo/niryo_two_ros/install/niryo_one_msgs/include/niryo_one_msgs/niryo_one_msgs/msg/object_pose.hpp
[18.643s] -- Installing: /home/noldona/niryo/niryo_two_ros/install/niryo_one_msgs/include/niryo_one_msgs/niryo_one_msgs/msg/matlab_move_result.hpp
[18.643s] -- Installing: /home/noldona/niryo/niryo_two_ros/install/niryo_one_msgs/include/niryo_one_msgs/niryo_one_msgs/msg/conveyor_feedback.hpp
[18.643s] -- Installing: /home/noldona/niryo/niryo_two_ros/install/niryo_one_msgs/include/niryo_one_msgs/niryo_one_msgs/msg/rpy.hpp
[18.643s] -- Installing: /home/noldona/niryo/niryo_two_ros/install/niryo_one_msgs/include/niryo_one_msgs/niryo_one_msgs/msg/rosidl_generator_cpp__visibility_control.hpp
[18.644s] -- Installing: /home/noldona/niryo/niryo_two_ros/install/niryo_one_msgs/include/niryo_one_msgs/niryo_one_msgs/msg/hardware_status.hpp
[18.644s] -- Up-to-date: /home/noldona/niryo/niryo_two_ros/install/niryo_one_msgs/include/niryo_one_msgs/niryo_one_msgs/srv
[18.644s] -- Up-to-date: /home/noldona/niryo/niryo_two_ros/install/niryo_one_msgs/include/niryo_one_msgs/niryo_one_msgs/srv/detail
[18.644s] -- Installing: /home/noldona/niryo/niryo_two_ros/install/niryo_one_msgs/include/niryo_one_msgs/niryo_one_msgs/srv/detail/change_hardware_version__builder.hpp
[18.644s] -- Installing: /home/noldona/niryo/niryo_two_ros/install/niryo_one_msgs/include/niryo_one_msgs/niryo_one_msgs/srv/detail/change_hardware_version__traits.hpp
[18.645s] -- Installing: /home/noldona/niryo/niryo_two_ros/install/niryo_one_msgs/include/niryo_one_msgs/niryo_one_msgs/srv/detail/change_hardware_version__struct.hpp
[18.645s] -- Installing: /home/noldona/niryo/niryo_two_ros/install/niryo_one_msgs/include/niryo_one_msgs/niryo_one_msgs/srv/detail/change_hardware_version__type_support.hpp
[18.645s] -- Installing: /home/noldona/niryo/niryo_two_ros/install/niryo_one_msgs/include/niryo_one_msgs/niryo_one_msgs/srv/change_hardware_version.hpp
[18.645s] -- Up-to-date: /home/noldona/niryo/niryo_two_ros/install/niryo_one_msgs/include/niryo_one_msgs/niryo_one_msgs
[18.646s] -- Up-to-date: /home/noldona/niryo/niryo_two_ros/install/niryo_one_msgs/include/niryo_one_msgs/niryo_one_msgs/msg
[18.646s] -- Up-to-date: /home/noldona/niryo/niryo_two_ros/install/niryo_one_msgs/include/niryo_one_msgs/niryo_one_msgs/msg/detail
[18.646s] -- Installing: /home/noldona/niryo/niryo_two_ros/install/niryo_one_msgs/include/niryo_one_msgs/niryo_one_msgs/msg/detail/matlab_move_result__rosidl_typesupport_fastrtps_cpp.hpp
[18.646s] -- Installing: /home/noldona/niryo/niryo_two_ros/install/niryo_one_msgs/include/niryo_one_msgs/niryo_one_msgs/msg/detail/position__rosidl_typesupport_fastrtps_cpp.hpp
[18.646s] -- Installing: /home/noldona/niryo/niryo_two_ros/install/niryo_one_msgs/include/niryo_one_msgs/niryo_one_msgs/msg/detail/object_pose__rosidl_typesupport_fastrtps_cpp.hpp
[18.646s] -- Up-to-date: /home/noldona/niryo/niryo_two_ros/install/niryo_one_msgs/include/niryo_one_msgs/niryo_one_msgs/msg/detail/dds_fastrtps
[18.646s] -- Installing: /home/noldona/niryo/niryo_two_ros/install/niryo_one_msgs/include/niryo_one_msgs/niryo_one_msgs/msg/detail/digital_io_state__rosidl_typesupport_fastrtps_cpp.hpp
[18.647s] -- Installing: /home/noldona/niryo/niryo_two_ros/install/niryo_one_msgs/include/niryo_one_msgs/niryo_one_msgs/msg/detail/log_status__rosidl_typesupport_fastrtps_cpp.hpp
[18.647s] -- Installing: /home/noldona/niryo/niryo_two_ros/install/niryo_one_msgs/include/niryo_one_msgs/niryo_one_msgs/msg/detail/hardware_status__rosidl_typesupport_fastrtps_cpp.hpp
[18.647s] -- Installing: /home/noldona/niryo/niryo_two_ros/install/niryo_one_msgs/include/niryo_one_msgs/niryo_one_msgs/msg/detail/conveyor_feedback__rosidl_typesupport_fastrtps_cpp.hpp
[18.647s] -- Installing: /home/noldona/niryo/niryo_two_ros/install/niryo_one_msgs/include/niryo_one_msgs/niryo_one_msgs/msg/detail/rpy__rosidl_typesupport_fastrtps_cpp.hpp
[18.647s] -- Up-to-date: /home/noldona/niryo/niryo_two_ros/install/niryo_one_msgs/include/niryo_one_msgs/niryo_one_msgs/msg/rosidl_typesupport_fastrtps_cpp__visibility_control.h
[18.647s] -- Up-to-date: /home/noldona/niryo/niryo_two_ros/install/niryo_one_msgs/include/niryo_one_msgs/niryo_one_msgs/srv
[18.647s] -- Up-to-date: /home/noldona/niryo/niryo_two_ros/install/niryo_one_msgs/include/niryo_one_msgs/niryo_one_msgs/srv/detail
[18.647s] -- Up-to-date: /home/noldona/niryo/niryo_two_ros/install/niryo_one_msgs/include/niryo_one_msgs/niryo_one_msgs/srv/detail/dds_fastrtps
[18.648s] -- Installing: /home/noldona/niryo/niryo_two_ros/install/niryo_one_msgs/include/niryo_one_msgs/niryo_one_msgs/srv/detail/change_hardware_version__rosidl_typesupport_fastrtps_cpp.hpp
[18.648s] -- Installing: /home/noldona/niryo/niryo_two_ros/install/niryo_one_msgs/lib/libniryo_one_msgs__rosidl_typesupport_fastrtps_cpp.so
[18.649s] -- Set non-toolchain portion of runtime path of "/home/noldona/niryo/niryo_two_ros/install/niryo_one_msgs/lib/libniryo_one_msgs__rosidl_typesupport_fastrtps_cpp.so" to ""
[18.649s] -- Up-to-date: /home/noldona/niryo/niryo_two_ros/install/niryo_one_msgs/include/niryo_one_msgs/niryo_one_msgs
[18.649s] -- Up-to-date: /home/noldona/niryo/niryo_two_ros/install/niryo_one_msgs/include/niryo_one_msgs/niryo_one_msgs/msg
[18.649s] -- Up-to-date: /home/noldona/niryo/niryo_two_ros/install/niryo_one_msgs/include/niryo_one_msgs/niryo_one_msgs/msg/detail
[18.649s] -- Installing: /home/noldona/niryo/niryo_two_ros/install/niryo_one_msgs/include/niryo_one_msgs/niryo_one_msgs/msg/detail/hardware_status__rosidl_typesupport_introspection_c.h
[18.649s] -- Installing: /home/noldona/niryo/niryo_two_ros/install/niryo_one_msgs/include/niryo_one_msgs/niryo_one_msgs/msg/detail/matlab_move_result__rosidl_typesupport_introspection_c.h
[18.650s] -- Installing: /home/noldona/niryo/niryo_two_ros/install/niryo_one_msgs/include/niryo_one_msgs/niryo_one_msgs/msg/detail/conveyor_feedback__rosidl_typesupport_introspection_c.h
[18.650s] -- Installing: /home/noldona/niryo/niryo_two_ros/install/niryo_one_msgs/include/niryo_one_msgs/niryo_one_msgs/msg/detail/log_status__type_support.c
[18.650s] -- Installing: /home/noldona/niryo/niryo_two_ros/install/niryo_one_msgs/include/niryo_one_msgs/niryo_one_msgs/msg/detail/object_pose__rosidl_typesupport_introspection_c.h
[18.650s] -- Installing: /home/noldona/niryo/niryo_two_ros/install/niryo_one_msgs/include/niryo_one_msgs/niryo_one_msgs/msg/detail/hardware_status__type_support.c
[18.651s] -- Installing: /home/noldona/niryo/niryo_two_ros/install/niryo_one_msgs/include/niryo_one_msgs/niryo_one_msgs/msg/detail/rpy__rosidl_typesupport_introspection_c.h
[18.651s] -- Installing: /home/noldona/niryo/niryo_two_ros/install/niryo_one_msgs/include/niryo_one_msgs/niryo_one_msgs/msg/detail/position__type_support.c
[18.651s] -- Installing: /home/noldona/niryo/niryo_two_ros/install/niryo_one_msgs/include/niryo_one_msgs/niryo_one_msgs/msg/detail/matlab_move_result__type_support.c
[18.652s] -- Installing: /home/noldona/niryo/niryo_two_ros/install/niryo_one_msgs/include/niryo_one_msgs/niryo_one_msgs/msg/detail/digital_io_state__rosidl_typesupport_introspection_c.h
[18.652s] -- Installing: /home/noldona/niryo/niryo_two_ros/install/niryo_one_msgs/include/niryo_one_msgs/niryo_one_msgs/msg/detail/digital_io_state__type_support.c
[18.653s] -- Installing: /home/noldona/niryo/niryo_two_ros/install/niryo_one_msgs/include/niryo_one_msgs/niryo_one_msgs/msg/detail/log_status__rosidl_typesupport_introspection_c.h
[18.654s] -- Installing: /home/noldona/niryo/niryo_two_ros/install/niryo_one_msgs/include/niryo_one_msgs/niryo_one_msgs/msg/detail/position__rosidl_typesupport_introspection_c.h
[18.654s] -- Installing: /home/noldona/niryo/niryo_two_ros/install/niryo_one_msgs/include/niryo_one_msgs/niryo_one_msgs/msg/detail/conveyor_feedback__type_support.c
[18.655s] -- Installing: /home/noldona/niryo/niryo_two_ros/install/niryo_one_msgs/include/niryo_one_msgs/niryo_one_msgs/msg/detail/object_pose__type_support.c
[18.655s] -- Installing: /home/noldona/niryo/niryo_two_ros/install/niryo_one_msgs/include/niryo_one_msgs/niryo_one_msgs/msg/detail/rpy__type_support.c
[18.655s] -- Up-to-date: /home/noldona/niryo/niryo_two_ros/install/niryo_one_msgs/include/niryo_one_msgs/niryo_one_msgs/msg/rosidl_typesupport_introspection_c__visibility_control.h
[18.655s] -- Up-to-date: /home/noldona/niryo/niryo_two_ros/install/niryo_one_msgs/include/niryo_one_msgs/niryo_one_msgs/srv
[18.655s] -- Up-to-date: /home/noldona/niryo/niryo_two_ros/install/niryo_one_msgs/include/niryo_one_msgs/niryo_one_msgs/srv/detail
[18.656s] -- Installing: /home/noldona/niryo/niryo_two_ros/install/niryo_one_msgs/include/niryo_one_msgs/niryo_one_msgs/srv/detail/change_hardware_version__type_support.c
[18.656s] -- Installing: /home/noldona/niryo/niryo_two_ros/install/niryo_one_msgs/include/niryo_one_msgs/niryo_one_msgs/srv/detail/change_hardware_version__rosidl_typesupport_introspection_c.h
[18.657s] -- Installing: /home/noldona/niryo/niryo_two_ros/install/niryo_one_msgs/lib/libniryo_one_msgs__rosidl_typesupport_introspection_c.so
[18.658s] -- Set non-toolchain portion of runtime path of "/home/noldona/niryo/niryo_two_ros/install/niryo_one_msgs/lib/libniryo_one_msgs__rosidl_typesupport_introspection_c.so" to ""
[18.659s] -- Installing: /home/noldona/niryo/niryo_two_ros/install/niryo_one_msgs/lib/libniryo_one_msgs__rosidl_typesupport_c.so
[18.659s] -- Set non-toolchain portion of runtime path of "/home/noldona/niryo/niryo_two_ros/install/niryo_one_msgs/lib/libniryo_one_msgs__rosidl_typesupport_c.so" to ""
[18.659s] -- Up-to-date: /home/noldona/niryo/niryo_two_ros/install/niryo_one_msgs/include/niryo_one_msgs/niryo_one_msgs
[18.659s] -- Up-to-date: /home/noldona/niryo/niryo_two_ros/install/niryo_one_msgs/include/niryo_one_msgs/niryo_one_msgs/msg
[18.659s] -- Up-to-date: /home/noldona/niryo/niryo_two_ros/install/niryo_one_msgs/include/niryo_one_msgs/niryo_one_msgs/msg/detail
[18.660s] -- Installing: /home/noldona/niryo/niryo_two_ros/install/niryo_one_msgs/include/niryo_one_msgs/niryo_one_msgs/msg/detail/position__type_support.cpp
[18.660s] -- Installing: /home/noldona/niryo/niryo_two_ros/install/niryo_one_msgs/include/niryo_one_msgs/niryo_one_msgs/msg/detail/object_pose__type_support.cpp
[18.660s] -- Up-to-date: /home/noldona/niryo/niryo_two_ros/install/niryo_one_msgs/include/niryo_one_msgs/niryo_one_msgs/msg/detail/log_status__rosidl_typesupport_introspection_cpp.hpp
[18.660s] -- Up-to-date: /home/noldona/niryo/niryo_two_ros/install/niryo_one_msgs/include/niryo_one_msgs/niryo_one_msgs/msg/detail/hardware_status__rosidl_typesupport_introspection_cpp.hpp
[18.660s] -- Up-to-date: /home/noldona/niryo/niryo_two_ros/install/niryo_one_msgs/include/niryo_one_msgs/niryo_one_msgs/msg/detail/object_pose__rosidl_typesupport_introspection_cpp.hpp
[18.660s] -- Installing: /home/noldona/niryo/niryo_two_ros/install/niryo_one_msgs/include/niryo_one_msgs/niryo_one_msgs/msg/detail/log_status__type_support.cpp
[18.661s] -- Installing: /home/noldona/niryo/niryo_two_ros/install/niryo_one_msgs/include/niryo_one_msgs/niryo_one_msgs/msg/detail/hardware_status__type_support.cpp
[18.661s] -- Installing: /home/noldona/niryo/niryo_two_ros/install/niryo_one_msgs/include/niryo_one_msgs/niryo_one_msgs/msg/detail/digital_io_state__rosidl_typesupport_introspection_cpp.hpp
[18.661s] -- Installing: /home/noldona/niryo/niryo_two_ros/install/niryo_one_msgs/include/niryo_one_msgs/niryo_one_msgs/msg/detail/digital_io_state__type_support.cpp
[18.661s] -- Installing: /home/noldona/niryo/niryo_two_ros/install/niryo_one_msgs/include/niryo_one_msgs/niryo_one_msgs/msg/detail/conveyor_feedback__rosidl_typesupport_introspection_cpp.hpp
[18.661s] -- Installing: /home/noldona/niryo/niryo_two_ros/install/niryo_one_msgs/include/niryo_one_msgs/niryo_one_msgs/msg/detail/matlab_move_result__type_support.cpp
[18.661s] -- Installing: /home/noldona/niryo/niryo_two_ros/install/niryo_one_msgs/include/niryo_one_msgs/niryo_one_msgs/msg/detail/conveyor_feedback__type_support.cpp
[18.661s] -- Installing: /home/noldona/niryo/niryo_two_ros/install/niryo_one_msgs/include/niryo_one_msgs/niryo_one_msgs/msg/detail/rpy__type_support.cpp
[18.661s] -- Installing: /home/noldona/niryo/niryo_two_ros/install/niryo_one_msgs/include/niryo_one_msgs/niryo_one_msgs/msg/detail/rpy__rosidl_typesupport_introspection_cpp.hpp
[18.662s] -- Up-to-date: /home/noldona/niryo/niryo_two_ros/install/niryo_one_msgs/include/niryo_one_msgs/niryo_one_msgs/msg/detail/matlab_move_result__rosidl_typesupport_introspection_cpp.hpp
[18.662s] -- Installing: /home/noldona/niryo/niryo_two_ros/install/niryo_one_msgs/include/niryo_one_msgs/niryo_one_msgs/msg/detail/position__rosidl_typesupport_introspection_cpp.hpp
[18.662s] -- Up-to-date: /home/noldona/niryo/niryo_two_ros/install/niryo_one_msgs/include/niryo_one_msgs/niryo_one_msgs/srv
[18.662s] -- Up-to-date: /home/noldona/niryo/niryo_two_ros/install/niryo_one_msgs/include/niryo_one_msgs/niryo_one_msgs/srv/detail
[18.662s] -- Installing: /home/noldona/niryo/niryo_two_ros/install/niryo_one_msgs/include/niryo_one_msgs/niryo_one_msgs/srv/detail/change_hardware_version__type_support.cpp
[18.662s] -- Installing: /home/noldona/niryo/niryo_two_ros/install/niryo_one_msgs/include/niryo_one_msgs/niryo_one_msgs/srv/detail/change_hardware_version__rosidl_typesupport_introspection_cpp.hpp
[18.662s] -- Installing: /home/noldona/niryo/niryo_two_ros/install/niryo_one_msgs/lib/libniryo_one_msgs__rosidl_typesupport_introspection_cpp.so
[18.663s] -- Set non-toolchain portion of runtime path of "/home/noldona/niryo/niryo_two_ros/install/niryo_one_msgs/lib/libniryo_one_msgs__rosidl_typesupport_introspection_cpp.so" to ""
[18.664s] -- Installing: /home/noldona/niryo/niryo_two_ros/install/niryo_one_msgs/lib/libniryo_one_msgs__rosidl_typesupport_cpp.so
[18.664s] -- Set non-toolchain portion of runtime path of "/home/noldona/niryo/niryo_two_ros/install/niryo_one_msgs/lib/libniryo_one_msgs__rosidl_typesupport_cpp.so" to ""
[18.664s] -- Up-to-date: /home/noldona/niryo/niryo_two_ros/install/niryo_one_msgs/share/niryo_one_msgs/environment/pythonpath.sh
[18.664s] -- Up-to-date: /home/noldona/niryo/niryo_two_ros/install/niryo_one_msgs/share/niryo_one_msgs/environment/pythonpath.dsv
[18.665s] -- Up-to-date: /home/noldona/niryo/niryo_two_ros/install/niryo_one_msgs/lib/python3.12/site-packages/niryo_one_msgs-0.0.0-py3.12.egg-info
[18.665s] -- Installing: /home/noldona/niryo/niryo_two_ros/install/niryo_one_msgs/lib/python3.12/site-packages/niryo_one_msgs-0.0.0-py3.12.egg-info/SOURCES.txt
[18.665s] -- Installing: /home/noldona/niryo/niryo_two_ros/install/niryo_one_msgs/lib/python3.12/site-packages/niryo_one_msgs-0.0.0-py3.12.egg-info/PKG-INFO
[18.665s] -- Installing: /home/noldona/niryo/niryo_two_ros/install/niryo_one_msgs/lib/python3.12/site-packages/niryo_one_msgs-0.0.0-py3.12.egg-info/dependency_links.txt
[18.666s] -- Installing: /home/noldona/niryo/niryo_two_ros/install/niryo_one_msgs/lib/python3.12/site-packages/niryo_one_msgs-0.0.0-py3.12.egg-info/top_level.txt
[18.666s] -- Up-to-date: /home/noldona/niryo/niryo_two_ros/install/niryo_one_msgs/lib/python3.12/site-packages/niryo_one_msgs
[18.666s] -- Installing: /home/noldona/niryo/niryo_two_ros/install/niryo_one_msgs/lib/python3.12/site-packages/niryo_one_msgs/__init__.py
[18.666s] -- Up-to-date: /home/noldona/niryo/niryo_two_ros/install/niryo_one_msgs/lib/python3.12/site-packages/niryo_one_msgs/msg
[18.667s] -- Installing: /home/noldona/niryo/niryo_two_ros/install/niryo_one_msgs/lib/python3.12/site-packages/niryo_one_msgs/msg/__init__.py
[18.667s] -- Installing: /home/noldona/niryo/niryo_two_ros/install/niryo_one_msgs/lib/python3.12/site-packages/niryo_one_msgs/msg/_conveyor_feedback_s.c
[18.667s] -- Installing: /home/noldona/niryo/niryo_two_ros/install/niryo_one_msgs/lib/python3.12/site-packages/niryo_one_msgs/msg/_digital_io_state.py
[18.668s] -- Installing: /home/noldona/niryo/niryo_two_ros/install/niryo_one_msgs/lib/python3.12/site-packages/niryo_one_msgs/msg/_hardware_status_s.c
[18.668s] -- Installing: /home/noldona/niryo/niryo_two_ros/install/niryo_one_msgs/lib/python3.12/site-packages/niryo_one_msgs/msg/_digital_io_state_s.c
[18.668s] -- Installing: /home/noldona/niryo/niryo_two_ros/install/niryo_one_msgs/lib/python3.12/site-packages/niryo_one_msgs/msg/_matlab_move_result.py
[18.668s] -- Installing: /home/noldona/niryo/niryo_two_ros/install/niryo_one_msgs/lib/python3.12/site-packages/niryo_one_msgs/msg/_object_pose.py
[18.668s] -- Installing: /home/noldona/niryo/niryo_two_ros/install/niryo_one_msgs/lib/python3.12/site-packages/niryo_one_msgs/msg/_rpy.py
[18.668s] -- Installing: /home/noldona/niryo/niryo_two_ros/install/niryo_one_msgs/lib/python3.12/site-packages/niryo_one_msgs/msg/_conveyor_feedback.py
[18.668s] -- Installing: /home/noldona/niryo/niryo_two_ros/install/niryo_one_msgs/lib/python3.12/site-packages/niryo_one_msgs/msg/_log_status.py
[18.669s] -- Installing: /home/noldona/niryo/niryo_two_ros/install/niryo_one_msgs/lib/python3.12/site-packages/niryo_one_msgs/msg/_position_s.c
[18.669s] -- Installing: /home/noldona/niryo/niryo_two_ros/install/niryo_one_msgs/lib/python3.12/site-packages/niryo_one_msgs/msg/_hardware_status.py
[18.669s] -- Installing: /home/noldona/niryo/niryo_two_ros/install/niryo_one_msgs/lib/python3.12/site-packages/niryo_one_msgs/msg/_rpy_s.c
[18.669s] -- Installing: /home/noldona/niryo/niryo_two_ros/install/niryo_one_msgs/lib/python3.12/site-packages/niryo_one_msgs/msg/_position.py
[18.669s] -- Installing: /home/noldona/niryo/niryo_two_ros/install/niryo_one_msgs/lib/python3.12/site-packages/niryo_one_msgs/msg/_log_status_s.c
[18.669s] -- Installing: /home/noldona/niryo/niryo_two_ros/install/niryo_one_msgs/lib/python3.12/site-packages/niryo_one_msgs/msg/_object_pose_s.c
[18.669s] -- Installing: /home/noldona/niryo/niryo_two_ros/install/niryo_one_msgs/lib/python3.12/site-packages/niryo_one_msgs/msg/_matlab_move_result_s.c
[18.669s] -- Installing: /home/noldona/niryo/niryo_two_ros/install/niryo_one_msgs/lib/python3.12/site-packages/niryo_one_msgs/niryo_one_msgs_s__rosidl_typesupport_c.so
[18.670s] -- Installing: /home/noldona/niryo/niryo_two_ros/install/niryo_one_msgs/lib/python3.12/site-packages/niryo_one_msgs/niryo_one_msgs_s__rosidl_typesupport_fastrtps_c.so
[18.670s] -- Installing: /home/noldona/niryo/niryo_two_ros/install/niryo_one_msgs/lib/python3.12/site-packages/niryo_one_msgs/niryo_one_msgs_s__rosidl_typesupport_introspection_c.so
[18.670s] -- Installing: /home/noldona/niryo/niryo_two_ros/install/niryo_one_msgs/lib/python3.12/site-packages/niryo_one_msgs/_niryo_one_msgs_s.ep.rosidl_typesupport_introspection_c.c
[18.670s] -- Installing: /home/noldona/niryo/niryo_two_ros/install/niryo_one_msgs/lib/python3.12/site-packages/niryo_one_msgs/_niryo_one_msgs_s.ep.rosidl_typesupport_c.c
[18.670s] -- Installing: /home/noldona/niryo/niryo_two_ros/install/niryo_one_msgs/lib/python3.12/site-packages/niryo_one_msgs/_niryo_one_msgs_s.ep.rosidl_typesupport_fastrtps_c.c
[18.670s] -- Up-to-date: /home/noldona/niryo/niryo_two_ros/install/niryo_one_msgs/lib/python3.12/site-packages/niryo_one_msgs/srv
[18.671s] -- Installing: /home/noldona/niryo/niryo_two_ros/install/niryo_one_msgs/lib/python3.12/site-packages/niryo_one_msgs/srv/__init__.py
[18.671s] -- Installing: /home/noldona/niryo/niryo_two_ros/install/niryo_one_msgs/lib/python3.12/site-packages/niryo_one_msgs/srv/_change_hardware_version.py
[18.671s] -- Installing: /home/noldona/niryo/niryo_two_ros/install/niryo_one_msgs/lib/python3.12/site-packages/niryo_one_msgs/srv/_change_hardware_version_s.c
[18.744s] Listing '/home/noldona/niryo/niryo_two_ros/install/niryo_one_msgs/lib/python3.12/site-packages/niryo_one_msgs'...
[18.744s] Compiling '/home/noldona/niryo/niryo_two_ros/install/niryo_one_msgs/lib/python3.12/site-packages/niryo_one_msgs/__init__.py'...
[18.745s] Listing '/home/noldona/niryo/niryo_two_ros/install/niryo_one_msgs/lib/python3.12/site-packages/niryo_one_msgs/msg'...
[18.745s] Compiling '/home/noldona/niryo/niryo_two_ros/install/niryo_one_msgs/lib/python3.12/site-packages/niryo_one_msgs/msg/__init__.py'...
[18.745s] Compiling '/home/noldona/niryo/niryo_two_ros/install/niryo_one_msgs/lib/python3.12/site-packages/niryo_one_msgs/msg/_conveyor_feedback.py'...
[18.745s] Compiling '/home/noldona/niryo/niryo_two_ros/install/niryo_one_msgs/lib/python3.12/site-packages/niryo_one_msgs/msg/_digital_io_state.py'...
[18.745s] Compiling '/home/noldona/niryo/niryo_two_ros/install/niryo_one_msgs/lib/python3.12/site-packages/niryo_one_msgs/msg/_hardware_status.py'...
[18.745s] Compiling '/home/noldona/niryo/niryo_two_ros/install/niryo_one_msgs/lib/python3.12/site-packages/niryo_one_msgs/msg/_log_status.py'...
[18.746s] Compiling '/home/noldona/niryo/niryo_two_ros/install/niryo_one_msgs/lib/python3.12/site-packages/niryo_one_msgs/msg/_matlab_move_result.py'...
[18.746s] Compiling '/home/noldona/niryo/niryo_two_ros/install/niryo_one_msgs/lib/python3.12/site-packages/niryo_one_msgs/msg/_object_pose.py'...
[18.746s] Compiling '/home/noldona/niryo/niryo_two_ros/install/niryo_one_msgs/lib/python3.12/site-packages/niryo_one_msgs/msg/_position.py'...
[18.746s] Compiling '/home/noldona/niryo/niryo_two_ros/install/niryo_one_msgs/lib/python3.12/site-packages/niryo_one_msgs/msg/_rpy.py'...
[18.746s] Listing '/home/noldona/niryo/niryo_two_ros/install/niryo_one_msgs/lib/python3.12/site-packages/niryo_one_msgs/srv'...
[18.746s] Compiling '/home/noldona/niryo/niryo_two_ros/install/niryo_one_msgs/lib/python3.12/site-packages/niryo_one_msgs/srv/__init__.py'...
[18.746s] Compiling '/home/noldona/niryo/niryo_two_ros/install/niryo_one_msgs/lib/python3.12/site-packages/niryo_one_msgs/srv/_change_hardware_version.py'...
[18.753s] -- Installing: /home/noldona/niryo/niryo_two_ros/install/niryo_one_msgs/lib/python3.12/site-packages/niryo_one_msgs/niryo_one_msgs_s__rosidl_typesupport_fastrtps_c.so
[18.754s] -- Set non-toolchain portion of runtime path of "/home/noldona/niryo/niryo_two_ros/install/niryo_one_msgs/lib/python3.12/site-packages/niryo_one_msgs/niryo_one_msgs_s__rosidl_typesupport_fastrtps_c.so" to ""
[18.754s] -- Installing: /home/noldona/niryo/niryo_two_ros/install/niryo_one_msgs/lib/python3.12/site-packages/niryo_one_msgs/niryo_one_msgs_s__rosidl_typesupport_introspection_c.so
[18.754s] -- Set non-toolchain portion of runtime path of "/home/noldona/niryo/niryo_two_ros/install/niryo_one_msgs/lib/python3.12/site-packages/niryo_one_msgs/niryo_one_msgs_s__rosidl_typesupport_introspection_c.so" to ""
[18.754s] -- Installing: /home/noldona/niryo/niryo_two_ros/install/niryo_one_msgs/lib/python3.12/site-packages/niryo_one_msgs/niryo_one_msgs_s__rosidl_typesupport_c.so
[18.755s] -- Set non-toolchain portion of runtime path of "/home/noldona/niryo/niryo_two_ros/install/niryo_one_msgs/lib/python3.12/site-packages/niryo_one_msgs/niryo_one_msgs_s__rosidl_typesupport_c.so" to ""
[18.756s] -- Installing: /home/noldona/niryo/niryo_two_ros/install/niryo_one_msgs/lib/libniryo_one_msgs__rosidl_generator_py.so
[18.757s] -- Set non-toolchain portion of runtime path of "/home/noldona/niryo/niryo_two_ros/install/niryo_one_msgs/lib/libniryo_one_msgs__rosidl_generator_py.so" to ""
[18.757s] -- Up-to-date: /home/noldona/niryo/niryo_two_ros/install/niryo_one_msgs/share/niryo_one_msgs/msg/ConveyorFeedback.idl
[18.757s] -- Up-to-date: /home/noldona/niryo/niryo_two_ros/install/niryo_one_msgs/share/niryo_one_msgs/msg/DigitalIOState.idl
[18.757s] -- Up-to-date: /home/noldona/niryo/niryo_two_ros/install/niryo_one_msgs/share/niryo_one_msgs/msg/HardwareStatus.idl
[18.758s] -- Up-to-date: /home/noldona/niryo/niryo_two_ros/install/niryo_one_msgs/share/niryo_one_msgs/msg/LogStatus.idl
[18.758s] -- Up-to-date: /home/noldona/niryo/niryo_two_ros/install/niryo_one_msgs/share/niryo_one_msgs/msg/MatlabMoveResult.idl
[18.758s] -- Up-to-date: /home/noldona/niryo/niryo_two_ros/install/niryo_one_msgs/share/niryo_one_msgs/msg/ObjectPose.idl
[18.758s] -- Installing: /home/noldona/niryo/niryo_two_ros/install/niryo_one_msgs/share/niryo_one_msgs/msg/RPY.idl
[18.758s] -- Installing: /home/noldona/niryo/niryo_two_ros/install/niryo_one_msgs/share/niryo_one_msgs/msg/Position.idl
[18.758s] -- Up-to-date: /home/noldona/niryo/niryo_two_ros/install/niryo_one_msgs/share/niryo_one_msgs/srv/ChangeHardwareVersion.idl
[18.759s] -- Up-to-date: /home/noldona/niryo/niryo_two_ros/install/niryo_one_msgs/share/niryo_one_msgs/msg/ConveyorFeedback.msg
[18.759s] -- Up-to-date: /home/noldona/niryo/niryo_two_ros/install/niryo_one_msgs/share/niryo_one_msgs/msg/DigitalIOState.msg
[18.760s] -- Up-to-date: /home/noldona/niryo/niryo_two_ros/install/niryo_one_msgs/share/niryo_one_msgs/msg/HardwareStatus.msg
[18.760s] -- Up-to-date: /home/noldona/niryo/niryo_two_ros/install/niryo_one_msgs/share/niryo_one_msgs/msg/LogStatus.msg
[18.760s] -- Up-to-date: /home/noldona/niryo/niryo_two_ros/install/niryo_one_msgs/share/niryo_one_msgs/msg/MatlabMoveResult.msg
[18.760s] -- Up-to-date: /home/noldona/niryo/niryo_two_ros/install/niryo_one_msgs/share/niryo_one_msgs/msg/ObjectPose.msg
[18.760s] -- Installing: /home/noldona/niryo/niryo_two_ros/install/niryo_one_msgs/share/niryo_one_msgs/msg/RPY.msg
[18.760s] -- Installing: /home/noldona/niryo/niryo_two_ros/install/niryo_one_msgs/share/niryo_one_msgs/msg/Position.msg
[18.761s] -- Up-to-date: /home/noldona/niryo/niryo_two_ros/install/niryo_one_msgs/share/niryo_one_msgs/srv/ChangeHardwareVersion.srv
[18.761s] -- Up-to-date: /home/noldona/niryo/niryo_two_ros/install/niryo_one_msgs/share/ament_index/resource_index/package_run_dependencies/niryo_one_msgs
[18.761s] -- Up-to-date: /home/noldona/niryo/niryo_two_ros/install/niryo_one_msgs/share/ament_index/resource_index/parent_prefix_path/niryo_one_msgs
[18.762s] -- Up-to-date: /home/noldona/niryo/niryo_two_ros/install/niryo_one_msgs/share/niryo_one_msgs/environment/ament_prefix_path.sh
[18.762s] -- Up-to-date: /home/noldona/niryo/niryo_two_ros/install/niryo_one_msgs/share/niryo_one_msgs/environment/ament_prefix_path.dsv
[18.762s] -- Up-to-date: /home/noldona/niryo/niryo_two_ros/install/niryo_one_msgs/share/niryo_one_msgs/environment/path.sh
[18.763s] -- Up-to-date: /home/noldona/niryo/niryo_two_ros/install/niryo_one_msgs/share/niryo_one_msgs/environment/path.dsv
[18.763s] -- Up-to-date: /home/noldona/niryo/niryo_two_ros/install/niryo_one_msgs/share/niryo_one_msgs/local_setup.bash
[18.763s] -- Up-to-date: /home/noldona/niryo/niryo_two_ros/install/niryo_one_msgs/share/niryo_one_msgs/local_setup.sh
[18.763s] -- Up-to-date: /home/noldona/niryo/niryo_two_ros/install/niryo_one_msgs/share/niryo_one_msgs/local_setup.zsh
[18.763s] -- Up-to-date: /home/noldona/niryo/niryo_two_ros/install/niryo_one_msgs/share/niryo_one_msgs/local_setup.dsv
[18.763s] -- Installing: /home/noldona/niryo/niryo_two_ros/install/niryo_one_msgs/share/niryo_one_msgs/package.dsv
[18.763s] -- Up-to-date: /home/noldona/niryo/niryo_two_ros/install/niryo_one_msgs/share/ament_index/resource_index/packages/niryo_one_msgs
[18.764s] -- Up-to-date: /home/noldona/niryo/niryo_two_ros/install/niryo_one_msgs/share/niryo_one_msgs/cmake/export_niryo_one_msgs__rosidl_generator_cExport.cmake
[18.765s] -- Up-to-date: /home/noldona/niryo/niryo_two_ros/install/niryo_one_msgs/share/niryo_one_msgs/cmake/export_niryo_one_msgs__rosidl_generator_cExport-noconfig.cmake
[18.765s] -- Up-to-date: /home/noldona/niryo/niryo_two_ros/install/niryo_one_msgs/share/niryo_one_msgs/cmake/export_niryo_one_msgs__rosidl_typesupport_fastrtps_cExport.cmake
[18.765s] -- Up-to-date: /home/noldona/niryo/niryo_two_ros/install/niryo_one_msgs/share/niryo_one_msgs/cmake/export_niryo_one_msgs__rosidl_typesupport_fastrtps_cExport-noconfig.cmake
[18.766s] -- Up-to-date: /home/noldona/niryo/niryo_two_ros/install/niryo_one_msgs/share/niryo_one_msgs/cmake/export_niryo_one_msgs__rosidl_generator_cppExport.cmake
[18.766s] -- Up-to-date: /home/noldona/niryo/niryo_two_ros/install/niryo_one_msgs/share/niryo_one_msgs/cmake/export_niryo_one_msgs__rosidl_typesupport_fastrtps_cppExport.cmake
[18.767s] -- Up-to-date: /home/noldona/niryo/niryo_two_ros/install/niryo_one_msgs/share/niryo_one_msgs/cmake/export_niryo_one_msgs__rosidl_typesupport_fastrtps_cppExport-noconfig.cmake
[18.767s] -- Up-to-date: /home/noldona/niryo/niryo_two_ros/install/niryo_one_msgs/share/niryo_one_msgs/cmake/niryo_one_msgs__rosidl_typesupport_introspection_cExport.cmake
[18.767s] -- Up-to-date: /home/noldona/niryo/niryo_two_ros/install/niryo_one_msgs/share/niryo_one_msgs/cmake/niryo_one_msgs__rosidl_typesupport_introspection_cExport-noconfig.cmake
[18.768s] -- Up-to-date: /home/noldona/niryo/niryo_two_ros/install/niryo_one_msgs/share/niryo_one_msgs/cmake/niryo_one_msgs__rosidl_typesupport_cExport.cmake
[18.768s] -- Up-to-date: /home/noldona/niryo/niryo_two_ros/install/niryo_one_msgs/share/niryo_one_msgs/cmake/niryo_one_msgs__rosidl_typesupport_cExport-noconfig.cmake
[18.769s] -- Up-to-date: /home/noldona/niryo/niryo_two_ros/install/niryo_one_msgs/share/niryo_one_msgs/cmake/niryo_one_msgs__rosidl_typesupport_introspection_cppExport.cmake
[18.769s] -- Up-to-date: /home/noldona/niryo/niryo_two_ros/install/niryo_one_msgs/share/niryo_one_msgs/cmake/niryo_one_msgs__rosidl_typesupport_introspection_cppExport-noconfig.cmake
[18.769s] -- Up-to-date: /home/noldona/niryo/niryo_two_ros/install/niryo_one_msgs/share/niryo_one_msgs/cmake/niryo_one_msgs__rosidl_typesupport_cppExport.cmake
[18.770s] -- Up-to-date: /home/noldona/niryo/niryo_two_ros/install/niryo_one_msgs/share/niryo_one_msgs/cmake/niryo_one_msgs__rosidl_typesupport_cppExport-noconfig.cmake
[18.770s] -- Up-to-date: /home/noldona/niryo/niryo_two_ros/install/niryo_one_msgs/share/niryo_one_msgs/cmake/export_niryo_one_msgs__rosidl_generator_pyExport.cmake
[18.771s] -- Up-to-date: /home/noldona/niryo/niryo_two_ros/install/niryo_one_msgs/share/niryo_one_msgs/cmake/export_niryo_one_msgs__rosidl_generator_pyExport-noconfig.cmake
[18.771s] -- Installing: /home/noldona/niryo/niryo_two_ros/install/niryo_one_msgs/share/niryo_one_msgs/cmake/rosidl_cmake-extras.cmake
[18.771s] -- Up-to-date: /home/noldona/niryo/niryo_two_ros/install/niryo_one_msgs/share/niryo_one_msgs/cmake/ament_cmake_export_dependencies-extras.cmake
[18.771s] -- Up-to-date: /home/noldona/niryo/niryo_two_ros/install/niryo_one_msgs/share/niryo_one_msgs/cmake/ament_cmake_export_include_directories-extras.cmake
[18.771s] -- Up-to-date: /home/noldona/niryo/niryo_two_ros/install/niryo_one_msgs/share/niryo_one_msgs/cmake/ament_cmake_export_libraries-extras.cmake
[18.771s] -- Up-to-date: /home/noldona/niryo/niryo_two_ros/install/niryo_one_msgs/share/niryo_one_msgs/cmake/ament_cmake_export_targets-extras.cmake
[18.771s] -- Up-to-date: /home/noldona/niryo/niryo_two_ros/install/niryo_one_msgs/share/niryo_one_msgs/cmake/rosidl_cmake_export_typesupport_targets-extras.cmake
[18.771s] -- Up-to-date: /home/noldona/niryo/niryo_two_ros/install/niryo_one_msgs/share/niryo_one_msgs/cmake/rosidl_cmake_export_typesupport_libraries-extras.cmake
[18.772s] -- Up-to-date: /home/noldona/niryo/niryo_two_ros/install/niryo_one_msgs/share/niryo_one_msgs/cmake/niryo_one_msgsConfig.cmake
[18.772s] -- Up-to-date: /home/noldona/niryo/niryo_two_ros/install/niryo_one_msgs/share/niryo_one_msgs/cmake/niryo_one_msgsConfig-version.cmake
[18.772s] -- Up-to-date: /home/noldona/niryo/niryo_two_ros/install/niryo_one_msgs/share/niryo_one_msgs/package.xml
[18.774s] Invoked command in '/home/noldona/niryo/niryo_two_ros/build/niryo_one_msgs' returned '0': CMAKE_PREFIX_PATH=${CMAKE_PREFIX_PATH}:/opt/ros/jazzy DEBUGINFOD_URLS=https://debuginfod.ubuntu.com /usr/bin/cmake --install /home/noldona/niryo/niryo_two_ros/build/niryo_one_msgs
