[0.011s] Invoking command in '/home/noldona/niryo/niryo_two_ros/build/niryo_one_msgs': CMAKE_PREFIX_PATH=${CMAKE_PREFIX_PATH}:/opt/ros/jazzy DEBUGINFOD_URLS=https://debuginfod.ubuntu.com /usr/bin/cmake --build /home/noldona/niryo/niryo_two_ros/build/niryo_one_msgs -- -j4 -l4
[0.078s] -- Found ament_cmake: 2.5.2 (/opt/ros/jazzy/share/ament_cmake/cmake)
[0.104s] -- Found Python3: /usr/bin/python3 (found version "3.12.3") found components: Interpreter 
[0.184s] -- Found std_msgs: 5.3.5 (/opt/ros/jazzy/share/std_msgs/cmake)
[0.210s] -- Found rosidl_generator_c: 4.6.4 (/opt/ros/jazzy/share/rosidl_generator_c/cmake)
[0.220s] -- Found rosidl_generator_cpp: 4.6.4 (/opt/ros/jazzy/share/rosidl_generator_cpp/cmake)
[0.231s] -- Using all available rosidl_typesupport_c: rosidl_typesupport_fastrtps_c;rosidl_typesupport_introspection_c
[0.246s] -- Using all available rosidl_typesupport_cpp: rosidl_typesupport_fastrtps_cpp;rosidl_typesupport_introspection_cpp
[0.275s] -- Found geometry_msgs: 5.3.5 (/opt/ros/jazzy/share/geometry_msgs/cmake)
[0.293s] -- Found moveit_msgs: 2.5.0 (/opt/ros/jazzy/share/moveit_msgs/cmake)
[0.595s] -- Found rosidl_default_generators: 1.6.0 (/opt/ros/jazzy/share/rosidl_default_generators/cmake)
[0.603s] -- Found rosidl_adapter: 4.6.4 (/opt/ros/jazzy/share/rosidl_adapter/cmake)
[0.991s] [31mCMake Error at /opt/ros/jazzy/share/rosidl_adapter/cmake/rosidl_adapt_interfaces.cmake:57 (message):
[0.991s]   execute_process(/usr/bin/python3 -m rosidl_adapter --package-name
[0.991s]   niryo_one_msgs --arguments-file
[0.991s]   /home/noldona/niryo/niryo_two_ros/build/niryo_one_msgs/rosidl_adapter__arguments__niryo_one_msgs.json
[0.991s]   --output-dir
[0.992s]   /home/noldona/niryo/niryo_two_ros/build/niryo_one_msgs/rosidl_adapter/niryo_one_msgs
[0.992s]   --output-file
[0.992s]   /home/noldona/niryo/niryo_two_ros/build/niryo_one_msgs/rosidl_adapter/niryo_one_msgs.idls)
[0.992s]   returned error code 1:
[0.992s] 
[0.992s]   Traceback (most recent call last):
[0.992s] 
[0.992s]     File "<frozen runpy>", line 198, in _run_module_as_main
[0.992s]     File "<frozen runpy>", line 88, in _run_code
[0.992s]     File "/opt/ros/jazzy/lib/python3.12/site-packages/rosidl_adapter/__main__.py", line 19, in <module>
[0.992s]       sys.exit(main())
[0.993s]                ^^^^^^
[0.993s]     File "/opt/ros/jazzy/lib/python3.12/site-packages/rosidl_adapter/main.py", line 53, in main
[0.993s]       abs_idl_file = convert_to_idl(
[0.993s]                      ^^^^^^^^^^^^^^^
[0.993s]     File "/opt/ros/jazzy/lib/python3.12/site-packages/rosidl_adapter/__init__.py", line 24, in convert_to_idl
[0.993s]       return convert_srv_to_idl(
[0.993s]              ^^^^^^^^^^^^^^^^^^^
[0.993s]     File "/opt/ros/jazzy/lib/python3.12/site-packages/rosidl_adapter/srv/__init__.py", line 28, in convert_srv_to_idl
[0.993s]       srv = parse_service_string(package_name, input_file.stem, content)
[0.993s]             ^^^^^^^^^^^^^^^^^^^^^^^^^^^^^^^^^^^^^^^^^^^^^^^^^^^^^^^^^^^^
[0.993s]     File "/opt/ros/jazzy/lib/python3.12/site-packages/rosidl_adapter/parser.py", line 851, in parse_service_string
[0.994s]       raise InvalidServiceSpecification(
[0.994s] 
[0.994s]   rosidl_adapter.parser.InvalidServiceSpecification: Could not find separator
[0.994s]   '---' between request and response
[0.994s] 
[0.994s] Call Stack (most recent call first):
[0.994s]   /opt/ros/jazzy/share/rosidl_cmake/cmake/rosidl_generate_interfaces.cmake:132 (rosidl_adapt_interfaces)
[0.994s]   CMakeLists.txt:18 (rosidl_generate_interfaces)
[0.994s] 
[0.994s] [0m
[0.994s] -- Configuring incomplete, errors occurred!
[0.999s] gmake: *** [Makefile:13235: cmake_check_build_system] Error 1
[1.001s] Invoked command in '/home/noldona/niryo/niryo_two_ros/build/niryo_one_msgs' returned '2': CMAKE_PREFIX_PATH=${CMAKE_PREFIX_PATH}:/opt/ros/jazzy DEBUGINFOD_URLS=https://debuginfod.ubuntu.com /usr/bin/cmake --build /home/noldona/niryo/niryo_two_ros/build/niryo_one_msgs -- -j4 -l4
