[0.115s] DEBUG:colcon:Command line arguments: ['/usr/bin/colcon', 'build', '--packages-select', 'niryo_one_msgs']
[0.115s] DEBUG:colcon:Parsed command line arguments: Namespace(log_base=None, log_level=None, verb_name='build', build_base='build', install_base='install', merge_install=False, symlink_install=False, test_result_base=None, continue_on_error=False, executor='parallel', parallel_workers=4, event_handlers=None, ignore_user_meta=False, metas=['./colcon.meta'], base_paths=['.'], packages_ignore=None, packages_ignore_regex=None, paths=None, packages_up_to=None, packages_up_to_regex=None, packages_above=None, packages_above_and_dependencies=None, packages_above_depth=None, packages_select_by_dep=None, packages_skip_by_dep=None, packages_skip_up_to=None, packages_select_build_failed=False, packages_skip_build_finished=False, packages_select_test_failures=False, packages_skip_test_passed=False, packages_select=['niryo_one_msgs'], packages_skip=None, packages_select_regex=None, packages_skip_regex=None, packages_start=None, packages_end=None, allow_overriding=[], cmake_args=None, cmake_target=None, cmake_target_skip_unavailable=False, cmake_clean_cache=False, cmake_clean_first=False, cmake_force_configure=False, ament_cmake_args=None, catkin_cmake_args=None, catkin_skip_building_tests=False, mixin_files=None, mixin=None, verb_parser=<colcon_mixin.mixin.mixin_argument.MixinArgumentDecorator object at 0x7a629eaac4d0>, verb_extension=<colcon_core.verb.build.BuildVerb object at 0x7a629ea7be30>, main=<bound method BuildVerb.main of <colcon_core.verb.build.BuildVerb object at 0x7a629ea7be30>>, mixin_verb=('build',))
[0.153s] Level 1:colcon.colcon_core.package_discovery:discover_packages(colcon_meta) check parameters
[0.153s] Level 1:colcon.colcon_core.package_discovery:discover_packages(recursive) check parameters
[0.153s] Level 1:colcon.colcon_core.package_discovery:discover_packages(ignore) check parameters
[0.153s] Level 1:colcon.colcon_core.package_discovery:discover_packages(path) check parameters
[0.153s] Level 1:colcon.colcon_core.package_discovery:discover_packages(colcon_meta) discover
[0.153s] Level 1:colcon.colcon_core.package_discovery:discover_packages(recursive) discover
[0.153s] INFO:colcon.colcon_core.package_discovery:Crawling recursively for packages in '/home/noldona/niryo/niryo_two_ros'
[0.153s] Level 1:colcon.colcon_core.package_identification:_identify(.) by extensions ['ignore', 'ignore_ament_install']
[0.153s] Level 1:colcon.colcon_core.package_identification:_identify(.) by extension 'ignore'
[0.153s] Level 1:colcon.colcon_core.package_identification:_identify(.) by extension 'ignore_ament_install'
[0.154s] Level 1:colcon.colcon_core.package_identification:_identify(.) by extensions ['colcon_pkg']
[0.154s] Level 1:colcon.colcon_core.package_identification:_identify(.) by extension 'colcon_pkg'
[0.154s] Level 1:colcon.colcon_core.package_identification:_identify(.) by extensions ['colcon_meta']
[0.154s] Level 1:colcon.colcon_core.package_identification:_identify(.) by extension 'colcon_meta'
[0.154s] Level 1:colcon.colcon_core.package_identification:_identify(.) by extensions ['ros']
[0.154s] Level 1:colcon.colcon_core.package_identification:_identify(.) by extension 'ros'
[0.180s] Level 1:colcon.colcon_core.package_identification:_identify(.) by extensions ['cmake', 'python']
[0.180s] Level 1:colcon.colcon_core.package_identification:_identify(.) by extension 'cmake'
[0.180s] Level 1:colcon.colcon_core.package_identification:_identify(.) by extension 'python'
[0.180s] Level 1:colcon.colcon_core.package_identification:_identify(.) by extensions ['python_setup_py']
[0.180s] Level 1:colcon.colcon_core.package_identification:_identify(.) by extension 'python_setup_py'
[0.180s] Level 1:colcon.colcon_core.package_identification:_identify(build) by extensions ['ignore', 'ignore_ament_install']
[0.180s] Level 1:colcon.colcon_core.package_identification:_identify(build) by extension 'ignore'
[0.180s] Level 1:colcon.colcon_core.package_identification:_identify(build) ignored
[0.180s] Level 1:colcon.colcon_core.package_identification:_identify(install) by extensions ['ignore', 'ignore_ament_install']
[0.180s] Level 1:colcon.colcon_core.package_identification:_identify(install) by extension 'ignore'
[0.181s] Level 1:colcon.colcon_core.package_identification:_identify(install) ignored
[0.181s] Level 1:colcon.colcon_core.package_identification:_identify(log) by extensions ['ignore', 'ignore_ament_install']
[0.181s] Level 1:colcon.colcon_core.package_identification:_identify(log) by extension 'ignore'
[0.181s] Level 1:colcon.colcon_core.package_identification:_identify(log) ignored
[0.181s] Level 1:colcon.colcon_core.package_identification:_identify(src) by extensions ['ignore', 'ignore_ament_install']
[0.181s] Level 1:colcon.colcon_core.package_identification:_identify(src) by extension 'ignore'
[0.181s] Level 1:colcon.colcon_core.package_identification:_identify(src) by extension 'ignore_ament_install'
[0.181s] Level 1:colcon.colcon_core.package_identification:_identify(src) by extensions ['colcon_pkg']
[0.181s] Level 1:colcon.colcon_core.package_identification:_identify(src) by extension 'colcon_pkg'
[0.181s] Level 1:colcon.colcon_core.package_identification:_identify(src) by extensions ['colcon_meta']
[0.181s] Level 1:colcon.colcon_core.package_identification:_identify(src) by extension 'colcon_meta'
[0.181s] Level 1:colcon.colcon_core.package_identification:_identify(src) by extensions ['ros']
[0.181s] Level 1:colcon.colcon_core.package_identification:_identify(src) by extension 'ros'
[0.182s] Level 1:colcon.colcon_core.package_identification:_identify(src) by extensions ['cmake', 'python']
[0.182s] Level 1:colcon.colcon_core.package_identification:_identify(src) by extension 'cmake'
[0.182s] Level 1:colcon.colcon_core.package_identification:_identify(src) by extension 'python'
[0.182s] Level 1:colcon.colcon_core.package_identification:_identify(src) by extensions ['python_setup_py']
[0.182s] Level 1:colcon.colcon_core.package_identification:_identify(src) by extension 'python_setup_py'
[0.182s] Level 1:colcon.colcon_core.package_identification:_identify(src/niryo_one) by extensions ['ignore', 'ignore_ament_install']
[0.182s] Level 1:colcon.colcon_core.package_identification:_identify(src/niryo_one) by extension 'ignore'
[0.182s] Level 1:colcon.colcon_core.package_identification:_identify(src/niryo_one) by extension 'ignore_ament_install'
[0.182s] Level 1:colcon.colcon_core.package_identification:_identify(src/niryo_one) by extensions ['colcon_pkg']
[0.182s] Level 1:colcon.colcon_core.package_identification:_identify(src/niryo_one) by extension 'colcon_pkg'
[0.182s] Level 1:colcon.colcon_core.package_identification:_identify(src/niryo_one) by extensions ['colcon_meta']
[0.182s] Level 1:colcon.colcon_core.package_identification:_identify(src/niryo_one) by extension 'colcon_meta'
[0.182s] Level 1:colcon.colcon_core.package_identification:_identify(src/niryo_one) by extensions ['ros']
[0.182s] Level 1:colcon.colcon_core.package_identification:_identify(src/niryo_one) by extension 'ros'
[0.185s] DEBUG:colcon.colcon_core.package_identification:Package 'src/niryo_one' with type 'ros.ament_cmake' and name 'niryo_one'
[0.185s] Level 1:colcon.colcon_core.package_identification:_identify(src/niryo_one_bringup) by extensions ['ignore', 'ignore_ament_install']
[0.185s] Level 1:colcon.colcon_core.package_identification:_identify(src/niryo_one_bringup) by extension 'ignore'
[0.185s] Level 1:colcon.colcon_core.package_identification:_identify(src/niryo_one_bringup) by extension 'ignore_ament_install'
[0.186s] Level 1:colcon.colcon_core.package_identification:_identify(src/niryo_one_bringup) by extensions ['colcon_pkg']
[0.186s] Level 1:colcon.colcon_core.package_identification:_identify(src/niryo_one_bringup) by extension 'colcon_pkg'
[0.186s] Level 1:colcon.colcon_core.package_identification:_identify(src/niryo_one_bringup) by extensions ['colcon_meta']
[0.186s] Level 1:colcon.colcon_core.package_identification:_identify(src/niryo_one_bringup) by extension 'colcon_meta'
[0.186s] Level 1:colcon.colcon_core.package_identification:_identify(src/niryo_one_bringup) by extensions ['ros']
[0.186s] Level 1:colcon.colcon_core.package_identification:_identify(src/niryo_one_bringup) by extension 'ros'
[0.186s] DEBUG:colcon.colcon_core.package_identification:Package 'src/niryo_one_bringup' with type 'ros.ament_cmake' and name 'niryo_one_bringup'
[0.186s] Level 1:colcon.colcon_core.package_identification:_identify(src/niryo_one_camera) by extensions ['ignore', 'ignore_ament_install']
[0.187s] Level 1:colcon.colcon_core.package_identification:_identify(src/niryo_one_camera) by extension 'ignore'
[0.187s] Level 1:colcon.colcon_core.package_identification:_identify(src/niryo_one_camera) by extension 'ignore_ament_install'
[0.187s] Level 1:colcon.colcon_core.package_identification:_identify(src/niryo_one_camera) by extensions ['colcon_pkg']
[0.187s] Level 1:colcon.colcon_core.package_identification:_identify(src/niryo_one_camera) by extension 'colcon_pkg'
[0.187s] Level 1:colcon.colcon_core.package_identification:_identify(src/niryo_one_camera) by extensions ['colcon_meta']
[0.187s] Level 1:colcon.colcon_core.package_identification:_identify(src/niryo_one_camera) by extension 'colcon_meta'
[0.187s] Level 1:colcon.colcon_core.package_identification:_identify(src/niryo_one_camera) by extensions ['ros']
[0.187s] Level 1:colcon.colcon_core.package_identification:_identify(src/niryo_one_camera) by extension 'ros'
[0.187s] DEBUG:colcon.colcon_core.package_identification:Package 'src/niryo_one_camera' with type 'ros.ament_python' and name 'niryo_one_camera'
[0.188s] Level 1:colcon.colcon_core.package_identification:_identify(src/niryo_one_commander) by extensions ['ignore', 'ignore_ament_install']
[0.188s] Level 1:colcon.colcon_core.package_identification:_identify(src/niryo_one_commander) by extension 'ignore'
[0.188s] Level 1:colcon.colcon_core.package_identification:_identify(src/niryo_one_commander) by extension 'ignore_ament_install'
[0.188s] Level 1:colcon.colcon_core.package_identification:_identify(src/niryo_one_commander) by extensions ['colcon_pkg']
[0.188s] Level 1:colcon.colcon_core.package_identification:_identify(src/niryo_one_commander) by extension 'colcon_pkg'
[0.188s] Level 1:colcon.colcon_core.package_identification:_identify(src/niryo_one_commander) by extensions ['colcon_meta']
[0.188s] Level 1:colcon.colcon_core.package_identification:_identify(src/niryo_one_commander) by extension 'colcon_meta'
[0.188s] Level 1:colcon.colcon_core.package_identification:_identify(src/niryo_one_commander) by extensions ['ros']
[0.188s] Level 1:colcon.colcon_core.package_identification:_identify(src/niryo_one_commander) by extension 'ros'
[0.189s] DEBUG:colcon.colcon_core.package_identification:Package 'src/niryo_one_commander' with type 'ros.ament_python' and name 'niryo_one_commander'
[0.189s] Level 1:colcon.colcon_core.package_identification:_identify(src/niryo_one_msgs) by extensions ['ignore', 'ignore_ament_install']
[0.189s] Level 1:colcon.colcon_core.package_identification:_identify(src/niryo_one_msgs) by extension 'ignore'
[0.189s] Level 1:colcon.colcon_core.package_identification:_identify(src/niryo_one_msgs) by extension 'ignore_ament_install'
[0.189s] Level 1:colcon.colcon_core.package_identification:_identify(src/niryo_one_msgs) by extensions ['colcon_pkg']
[0.189s] Level 1:colcon.colcon_core.package_identification:_identify(src/niryo_one_msgs) by extension 'colcon_pkg'
[0.189s] Level 1:colcon.colcon_core.package_identification:_identify(src/niryo_one_msgs) by extensions ['colcon_meta']
[0.189s] Level 1:colcon.colcon_core.package_identification:_identify(src/niryo_one_msgs) by extension 'colcon_meta'
[0.189s] Level 1:colcon.colcon_core.package_identification:_identify(src/niryo_one_msgs) by extensions ['ros']
[0.189s] Level 1:colcon.colcon_core.package_identification:_identify(src/niryo_one_msgs) by extension 'ros'
[0.190s] DEBUG:colcon.colcon_core.package_identification:Package 'src/niryo_one_msgs' with type 'ros.ament_cmake' and name 'niryo_one_msgs'
[0.190s] Level 1:colcon.colcon_core.package_identification:_identify(src/niryo_one_rpi) by extensions ['ignore', 'ignore_ament_install']
[0.190s] Level 1:colcon.colcon_core.package_identification:_identify(src/niryo_one_rpi) by extension 'ignore'
[0.190s] Level 1:colcon.colcon_core.package_identification:_identify(src/niryo_one_rpi) by extension 'ignore_ament_install'
[0.191s] Level 1:colcon.colcon_core.package_identification:_identify(src/niryo_one_rpi) by extensions ['colcon_pkg']
[0.191s] Level 1:colcon.colcon_core.package_identification:_identify(src/niryo_one_rpi) by extension 'colcon_pkg'
[0.191s] Level 1:colcon.colcon_core.package_identification:_identify(src/niryo_one_rpi) by extensions ['colcon_meta']
[0.191s] Level 1:colcon.colcon_core.package_identification:_identify(src/niryo_one_rpi) by extension 'colcon_meta'
[0.191s] Level 1:colcon.colcon_core.package_identification:_identify(src/niryo_one_rpi) by extensions ['ros']
[0.191s] Level 1:colcon.colcon_core.package_identification:_identify(src/niryo_one_rpi) by extension 'ros'
[0.192s] DEBUG:colcon.colcon_core.package_identification:Package 'src/niryo_one_rpi' with type 'ros.ament_python' and name 'niryo_one_rpi'
[0.192s] Level 1:colcon.colcon_core.package_discovery:discover_packages(recursive) using defaults
[0.192s] Level 1:colcon.colcon_core.package_discovery:discover_packages(ignore) discover
[0.192s] Level 1:colcon.colcon_core.package_discovery:discover_packages(ignore) using defaults
[0.192s] Level 1:colcon.colcon_core.package_discovery:discover_packages(path) discover
[0.192s] Level 1:colcon.colcon_core.package_discovery:discover_packages(path) using defaults
[0.211s] INFO:colcon.colcon_core.package_selection:Skipping not selected package 'niryo_one' in 'src/niryo_one'
[0.211s] INFO:colcon.colcon_core.package_selection:Skipping not selected package 'niryo_one_bringup' in 'src/niryo_one_bringup'
[0.211s] INFO:colcon.colcon_core.package_selection:Skipping not selected package 'niryo_one_camera' in 'src/niryo_one_camera'
[0.211s] INFO:colcon.colcon_core.package_selection:Skipping not selected package 'niryo_one_commander' in 'src/niryo_one_commander'
[0.211s] INFO:colcon.colcon_core.package_selection:Skipping not selected package 'niryo_one_rpi' in 'src/niryo_one_rpi'
[0.211s] Level 1:colcon.colcon_core.package_discovery:discover_packages(prefix_path) check parameters
[0.211s] Level 1:colcon.colcon_core.package_discovery:discover_packages(prefix_path) discover
[0.215s] DEBUG:colcon.colcon_installed_package_information.package_discovery:Found 332 installed packages in /opt/ros/jazzy
[0.216s] Level 1:colcon.colcon_core.package_discovery:discover_packages(prefix_path) using defaults
[0.265s] Level 5:colcon.colcon_core.verb:set package 'niryo_one_msgs' build argument 'cmake_args' from command line to 'None'
[0.265s] Level 5:colcon.colcon_core.verb:set package 'niryo_one_msgs' build argument 'cmake_target' from command line to 'None'
[0.265s] Level 5:colcon.colcon_core.verb:set package 'niryo_one_msgs' build argument 'cmake_target_skip_unavailable' from command line to 'False'
[0.265s] Level 5:colcon.colcon_core.verb:set package 'niryo_one_msgs' build argument 'cmake_clean_cache' from command line to 'False'
[0.265s] Level 5:colcon.colcon_core.verb:set package 'niryo_one_msgs' build argument 'cmake_clean_first' from command line to 'False'
[0.265s] Level 5:colcon.colcon_core.verb:set package 'niryo_one_msgs' build argument 'cmake_force_configure' from command line to 'False'
[0.265s] Level 5:colcon.colcon_core.verb:set package 'niryo_one_msgs' build argument 'ament_cmake_args' from command line to 'None'
[0.265s] Level 5:colcon.colcon_core.verb:set package 'niryo_one_msgs' build argument 'catkin_cmake_args' from command line to 'None'
[0.265s] Level 5:colcon.colcon_core.verb:set package 'niryo_one_msgs' build argument 'catkin_skip_building_tests' from command line to 'False'
[0.265s] DEBUG:colcon.colcon_core.verb:Building package 'niryo_one_msgs' with the following arguments: {'ament_cmake_args': None, 'build_base': '/home/noldona/niryo/niryo_two_ros/build/niryo_one_msgs', 'catkin_cmake_args': None, 'catkin_skip_building_tests': False, 'cmake_args': None, 'cmake_clean_cache': False, 'cmake_clean_first': False, 'cmake_force_configure': False, 'cmake_target': None, 'cmake_target_skip_unavailable': False, 'install_base': '/home/noldona/niryo/niryo_two_ros/install/niryo_one_msgs', 'merge_install': False, 'path': '/home/noldona/niryo/niryo_two_ros/src/niryo_one_msgs', 'symlink_install': False, 'test_result_base': None}
[0.266s] INFO:colcon.colcon_core.executor:Executing jobs using 'parallel' executor
[0.266s] DEBUG:colcon.colcon_parallel_executor.executor.parallel:run_until_complete
[0.267s] INFO:colcon.colcon_ros.task.ament_cmake.build:Building ROS package in '/home/noldona/niryo/niryo_two_ros/src/niryo_one_msgs' with build type 'ament_cmake'
[0.267s] INFO:colcon.colcon_cmake.task.cmake.build:Building CMake package in '/home/noldona/niryo/niryo_two_ros/src/niryo_one_msgs'
[0.269s] INFO:colcon.colcon_core.plugin_system:Skipping extension 'colcon_core.shell.bat': Not used on non-Windows systems
[0.269s] INFO:colcon.colcon_core.shell:Skip shell extension 'powershell' for command environment: Not usable outside of PowerShell
[0.269s] DEBUG:colcon.colcon_core.shell:Skip shell extension 'dsv' for command environment
[0.279s] DEBUG:colcon.colcon_core.event_handler.log_command:Invoking command in '/home/noldona/niryo/niryo_two_ros/build/niryo_one_msgs': CMAKE_PREFIX_PATH=${CMAKE_PREFIX_PATH}:/opt/ros/jazzy DEBUGINFOD_URLS=https://debuginfod.ubuntu.com /usr/bin/cmake --build /home/noldona/niryo/niryo_two_ros/build/niryo_one_msgs -- -j4 -l4
[7.748s] DEBUG:colcon.colcon_core.event_handler.log_command:Invoked command in '/home/noldona/niryo/niryo_two_ros/build/niryo_one_msgs' returned '0': CMAKE_PREFIX_PATH=${CMAKE_PREFIX_PATH}:/opt/ros/jazzy DEBUGINFOD_URLS=https://debuginfod.ubuntu.com /usr/bin/cmake --build /home/noldona/niryo/niryo_two_ros/build/niryo_one_msgs -- -j4 -l4
[7.884s] DEBUG:colcon.colcon_core.event_handler.log_command:Invoking command in '/home/noldona/niryo/niryo_two_ros/build/niryo_one_msgs': CMAKE_PREFIX_PATH=${CMAKE_PREFIX_PATH}:/opt/ros/jazzy DEBUGINFOD_URLS=https://debuginfod.ubuntu.com /usr/bin/cmake --install /home/noldona/niryo/niryo_two_ros/build/niryo_one_msgs
[8.057s] Level 1:colcon.colcon_core.environment:create_environment_scripts_only(niryo_one_msgs)
[8.058s] DEBUG:colcon.colcon_core.event_handler.log_command:Invoked command in '/home/noldona/niryo/niryo_two_ros/build/niryo_one_msgs' returned '0': CMAKE_PREFIX_PATH=${CMAKE_PREFIX_PATH}:/opt/ros/jazzy DEBUGINFOD_URLS=https://debuginfod.ubuntu.com /usr/bin/cmake --install /home/noldona/niryo/niryo_two_ros/build/niryo_one_msgs
[8.072s] Level 1:colcon.colcon_core.environment:checking '/home/noldona/niryo/niryo_two_ros/install/niryo_one_msgs' for CMake module files
[8.073s] Level 1:colcon.colcon_core.environment:checking '/home/noldona/niryo/niryo_two_ros/install/niryo_one_msgs' for CMake config files
[8.074s] Level 1:colcon.colcon_core.shell:create_environment_hook('niryo_one_msgs', 'cmake_prefix_path')
[8.074s] INFO:colcon.colcon_core.shell:Creating environment hook '/home/noldona/niryo/niryo_two_ros/install/niryo_one_msgs/share/niryo_one_msgs/hook/cmake_prefix_path.ps1'
[8.076s] INFO:colcon.colcon_core.shell:Creating environment descriptor '/home/noldona/niryo/niryo_two_ros/install/niryo_one_msgs/share/niryo_one_msgs/hook/cmake_prefix_path.dsv'
[8.079s] INFO:colcon.colcon_core.shell:Creating environment hook '/home/noldona/niryo/niryo_two_ros/install/niryo_one_msgs/share/niryo_one_msgs/hook/cmake_prefix_path.sh'
[8.082s] Level 1:colcon.colcon_core.environment:checking '/home/noldona/niryo/niryo_two_ros/install/niryo_one_msgs/lib'
[8.082s] Level 1:colcon.colcon_core.shell:create_environment_hook('niryo_one_msgs', 'ld_library_path_lib')
[8.082s] INFO:colcon.colcon_core.shell:Creating environment hook '/home/noldona/niryo/niryo_two_ros/install/niryo_one_msgs/share/niryo_one_msgs/hook/ld_library_path_lib.ps1'
[8.083s] INFO:colcon.colcon_core.shell:Creating environment descriptor '/home/noldona/niryo/niryo_two_ros/install/niryo_one_msgs/share/niryo_one_msgs/hook/ld_library_path_lib.dsv'
[8.084s] INFO:colcon.colcon_core.shell:Creating environment hook '/home/noldona/niryo/niryo_two_ros/install/niryo_one_msgs/share/niryo_one_msgs/hook/ld_library_path_lib.sh'
[8.085s] Level 1:colcon.colcon_core.environment:checking '/home/noldona/niryo/niryo_two_ros/install/niryo_one_msgs/bin'
[8.085s] Level 1:colcon.colcon_core.environment:checking '/home/noldona/niryo/niryo_two_ros/install/niryo_one_msgs/lib/pkgconfig/niryo_one_msgs.pc'
[8.085s] Level 1:colcon.colcon_core.environment:checking '/home/noldona/niryo/niryo_two_ros/install/niryo_one_msgs/lib/python3.12/site-packages'
[8.085s] Level 1:colcon.colcon_core.shell:create_environment_hook('niryo_one_msgs', 'pythonpath')
[8.086s] INFO:colcon.colcon_core.shell:Creating environment hook '/home/noldona/niryo/niryo_two_ros/install/niryo_one_msgs/share/niryo_one_msgs/hook/pythonpath.ps1'
[8.087s] INFO:colcon.colcon_core.shell:Creating environment descriptor '/home/noldona/niryo/niryo_two_ros/install/niryo_one_msgs/share/niryo_one_msgs/hook/pythonpath.dsv'
[8.087s] INFO:colcon.colcon_core.shell:Creating environment hook '/home/noldona/niryo/niryo_two_ros/install/niryo_one_msgs/share/niryo_one_msgs/hook/pythonpath.sh'
[8.089s] Level 1:colcon.colcon_core.environment:checking '/home/noldona/niryo/niryo_two_ros/install/niryo_one_msgs/bin'
[8.090s] INFO:colcon.colcon_core.shell:Creating package script '/home/noldona/niryo/niryo_two_ros/install/niryo_one_msgs/share/niryo_one_msgs/package.ps1'
[8.093s] INFO:colcon.colcon_core.shell:Creating package descriptor '/home/noldona/niryo/niryo_two_ros/install/niryo_one_msgs/share/niryo_one_msgs/package.dsv'
[8.095s] INFO:colcon.colcon_core.shell:Creating package script '/home/noldona/niryo/niryo_two_ros/install/niryo_one_msgs/share/niryo_one_msgs/package.sh'
[8.097s] INFO:colcon.colcon_core.shell:Creating package script '/home/noldona/niryo/niryo_two_ros/install/niryo_one_msgs/share/niryo_one_msgs/package.bash'
[8.103s] INFO:colcon.colcon_core.shell:Creating package script '/home/noldona/niryo/niryo_two_ros/install/niryo_one_msgs/share/niryo_one_msgs/package.zsh'
[8.107s] Level 1:colcon.colcon_core.environment:create_file_with_runtime_dependencies(/home/noldona/niryo/niryo_two_ros/install/niryo_one_msgs/share/colcon-core/packages/niryo_one_msgs)
[8.211s] Level 1:colcon.colcon_core.environment:create_environment_scripts_only(niryo_one_msgs)
[8.211s] Level 1:colcon.colcon_core.environment:checking '/home/noldona/niryo/niryo_two_ros/install/niryo_one_msgs' for CMake module files
[8.213s] Level 1:colcon.colcon_core.environment:checking '/home/noldona/niryo/niryo_two_ros/install/niryo_one_msgs' for CMake config files
[8.214s] Level 1:colcon.colcon_core.shell:create_environment_hook('niryo_one_msgs', 'cmake_prefix_path')
[8.214s] INFO:colcon.colcon_core.shell:Creating environment hook '/home/noldona/niryo/niryo_two_ros/install/niryo_one_msgs/share/niryo_one_msgs/hook/cmake_prefix_path.ps1'
[8.215s] INFO:colcon.colcon_core.shell:Creating environment descriptor '/home/noldona/niryo/niryo_two_ros/install/niryo_one_msgs/share/niryo_one_msgs/hook/cmake_prefix_path.dsv'
[8.216s] INFO:colcon.colcon_core.shell:Creating environment hook '/home/noldona/niryo/niryo_two_ros/install/niryo_one_msgs/share/niryo_one_msgs/hook/cmake_prefix_path.sh'
[8.217s] Level 1:colcon.colcon_core.environment:checking '/home/noldona/niryo/niryo_two_ros/install/niryo_one_msgs/lib'
[8.217s] Level 1:colcon.colcon_core.shell:create_environment_hook('niryo_one_msgs', 'ld_library_path_lib')
[8.217s] INFO:colcon.colcon_core.shell:Creating environment hook '/home/noldona/niryo/niryo_two_ros/install/niryo_one_msgs/share/niryo_one_msgs/hook/ld_library_path_lib.ps1'
[8.218s] INFO:colcon.colcon_core.shell:Creating environment descriptor '/home/noldona/niryo/niryo_two_ros/install/niryo_one_msgs/share/niryo_one_msgs/hook/ld_library_path_lib.dsv'
[8.219s] INFO:colcon.colcon_core.shell:Creating environment hook '/home/noldona/niryo/niryo_two_ros/install/niryo_one_msgs/share/niryo_one_msgs/hook/ld_library_path_lib.sh'
[8.220s] Level 1:colcon.colcon_core.environment:checking '/home/noldona/niryo/niryo_two_ros/install/niryo_one_msgs/bin'
[8.220s] Level 1:colcon.colcon_core.environment:checking '/home/noldona/niryo/niryo_two_ros/install/niryo_one_msgs/lib/pkgconfig/niryo_one_msgs.pc'
[8.220s] Level 1:colcon.colcon_core.environment:checking '/home/noldona/niryo/niryo_two_ros/install/niryo_one_msgs/lib/python3.12/site-packages'
[8.220s] Level 1:colcon.colcon_core.shell:create_environment_hook('niryo_one_msgs', 'pythonpath')
[8.220s] INFO:colcon.colcon_core.shell:Creating environment hook '/home/noldona/niryo/niryo_two_ros/install/niryo_one_msgs/share/niryo_one_msgs/hook/pythonpath.ps1'
[8.221s] INFO:colcon.colcon_core.shell:Creating environment descriptor '/home/noldona/niryo/niryo_two_ros/install/niryo_one_msgs/share/niryo_one_msgs/hook/pythonpath.dsv'
[8.221s] INFO:colcon.colcon_core.shell:Creating environment hook '/home/noldona/niryo/niryo_two_ros/install/niryo_one_msgs/share/niryo_one_msgs/hook/pythonpath.sh'
[8.222s] Level 1:colcon.colcon_core.environment:checking '/home/noldona/niryo/niryo_two_ros/install/niryo_one_msgs/bin'
[8.222s] INFO:colcon.colcon_core.shell:Creating package script '/home/noldona/niryo/niryo_two_ros/install/niryo_one_msgs/share/niryo_one_msgs/package.ps1'
[8.223s] INFO:colcon.colcon_core.shell:Creating package descriptor '/home/noldona/niryo/niryo_two_ros/install/niryo_one_msgs/share/niryo_one_msgs/package.dsv'
[8.224s] INFO:colcon.colcon_core.shell:Creating package script '/home/noldona/niryo/niryo_two_ros/install/niryo_one_msgs/share/niryo_one_msgs/package.sh'
[8.225s] INFO:colcon.colcon_core.shell:Creating package script '/home/noldona/niryo/niryo_two_ros/install/niryo_one_msgs/share/niryo_one_msgs/package.bash'
[8.226s] INFO:colcon.colcon_core.shell:Creating package script '/home/noldona/niryo/niryo_two_ros/install/niryo_one_msgs/share/niryo_one_msgs/package.zsh'
[8.227s] Level 1:colcon.colcon_core.environment:create_file_with_runtime_dependencies(/home/noldona/niryo/niryo_two_ros/install/niryo_one_msgs/share/colcon-core/packages/niryo_one_msgs)
[8.227s] DEBUG:colcon.colcon_parallel_executor.executor.parallel:closing loop
[8.228s] DEBUG:colcon.colcon_parallel_executor.executor.parallel:loop closed
[8.228s] DEBUG:colcon.colcon_parallel_executor.executor.parallel:run_until_complete finished with '0'
[8.230s] DEBUG:colcon.colcon_core.event_reactor:joining thread
[8.251s] INFO:colcon.colcon_core.plugin_system:Skipping extension 'colcon_notification.desktop_notification.terminal_notifier': Not used on non-Darwin systems
[8.251s] INFO:colcon.colcon_core.plugin_system:Skipping extension 'colcon_notification.desktop_notification.win32': Not used on non-Windows systems
[8.251s] INFO:colcon.colcon_notification.desktop_notification:Sending desktop notification using 'notify2'
[8.271s] DEBUG:colcon.colcon_core.event_reactor:joined thread
[8.272s] INFO:colcon.colcon_core.shell:Creating prefix script '/home/noldona/niryo/niryo_two_ros/install/local_setup.ps1'
[8.273s] INFO:colcon.colcon_core.shell:Creating prefix util module '/home/noldona/niryo/niryo_two_ros/install/_local_setup_util_ps1.py'
[8.275s] INFO:colcon.colcon_core.shell:Creating prefix chain script '/home/noldona/niryo/niryo_two_ros/install/setup.ps1'
[8.277s] INFO:colcon.colcon_core.shell:Creating prefix script '/home/noldona/niryo/niryo_two_ros/install/local_setup.sh'
[8.278s] INFO:colcon.colcon_core.shell:Creating prefix util module '/home/noldona/niryo/niryo_two_ros/install/_local_setup_util_sh.py'
[8.279s] INFO:colcon.colcon_core.shell:Creating prefix chain script '/home/noldona/niryo/niryo_two_ros/install/setup.sh'
[8.281s] INFO:colcon.colcon_core.shell:Creating prefix script '/home/noldona/niryo/niryo_two_ros/install/local_setup.bash'
[8.283s] INFO:colcon.colcon_core.shell:Creating prefix chain script '/home/noldona/niryo/niryo_two_ros/install/setup.bash'
[8.285s] INFO:colcon.colcon_core.shell:Creating prefix script '/home/noldona/niryo/niryo_two_ros/install/local_setup.zsh'
[8.286s] INFO:colcon.colcon_core.shell:Creating prefix chain script '/home/noldona/niryo/niryo_two_ros/install/setup.zsh'
