-- The C compiler identification is GNU 13.2.0
-- The CXX compiler identification is GNU 13.2.0
-- Detecting C compiler ABI info
-- Detecting C compiler ABI info - done
-- Check for working C compiler: /usr/bin/cc - skipped
-- Detecting C compile features
-- Detecting C compile features - done
-- Detecting CXX compiler ABI info
-- Detecting CXX compiler ABI info - done
-- Check for working CXX compiler: /usr/bin/c++ - skipped
-- Detecting CXX compile features
-- Detecting CXX compile features - done
-- Found ament_cmake: 2.5.2 (/opt/ros/jazzy/share/ament_cmake/cmake)
-- Found Python3: /usr/bin/python3 (found version "3.12.3") found components: Interpreter 
-- Found std_msgs: 5.3.5 (/opt/ros/jazzy/share/std_msgs/cmake)
-- Found rosidl_generator_c: 4.6.4 (/opt/ros/jazzy/share/rosidl_generator_c/cmake)
-- Found rosidl_generator_cpp: 4.6.4 (/opt/ros/jazzy/share/rosidl_generator_cpp/cmake)
-- Using all available rosidl_typesupport_c: rosidl_typesupport_fastrtps_c;rosidl_typesupport_introspection_c
-- Using all available rosidl_typesupport_cpp: rosidl_typesupport_fastrtps_cpp;rosidl_typesupport_introspection_cpp
-- Found geometry_msgs: 5.3.5 (/opt/ros/jazzy/share/geometry_msgs/cmake)
-- Found actionlib_msgs: 5.3.5 (/opt/ros/jazzy/share/actionlib_msgs/cmake)
[0mCMake Deprecation Warning at /opt/ros/jazzy/share/actionlib_msgs/cmake/actionlib_msgsConfig.cmake:31 (message):
  Package 'actionlib_msgs' is deprecated (This package will be removed in a
  future ROS distro, once the ROS 1 bridge supports actions.)
Call Stack (most recent call first):
  CMakeLists.txt:14 (find_package)

[0m
[31mCMake Error at CMakeLists.txt:15 (find_package):
  By not providing "Findmoveit_msgs.cmake" in CMAKE_MODULE_PATH this project
  has asked CMake to find a package configuration file provided by
  "moveit_msgs", but CMake did not find one.

  Could not find a package configuration file provided by "moveit_msgs" with
  any of the following names:

    moveit_msgsConfig.cmake
    moveit_msgs-config.cmake

  Add the installation prefix of "moveit_msgs" to CMAKE_PREFIX_PATH or set
  "moveit_msgs_DIR" to a directory containing one of the above files.  If
  "moveit_msgs" provides a separate development package or SDK, be sure it
  has been installed.

[0m
-- Configuring incomplete, errors occurred!
