[0.010s] Invoking command in '/home/noldona/niryo/niryo_two_ros/build/niryo_one_msgs': DEBUGINFOD_URLS=https://debuginfod.ubuntu.com /usr/bin/cmake /home/noldona/niryo/niryo_two_ros/src/niryo_one_msgs -DCMAKE_INSTALL_PREFIX=/home/noldona/niryo/niryo_two_ros/install/niryo_one_msgs
[0.025s] -- Found ament_cmake: 2.5.2 (/opt/ros/jazzy/share/ament_cmake/cmake)
[0.250s] -- Found rosidl_default_generators: 1.6.0 (/opt/ros/jazzy/share/rosidl_default_generators/cmake)
[0.252s] -- Using all available rosidl_typesupport_c: rosidl_typesupport_fastrtps_c;rosidl_typesupport_introspection_c
[0.290s] -- Using all available rosidl_typesupport_cpp: rosidl_typesupport_fastrtps_cpp;rosidl_typesupport_introspection_cpp
[0.319s] -- Found rosidl_adapter: 4.6.4 (/opt/ros/jazzy/share/rosidl_adapter/cmake)
[0.321s] -- Found std_msgs: 5.3.5 (/opt/ros/jazzy/share/std_msgs/cmake)
[0.351s] -- Found geometry_msgs: 5.3.5 (/opt/ros/jazzy/share/geometry_msgs/cmake)
[0.368s] -- Found moveit_msgs: 2.5.0 (/opt/ros/jazzy/share/moveit_msgs/cmake)
[1.056s] Error parsing '/home/noldona/niryo/niryo_two_ros/src/niryo_one_msgs/package.xml':
[4.854s] Traceback (most recent call last):
[4.854s]   File "/opt/ros/jazzy/share/ament_cmake_core/cmake/core/package_xml_2_cmake.py", line 150, in <module>
[4.855s]     main()
[4.855s]   File "/opt/ros/jazzy/share/ament_cmake_core/cmake/core/package_xml_2_cmake.py", line 53, in main
[4.855s]     raise e
[4.856s]   File "/opt/ros/jazzy/share/ament_cmake_core/cmake/core/package_xml_2_cmake.py", line 49, in main
[4.856s]     package = parse_package_string(
[4.856s]               ^^^^^^^^^^^^^^^^^^^^^
[4.856s]   File "/usr/lib/python3/dist-packages/catkin_pkg/package.py", line 786, in parse_package_string
[4.856s]     raise InvalidPackage('Error(s):%s' % (''.join(['\n- %s' % e for e in errors])), filename)
[4.857s] catkin_pkg.package.InvalidPackage: Error(s) in package '/home/noldona/niryo/niryo_two_ros/src/niryo_one_msgs/package.xml':
[4.857s] Error(s):
[4.857s] - The manifest of package "niryo_one_msgs" (with format version 3) must not contain the following tags: exec_depends
[4.917s] [31mCMake Error at /opt/ros/jazzy/share/ament_cmake_core/cmake/core/ament_package_xml.cmake:95 (message):
[4.918s]   execute_process(/usr/bin/python3
[4.918s]   /opt/ros/jazzy/share/ament_cmake_core/cmake/core/package_xml_2_cmake.py
[4.918s]   /home/noldona/niryo/niryo_two_ros/src/niryo_one_msgs/package.xml
[4.918s]   /home/noldona/niryo/niryo_two_ros/build/niryo_one_msgs/ament_cmake_core/package.cmake)
[4.918s]   returned error code 1
[4.918s] Call Stack (most recent call first):
[4.918s]   /opt/ros/jazzy/share/ament_cmake_core/cmake/core/ament_package_xml.cmake:49 (_ament_package_xml)
[4.918s]   /opt/ros/jazzy/share/rosidl_cmake/cmake/rosidl_generate_interfaces.cmake:220 (ament_package_xml)
[4.918s]   CMakeLists.txt:18 (rosidl_generate_interfaces)
[4.919s] 
[4.919s] [0m
[4.919s] -- Configuring incomplete, errors occurred!
[4.925s] Invoked command in '/home/noldona/niryo/niryo_two_ros/build/niryo_one_msgs' returned '1': DEBUGINFOD_URLS=https://debuginfod.ubuntu.com /usr/bin/cmake /home/noldona/niryo/niryo_two_ros/src/niryo_one_msgs -DCMAKE_INSTALL_PREFIX=/home/noldona/niryo/niryo_two_ros/install/niryo_one_msgs
