[0.015s] Invoking command in '/home/noldona/niryo/niryo_two_ros/build/niryo_one_msgs': CMAKE_PREFIX_PATH=${CMAKE_PREFIX_PATH}:/opt/ros/jazzy DEBUGINFOD_URLS=https://debuginfod.ubuntu.com /usr/bin/cmake --build /home/noldona/niryo/niryo_two_ros/build/niryo_one_msgs -- -j4 -l4
[0.088s] -- Found ament_cmake: 2.5.2 (/opt/ros/jazzy/share/ament_cmake/cmake)
[0.200s] -- Found std_msgs: 5.3.5 (/opt/ros/jazzy/share/std_msgs/cmake)
[0.230s] -- Found rosidl_generator_c: 4.6.4 (/opt/ros/jazzy/share/rosidl_generator_c/cmake)
[0.240s] -- Found rosidl_generator_cpp: 4.6.4 (/opt/ros/jazzy/share/rosidl_generator_cpp/cmake)
[0.254s] -- Using all available rosidl_typesupport_c: rosidl_typesupport_fastrtps_c;rosidl_typesupport_introspection_c
[0.269s] -- Using all available rosidl_typesupport_cpp: rosidl_typesupport_fastrtps_cpp;rosidl_typesupport_introspection_cpp
[0.301s] -- Found geometry_msgs: 5.3.5 (/opt/ros/jazzy/share/geometry_msgs/cmake)
[0.320s] -- Found moveit_msgs: 2.5.0 (/opt/ros/jazzy/share/moveit_msgs/cmake)
[0.643s] -- Found rosidl_default_generators: 1.6.0 (/opt/ros/jazzy/share/rosidl_default_generators/cmake)
[0.653s] -- Found rosidl_adapter: 4.6.4 (/opt/ros/jazzy/share/rosidl_adapter/cmake)
[0.840s] [31mCMake Error at /opt/ros/jazzy/share/rosidl_adapter/cmake/rosidl_adapt_interfaces.cmake:57 (message):
[0.840s]   execute_process(/usr/bin/python3 -m rosidl_adapter --package-name
[0.840s]   niryo_one_msgs --arguments-file
[0.840s]   /home/noldona/niryo/niryo_two_ros/build/niryo_one_msgs/rosidl_adapter__arguments__niryo_one_msgs.json
[0.841s]   --output-dir
[0.841s]   /home/noldona/niryo/niryo_two_ros/build/niryo_one_msgs/rosidl_adapter/niryo_one_msgs
[0.841s]   --output-file
[0.841s]   /home/noldona/niryo/niryo_two_ros/build/niryo_one_msgs/rosidl_adapter/niryo_one_msgs.idls)
[0.841s]   returned error code 1:
[0.841s] 
[0.841s]   Error processing 'niryo_one_msgs/TrajectoryPlan Trajectory' of
[0.841s]   'niryo_one_msgs/RobotMoveCommand': ''Trajectory' is an invalid field name.
[0.841s]   It should have the pattern '^(?!.*__)(?!.*_$)[a-z][a-z0-9_]*$''
[0.841s] 
[0.842s]   Traceback (most recent call last):
[0.842s] 
[0.842s]     File "<frozen runpy>", line 198, in _run_module_as_main
[0.842s]     File "<frozen runpy>", line 88, in _run_code
[0.842s]     File "/opt/ros/jazzy/lib/python3.12/site-packages/rosidl_adapter/__main__.py", line 19, in <module>
[0.842s]       sys.exit(main())
[0.842s]                ^^^^^^
[0.842s]     File "/opt/ros/jazzy/lib/python3.12/site-packages/rosidl_adapter/main.py", line 53, in main
[0.842s]       abs_idl_file = convert_to_idl(
[0.842s]                      ^^^^^^^^^^^^^^^
[0.843s]     File "/opt/ros/jazzy/lib/python3.12/site-packages/rosidl_adapter/__init__.py", line 19, in convert_to_idl
[0.843s]       return convert_msg_to_idl(
[0.843s]              ^^^^^^^^^^^^^^^^^^^
[0.843s]     File "/opt/ros/jazzy/lib/python3.12/site-packages/rosidl_adapter/msg/__init__.py", line 28, in convert_msg_to_idl
[0.843s]       msg = parse_message_string(package_name, input_file.stem, content)
[0.843s]             ^^^^^^^^^^^^^^^^^^^^^^^^^^^^^^^^^^^^^^^^^^^^^^^^^^^^^^^^^^^^
[0.843s]     File "/opt/ros/jazzy/lib/python3.12/site-packages/rosidl_adapter/parser.py", line 520, in parse_message_string
[0.843s]       fields.append(Field(
[0.843s]                     ^^^^^^
[0.844s]     File "/opt/ros/jazzy/lib/python3.12/site-packages/rosidl_adapter/parser.py", line 355, in __init__
[0.844s]       raise NameError(
[0.844s] 
[0.844s]   NameError: 'Trajectory' is an invalid field name.  It should have the
[0.844s]   pattern '^(?!.*__)(?!.*_$)[a-z][a-z0-9_]*$'
[0.844s] 
[0.844s] Call Stack (most recent call first):
[0.844s]   /opt/ros/jazzy/share/rosidl_cmake/cmake/rosidl_generate_interfaces.cmake:132 (rosidl_adapt_interfaces)
[0.844s]   CMakeLists.txt:18 (rosidl_generate_interfaces)
[0.844s] 
[0.845s] [0m
[0.845s] -- Configuring incomplete, errors occurred!
[0.848s] gmake: *** [Makefile:1085: cmake_check_build_system] Error 1
[0.850s] Invoked command in '/home/noldona/niryo/niryo_two_ros/build/niryo_one_msgs' returned '2': CMAKE_PREFIX_PATH=${CMAKE_PREFIX_PATH}:/opt/ros/jazzy DEBUGINFOD_URLS=https://debuginfod.ubuntu.com /usr/bin/cmake --build /home/noldona/niryo/niryo_two_ros/build/niryo_one_msgs -- -j4 -l4
