[0.032s] Invoking command in '/home/noldona/niryo/niryo_two_ros/build/niryo_one_bringup': CMAKE_PREFIX_PATH=${CMAKE_PREFIX_PATH}:/opt/ros/jazzy DEBUGINFOD_URLS=https://debuginfod.ubuntu.com /usr/bin/cmake --build /home/noldona/niryo/niryo_two_ros/build/niryo_one_bringup -- -j4 -l4
[0.330s] Invoked command in '/home/noldona/niryo/niryo_two_ros/build/niryo_one_bringup' returned '0': CMAKE_PREFIX_PATH=${CMAKE_PREFIX_PATH}:/opt/ros/jazzy DEBUGINFOD_URLS=https://debuginfod.ubuntu.com /usr/bin/cmake --build /home/noldona/niryo/niryo_two_ros/build/niryo_one_bringup -- -j4 -l4
[0.368s] Invoking command in '/home/noldona/niryo/niryo_two_ros/build/niryo_one_bringup': CMAKE_PREFIX_PATH=${CMAKE_PREFIX_PATH}:/opt/ros/jazzy DEBUGINFOD_URLS=https://debuginfod.ubuntu.com /usr/bin/cmake --install /home/noldona/niryo/niryo_two_ros/build/niryo_one_bringup
[0.386s] -- Install configuration: ""
[0.387s] -- Up-to-date: /home/noldona/niryo/niryo_two_ros/install/niryo_one_bringup/share/ament_index/resource_index/package_run_dependencies/niryo_one_bringup
[0.388s] -- Up-to-date: /home/noldona/niryo/niryo_two_ros/install/niryo_one_bringup/share/ament_index/resource_index/parent_prefix_path/niryo_one_bringup
[0.388s] -- Up-to-date: /home/noldona/niryo/niryo_two_ros/install/niryo_one_bringup/share/niryo_one_bringup/environment/ament_prefix_path.sh
[0.388s] -- Up-to-date: /home/noldona/niryo/niryo_two_ros/install/niryo_one_bringup/share/niryo_one_bringup/environment/ament_prefix_path.dsv
[0.388s] -- Up-to-date: /home/noldona/niryo/niryo_two_ros/install/niryo_one_bringup/share/niryo_one_bringup/environment/path.sh
[0.388s] -- Up-to-date: /home/noldona/niryo/niryo_two_ros/install/niryo_one_bringup/share/niryo_one_bringup/environment/path.dsv
[0.390s] -- Up-to-date: /home/noldona/niryo/niryo_two_ros/install/niryo_one_bringup/share/niryo_one_bringup/local_setup.bash
[0.391s] -- Up-to-date: /home/noldona/niryo/niryo_two_ros/install/niryo_one_bringup/share/niryo_one_bringup/local_setup.sh
[0.391s] -- Up-to-date: /home/noldona/niryo/niryo_two_ros/install/niryo_one_bringup/share/niryo_one_bringup/local_setup.zsh
[0.391s] -- Up-to-date: /home/noldona/niryo/niryo_two_ros/install/niryo_one_bringup/share/niryo_one_bringup/local_setup.dsv
[0.391s] -- Installing: /home/noldona/niryo/niryo_two_ros/install/niryo_one_bringup/share/niryo_one_bringup/package.dsv
[0.391s] -- Up-to-date: /home/noldona/niryo/niryo_two_ros/install/niryo_one_bringup/share/ament_index/resource_index/packages/niryo_one_bringup
[0.391s] -- Up-to-date: /home/noldona/niryo/niryo_two_ros/install/niryo_one_bringup/share/niryo_one_bringup/cmake/niryo_one_bringupConfig.cmake
[0.391s] -- Up-to-date: /home/noldona/niryo/niryo_two_ros/install/niryo_one_bringup/share/niryo_one_bringup/cmake/niryo_one_bringupConfig-version.cmake
[0.391s] -- Up-to-date: /home/noldona/niryo/niryo_two_ros/install/niryo_one_bringup/share/niryo_one_bringup/package.xml
[0.403s] Invoked command in '/home/noldona/niryo/niryo_two_ros/build/niryo_one_bringup' returned '0': CMAKE_PREFIX_PATH=${CMAKE_PREFIX_PATH}:/opt/ros/jazzy DEBUGINFOD_URLS=https://debuginfod.ubuntu.com /usr/bin/cmake --install /home/noldona/niryo/niryo_two_ros/build/niryo_one_bringup
