[0.018s] Invoking command in '/home/noldona/niryo/niryo_two_ros/build/niryo_one_msgs': CMAKE_PREFIX_PATH=${CMAKE_PREFIX_PATH}:/opt/ros/jazzy DEBUGINFOD_URLS=https://debuginfod.ubuntu.com /usr/bin/cmake --build /home/noldona/niryo/niryo_two_ros/build/niryo_one_msgs -- -j4 -l4
[0.138s] -- Found ament_cmake: 2.5.2 (/opt/ros/jazzy/share/ament_cmake/cmake)
[0.192s] -- Found Python3: /usr/bin/python3 (found version "3.12.3") found components: Interpreter 
[0.321s] -- Found std_msgs: 5.3.5 (/opt/ros/jazzy/share/std_msgs/cmake)
[0.377s] -- Found rosidl_generator_c: 4.6.4 (/opt/ros/jazzy/share/rosidl_generator_c/cmake)
[0.394s] -- Found rosidl_generator_cpp: 4.6.4 (/opt/ros/jazzy/share/rosidl_generator_cpp/cmake)
[0.414s] -- Using all available rosidl_typesupport_c: rosidl_typesupport_fastrtps_c;rosidl_typesupport_introspection_c
[0.436s] -- Using all available rosidl_typesupport_cpp: rosidl_typesupport_fastrtps_cpp;rosidl_typesupport_introspection_cpp
[0.478s] -- Found geometry_msgs: 5.3.5 (/opt/ros/jazzy/share/geometry_msgs/cmake)
[0.503s] -- Found moveit_msgs: 2.5.0 (/opt/ros/jazzy/share/moveit_msgs/cmake)
[0.874s] -- Found rosidl_default_generators: 1.6.0 (/opt/ros/jazzy/share/rosidl_default_generators/cmake)
[0.887s] -- Found rosidl_adapter: 4.6.4 (/opt/ros/jazzy/share/rosidl_adapter/cmake)
[1.403s] -- Found ament_cmake_ros: 0.12.0 (/opt/ros/jazzy/share/ament_cmake_ros/cmake)
[2.074s] -- Using all available rosidl_typesupport_c: rosidl_typesupport_fastrtps_c;rosidl_typesupport_introspection_c
[2.332s] -- Using all available rosidl_typesupport_cpp: rosidl_typesupport_fastrtps_cpp;rosidl_typesupport_introspection_cpp
[2.337s] -- Found python_cmake_module: 0.11.1 (/opt/ros/jazzy/share/python_cmake_module/cmake)
[2.727s] -- Found Python3: /usr/bin/python3 (found version "3.12.3") found components: Interpreter Development NumPy Development.Module Development.Embed 
[2.842s] -- Found ament_lint_auto: 0.17.1 (/opt/ros/jazzy/share/ament_lint_auto/cmake)
[2.869s] -- Added test 'lint_cmake' to check CMake code style
[2.872s] -- Added test 'xmllint' to check XML markup files
[2.877s] -- Configuring done (2.8s)
[3.040s] -- Generating done (0.1s)
[3.045s] -- Build files have been written to: /home/noldona/niryo/niryo_two_ros/build/niryo_one_msgs
[3.086s] [  1%] [34m[1mGenerating type hashes for ROS interfaces[0m
[3.099s] [  1%] Built target ament_cmake_python_copy_niryo_one_msgs
[3.371s] running egg_info
[3.399s] writing niryo_one_msgs.egg-info/PKG-INFO
[3.399s] writing dependency_links to niryo_one_msgs.egg-info/dependency_links.txt
[3.400s] writing top-level names to niryo_one_msgs.egg-info/top_level.txt
[3.483s] reading manifest file 'niryo_one_msgs.egg-info/SOURCES.txt'
[3.484s] writing manifest file 'niryo_one_msgs.egg-info/SOURCES.txt'
[3.518s] [  1%] Built target ament_cmake_python_build_niryo_one_msgs_egg
[3.590s] [  1%] Built target niryo_one_msgs__rosidl_generator_type_description
[3.625s] [  1%] [34m[1mGenerating C++ code for ROS interfaces[0m
[3.698s] [  2%] [34m[1mGenerating C code for ROS interfaces[0m
[4.675s] [  2%] Built target niryo_one_msgs__cpp
[4.874s] [  4%] [32mBuilding C object CMakeFiles/niryo_one_msgs__rosidl_generator_c.dir/rosidl_generator_c/niryo_one_msgs/msg/detail/conveyor_feedback__functions.c.o[0m
[4.874s] [  4%] [32mBuilding C object CMakeFiles/niryo_one_msgs__rosidl_generator_c.dir/rosidl_generator_c/niryo_one_msgs/msg/detail/conveyor_feedback__description.c.o[0m
[4.874s] [  4%] [32mBuilding C object CMakeFiles/niryo_one_msgs__rosidl_generator_c.dir/rosidl_generator_c/niryo_one_msgs/msg/detail/conveyor_feedback__type_support.c.o[0m
[4.878s] [  5%] [32mBuilding C object CMakeFiles/niryo_one_msgs__rosidl_generator_c.dir/rosidl_generator_c/niryo_one_msgs/msg/detail/digital_io_state__description.c.o[0m
[4.928s] [  6%] [32mBuilding C object CMakeFiles/niryo_one_msgs__rosidl_generator_c.dir/rosidl_generator_c/niryo_one_msgs/msg/detail/digital_io_state__functions.c.o[0m
[4.942s] [  8%] [32mBuilding C object CMakeFiles/niryo_one_msgs__rosidl_generator_c.dir/rosidl_generator_c/niryo_one_msgs/msg/detail/hardware_status__description.c.o[0m
[4.942s] [  8%] [32mBuilding C object CMakeFiles/niryo_one_msgs__rosidl_generator_c.dir/rosidl_generator_c/niryo_one_msgs/msg/detail/digital_io_state__type_support.c.o[0m
[4.962s] [  8%] [32mBuilding C object CMakeFiles/niryo_one_msgs__rosidl_generator_c.dir/rosidl_generator_c/niryo_one_msgs/msg/detail/hardware_status__functions.c.o[0m
[4.989s] [  9%] [32mBuilding C object CMakeFiles/niryo_one_msgs__rosidl_generator_c.dir/rosidl_generator_c/niryo_one_msgs/msg/detail/hardware_status__type_support.c.o[0m
[5.005s] [ 10%] [32mBuilding C object CMakeFiles/niryo_one_msgs__rosidl_generator_c.dir/rosidl_generator_c/niryo_one_msgs/msg/detail/log_status__description.c.o[0m
[5.016s] [ 11%] [32mBuilding C object CMakeFiles/niryo_one_msgs__rosidl_generator_c.dir/rosidl_generator_c/niryo_one_msgs/msg/detail/log_status__functions.c.o[0m
[5.036s] [ 12%] [32mBuilding C object CMakeFiles/niryo_one_msgs__rosidl_generator_c.dir/rosidl_generator_c/niryo_one_msgs/msg/detail/log_status__type_support.c.o[0m
[5.036s] [ 12%] [32mBuilding C object CMakeFiles/niryo_one_msgs__rosidl_generator_c.dir/rosidl_generator_c/niryo_one_msgs/msg/detail/matlab_move_result__description.c.o[0m
[5.067s] [ 13%] [32mBuilding C object CMakeFiles/niryo_one_msgs__rosidl_generator_c.dir/rosidl_generator_c/niryo_one_msgs/msg/detail/matlab_move_result__functions.c.o[0m
[5.083s] [ 14%] [32mBuilding C object CMakeFiles/niryo_one_msgs__rosidl_generator_c.dir/rosidl_generator_c/niryo_one_msgs/msg/detail/matlab_move_result__type_support.c.o[0m
[5.091s] [ 15%] [32mBuilding C object CMakeFiles/niryo_one_msgs__rosidl_generator_c.dir/rosidl_generator_c/niryo_one_msgs/msg/detail/object_pose__description.c.o[0m
[5.092s] [ 16%] [32mBuilding C object CMakeFiles/niryo_one_msgs__rosidl_generator_c.dir/rosidl_generator_c/niryo_one_msgs/msg/detail/object_pose__functions.c.o[0m
[5.130s] [ 16%] [32mBuilding C object CMakeFiles/niryo_one_msgs__rosidl_generator_c.dir/rosidl_generator_c/niryo_one_msgs/msg/detail/object_pose__type_support.c.o[0m
[5.141s] [ 17%] [32mBuilding C object CMakeFiles/niryo_one_msgs__rosidl_generator_c.dir/rosidl_generator_c/niryo_one_msgs/msg/detail/rpy__description.c.o[0m
[5.147s] [ 18%] [32mBuilding C object CMakeFiles/niryo_one_msgs__rosidl_generator_c.dir/rosidl_generator_c/niryo_one_msgs/msg/detail/rpy__functions.c.o[0m
[5.177s] [ 19%] [32mBuilding C object CMakeFiles/niryo_one_msgs__rosidl_generator_c.dir/rosidl_generator_c/niryo_one_msgs/msg/detail/rpy__type_support.c.o[0m
[5.180s] [ 20%] [32mBuilding C object CMakeFiles/niryo_one_msgs__rosidl_generator_c.dir/rosidl_generator_c/niryo_one_msgs/msg/detail/position__description.c.o[0m
[5.200s] [ 20%] [32mBuilding C object CMakeFiles/niryo_one_msgs__rosidl_generator_c.dir/rosidl_generator_c/niryo_one_msgs/msg/detail/position__functions.c.o[0m
[5.218s] [ 21%] [32mBuilding C object CMakeFiles/niryo_one_msgs__rosidl_generator_c.dir/rosidl_generator_c/niryo_one_msgs/msg/detail/position__type_support.c.o[0m
[5.227s] [ 22%] [32mBuilding C object CMakeFiles/niryo_one_msgs__rosidl_generator_c.dir/rosidl_generator_c/niryo_one_msgs/msg/detail/process_state__description.c.o[0m
[5.250s] [ 23%] [32mBuilding C object CMakeFiles/niryo_one_msgs__rosidl_generator_c.dir/rosidl_generator_c/niryo_one_msgs/msg/detail/process_state__functions.c.o[0m
[5.280s] [ 25%] [32mBuilding C object CMakeFiles/niryo_one_msgs__rosidl_generator_c.dir/rosidl_generator_c/niryo_one_msgs/srv/detail/change_hardware_version__description.c.o[0m
[5.281s] [ 25%] [32mBuilding C object CMakeFiles/niryo_one_msgs__rosidl_generator_c.dir/rosidl_generator_c/niryo_one_msgs/msg/detail/process_state__type_support.c.o[0m
[5.283s] [ 25%] [32mBuilding C object CMakeFiles/niryo_one_msgs__rosidl_generator_c.dir/rosidl_generator_c/niryo_one_msgs/srv/detail/change_hardware_version__functions.c.o[0m
[5.325s] [ 26%] [32mBuilding C object CMakeFiles/niryo_one_msgs__rosidl_generator_c.dir/rosidl_generator_c/niryo_one_msgs/srv/detail/change_hardware_version__type_support.c.o[0m
[5.386s] [ 27%] [32m[1mLinking C shared library libniryo_one_msgs__rosidl_generator_c.so[0m
[5.467s] [ 27%] Built target niryo_one_msgs__rosidl_generator_c
[5.532s] [ 28%] [34m[1mGenerating C++ type support dispatch for ROS interfaces[0m
[5.554s] [ 29%] [34m[1mGenerating C introspection for ROS interfaces[0m
[5.554s] [ 30%] [34m[1mGenerating C type support for eProsima Fast-RTPS[0m
[5.573s] [ 30%] [34m[1mGenerating C++ type support for eProsima Fast-RTPS[0m
[6.362s] [ 31%] [32mBuilding CXX object CMakeFiles/niryo_one_msgs__rosidl_typesupport_cpp.dir/rosidl_typesupport_cpp/niryo_one_msgs/msg/conveyor_feedback__type_support.cpp.o[0m
[6.569s] [ 32%] [32mBuilding C object CMakeFiles/niryo_one_msgs__rosidl_typesupport_introspection_c.dir/rosidl_typesupport_introspection_c/niryo_one_msgs/msg/detail/conveyor_feedback__type_support.c.o[0m
[6.623s] [ 33%] [32mBuilding C object CMakeFiles/niryo_one_msgs__rosidl_typesupport_introspection_c.dir/rosidl_typesupport_introspection_c/niryo_one_msgs/msg/detail/digital_io_state__type_support.c.o[0m
[6.718s] [ 34%] [32mBuilding C object CMakeFiles/niryo_one_msgs__rosidl_typesupport_introspection_c.dir/rosidl_typesupport_introspection_c/niryo_one_msgs/msg/detail/hardware_status__type_support.c.o[0m
[6.798s] [ 34%] [32mBuilding C object CMakeFiles/niryo_one_msgs__rosidl_typesupport_introspection_c.dir/rosidl_typesupport_introspection_c/niryo_one_msgs/msg/detail/log_status__type_support.c.o[0m
[6.863s] [ 35%] [32mBuilding C object CMakeFiles/niryo_one_msgs__rosidl_typesupport_introspection_c.dir/rosidl_typesupport_introspection_c/niryo_one_msgs/msg/detail/matlab_move_result__type_support.c.o[0m
[6.916s] [ 36%] [32mBuilding C object CMakeFiles/niryo_one_msgs__rosidl_typesupport_introspection_c.dir/rosidl_typesupport_introspection_c/niryo_one_msgs/msg/detail/object_pose__type_support.c.o[0m
[6.982s] [ 37%] [32mBuilding C object CMakeFiles/niryo_one_msgs__rosidl_typesupport_introspection_c.dir/rosidl_typesupport_introspection_c/niryo_one_msgs/msg/detail/rpy__type_support.c.o[0m
[6.999s] [ 38%] [32mBuilding CXX object CMakeFiles/niryo_one_msgs__rosidl_typesupport_fastrtps_cpp.dir/rosidl_typesupport_fastrtps_cpp/niryo_one_msgs/msg/detail/dds_fastrtps/conveyor_feedback__type_support.cpp.o[0m
[7.038s] [ 39%] [32mBuilding C object CMakeFiles/niryo_one_msgs__rosidl_typesupport_introspection_c.dir/rosidl_typesupport_introspection_c/niryo_one_msgs/msg/detail/position__type_support.c.o[0m
[7.055s] [ 40%] [32mBuilding CXX object CMakeFiles/niryo_one_msgs__rosidl_typesupport_cpp.dir/rosidl_typesupport_cpp/niryo_one_msgs/msg/digital_io_state__type_support.cpp.o[0m
[7.055s] [ 41%] [32mBuilding CXX object CMakeFiles/niryo_one_msgs__rosidl_typesupport_fastrtps_c.dir/rosidl_typesupport_fastrtps_c/niryo_one_msgs/msg/detail/conveyor_feedback__type_support_c.cpp.o[0m
[7.099s] [ 41%] [32mBuilding C object CMakeFiles/niryo_one_msgs__rosidl_typesupport_introspection_c.dir/rosidl_typesupport_introspection_c/niryo_one_msgs/msg/detail/process_state__type_support.c.o[0m
[7.167s] [ 42%] [32mBuilding C object CMakeFiles/niryo_one_msgs__rosidl_typesupport_introspection_c.dir/rosidl_typesupport_introspection_c/niryo_one_msgs/srv/detail/change_hardware_version__type_support.c.o[0m
[7.251s] [ 43%] [32m[1mLinking C shared library libniryo_one_msgs__rosidl_typesupport_introspection_c.so[0m
[7.315s] [ 43%] Built target niryo_one_msgs__rosidl_typesupport_introspection_c
[7.330s] [ 44%] [32mBuilding CXX object CMakeFiles/niryo_one_msgs__rosidl_typesupport_fastrtps_cpp.dir/rosidl_typesupport_fastrtps_cpp/niryo_one_msgs/msg/detail/dds_fastrtps/digital_io_state__type_support.cpp.o[0m
[7.650s] [ 45%] [32mBuilding CXX object CMakeFiles/niryo_one_msgs__rosidl_typesupport_cpp.dir/rosidl_typesupport_cpp/niryo_one_msgs/msg/hardware_status__type_support.cpp.o[0m
[7.898s] [ 45%] [32mBuilding CXX object CMakeFiles/niryo_one_msgs__rosidl_typesupport_fastrtps_c.dir/rosidl_typesupport_fastrtps_c/niryo_one_msgs/msg/detail/digital_io_state__type_support_c.cpp.o[0m
[7.932s] [ 46%] [32mBuilding CXX object CMakeFiles/niryo_one_msgs__rosidl_typesupport_fastrtps_c.dir/rosidl_typesupport_fastrtps_c/niryo_one_msgs/msg/detail/hardware_status__type_support_c.cpp.o[0m
[8.271s] [ 46%] [32mBuilding CXX object CMakeFiles/niryo_one_msgs__rosidl_typesupport_cpp.dir/rosidl_typesupport_cpp/niryo_one_msgs/msg/log_status__type_support.cpp.o[0m
[8.371s] [ 47%] [32mBuilding CXX object CMakeFiles/niryo_one_msgs__rosidl_typesupport_fastrtps_cpp.dir/rosidl_typesupport_fastrtps_cpp/niryo_one_msgs/msg/detail/dds_fastrtps/hardware_status__type_support.cpp.o[0m
[8.837s] [ 48%] [32mBuilding CXX object CMakeFiles/niryo_one_msgs__rosidl_typesupport_fastrtps_cpp.dir/rosidl_typesupport_fastrtps_cpp/niryo_one_msgs/msg/detail/dds_fastrtps/log_status__type_support.cpp.o[0m
[8.842s] [ 49%] [32mBuilding CXX object CMakeFiles/niryo_one_msgs__rosidl_typesupport_fastrtps_c.dir/rosidl_typesupport_fastrtps_c/niryo_one_msgs/msg/detail/log_status__type_support_c.cpp.o[0m
[8.861s] [ 50%] [32mBuilding CXX object CMakeFiles/niryo_one_msgs__rosidl_typesupport_cpp.dir/rosidl_typesupport_cpp/niryo_one_msgs/msg/matlab_move_result__type_support.cpp.o[0m
[9.468s] [ 51%] [32mBuilding CXX object CMakeFiles/niryo_one_msgs__rosidl_typesupport_cpp.dir/rosidl_typesupport_cpp/niryo_one_msgs/msg/object_pose__type_support.cpp.o[0m
[9.585s] [ 51%] [34m[1mGenerating C type support dispatch for ROS interfaces[0m
[9.750s] [ 51%] [32mBuilding CXX object CMakeFiles/niryo_one_msgs__rosidl_typesupport_fastrtps_cpp.dir/rosidl_typesupport_fastrtps_cpp/niryo_one_msgs/msg/detail/dds_fastrtps/matlab_move_result__type_support.cpp.o[0m
[9.755s] [ 52%] [32mBuilding CXX object CMakeFiles/niryo_one_msgs__rosidl_typesupport_fastrtps_c.dir/rosidl_typesupport_fastrtps_c/niryo_one_msgs/msg/detail/matlab_move_result__type_support_c.cpp.o[0m
[10.067s] [ 53%] [32mBuilding CXX object CMakeFiles/niryo_one_msgs__rosidl_typesupport_cpp.dir/rosidl_typesupport_cpp/niryo_one_msgs/msg/rpy__type_support.cpp.o[0m
[10.426s] [ 54%] [32mBuilding CXX object CMakeFiles/niryo_one_msgs__rosidl_typesupport_c.dir/rosidl_typesupport_c/niryo_one_msgs/msg/conveyor_feedback__type_support.cpp.o[0m
[10.594s] [ 55%] [32mBuilding CXX object CMakeFiles/niryo_one_msgs__rosidl_typesupport_c.dir/rosidl_typesupport_c/niryo_one_msgs/msg/digital_io_state__type_support.cpp.o[0m
[10.603s] [ 56%] [32mBuilding CXX object CMakeFiles/niryo_one_msgs__rosidl_typesupport_fastrtps_cpp.dir/rosidl_typesupport_fastrtps_cpp/niryo_one_msgs/msg/detail/dds_fastrtps/object_pose__type_support.cpp.o[0m
[10.612s] [ 57%] [32mBuilding CXX object CMakeFiles/niryo_one_msgs__rosidl_typesupport_fastrtps_c.dir/rosidl_typesupport_fastrtps_c/niryo_one_msgs/msg/detail/object_pose__type_support_c.cpp.o[0m
[10.660s] [ 58%] [32mBuilding CXX object CMakeFiles/niryo_one_msgs__rosidl_typesupport_c.dir/rosidl_typesupport_c/niryo_one_msgs/msg/hardware_status__type_support.cpp.o[0m
[10.666s] [ 59%] [32mBuilding CXX object CMakeFiles/niryo_one_msgs__rosidl_typesupport_cpp.dir/rosidl_typesupport_cpp/niryo_one_msgs/msg/position__type_support.cpp.o[0m
[10.725s] [ 60%] [32mBuilding CXX object CMakeFiles/niryo_one_msgs__rosidl_typesupport_c.dir/rosidl_typesupport_c/niryo_one_msgs/msg/log_status__type_support.cpp.o[0m
[10.801s] [ 60%] [32mBuilding CXX object CMakeFiles/niryo_one_msgs__rosidl_typesupport_c.dir/rosidl_typesupport_c/niryo_one_msgs/msg/matlab_move_result__type_support.cpp.o[0m
[10.893s] [ 61%] [32mBuilding CXX object CMakeFiles/niryo_one_msgs__rosidl_typesupport_c.dir/rosidl_typesupport_c/niryo_one_msgs/msg/object_pose__type_support.cpp.o[0m
[10.992s] [ 62%] [32mBuilding CXX object CMakeFiles/niryo_one_msgs__rosidl_typesupport_c.dir/rosidl_typesupport_c/niryo_one_msgs/msg/rpy__type_support.cpp.o[0m
[11.065s] [ 63%] [32mBuilding CXX object CMakeFiles/niryo_one_msgs__rosidl_typesupport_c.dir/rosidl_typesupport_c/niryo_one_msgs/msg/position__type_support.cpp.o[0m
[11.138s] [ 64%] [32mBuilding CXX object CMakeFiles/niryo_one_msgs__rosidl_typesupport_c.dir/rosidl_typesupport_c/niryo_one_msgs/msg/process_state__type_support.cpp.o[0m
[11.209s] [ 64%] [32mBuilding CXX object CMakeFiles/niryo_one_msgs__rosidl_typesupport_c.dir/rosidl_typesupport_c/niryo_one_msgs/srv/change_hardware_version__type_support.cpp.o[0m
[11.252s] [ 64%] [32mBuilding CXX object CMakeFiles/niryo_one_msgs__rosidl_typesupport_cpp.dir/rosidl_typesupport_cpp/niryo_one_msgs/msg/process_state__type_support.cpp.o[0m
[11.291s] [ 65%] [32m[1mLinking CXX shared library libniryo_one_msgs__rosidl_typesupport_c.so[0m
[11.404s] [ 65%] Built target niryo_one_msgs__rosidl_typesupport_c
[11.415s] [ 66%] [32mBuilding CXX object CMakeFiles/niryo_one_msgs__rosidl_typesupport_fastrtps_cpp.dir/rosidl_typesupport_fastrtps_cpp/niryo_one_msgs/msg/detail/dds_fastrtps/rpy__type_support.cpp.o[0m
[11.461s] [ 66%] [32mBuilding CXX object CMakeFiles/niryo_one_msgs__rosidl_typesupport_fastrtps_c.dir/rosidl_typesupport_fastrtps_c/niryo_one_msgs/msg/detail/rpy__type_support_c.cpp.o[0m
[11.486s] [ 67%] [32mBuilding CXX object CMakeFiles/niryo_one_msgs__rosidl_typesupport_fastrtps_c.dir/rosidl_typesupport_fastrtps_c/niryo_one_msgs/msg/detail/position__type_support_c.cpp.o[0m
[11.792s] [ 68%] [32mBuilding CXX object CMakeFiles/niryo_one_msgs__rosidl_typesupport_cpp.dir/rosidl_typesupport_cpp/niryo_one_msgs/srv/change_hardware_version__type_support.cpp.o[0m
[12.281s] [ 69%] [32mBuilding CXX object CMakeFiles/niryo_one_msgs__rosidl_typesupport_fastrtps_cpp.dir/rosidl_typesupport_fastrtps_cpp/niryo_one_msgs/msg/detail/dds_fastrtps/position__type_support.cpp.o[0m
[12.360s] [ 70%] [32mBuilding CXX object CMakeFiles/niryo_one_msgs__rosidl_typesupport_fastrtps_c.dir/rosidl_typesupport_fastrtps_c/niryo_one_msgs/msg/detail/process_state__type_support_c.cpp.o[0m
[12.366s] [ 71%] [34m[1mGenerating C++ introspection for ROS interfaces[0m
[12.507s] [ 72%] [32m[1mLinking CXX shared library libniryo_one_msgs__rosidl_typesupport_cpp.so[0m
[12.648s] [ 72%] Built target niryo_one_msgs__rosidl_typesupport_cpp
[12.665s] [ 73%] [32mBuilding CXX object CMakeFiles/niryo_one_msgs__rosidl_typesupport_fastrtps_cpp.dir/rosidl_typesupport_fastrtps_cpp/niryo_one_msgs/msg/detail/dds_fastrtps/process_state__type_support.cpp.o[0m
[13.193s] [ 74%] [32mBuilding CXX object CMakeFiles/niryo_one_msgs__rosidl_typesupport_fastrtps_c.dir/rosidl_typesupport_fastrtps_c/niryo_one_msgs/srv/detail/change_hardware_version__type_support_c.cpp.o[0m
[13.230s] [ 75%] [32mBuilding CXX object CMakeFiles/niryo_one_msgs__rosidl_typesupport_fastrtps_cpp.dir/rosidl_typesupport_fastrtps_cpp/niryo_one_msgs/srv/detail/dds_fastrtps/change_hardware_version__type_support.cpp.o[0m
[13.315s] [ 76%] [32mBuilding CXX object CMakeFiles/niryo_one_msgs__rosidl_typesupport_introspection_cpp.dir/rosidl_typesupport_introspection_cpp/niryo_one_msgs/msg/detail/conveyor_feedback__type_support.cpp.o[0m
[13.612s] [ 76%] [32mBuilding CXX object CMakeFiles/niryo_one_msgs__rosidl_typesupport_introspection_cpp.dir/rosidl_typesupport_introspection_cpp/niryo_one_msgs/msg/detail/digital_io_state__type_support.cpp.o[0m
[13.852s] [ 77%] [32mBuilding CXX object CMakeFiles/niryo_one_msgs__rosidl_typesupport_introspection_cpp.dir/rosidl_typesupport_introspection_cpp/niryo_one_msgs/msg/detail/hardware_status__type_support.cpp.o[0m
[14.137s] [ 78%] [32m[1mLinking CXX shared library libniryo_one_msgs__rosidl_typesupport_fastrtps_c.so[0m
[14.287s] [ 79%] [32mBuilding CXX object CMakeFiles/niryo_one_msgs__rosidl_typesupport_introspection_cpp.dir/rosidl_typesupport_introspection_cpp/niryo_one_msgs/msg/detail/log_status__type_support.cpp.o[0m
[14.292s] [ 79%] Built target niryo_one_msgs__rosidl_typesupport_fastrtps_c
[14.304s] [ 80%] [32mBuilding CXX object CMakeFiles/niryo_one_msgs__rosidl_typesupport_introspection_cpp.dir/rosidl_typesupport_introspection_cpp/niryo_one_msgs/msg/detail/matlab_move_result__type_support.cpp.o[0m
[14.335s] [ 80%] [32m[1mLinking CXX shared library libniryo_one_msgs__rosidl_typesupport_fastrtps_cpp.so[0m
[14.491s] [ 80%] Built target niryo_one_msgs__rosidl_typesupport_fastrtps_cpp
[14.507s] [ 81%] [32mBuilding CXX object CMakeFiles/niryo_one_msgs__rosidl_typesupport_introspection_cpp.dir/rosidl_typesupport_introspection_cpp/niryo_one_msgs/msg/detail/object_pose__type_support.cpp.o[0m
[14.600s] [ 81%] [32mBuilding CXX object CMakeFiles/niryo_one_msgs__rosidl_typesupport_introspection_cpp.dir/rosidl_typesupport_introspection_cpp/niryo_one_msgs/msg/detail/rpy__type_support.cpp.o[0m
[14.851s] [ 82%] [32mBuilding CXX object CMakeFiles/niryo_one_msgs__rosidl_typesupport_introspection_cpp.dir/rosidl_typesupport_introspection_cpp/niryo_one_msgs/msg/detail/position__type_support.cpp.o[0m
[14.890s] [ 83%] [32mBuilding CXX object CMakeFiles/niryo_one_msgs__rosidl_typesupport_introspection_cpp.dir/rosidl_typesupport_introspection_cpp/niryo_one_msgs/msg/detail/process_state__type_support.cpp.o[0m
[15.090s] [ 84%] [32mBuilding CXX object CMakeFiles/niryo_one_msgs__rosidl_typesupport_introspection_cpp.dir/rosidl_typesupport_introspection_cpp/niryo_one_msgs/srv/detail/change_hardware_version__type_support.cpp.o[0m
[15.709s] [ 85%] [32m[1mLinking CXX shared library libniryo_one_msgs__rosidl_typesupport_introspection_cpp.so[0m
[15.833s] [ 85%] Built target niryo_one_msgs__rosidl_typesupport_introspection_cpp
[15.858s] [ 85%] Built target niryo_one_msgs
[15.894s] [ 86%] [34m[1mGenerating Python code for ROS interfaces[0m
[17.252s] [ 86%] Built target niryo_one_msgs__py
[17.329s] [ 86%] [32mBuilding C object CMakeFiles/niryo_one_msgs__rosidl_generator_py.dir/rosidl_generator_py/niryo_one_msgs/msg/_hardware_status_s.c.o[0m
[17.329s] [ 88%] [32mBuilding C object CMakeFiles/niryo_one_msgs__rosidl_generator_py.dir/rosidl_generator_py/niryo_one_msgs/msg/_conveyor_feedback_s.c.o[0m
[17.329s] [ 88%] [32mBuilding C object CMakeFiles/niryo_one_msgs__rosidl_generator_py.dir/rosidl_generator_py/niryo_one_msgs/msg/_log_status_s.c.o[0m
[17.333s] [ 89%] [32mBuilding C object CMakeFiles/niryo_one_msgs__rosidl_generator_py.dir/rosidl_generator_py/niryo_one_msgs/msg/_digital_io_state_s.c.o[0m
[17.633s] [ 90%] [32mBuilding C object CMakeFiles/niryo_one_msgs__rosidl_generator_py.dir/rosidl_generator_py/niryo_one_msgs/msg/_matlab_move_result_s.c.o[0m
[17.634s] [ 91%] [32mBuilding C object CMakeFiles/niryo_one_msgs__rosidl_generator_py.dir/rosidl_generator_py/niryo_one_msgs/msg/_object_pose_s.c.o[0m
[17.676s] [ 92%] [32mBuilding C object CMakeFiles/niryo_one_msgs__rosidl_generator_py.dir/rosidl_generator_py/niryo_one_msgs/msg/_rpy_s.c.o[0m
[17.697s] [ 92%] [32mBuilding C object CMakeFiles/niryo_one_msgs__rosidl_generator_py.dir/rosidl_generator_py/niryo_one_msgs/msg/_position_s.c.o[0m
[17.827s] [ 93%] [32mBuilding C object CMakeFiles/niryo_one_msgs__rosidl_generator_py.dir/rosidl_generator_py/niryo_one_msgs/msg/_process_state_s.c.o[0m
[17.833s] [ 94%] [32mBuilding C object CMakeFiles/niryo_one_msgs__rosidl_generator_py.dir/rosidl_generator_py/niryo_one_msgs/srv/_change_hardware_version_s.c.o[0m
[18.035s] [ 95%] [32m[1mLinking C shared library libniryo_one_msgs__rosidl_generator_py.so[0m
[18.137s] [ 95%] Built target niryo_one_msgs__rosidl_generator_py
[18.170s] [ 96%] [32mBuilding C object CMakeFiles/niryo_one_msgs_s__rosidl_typesupport_fastrtps_c.dir/rosidl_generator_py/niryo_one_msgs/_niryo_one_msgs_s.ep.rosidl_typesupport_fastrtps_c.c.o[0m
[18.175s] [ 97%] [32mBuilding C object CMakeFiles/niryo_one_msgs_s__rosidl_typesupport_introspection_c.dir/rosidl_generator_py/niryo_one_msgs/_niryo_one_msgs_s.ep.rosidl_typesupport_introspection_c.c.o[0m
[18.233s] [ 97%] [32mBuilding C object CMakeFiles/niryo_one_msgs_s__rosidl_typesupport_c.dir/rosidl_generator_py/niryo_one_msgs/_niryo_one_msgs_s.ep.rosidl_typesupport_c.c.o[0m
[18.375s] [ 98%] [32m[1mLinking C shared module rosidl_generator_py/niryo_one_msgs/niryo_one_msgs_s__rosidl_typesupport_fastrtps_c.so[0m
[18.442s] [ 98%] Built target niryo_one_msgs_s__rosidl_typesupport_fastrtps_c
[18.456s] [ 99%] [32m[1mLinking C shared module rosidl_generator_py/niryo_one_msgs/niryo_one_msgs_s__rosidl_typesupport_introspection_c.so[0m
[18.459s] [100%] [32m[1mLinking C shared module rosidl_generator_py/niryo_one_msgs/niryo_one_msgs_s__rosidl_typesupport_c.so[0m
[18.498s] [100%] Built target niryo_one_msgs_s__rosidl_typesupport_c
[18.502s] [100%] Built target niryo_one_msgs_s__rosidl_typesupport_introspection_c
[18.515s] Invoked command in '/home/noldona/niryo/niryo_two_ros/build/niryo_one_msgs' returned '0': CMAKE_PREFIX_PATH=${CMAKE_PREFIX_PATH}:/opt/ros/jazzy DEBUGINFOD_URLS=https://debuginfod.ubuntu.com /usr/bin/cmake --build /home/noldona/niryo/niryo_two_ros/build/niryo_one_msgs -- -j4 -l4
[18.833s] Invoking command in '/home/noldona/niryo/niryo_two_ros/build/niryo_one_msgs': CMAKE_PREFIX_PATH=${CMAKE_PREFIX_PATH}:/opt/ros/jazzy DEBUGINFOD_URLS=https://debuginfod.ubuntu.com /usr/bin/cmake --install /home/noldona/niryo/niryo_two_ros/build/niryo_one_msgs
[18.844s] -- Install configuration: ""
[18.846s] -- Installing: /home/noldona/niryo/niryo_two_ros/install/niryo_one_msgs/share/ament_index/resource_index/rosidl_interfaces/niryo_one_msgs
[18.847s] -- Installing: /home/noldona/niryo/niryo_two_ros/install/niryo_one_msgs/share/niryo_one_msgs/msg/ConveyorFeedback.json
[18.848s] -- Installing: /home/noldona/niryo/niryo_two_ros/install/niryo_one_msgs/share/niryo_one_msgs/msg/DigitalIOState.json
[18.848s] -- Installing: /home/noldona/niryo/niryo_two_ros/install/niryo_one_msgs/share/niryo_one_msgs/msg/HardwareStatus.json
[18.850s] -- Installing: /home/noldona/niryo/niryo_two_ros/install/niryo_one_msgs/share/niryo_one_msgs/msg/LogStatus.json
[18.850s] -- Installing: /home/noldona/niryo/niryo_two_ros/install/niryo_one_msgs/share/niryo_one_msgs/msg/MatlabMoveResult.json
[18.850s] -- Installing: /home/noldona/niryo/niryo_two_ros/install/niryo_one_msgs/share/niryo_one_msgs/msg/ObjectPose.json
[18.851s] -- Installing: /home/noldona/niryo/niryo_two_ros/install/niryo_one_msgs/share/niryo_one_msgs/msg/RPY.json
[18.853s] -- Installing: /home/noldona/niryo/niryo_two_ros/install/niryo_one_msgs/share/niryo_one_msgs/msg/Position.json
[18.854s] -- Installing: /home/noldona/niryo/niryo_two_ros/install/niryo_one_msgs/share/niryo_one_msgs/msg/ProcessState.json
[18.854s] -- Installing: /home/noldona/niryo/niryo_two_ros/install/niryo_one_msgs/share/niryo_one_msgs/srv/ChangeHardwareVersion.json
[18.855s] -- Up-to-date: /home/noldona/niryo/niryo_two_ros/install/niryo_one_msgs/include/niryo_one_msgs/niryo_one_msgs
[18.856s] -- Up-to-date: /home/noldona/niryo/niryo_two_ros/install/niryo_one_msgs/include/niryo_one_msgs/niryo_one_msgs/msg
[18.857s] -- Installing: /home/noldona/niryo/niryo_two_ros/install/niryo_one_msgs/include/niryo_one_msgs/niryo_one_msgs/msg/process_state.h
[18.857s] -- Installing: /home/noldona/niryo/niryo_two_ros/install/niryo_one_msgs/include/niryo_one_msgs/niryo_one_msgs/msg/object_pose.h
[18.858s] -- Up-to-date: /home/noldona/niryo/niryo_two_ros/install/niryo_one_msgs/include/niryo_one_msgs/niryo_one_msgs/msg/position.h
[18.858s] -- Installing: /home/noldona/niryo/niryo_two_ros/install/niryo_one_msgs/include/niryo_one_msgs/niryo_one_msgs/msg/digital_io_state.h
[18.859s] -- Installing: /home/noldona/niryo/niryo_two_ros/install/niryo_one_msgs/include/niryo_one_msgs/niryo_one_msgs/msg/log_status.h
[18.860s] -- Installing: /home/noldona/niryo/niryo_two_ros/install/niryo_one_msgs/include/niryo_one_msgs/niryo_one_msgs/msg/matlab_move_result.h
[18.860s] -- Up-to-date: /home/noldona/niryo/niryo_two_ros/install/niryo_one_msgs/include/niryo_one_msgs/niryo_one_msgs/msg/rosidl_generator_c__visibility_control.h
[18.860s] -- Up-to-date: /home/noldona/niryo/niryo_two_ros/install/niryo_one_msgs/include/niryo_one_msgs/niryo_one_msgs/msg/rpy.h
[18.860s] -- Up-to-date: /home/noldona/niryo/niryo_two_ros/install/niryo_one_msgs/include/niryo_one_msgs/niryo_one_msgs/msg/detail
[18.861s] -- Installing: /home/noldona/niryo/niryo_two_ros/install/niryo_one_msgs/include/niryo_one_msgs/niryo_one_msgs/msg/detail/object_pose__functions.h
[18.862s] -- Installing: /home/noldona/niryo/niryo_two_ros/install/niryo_one_msgs/include/niryo_one_msgs/niryo_one_msgs/msg/detail/digital_io_state__functions.h
[18.862s] -- Installing: /home/noldona/niryo/niryo_two_ros/install/niryo_one_msgs/include/niryo_one_msgs/niryo_one_msgs/msg/detail/position__type_support.h
[18.862s] -- Installing: /home/noldona/niryo/niryo_two_ros/install/niryo_one_msgs/include/niryo_one_msgs/niryo_one_msgs/msg/detail/rpy__functions.h
[18.862s] -- Installing: /home/noldona/niryo/niryo_two_ros/install/niryo_one_msgs/include/niryo_one_msgs/niryo_one_msgs/msg/detail/process_state__type_support.h
[18.863s] -- Installing: /home/noldona/niryo/niryo_two_ros/install/niryo_one_msgs/include/niryo_one_msgs/niryo_one_msgs/msg/detail/digital_io_state__description.c
[18.863s] -- Installing: /home/noldona/niryo/niryo_two_ros/install/niryo_one_msgs/include/niryo_one_msgs/niryo_one_msgs/msg/detail/rpy__description.c
[18.864s] -- Installing: /home/noldona/niryo/niryo_two_ros/install/niryo_one_msgs/include/niryo_one_msgs/niryo_one_msgs/msg/detail/hardware_status__functions.h
[18.864s] -- Installing: /home/noldona/niryo/niryo_two_ros/install/niryo_one_msgs/include/niryo_one_msgs/niryo_one_msgs/msg/detail/conveyor_feedback__functions.h
[18.864s] -- Installing: /home/noldona/niryo/niryo_two_ros/install/niryo_one_msgs/include/niryo_one_msgs/niryo_one_msgs/msg/detail/position__functions.h
[18.865s] -- Installing: /home/noldona/niryo/niryo_two_ros/install/niryo_one_msgs/include/niryo_one_msgs/niryo_one_msgs/msg/detail/log_status__functions.h
[18.865s] -- Installing: /home/noldona/niryo/niryo_two_ros/install/niryo_one_msgs/include/niryo_one_msgs/niryo_one_msgs/msg/detail/rpy__functions.c
[18.865s] -- Installing: /home/noldona/niryo/niryo_two_ros/install/niryo_one_msgs/include/niryo_one_msgs/niryo_one_msgs/msg/detail/matlab_move_result__type_support.h
[18.865s] -- Installing: /home/noldona/niryo/niryo_two_ros/install/niryo_one_msgs/include/niryo_one_msgs/niryo_one_msgs/msg/detail/hardware_status__description.c
[18.866s] -- Installing: /home/noldona/niryo/niryo_two_ros/install/niryo_one_msgs/include/niryo_one_msgs/niryo_one_msgs/msg/detail/digital_io_state__type_support.h
[18.867s] -- Installing: /home/noldona/niryo/niryo_two_ros/install/niryo_one_msgs/include/niryo_one_msgs/niryo_one_msgs/msg/detail/log_status__type_support.c
[18.867s] -- Installing: /home/noldona/niryo/niryo_two_ros/install/niryo_one_msgs/include/niryo_one_msgs/niryo_one_msgs/msg/detail/log_status__functions.c
[18.869s] -- Installing: /home/noldona/niryo/niryo_two_ros/install/niryo_one_msgs/include/niryo_one_msgs/niryo_one_msgs/msg/detail/hardware_status__type_support.c
[18.869s] -- Installing: /home/noldona/niryo/niryo_two_ros/install/niryo_one_msgs/include/niryo_one_msgs/niryo_one_msgs/msg/detail/log_status__description.c
[18.869s] -- Installing: /home/noldona/niryo/niryo_two_ros/install/niryo_one_msgs/include/niryo_one_msgs/niryo_one_msgs/msg/detail/process_state__description.c
[18.869s] -- Installing: /home/noldona/niryo/niryo_two_ros/install/niryo_one_msgs/include/niryo_one_msgs/niryo_one_msgs/msg/detail/object_pose__functions.c
[18.870s] -- Installing: /home/noldona/niryo/niryo_two_ros/install/niryo_one_msgs/include/niryo_one_msgs/niryo_one_msgs/msg/detail/object_pose__type_support.h
[18.870s] -- Installing: /home/noldona/niryo/niryo_two_ros/install/niryo_one_msgs/include/niryo_one_msgs/niryo_one_msgs/msg/detail/log_status__struct.h
[18.870s] -- Installing: /home/noldona/niryo/niryo_two_ros/install/niryo_one_msgs/include/niryo_one_msgs/niryo_one_msgs/msg/detail/conveyor_feedback__description.c
[18.871s] -- Installing: /home/noldona/niryo/niryo_two_ros/install/niryo_one_msgs/include/niryo_one_msgs/niryo_one_msgs/msg/detail/rpy__type_support.h
[18.872s] -- Installing: /home/noldona/niryo/niryo_two_ros/install/niryo_one_msgs/include/niryo_one_msgs/niryo_one_msgs/msg/detail/hardware_status__struct.h
[18.872s] -- Installing: /home/noldona/niryo/niryo_two_ros/install/niryo_one_msgs/include/niryo_one_msgs/niryo_one_msgs/msg/detail/matlab_move_result__functions.h
[18.872s] -- Installing: /home/noldona/niryo/niryo_two_ros/install/niryo_one_msgs/include/niryo_one_msgs/niryo_one_msgs/msg/detail/position__type_support.c
[18.873s] -- Installing: /home/noldona/niryo/niryo_two_ros/install/niryo_one_msgs/include/niryo_one_msgs/niryo_one_msgs/msg/detail/matlab_move_result__type_support.c
[18.873s] -- Installing: /home/noldona/niryo/niryo_two_ros/install/niryo_one_msgs/include/niryo_one_msgs/niryo_one_msgs/msg/detail/position__struct.h
[18.873s] -- Installing: /home/noldona/niryo/niryo_two_ros/install/niryo_one_msgs/include/niryo_one_msgs/niryo_one_msgs/msg/detail/position__description.c
[18.874s] -- Installing: /home/noldona/niryo/niryo_two_ros/install/niryo_one_msgs/include/niryo_one_msgs/niryo_one_msgs/msg/detail/object_pose__struct.h
[18.874s] -- Installing: /home/noldona/niryo/niryo_two_ros/install/niryo_one_msgs/include/niryo_one_msgs/niryo_one_msgs/msg/detail/matlab_move_result__description.c
[18.874s] -- Installing: /home/noldona/niryo/niryo_two_ros/install/niryo_one_msgs/include/niryo_one_msgs/niryo_one_msgs/msg/detail/process_state__functions.c
[18.875s] -- Installing: /home/noldona/niryo/niryo_two_ros/install/niryo_one_msgs/include/niryo_one_msgs/niryo_one_msgs/msg/detail/conveyor_feedback__type_support.h
[18.875s] -- Installing: /home/noldona/niryo/niryo_two_ros/install/niryo_one_msgs/include/niryo_one_msgs/niryo_one_msgs/msg/detail/process_state__struct.h
[18.875s] -- Installing: /home/noldona/niryo/niryo_two_ros/install/niryo_one_msgs/include/niryo_one_msgs/niryo_one_msgs/msg/detail/digital_io_state__type_support.c
[18.876s] -- Installing: /home/noldona/niryo/niryo_two_ros/install/niryo_one_msgs/include/niryo_one_msgs/niryo_one_msgs/msg/detail/matlab_move_result__struct.h
[18.876s] -- Installing: /home/noldona/niryo/niryo_two_ros/install/niryo_one_msgs/include/niryo_one_msgs/niryo_one_msgs/msg/detail/process_state__functions.h
[18.876s] -- Installing: /home/noldona/niryo/niryo_two_ros/install/niryo_one_msgs/include/niryo_one_msgs/niryo_one_msgs/msg/detail/position__functions.c
[18.877s] -- Installing: /home/noldona/niryo/niryo_two_ros/install/niryo_one_msgs/include/niryo_one_msgs/niryo_one_msgs/msg/detail/hardware_status__functions.c
[18.878s] -- Installing: /home/noldona/niryo/niryo_two_ros/install/niryo_one_msgs/include/niryo_one_msgs/niryo_one_msgs/msg/detail/conveyor_feedback__type_support.c
[18.878s] -- Installing: /home/noldona/niryo/niryo_two_ros/install/niryo_one_msgs/include/niryo_one_msgs/niryo_one_msgs/msg/detail/digital_io_state__struct.h
[18.878s] -- Installing: /home/noldona/niryo/niryo_two_ros/install/niryo_one_msgs/include/niryo_one_msgs/niryo_one_msgs/msg/detail/conveyor_feedback__functions.c
[18.879s] -- Installing: /home/noldona/niryo/niryo_two_ros/install/niryo_one_msgs/include/niryo_one_msgs/niryo_one_msgs/msg/detail/hardware_status__type_support.h
[18.879s] -- Installing: /home/noldona/niryo/niryo_two_ros/install/niryo_one_msgs/include/niryo_one_msgs/niryo_one_msgs/msg/detail/matlab_move_result__functions.c
[18.880s] -- Installing: /home/noldona/niryo/niryo_two_ros/install/niryo_one_msgs/include/niryo_one_msgs/niryo_one_msgs/msg/detail/object_pose__type_support.c
[18.881s] -- Installing: /home/noldona/niryo/niryo_two_ros/install/niryo_one_msgs/include/niryo_one_msgs/niryo_one_msgs/msg/detail/process_state__type_support.c
[18.881s] -- Installing: /home/noldona/niryo/niryo_two_ros/install/niryo_one_msgs/include/niryo_one_msgs/niryo_one_msgs/msg/detail/log_status__type_support.h
[18.881s] -- Installing: /home/noldona/niryo/niryo_two_ros/install/niryo_one_msgs/include/niryo_one_msgs/niryo_one_msgs/msg/detail/rpy__struct.h
[18.882s] -- Installing: /home/noldona/niryo/niryo_two_ros/install/niryo_one_msgs/include/niryo_one_msgs/niryo_one_msgs/msg/detail/conveyor_feedback__struct.h
[18.882s] -- Installing: /home/noldona/niryo/niryo_two_ros/install/niryo_one_msgs/include/niryo_one_msgs/niryo_one_msgs/msg/detail/digital_io_state__functions.c
[18.882s] -- Installing: /home/noldona/niryo/niryo_two_ros/install/niryo_one_msgs/include/niryo_one_msgs/niryo_one_msgs/msg/detail/rpy__type_support.c
[18.883s] -- Installing: /home/noldona/niryo/niryo_two_ros/install/niryo_one_msgs/include/niryo_one_msgs/niryo_one_msgs/msg/detail/object_pose__description.c
[18.883s] -- Installing: /home/noldona/niryo/niryo_two_ros/install/niryo_one_msgs/include/niryo_one_msgs/niryo_one_msgs/msg/conveyor_feedback.h
[18.883s] -- Installing: /home/noldona/niryo/niryo_two_ros/install/niryo_one_msgs/include/niryo_one_msgs/niryo_one_msgs/msg/hardware_status.h
[18.884s] -- Up-to-date: /home/noldona/niryo/niryo_two_ros/install/niryo_one_msgs/include/niryo_one_msgs/niryo_one_msgs/srv
[18.884s] -- Installing: /home/noldona/niryo/niryo_two_ros/install/niryo_one_msgs/include/niryo_one_msgs/niryo_one_msgs/srv/change_hardware_version.h
[18.884s] -- Up-to-date: /home/noldona/niryo/niryo_two_ros/install/niryo_one_msgs/include/niryo_one_msgs/niryo_one_msgs/srv/detail
[18.885s] -- Installing: /home/noldona/niryo/niryo_two_ros/install/niryo_one_msgs/include/niryo_one_msgs/niryo_one_msgs/srv/detail/change_hardware_version__type_support.c
[18.885s] -- Installing: /home/noldona/niryo/niryo_two_ros/install/niryo_one_msgs/include/niryo_one_msgs/niryo_one_msgs/srv/detail/change_hardware_version__description.c
[18.886s] -- Installing: /home/noldona/niryo/niryo_two_ros/install/niryo_one_msgs/include/niryo_one_msgs/niryo_one_msgs/srv/detail/change_hardware_version__functions.c
[18.886s] -- Installing: /home/noldona/niryo/niryo_two_ros/install/niryo_one_msgs/include/niryo_one_msgs/niryo_one_msgs/srv/detail/change_hardware_version__struct.h
[18.887s] -- Installing: /home/noldona/niryo/niryo_two_ros/install/niryo_one_msgs/include/niryo_one_msgs/niryo_one_msgs/srv/detail/change_hardware_version__functions.h
[18.887s] -- Installing: /home/noldona/niryo/niryo_two_ros/install/niryo_one_msgs/include/niryo_one_msgs/niryo_one_msgs/srv/detail/change_hardware_version__type_support.h
[18.888s] -- Up-to-date: /home/noldona/niryo/niryo_two_ros/install/niryo_one_msgs/share/niryo_one_msgs/environment/library_path.sh
[18.888s] -- Up-to-date: /home/noldona/niryo/niryo_two_ros/install/niryo_one_msgs/share/niryo_one_msgs/environment/library_path.dsv
[18.890s] -- Installing: /home/noldona/niryo/niryo_two_ros/install/niryo_one_msgs/lib/libniryo_one_msgs__rosidl_generator_c.so
[18.891s] -- Set non-toolchain portion of runtime path of "/home/noldona/niryo/niryo_two_ros/install/niryo_one_msgs/lib/libniryo_one_msgs__rosidl_generator_c.so" to ""
[18.891s] -- Up-to-date: /home/noldona/niryo/niryo_two_ros/install/niryo_one_msgs/include/niryo_one_msgs/niryo_one_msgs
[18.891s] -- Up-to-date: /home/noldona/niryo/niryo_two_ros/install/niryo_one_msgs/include/niryo_one_msgs/niryo_one_msgs/msg
[18.891s] -- Up-to-date: /home/noldona/niryo/niryo_two_ros/install/niryo_one_msgs/include/niryo_one_msgs/niryo_one_msgs/msg/detail
[18.891s] -- Installing: /home/noldona/niryo/niryo_two_ros/install/niryo_one_msgs/include/niryo_one_msgs/niryo_one_msgs/msg/detail/rpy__rosidl_typesupport_fastrtps_c.h
[18.892s] -- Installing: /home/noldona/niryo/niryo_two_ros/install/niryo_one_msgs/include/niryo_one_msgs/niryo_one_msgs/msg/detail/position__rosidl_typesupport_fastrtps_c.h
[18.892s] -- Installing: /home/noldona/niryo/niryo_two_ros/install/niryo_one_msgs/include/niryo_one_msgs/niryo_one_msgs/msg/detail/log_status__rosidl_typesupport_fastrtps_c.h
[18.892s] -- Installing: /home/noldona/niryo/niryo_two_ros/install/niryo_one_msgs/include/niryo_one_msgs/niryo_one_msgs/msg/detail/hardware_status__rosidl_typesupport_fastrtps_c.h
[18.892s] -- Installing: /home/noldona/niryo/niryo_two_ros/install/niryo_one_msgs/include/niryo_one_msgs/niryo_one_msgs/msg/detail/digital_io_state__rosidl_typesupport_fastrtps_c.h
[18.892s] -- Installing: /home/noldona/niryo/niryo_two_ros/install/niryo_one_msgs/include/niryo_one_msgs/niryo_one_msgs/msg/detail/conveyor_feedback__rosidl_typesupport_fastrtps_c.h
[18.893s] -- Installing: /home/noldona/niryo/niryo_two_ros/install/niryo_one_msgs/include/niryo_one_msgs/niryo_one_msgs/msg/detail/process_state__rosidl_typesupport_fastrtps_c.h
[18.893s] -- Installing: /home/noldona/niryo/niryo_two_ros/install/niryo_one_msgs/include/niryo_one_msgs/niryo_one_msgs/msg/detail/matlab_move_result__rosidl_typesupport_fastrtps_c.h
[18.893s] -- Installing: /home/noldona/niryo/niryo_two_ros/install/niryo_one_msgs/include/niryo_one_msgs/niryo_one_msgs/msg/detail/object_pose__rosidl_typesupport_fastrtps_c.h
[18.893s] -- Up-to-date: /home/noldona/niryo/niryo_two_ros/install/niryo_one_msgs/include/niryo_one_msgs/niryo_one_msgs/msg/rosidl_typesupport_fastrtps_c__visibility_control.h
[18.893s] -- Up-to-date: /home/noldona/niryo/niryo_two_ros/install/niryo_one_msgs/include/niryo_one_msgs/niryo_one_msgs/srv
[18.893s] -- Up-to-date: /home/noldona/niryo/niryo_two_ros/install/niryo_one_msgs/include/niryo_one_msgs/niryo_one_msgs/srv/detail
[18.893s] -- Installing: /home/noldona/niryo/niryo_two_ros/install/niryo_one_msgs/include/niryo_one_msgs/niryo_one_msgs/srv/detail/change_hardware_version__rosidl_typesupport_fastrtps_c.h
[18.895s] -- Installing: /home/noldona/niryo/niryo_two_ros/install/niryo_one_msgs/lib/libniryo_one_msgs__rosidl_typesupport_fastrtps_c.so
[18.895s] -- Set non-toolchain portion of runtime path of "/home/noldona/niryo/niryo_two_ros/install/niryo_one_msgs/lib/libniryo_one_msgs__rosidl_typesupport_fastrtps_c.so" to ""
[18.895s] -- Up-to-date: /home/noldona/niryo/niryo_two_ros/install/niryo_one_msgs/include/niryo_one_msgs/niryo_one_msgs
[18.895s] -- Up-to-date: /home/noldona/niryo/niryo_two_ros/install/niryo_one_msgs/include/niryo_one_msgs/niryo_one_msgs/msg
[18.895s] -- Installing: /home/noldona/niryo/niryo_two_ros/install/niryo_one_msgs/include/niryo_one_msgs/niryo_one_msgs/msg/log_status.hpp
[18.895s] -- Installing: /home/noldona/niryo/niryo_two_ros/install/niryo_one_msgs/include/niryo_one_msgs/niryo_one_msgs/msg/digital_io_state.hpp
[18.895s] -- Installing: /home/noldona/niryo/niryo_two_ros/install/niryo_one_msgs/include/niryo_one_msgs/niryo_one_msgs/msg/position.hpp
[18.895s] -- Up-to-date: /home/noldona/niryo/niryo_two_ros/install/niryo_one_msgs/include/niryo_one_msgs/niryo_one_msgs/msg/detail
[18.896s] -- Installing: /home/noldona/niryo/niryo_two_ros/install/niryo_one_msgs/include/niryo_one_msgs/niryo_one_msgs/msg/detail/object_pose__builder.hpp
[18.896s] -- Installing: /home/noldona/niryo/niryo_two_ros/install/niryo_one_msgs/include/niryo_one_msgs/niryo_one_msgs/msg/detail/hardware_status__traits.hpp
[18.896s] -- Installing: /home/noldona/niryo/niryo_two_ros/install/niryo_one_msgs/include/niryo_one_msgs/niryo_one_msgs/msg/detail/rpy__builder.hpp
[18.896s] -- Installing: /home/noldona/niryo/niryo_two_ros/install/niryo_one_msgs/include/niryo_one_msgs/niryo_one_msgs/msg/detail/process_state__struct.hpp
[18.896s] -- Installing: /home/noldona/niryo/niryo_two_ros/install/niryo_one_msgs/include/niryo_one_msgs/niryo_one_msgs/msg/detail/digital_io_state__type_support.hpp
[18.897s] -- Installing: /home/noldona/niryo/niryo_two_ros/install/niryo_one_msgs/include/niryo_one_msgs/niryo_one_msgs/msg/detail/matlab_move_result__traits.hpp
[18.897s] -- Installing: /home/noldona/niryo/niryo_two_ros/install/niryo_one_msgs/include/niryo_one_msgs/niryo_one_msgs/msg/detail/hardware_status__type_support.hpp
[18.897s] -- Installing: /home/noldona/niryo/niryo_two_ros/install/niryo_one_msgs/include/niryo_one_msgs/niryo_one_msgs/msg/detail/process_state__type_support.hpp
[18.898s] -- Installing: /home/noldona/niryo/niryo_two_ros/install/niryo_one_msgs/include/niryo_one_msgs/niryo_one_msgs/msg/detail/object_pose__type_support.hpp
[18.898s] -- Installing: /home/noldona/niryo/niryo_two_ros/install/niryo_one_msgs/include/niryo_one_msgs/niryo_one_msgs/msg/detail/position__builder.hpp
[18.898s] -- Installing: /home/noldona/niryo/niryo_two_ros/install/niryo_one_msgs/include/niryo_one_msgs/niryo_one_msgs/msg/detail/digital_io_state__traits.hpp
[18.899s] -- Installing: /home/noldona/niryo/niryo_two_ros/install/niryo_one_msgs/include/niryo_one_msgs/niryo_one_msgs/msg/detail/hardware_status__builder.hpp
[18.899s] -- Installing: /home/noldona/niryo/niryo_two_ros/install/niryo_one_msgs/include/niryo_one_msgs/niryo_one_msgs/msg/detail/matlab_move_result__struct.hpp
[18.899s] -- Installing: /home/noldona/niryo/niryo_two_ros/install/niryo_one_msgs/include/niryo_one_msgs/niryo_one_msgs/msg/detail/conveyor_feedback__builder.hpp
[18.899s] -- Installing: /home/noldona/niryo/niryo_two_ros/install/niryo_one_msgs/include/niryo_one_msgs/niryo_one_msgs/msg/detail/rpy__type_support.hpp
[18.899s] -- Installing: /home/noldona/niryo/niryo_two_ros/install/niryo_one_msgs/include/niryo_one_msgs/niryo_one_msgs/msg/detail/rpy__traits.hpp
[18.900s] -- Installing: /home/noldona/niryo/niryo_two_ros/install/niryo_one_msgs/include/niryo_one_msgs/niryo_one_msgs/msg/detail/rpy__struct.hpp
[18.900s] -- Installing: /home/noldona/niryo/niryo_two_ros/install/niryo_one_msgs/include/niryo_one_msgs/niryo_one_msgs/msg/detail/digital_io_state__struct.hpp
[18.900s] -- Installing: /home/noldona/niryo/niryo_two_ros/install/niryo_one_msgs/include/niryo_one_msgs/niryo_one_msgs/msg/detail/log_status__traits.hpp
[18.900s] -- Installing: /home/noldona/niryo/niryo_two_ros/install/niryo_one_msgs/include/niryo_one_msgs/niryo_one_msgs/msg/detail/conveyor_feedback__traits.hpp
[18.901s] -- Installing: /home/noldona/niryo/niryo_two_ros/install/niryo_one_msgs/include/niryo_one_msgs/niryo_one_msgs/msg/detail/position__traits.hpp
[18.901s] -- Installing: /home/noldona/niryo/niryo_two_ros/install/niryo_one_msgs/include/niryo_one_msgs/niryo_one_msgs/msg/detail/hardware_status__struct.hpp
[18.901s] -- Installing: /home/noldona/niryo/niryo_two_ros/install/niryo_one_msgs/include/niryo_one_msgs/niryo_one_msgs/msg/detail/process_state__traits.hpp
[18.901s] -- Installing: /home/noldona/niryo/niryo_two_ros/install/niryo_one_msgs/include/niryo_one_msgs/niryo_one_msgs/msg/detail/log_status__struct.hpp
[18.901s] -- Installing: /home/noldona/niryo/niryo_two_ros/install/niryo_one_msgs/include/niryo_one_msgs/niryo_one_msgs/msg/detail/matlab_move_result__type_support.hpp
[18.901s] -- Installing: /home/noldona/niryo/niryo_two_ros/install/niryo_one_msgs/include/niryo_one_msgs/niryo_one_msgs/msg/detail/conveyor_feedback__type_support.hpp
[18.902s] -- Installing: /home/noldona/niryo/niryo_two_ros/install/niryo_one_msgs/include/niryo_one_msgs/niryo_one_msgs/msg/detail/position__struct.hpp
[18.902s] -- Installing: /home/noldona/niryo/niryo_two_ros/install/niryo_one_msgs/include/niryo_one_msgs/niryo_one_msgs/msg/detail/conveyor_feedback__struct.hpp
[18.902s] -- Installing: /home/noldona/niryo/niryo_two_ros/install/niryo_one_msgs/include/niryo_one_msgs/niryo_one_msgs/msg/detail/object_pose__traits.hpp
[18.902s] -- Installing: /home/noldona/niryo/niryo_two_ros/install/niryo_one_msgs/include/niryo_one_msgs/niryo_one_msgs/msg/detail/object_pose__struct.hpp
[18.902s] -- Installing: /home/noldona/niryo/niryo_two_ros/install/niryo_one_msgs/include/niryo_one_msgs/niryo_one_msgs/msg/detail/log_status__type_support.hpp
[18.903s] -- Installing: /home/noldona/niryo/niryo_two_ros/install/niryo_one_msgs/include/niryo_one_msgs/niryo_one_msgs/msg/detail/digital_io_state__builder.hpp
[18.903s] -- Installing: /home/noldona/niryo/niryo_two_ros/install/niryo_one_msgs/include/niryo_one_msgs/niryo_one_msgs/msg/detail/process_state__builder.hpp
[18.903s] -- Installing: /home/noldona/niryo/niryo_two_ros/install/niryo_one_msgs/include/niryo_one_msgs/niryo_one_msgs/msg/detail/matlab_move_result__builder.hpp
[18.903s] -- Installing: /home/noldona/niryo/niryo_two_ros/install/niryo_one_msgs/include/niryo_one_msgs/niryo_one_msgs/msg/detail/position__type_support.hpp
[18.904s] -- Installing: /home/noldona/niryo/niryo_two_ros/install/niryo_one_msgs/include/niryo_one_msgs/niryo_one_msgs/msg/detail/log_status__builder.hpp
[18.904s] -- Installing: /home/noldona/niryo/niryo_two_ros/install/niryo_one_msgs/include/niryo_one_msgs/niryo_one_msgs/msg/object_pose.hpp
[18.904s] -- Installing: /home/noldona/niryo/niryo_two_ros/install/niryo_one_msgs/include/niryo_one_msgs/niryo_one_msgs/msg/matlab_move_result.hpp
[18.904s] -- Installing: /home/noldona/niryo/niryo_two_ros/install/niryo_one_msgs/include/niryo_one_msgs/niryo_one_msgs/msg/conveyor_feedback.hpp
[18.904s] -- Installing: /home/noldona/niryo/niryo_two_ros/install/niryo_one_msgs/include/niryo_one_msgs/niryo_one_msgs/msg/rpy.hpp
[18.905s] -- Installing: /home/noldona/niryo/niryo_two_ros/install/niryo_one_msgs/include/niryo_one_msgs/niryo_one_msgs/msg/process_state.hpp
[18.905s] -- Installing: /home/noldona/niryo/niryo_two_ros/install/niryo_one_msgs/include/niryo_one_msgs/niryo_one_msgs/msg/rosidl_generator_cpp__visibility_control.hpp
[18.905s] -- Installing: /home/noldona/niryo/niryo_two_ros/install/niryo_one_msgs/include/niryo_one_msgs/niryo_one_msgs/msg/hardware_status.hpp
[18.905s] -- Up-to-date: /home/noldona/niryo/niryo_two_ros/install/niryo_one_msgs/include/niryo_one_msgs/niryo_one_msgs/srv
[18.905s] -- Up-to-date: /home/noldona/niryo/niryo_two_ros/install/niryo_one_msgs/include/niryo_one_msgs/niryo_one_msgs/srv/detail
[18.905s] -- Installing: /home/noldona/niryo/niryo_two_ros/install/niryo_one_msgs/include/niryo_one_msgs/niryo_one_msgs/srv/detail/change_hardware_version__builder.hpp
[18.906s] -- Installing: /home/noldona/niryo/niryo_two_ros/install/niryo_one_msgs/include/niryo_one_msgs/niryo_one_msgs/srv/detail/change_hardware_version__traits.hpp
[18.906s] -- Installing: /home/noldona/niryo/niryo_two_ros/install/niryo_one_msgs/include/niryo_one_msgs/niryo_one_msgs/srv/detail/change_hardware_version__struct.hpp
[18.906s] -- Installing: /home/noldona/niryo/niryo_two_ros/install/niryo_one_msgs/include/niryo_one_msgs/niryo_one_msgs/srv/detail/change_hardware_version__type_support.hpp
[18.906s] -- Installing: /home/noldona/niryo/niryo_two_ros/install/niryo_one_msgs/include/niryo_one_msgs/niryo_one_msgs/srv/change_hardware_version.hpp
[18.907s] -- Up-to-date: /home/noldona/niryo/niryo_two_ros/install/niryo_one_msgs/include/niryo_one_msgs/niryo_one_msgs
[18.907s] -- Up-to-date: /home/noldona/niryo/niryo_two_ros/install/niryo_one_msgs/include/niryo_one_msgs/niryo_one_msgs/msg
[18.907s] -- Up-to-date: /home/noldona/niryo/niryo_two_ros/install/niryo_one_msgs/include/niryo_one_msgs/niryo_one_msgs/msg/detail
[18.907s] -- Installing: /home/noldona/niryo/niryo_two_ros/install/niryo_one_msgs/include/niryo_one_msgs/niryo_one_msgs/msg/detail/matlab_move_result__rosidl_typesupport_fastrtps_cpp.hpp
[18.907s] -- Installing: /home/noldona/niryo/niryo_two_ros/install/niryo_one_msgs/include/niryo_one_msgs/niryo_one_msgs/msg/detail/position__rosidl_typesupport_fastrtps_cpp.hpp
[18.908s] -- Installing: /home/noldona/niryo/niryo_two_ros/install/niryo_one_msgs/include/niryo_one_msgs/niryo_one_msgs/msg/detail/object_pose__rosidl_typesupport_fastrtps_cpp.hpp
[18.908s] -- Up-to-date: /home/noldona/niryo/niryo_two_ros/install/niryo_one_msgs/include/niryo_one_msgs/niryo_one_msgs/msg/detail/dds_fastrtps
[18.908s] -- Installing: /home/noldona/niryo/niryo_two_ros/install/niryo_one_msgs/include/niryo_one_msgs/niryo_one_msgs/msg/detail/digital_io_state__rosidl_typesupport_fastrtps_cpp.hpp
[18.908s] -- Installing: /home/noldona/niryo/niryo_two_ros/install/niryo_one_msgs/include/niryo_one_msgs/niryo_one_msgs/msg/detail/log_status__rosidl_typesupport_fastrtps_cpp.hpp
[18.908s] -- Installing: /home/noldona/niryo/niryo_two_ros/install/niryo_one_msgs/include/niryo_one_msgs/niryo_one_msgs/msg/detail/hardware_status__rosidl_typesupport_fastrtps_cpp.hpp
[18.908s] -- Installing: /home/noldona/niryo/niryo_two_ros/install/niryo_one_msgs/include/niryo_one_msgs/niryo_one_msgs/msg/detail/process_state__rosidl_typesupport_fastrtps_cpp.hpp
[18.908s] -- Installing: /home/noldona/niryo/niryo_two_ros/install/niryo_one_msgs/include/niryo_one_msgs/niryo_one_msgs/msg/detail/conveyor_feedback__rosidl_typesupport_fastrtps_cpp.hpp
[18.909s] -- Installing: /home/noldona/niryo/niryo_two_ros/install/niryo_one_msgs/include/niryo_one_msgs/niryo_one_msgs/msg/detail/rpy__rosidl_typesupport_fastrtps_cpp.hpp
[18.909s] -- Up-to-date: /home/noldona/niryo/niryo_two_ros/install/niryo_one_msgs/include/niryo_one_msgs/niryo_one_msgs/msg/rosidl_typesupport_fastrtps_cpp__visibility_control.h
[18.909s] -- Up-to-date: /home/noldona/niryo/niryo_two_ros/install/niryo_one_msgs/include/niryo_one_msgs/niryo_one_msgs/srv
[18.909s] -- Up-to-date: /home/noldona/niryo/niryo_two_ros/install/niryo_one_msgs/include/niryo_one_msgs/niryo_one_msgs/srv/detail
[18.909s] -- Up-to-date: /home/noldona/niryo/niryo_two_ros/install/niryo_one_msgs/include/niryo_one_msgs/niryo_one_msgs/srv/detail/dds_fastrtps
[18.909s] -- Installing: /home/noldona/niryo/niryo_two_ros/install/niryo_one_msgs/include/niryo_one_msgs/niryo_one_msgs/srv/detail/change_hardware_version__rosidl_typesupport_fastrtps_cpp.hpp
[18.910s] -- Installing: /home/noldona/niryo/niryo_two_ros/install/niryo_one_msgs/lib/libniryo_one_msgs__rosidl_typesupport_fastrtps_cpp.so
[18.911s] -- Set non-toolchain portion of runtime path of "/home/noldona/niryo/niryo_two_ros/install/niryo_one_msgs/lib/libniryo_one_msgs__rosidl_typesupport_fastrtps_cpp.so" to ""
[18.911s] -- Up-to-date: /home/noldona/niryo/niryo_two_ros/install/niryo_one_msgs/include/niryo_one_msgs/niryo_one_msgs
[18.911s] -- Up-to-date: /home/noldona/niryo/niryo_two_ros/install/niryo_one_msgs/include/niryo_one_msgs/niryo_one_msgs/msg
[18.911s] -- Up-to-date: /home/noldona/niryo/niryo_two_ros/install/niryo_one_msgs/include/niryo_one_msgs/niryo_one_msgs/msg/detail
[18.911s] -- Installing: /home/noldona/niryo/niryo_two_ros/install/niryo_one_msgs/include/niryo_one_msgs/niryo_one_msgs/msg/detail/hardware_status__rosidl_typesupport_introspection_c.h
[18.911s] -- Installing: /home/noldona/niryo/niryo_two_ros/install/niryo_one_msgs/include/niryo_one_msgs/niryo_one_msgs/msg/detail/matlab_move_result__rosidl_typesupport_introspection_c.h
[18.911s] -- Installing: /home/noldona/niryo/niryo_two_ros/install/niryo_one_msgs/include/niryo_one_msgs/niryo_one_msgs/msg/detail/conveyor_feedback__rosidl_typesupport_introspection_c.h
[18.912s] -- Installing: /home/noldona/niryo/niryo_two_ros/install/niryo_one_msgs/include/niryo_one_msgs/niryo_one_msgs/msg/detail/log_status__type_support.c
[18.912s] -- Installing: /home/noldona/niryo/niryo_two_ros/install/niryo_one_msgs/include/niryo_one_msgs/niryo_one_msgs/msg/detail/object_pose__rosidl_typesupport_introspection_c.h
[18.912s] -- Installing: /home/noldona/niryo/niryo_two_ros/install/niryo_one_msgs/include/niryo_one_msgs/niryo_one_msgs/msg/detail/hardware_status__type_support.c
[18.913s] -- Installing: /home/noldona/niryo/niryo_two_ros/install/niryo_one_msgs/include/niryo_one_msgs/niryo_one_msgs/msg/detail/rpy__rosidl_typesupport_introspection_c.h
[18.913s] -- Installing: /home/noldona/niryo/niryo_two_ros/install/niryo_one_msgs/include/niryo_one_msgs/niryo_one_msgs/msg/detail/position__type_support.c
[18.913s] -- Installing: /home/noldona/niryo/niryo_two_ros/install/niryo_one_msgs/include/niryo_one_msgs/niryo_one_msgs/msg/detail/matlab_move_result__type_support.c
[18.914s] -- Installing: /home/noldona/niryo/niryo_two_ros/install/niryo_one_msgs/include/niryo_one_msgs/niryo_one_msgs/msg/detail/digital_io_state__rosidl_typesupport_introspection_c.h
[18.914s] -- Installing: /home/noldona/niryo/niryo_two_ros/install/niryo_one_msgs/include/niryo_one_msgs/niryo_one_msgs/msg/detail/digital_io_state__type_support.c
[18.914s] -- Installing: /home/noldona/niryo/niryo_two_ros/install/niryo_one_msgs/include/niryo_one_msgs/niryo_one_msgs/msg/detail/log_status__rosidl_typesupport_introspection_c.h
[18.915s] -- Installing: /home/noldona/niryo/niryo_two_ros/install/niryo_one_msgs/include/niryo_one_msgs/niryo_one_msgs/msg/detail/position__rosidl_typesupport_introspection_c.h
[18.915s] -- Installing: /home/noldona/niryo/niryo_two_ros/install/niryo_one_msgs/include/niryo_one_msgs/niryo_one_msgs/msg/detail/process_state__rosidl_typesupport_introspection_c.h
[18.915s] -- Installing: /home/noldona/niryo/niryo_two_ros/install/niryo_one_msgs/include/niryo_one_msgs/niryo_one_msgs/msg/detail/conveyor_feedback__type_support.c
[18.915s] -- Installing: /home/noldona/niryo/niryo_two_ros/install/niryo_one_msgs/include/niryo_one_msgs/niryo_one_msgs/msg/detail/object_pose__type_support.c
[18.916s] -- Installing: /home/noldona/niryo/niryo_two_ros/install/niryo_one_msgs/include/niryo_one_msgs/niryo_one_msgs/msg/detail/process_state__type_support.c
[18.916s] -- Installing: /home/noldona/niryo/niryo_two_ros/install/niryo_one_msgs/include/niryo_one_msgs/niryo_one_msgs/msg/detail/rpy__type_support.c
[18.916s] -- Up-to-date: /home/noldona/niryo/niryo_two_ros/install/niryo_one_msgs/include/niryo_one_msgs/niryo_one_msgs/msg/rosidl_typesupport_introspection_c__visibility_control.h
[18.916s] -- Up-to-date: /home/noldona/niryo/niryo_two_ros/install/niryo_one_msgs/include/niryo_one_msgs/niryo_one_msgs/srv
[18.916s] -- Up-to-date: /home/noldona/niryo/niryo_two_ros/install/niryo_one_msgs/include/niryo_one_msgs/niryo_one_msgs/srv/detail
[18.917s] -- Installing: /home/noldona/niryo/niryo_two_ros/install/niryo_one_msgs/include/niryo_one_msgs/niryo_one_msgs/srv/detail/change_hardware_version__type_support.c
[18.918s] -- Installing: /home/noldona/niryo/niryo_two_ros/install/niryo_one_msgs/include/niryo_one_msgs/niryo_one_msgs/srv/detail/change_hardware_version__rosidl_typesupport_introspection_c.h
[18.919s] -- Installing: /home/noldona/niryo/niryo_two_ros/install/niryo_one_msgs/lib/libniryo_one_msgs__rosidl_typesupport_introspection_c.so
[18.919s] -- Set non-toolchain portion of runtime path of "/home/noldona/niryo/niryo_two_ros/install/niryo_one_msgs/lib/libniryo_one_msgs__rosidl_typesupport_introspection_c.so" to ""
[18.920s] -- Installing: /home/noldona/niryo/niryo_two_ros/install/niryo_one_msgs/lib/libniryo_one_msgs__rosidl_typesupport_c.so
[18.920s] -- Set non-toolchain portion of runtime path of "/home/noldona/niryo/niryo_two_ros/install/niryo_one_msgs/lib/libniryo_one_msgs__rosidl_typesupport_c.so" to ""
[18.920s] -- Up-to-date: /home/noldona/niryo/niryo_two_ros/install/niryo_one_msgs/include/niryo_one_msgs/niryo_one_msgs
[18.921s] -- Up-to-date: /home/noldona/niryo/niryo_two_ros/install/niryo_one_msgs/include/niryo_one_msgs/niryo_one_msgs/msg
[18.921s] -- Up-to-date: /home/noldona/niryo/niryo_two_ros/install/niryo_one_msgs/include/niryo_one_msgs/niryo_one_msgs/msg/detail
[18.921s] -- Installing: /home/noldona/niryo/niryo_two_ros/install/niryo_one_msgs/include/niryo_one_msgs/niryo_one_msgs/msg/detail/position__type_support.cpp
[18.921s] -- Installing: /home/noldona/niryo/niryo_two_ros/install/niryo_one_msgs/include/niryo_one_msgs/niryo_one_msgs/msg/detail/process_state__rosidl_typesupport_introspection_cpp.hpp
[18.921s] -- Installing: /home/noldona/niryo/niryo_two_ros/install/niryo_one_msgs/include/niryo_one_msgs/niryo_one_msgs/msg/detail/object_pose__type_support.cpp
[18.921s] -- Installing: /home/noldona/niryo/niryo_two_ros/install/niryo_one_msgs/include/niryo_one_msgs/niryo_one_msgs/msg/detail/process_state__type_support.cpp
[18.921s] -- Installing: /home/noldona/niryo/niryo_two_ros/install/niryo_one_msgs/include/niryo_one_msgs/niryo_one_msgs/msg/detail/log_status__rosidl_typesupport_introspection_cpp.hpp
[18.922s] -- Installing: /home/noldona/niryo/niryo_two_ros/install/niryo_one_msgs/include/niryo_one_msgs/niryo_one_msgs/msg/detail/hardware_status__rosidl_typesupport_introspection_cpp.hpp
[18.922s] -- Installing: /home/noldona/niryo/niryo_two_ros/install/niryo_one_msgs/include/niryo_one_msgs/niryo_one_msgs/msg/detail/object_pose__rosidl_typesupport_introspection_cpp.hpp
[18.922s] -- Installing: /home/noldona/niryo/niryo_two_ros/install/niryo_one_msgs/include/niryo_one_msgs/niryo_one_msgs/msg/detail/log_status__type_support.cpp
[18.922s] -- Installing: /home/noldona/niryo/niryo_two_ros/install/niryo_one_msgs/include/niryo_one_msgs/niryo_one_msgs/msg/detail/hardware_status__type_support.cpp
[18.922s] -- Installing: /home/noldona/niryo/niryo_two_ros/install/niryo_one_msgs/include/niryo_one_msgs/niryo_one_msgs/msg/detail/digital_io_state__rosidl_typesupport_introspection_cpp.hpp
[18.922s] -- Installing: /home/noldona/niryo/niryo_two_ros/install/niryo_one_msgs/include/niryo_one_msgs/niryo_one_msgs/msg/detail/digital_io_state__type_support.cpp
[18.922s] -- Installing: /home/noldona/niryo/niryo_two_ros/install/niryo_one_msgs/include/niryo_one_msgs/niryo_one_msgs/msg/detail/conveyor_feedback__rosidl_typesupport_introspection_cpp.hpp
[18.922s] -- Installing: /home/noldona/niryo/niryo_two_ros/install/niryo_one_msgs/include/niryo_one_msgs/niryo_one_msgs/msg/detail/matlab_move_result__type_support.cpp
[18.923s] -- Installing: /home/noldona/niryo/niryo_two_ros/install/niryo_one_msgs/include/niryo_one_msgs/niryo_one_msgs/msg/detail/conveyor_feedback__type_support.cpp
[18.923s] -- Installing: /home/noldona/niryo/niryo_two_ros/install/niryo_one_msgs/include/niryo_one_msgs/niryo_one_msgs/msg/detail/rpy__type_support.cpp
[18.923s] -- Up-to-date: /home/noldona/niryo/niryo_two_ros/install/niryo_one_msgs/include/niryo_one_msgs/niryo_one_msgs/msg/detail/rpy__rosidl_typesupport_introspection_cpp.hpp
[18.923s] -- Installing: /home/noldona/niryo/niryo_two_ros/install/niryo_one_msgs/include/niryo_one_msgs/niryo_one_msgs/msg/detail/matlab_move_result__rosidl_typesupport_introspection_cpp.hpp
[18.923s] -- Up-to-date: /home/noldona/niryo/niryo_two_ros/install/niryo_one_msgs/include/niryo_one_msgs/niryo_one_msgs/msg/detail/position__rosidl_typesupport_introspection_cpp.hpp
[18.923s] -- Up-to-date: /home/noldona/niryo/niryo_two_ros/install/niryo_one_msgs/include/niryo_one_msgs/niryo_one_msgs/srv
[18.924s] -- Up-to-date: /home/noldona/niryo/niryo_two_ros/install/niryo_one_msgs/include/niryo_one_msgs/niryo_one_msgs/srv/detail
[18.924s] -- Installing: /home/noldona/niryo/niryo_two_ros/install/niryo_one_msgs/include/niryo_one_msgs/niryo_one_msgs/srv/detail/change_hardware_version__type_support.cpp
[18.924s] -- Installing: /home/noldona/niryo/niryo_two_ros/install/niryo_one_msgs/include/niryo_one_msgs/niryo_one_msgs/srv/detail/change_hardware_version__rosidl_typesupport_introspection_cpp.hpp
[18.924s] -- Installing: /home/noldona/niryo/niryo_two_ros/install/niryo_one_msgs/lib/libniryo_one_msgs__rosidl_typesupport_introspection_cpp.so
[18.925s] -- Set non-toolchain portion of runtime path of "/home/noldona/niryo/niryo_two_ros/install/niryo_one_msgs/lib/libniryo_one_msgs__rosidl_typesupport_introspection_cpp.so" to ""
[18.926s] -- Installing: /home/noldona/niryo/niryo_two_ros/install/niryo_one_msgs/lib/libniryo_one_msgs__rosidl_typesupport_cpp.so
[18.926s] -- Set non-toolchain portion of runtime path of "/home/noldona/niryo/niryo_two_ros/install/niryo_one_msgs/lib/libniryo_one_msgs__rosidl_typesupport_cpp.so" to ""
[18.926s] -- Up-to-date: /home/noldona/niryo/niryo_two_ros/install/niryo_one_msgs/share/niryo_one_msgs/environment/pythonpath.sh
[18.926s] -- Up-to-date: /home/noldona/niryo/niryo_two_ros/install/niryo_one_msgs/share/niryo_one_msgs/environment/pythonpath.dsv
[18.927s] -- Up-to-date: /home/noldona/niryo/niryo_two_ros/install/niryo_one_msgs/lib/python3.12/site-packages/niryo_one_msgs-0.0.0-py3.12.egg-info
[18.927s] -- Installing: /home/noldona/niryo/niryo_two_ros/install/niryo_one_msgs/lib/python3.12/site-packages/niryo_one_msgs-0.0.0-py3.12.egg-info/SOURCES.txt
[18.927s] -- Installing: /home/noldona/niryo/niryo_two_ros/install/niryo_one_msgs/lib/python3.12/site-packages/niryo_one_msgs-0.0.0-py3.12.egg-info/PKG-INFO
[18.928s] -- Installing: /home/noldona/niryo/niryo_two_ros/install/niryo_one_msgs/lib/python3.12/site-packages/niryo_one_msgs-0.0.0-py3.12.egg-info/dependency_links.txt
[18.928s] -- Installing: /home/noldona/niryo/niryo_two_ros/install/niryo_one_msgs/lib/python3.12/site-packages/niryo_one_msgs-0.0.0-py3.12.egg-info/top_level.txt
[18.928s] -- Up-to-date: /home/noldona/niryo/niryo_two_ros/install/niryo_one_msgs/lib/python3.12/site-packages/niryo_one_msgs
[18.928s] -- Installing: /home/noldona/niryo/niryo_two_ros/install/niryo_one_msgs/lib/python3.12/site-packages/niryo_one_msgs/__init__.py
[18.929s] -- Up-to-date: /home/noldona/niryo/niryo_two_ros/install/niryo_one_msgs/lib/python3.12/site-packages/niryo_one_msgs/msg
[18.929s] -- Installing: /home/noldona/niryo/niryo_two_ros/install/niryo_one_msgs/lib/python3.12/site-packages/niryo_one_msgs/msg/__init__.py
[18.929s] -- Installing: /home/noldona/niryo/niryo_two_ros/install/niryo_one_msgs/lib/python3.12/site-packages/niryo_one_msgs/msg/_conveyor_feedback_s.c
[18.929s] -- Installing: /home/noldona/niryo/niryo_two_ros/install/niryo_one_msgs/lib/python3.12/site-packages/niryo_one_msgs/msg/_digital_io_state.py
[18.929s] -- Installing: /home/noldona/niryo/niryo_two_ros/install/niryo_one_msgs/lib/python3.12/site-packages/niryo_one_msgs/msg/_hardware_status_s.c
[18.929s] -- Installing: /home/noldona/niryo/niryo_two_ros/install/niryo_one_msgs/lib/python3.12/site-packages/niryo_one_msgs/msg/_digital_io_state_s.c
[18.929s] -- Installing: /home/noldona/niryo/niryo_two_ros/install/niryo_one_msgs/lib/python3.12/site-packages/niryo_one_msgs/msg/_matlab_move_result.py
[18.929s] -- Installing: /home/noldona/niryo/niryo_two_ros/install/niryo_one_msgs/lib/python3.12/site-packages/niryo_one_msgs/msg/_object_pose.py
[18.930s] -- Installing: /home/noldona/niryo/niryo_two_ros/install/niryo_one_msgs/lib/python3.12/site-packages/niryo_one_msgs/msg/_process_state.py
[18.930s] -- Installing: /home/noldona/niryo/niryo_two_ros/install/niryo_one_msgs/lib/python3.12/site-packages/niryo_one_msgs/msg/_rpy.py
[18.930s] -- Installing: /home/noldona/niryo/niryo_two_ros/install/niryo_one_msgs/lib/python3.12/site-packages/niryo_one_msgs/msg/_conveyor_feedback.py
[18.930s] -- Installing: /home/noldona/niryo/niryo_two_ros/install/niryo_one_msgs/lib/python3.12/site-packages/niryo_one_msgs/msg/_log_status.py
[18.930s] -- Installing: /home/noldona/niryo/niryo_two_ros/install/niryo_one_msgs/lib/python3.12/site-packages/niryo_one_msgs/msg/_position_s.c
[18.930s] -- Installing: /home/noldona/niryo/niryo_two_ros/install/niryo_one_msgs/lib/python3.12/site-packages/niryo_one_msgs/msg/_hardware_status.py
[18.931s] -- Installing: /home/noldona/niryo/niryo_two_ros/install/niryo_one_msgs/lib/python3.12/site-packages/niryo_one_msgs/msg/_rpy_s.c
[18.931s] -- Installing: /home/noldona/niryo/niryo_two_ros/install/niryo_one_msgs/lib/python3.12/site-packages/niryo_one_msgs/msg/_position.py
[18.931s] -- Installing: /home/noldona/niryo/niryo_two_ros/install/niryo_one_msgs/lib/python3.12/site-packages/niryo_one_msgs/msg/_log_status_s.c
[18.931s] -- Installing: /home/noldona/niryo/niryo_two_ros/install/niryo_one_msgs/lib/python3.12/site-packages/niryo_one_msgs/msg/_object_pose_s.c
[18.931s] -- Installing: /home/noldona/niryo/niryo_two_ros/install/niryo_one_msgs/lib/python3.12/site-packages/niryo_one_msgs/msg/_matlab_move_result_s.c
[18.931s] -- Installing: /home/noldona/niryo/niryo_two_ros/install/niryo_one_msgs/lib/python3.12/site-packages/niryo_one_msgs/msg/_process_state_s.c
[18.931s] -- Installing: /home/noldona/niryo/niryo_two_ros/install/niryo_one_msgs/lib/python3.12/site-packages/niryo_one_msgs/niryo_one_msgs_s__rosidl_typesupport_c.so
[18.931s] -- Installing: /home/noldona/niryo/niryo_two_ros/install/niryo_one_msgs/lib/python3.12/site-packages/niryo_one_msgs/niryo_one_msgs_s__rosidl_typesupport_fastrtps_c.so
[18.932s] -- Installing: /home/noldona/niryo/niryo_two_ros/install/niryo_one_msgs/lib/python3.12/site-packages/niryo_one_msgs/niryo_one_msgs_s__rosidl_typesupport_introspection_c.so
[18.932s] -- Installing: /home/noldona/niryo/niryo_two_ros/install/niryo_one_msgs/lib/python3.12/site-packages/niryo_one_msgs/_niryo_one_msgs_s.ep.rosidl_typesupport_introspection_c.c
[18.932s] -- Installing: /home/noldona/niryo/niryo_two_ros/install/niryo_one_msgs/lib/python3.12/site-packages/niryo_one_msgs/_niryo_one_msgs_s.ep.rosidl_typesupport_c.c
[18.932s] -- Installing: /home/noldona/niryo/niryo_two_ros/install/niryo_one_msgs/lib/python3.12/site-packages/niryo_one_msgs/_niryo_one_msgs_s.ep.rosidl_typesupport_fastrtps_c.c
[18.932s] -- Up-to-date: /home/noldona/niryo/niryo_two_ros/install/niryo_one_msgs/lib/python3.12/site-packages/niryo_one_msgs/srv
[18.932s] -- Installing: /home/noldona/niryo/niryo_two_ros/install/niryo_one_msgs/lib/python3.12/site-packages/niryo_one_msgs/srv/__init__.py
[18.932s] -- Installing: /home/noldona/niryo/niryo_two_ros/install/niryo_one_msgs/lib/python3.12/site-packages/niryo_one_msgs/srv/_change_hardware_version.py
[18.933s] -- Installing: /home/noldona/niryo/niryo_two_ros/install/niryo_one_msgs/lib/python3.12/site-packages/niryo_one_msgs/srv/_change_hardware_version_s.c
[19.007s] Listing '/home/noldona/niryo/niryo_two_ros/install/niryo_one_msgs/lib/python3.12/site-packages/niryo_one_msgs'...
[19.007s] Compiling '/home/noldona/niryo/niryo_two_ros/install/niryo_one_msgs/lib/python3.12/site-packages/niryo_one_msgs/__init__.py'...
[19.007s] Listing '/home/noldona/niryo/niryo_two_ros/install/niryo_one_msgs/lib/python3.12/site-packages/niryo_one_msgs/msg'...
[19.008s] Compiling '/home/noldona/niryo/niryo_two_ros/install/niryo_one_msgs/lib/python3.12/site-packages/niryo_one_msgs/msg/__init__.py'...
[19.008s] Compiling '/home/noldona/niryo/niryo_two_ros/install/niryo_one_msgs/lib/python3.12/site-packages/niryo_one_msgs/msg/_conveyor_feedback.py'...
[19.008s] Compiling '/home/noldona/niryo/niryo_two_ros/install/niryo_one_msgs/lib/python3.12/site-packages/niryo_one_msgs/msg/_digital_io_state.py'...
[19.008s] Compiling '/home/noldona/niryo/niryo_two_ros/install/niryo_one_msgs/lib/python3.12/site-packages/niryo_one_msgs/msg/_hardware_status.py'...
[19.008s] Compiling '/home/noldona/niryo/niryo_two_ros/install/niryo_one_msgs/lib/python3.12/site-packages/niryo_one_msgs/msg/_log_status.py'...
[19.008s] Compiling '/home/noldona/niryo/niryo_two_ros/install/niryo_one_msgs/lib/python3.12/site-packages/niryo_one_msgs/msg/_matlab_move_result.py'...
[19.008s] Compiling '/home/noldona/niryo/niryo_two_ros/install/niryo_one_msgs/lib/python3.12/site-packages/niryo_one_msgs/msg/_object_pose.py'...
[19.008s] Compiling '/home/noldona/niryo/niryo_two_ros/install/niryo_one_msgs/lib/python3.12/site-packages/niryo_one_msgs/msg/_position.py'...
[19.008s] Compiling '/home/noldona/niryo/niryo_two_ros/install/niryo_one_msgs/lib/python3.12/site-packages/niryo_one_msgs/msg/_process_state.py'...
[19.009s] Compiling '/home/noldona/niryo/niryo_two_ros/install/niryo_one_msgs/lib/python3.12/site-packages/niryo_one_msgs/msg/_rpy.py'...
[19.009s] Listing '/home/noldona/niryo/niryo_two_ros/install/niryo_one_msgs/lib/python3.12/site-packages/niryo_one_msgs/srv'...
[19.009s] Compiling '/home/noldona/niryo/niryo_two_ros/install/niryo_one_msgs/lib/python3.12/site-packages/niryo_one_msgs/srv/__init__.py'...
[19.009s] Compiling '/home/noldona/niryo/niryo_two_ros/install/niryo_one_msgs/lib/python3.12/site-packages/niryo_one_msgs/srv/_change_hardware_version.py'...
[19.015s] -- Installing: /home/noldona/niryo/niryo_two_ros/install/niryo_one_msgs/lib/python3.12/site-packages/niryo_one_msgs/niryo_one_msgs_s__rosidl_typesupport_fastrtps_c.so
[19.016s] -- Set non-toolchain portion of runtime path of "/home/noldona/niryo/niryo_two_ros/install/niryo_one_msgs/lib/python3.12/site-packages/niryo_one_msgs/niryo_one_msgs_s__rosidl_typesupport_fastrtps_c.so" to ""
[19.016s] -- Installing: /home/noldona/niryo/niryo_two_ros/install/niryo_one_msgs/lib/python3.12/site-packages/niryo_one_msgs/niryo_one_msgs_s__rosidl_typesupport_introspection_c.so
[19.016s] -- Set non-toolchain portion of runtime path of "/home/noldona/niryo/niryo_two_ros/install/niryo_one_msgs/lib/python3.12/site-packages/niryo_one_msgs/niryo_one_msgs_s__rosidl_typesupport_introspection_c.so" to ""
[19.017s] -- Installing: /home/noldona/niryo/niryo_two_ros/install/niryo_one_msgs/lib/python3.12/site-packages/niryo_one_msgs/niryo_one_msgs_s__rosidl_typesupport_c.so
[19.017s] -- Set non-toolchain portion of runtime path of "/home/noldona/niryo/niryo_two_ros/install/niryo_one_msgs/lib/python3.12/site-packages/niryo_one_msgs/niryo_one_msgs_s__rosidl_typesupport_c.so" to ""
[19.019s] -- Installing: /home/noldona/niryo/niryo_two_ros/install/niryo_one_msgs/lib/libniryo_one_msgs__rosidl_generator_py.so
[19.019s] -- Set non-toolchain portion of runtime path of "/home/noldona/niryo/niryo_two_ros/install/niryo_one_msgs/lib/libniryo_one_msgs__rosidl_generator_py.so" to ""
[19.020s] -- Up-to-date: /home/noldona/niryo/niryo_two_ros/install/niryo_one_msgs/share/niryo_one_msgs/msg/ConveyorFeedback.idl
[19.020s] -- Up-to-date: /home/noldona/niryo/niryo_two_ros/install/niryo_one_msgs/share/niryo_one_msgs/msg/DigitalIOState.idl
[19.020s] -- Up-to-date: /home/noldona/niryo/niryo_two_ros/install/niryo_one_msgs/share/niryo_one_msgs/msg/HardwareStatus.idl
[19.020s] -- Up-to-date: /home/noldona/niryo/niryo_two_ros/install/niryo_one_msgs/share/niryo_one_msgs/msg/LogStatus.idl
[19.020s] -- Up-to-date: /home/noldona/niryo/niryo_two_ros/install/niryo_one_msgs/share/niryo_one_msgs/msg/MatlabMoveResult.idl
[19.020s] -- Up-to-date: /home/noldona/niryo/niryo_two_ros/install/niryo_one_msgs/share/niryo_one_msgs/msg/ObjectPose.idl
[19.020s] -- Up-to-date: /home/noldona/niryo/niryo_two_ros/install/niryo_one_msgs/share/niryo_one_msgs/msg/RPY.idl
[19.020s] -- Up-to-date: /home/noldona/niryo/niryo_two_ros/install/niryo_one_msgs/share/niryo_one_msgs/msg/Position.idl
[19.020s] -- Installing: /home/noldona/niryo/niryo_two_ros/install/niryo_one_msgs/share/niryo_one_msgs/msg/ProcessState.idl
[19.021s] -- Up-to-date: /home/noldona/niryo/niryo_two_ros/install/niryo_one_msgs/share/niryo_one_msgs/srv/ChangeHardwareVersion.idl
[19.021s] -- Up-to-date: /home/noldona/niryo/niryo_two_ros/install/niryo_one_msgs/share/niryo_one_msgs/msg/ConveyorFeedback.msg
[19.021s] -- Up-to-date: /home/noldona/niryo/niryo_two_ros/install/niryo_one_msgs/share/niryo_one_msgs/msg/DigitalIOState.msg
[19.022s] -- Up-to-date: /home/noldona/niryo/niryo_two_ros/install/niryo_one_msgs/share/niryo_one_msgs/msg/HardwareStatus.msg
[19.022s] -- Up-to-date: /home/noldona/niryo/niryo_two_ros/install/niryo_one_msgs/share/niryo_one_msgs/msg/LogStatus.msg
[19.022s] -- Up-to-date: /home/noldona/niryo/niryo_two_ros/install/niryo_one_msgs/share/niryo_one_msgs/msg/MatlabMoveResult.msg
[19.022s] -- Up-to-date: /home/noldona/niryo/niryo_two_ros/install/niryo_one_msgs/share/niryo_one_msgs/msg/ObjectPose.msg
[19.022s] -- Up-to-date: /home/noldona/niryo/niryo_two_ros/install/niryo_one_msgs/share/niryo_one_msgs/msg/RPY.msg
[19.022s] -- Up-to-date: /home/noldona/niryo/niryo_two_ros/install/niryo_one_msgs/share/niryo_one_msgs/msg/Position.msg
[19.022s] -- Installing: /home/noldona/niryo/niryo_two_ros/install/niryo_one_msgs/share/niryo_one_msgs/msg/ProcessState.msg
[19.022s] -- Up-to-date: /home/noldona/niryo/niryo_two_ros/install/niryo_one_msgs/share/niryo_one_msgs/srv/ChangeHardwareVersion.srv
[19.023s] -- Up-to-date: /home/noldona/niryo/niryo_two_ros/install/niryo_one_msgs/share/ament_index/resource_index/package_run_dependencies/niryo_one_msgs
[19.023s] -- Up-to-date: /home/noldona/niryo/niryo_two_ros/install/niryo_one_msgs/share/ament_index/resource_index/parent_prefix_path/niryo_one_msgs
[19.025s] -- Up-to-date: /home/noldona/niryo/niryo_two_ros/install/niryo_one_msgs/share/niryo_one_msgs/environment/ament_prefix_path.sh
[19.025s] -- Up-to-date: /home/noldona/niryo/niryo_two_ros/install/niryo_one_msgs/share/niryo_one_msgs/environment/ament_prefix_path.dsv
[19.025s] -- Up-to-date: /home/noldona/niryo/niryo_two_ros/install/niryo_one_msgs/share/niryo_one_msgs/environment/path.sh
[19.025s] -- Up-to-date: /home/noldona/niryo/niryo_two_ros/install/niryo_one_msgs/share/niryo_one_msgs/environment/path.dsv
[19.025s] -- Up-to-date: /home/noldona/niryo/niryo_two_ros/install/niryo_one_msgs/share/niryo_one_msgs/local_setup.bash
[19.026s] -- Up-to-date: /home/noldona/niryo/niryo_two_ros/install/niryo_one_msgs/share/niryo_one_msgs/local_setup.sh
[19.026s] -- Up-to-date: /home/noldona/niryo/niryo_two_ros/install/niryo_one_msgs/share/niryo_one_msgs/local_setup.zsh
[19.026s] -- Up-to-date: /home/noldona/niryo/niryo_two_ros/install/niryo_one_msgs/share/niryo_one_msgs/local_setup.dsv
[19.026s] -- Installing: /home/noldona/niryo/niryo_two_ros/install/niryo_one_msgs/share/niryo_one_msgs/package.dsv
[19.028s] -- Up-to-date: /home/noldona/niryo/niryo_two_ros/install/niryo_one_msgs/share/ament_index/resource_index/packages/niryo_one_msgs
[19.030s] -- Up-to-date: /home/noldona/niryo/niryo_two_ros/install/niryo_one_msgs/share/niryo_one_msgs/cmake/export_niryo_one_msgs__rosidl_generator_cExport.cmake
[19.030s] -- Up-to-date: /home/noldona/niryo/niryo_two_ros/install/niryo_one_msgs/share/niryo_one_msgs/cmake/export_niryo_one_msgs__rosidl_generator_cExport-noconfig.cmake
[19.031s] -- Up-to-date: /home/noldona/niryo/niryo_two_ros/install/niryo_one_msgs/share/niryo_one_msgs/cmake/export_niryo_one_msgs__rosidl_typesupport_fastrtps_cExport.cmake
[19.031s] -- Up-to-date: /home/noldona/niryo/niryo_two_ros/install/niryo_one_msgs/share/niryo_one_msgs/cmake/export_niryo_one_msgs__rosidl_typesupport_fastrtps_cExport-noconfig.cmake
[19.032s] -- Up-to-date: /home/noldona/niryo/niryo_two_ros/install/niryo_one_msgs/share/niryo_one_msgs/cmake/export_niryo_one_msgs__rosidl_generator_cppExport.cmake
[19.032s] -- Up-to-date: /home/noldona/niryo/niryo_two_ros/install/niryo_one_msgs/share/niryo_one_msgs/cmake/export_niryo_one_msgs__rosidl_typesupport_fastrtps_cppExport.cmake
[19.032s] -- Up-to-date: /home/noldona/niryo/niryo_two_ros/install/niryo_one_msgs/share/niryo_one_msgs/cmake/export_niryo_one_msgs__rosidl_typesupport_fastrtps_cppExport-noconfig.cmake
[19.033s] -- Up-to-date: /home/noldona/niryo/niryo_two_ros/install/niryo_one_msgs/share/niryo_one_msgs/cmake/niryo_one_msgs__rosidl_typesupport_introspection_cExport.cmake
[19.033s] -- Up-to-date: /home/noldona/niryo/niryo_two_ros/install/niryo_one_msgs/share/niryo_one_msgs/cmake/niryo_one_msgs__rosidl_typesupport_introspection_cExport-noconfig.cmake
[19.034s] -- Up-to-date: /home/noldona/niryo/niryo_two_ros/install/niryo_one_msgs/share/niryo_one_msgs/cmake/niryo_one_msgs__rosidl_typesupport_cExport.cmake
[19.034s] -- Up-to-date: /home/noldona/niryo/niryo_two_ros/install/niryo_one_msgs/share/niryo_one_msgs/cmake/niryo_one_msgs__rosidl_typesupport_cExport-noconfig.cmake
[19.034s] -- Up-to-date: /home/noldona/niryo/niryo_two_ros/install/niryo_one_msgs/share/niryo_one_msgs/cmake/niryo_one_msgs__rosidl_typesupport_introspection_cppExport.cmake
[19.035s] -- Up-to-date: /home/noldona/niryo/niryo_two_ros/install/niryo_one_msgs/share/niryo_one_msgs/cmake/niryo_one_msgs__rosidl_typesupport_introspection_cppExport-noconfig.cmake
[19.035s] -- Up-to-date: /home/noldona/niryo/niryo_two_ros/install/niryo_one_msgs/share/niryo_one_msgs/cmake/niryo_one_msgs__rosidl_typesupport_cppExport.cmake
[19.035s] -- Up-to-date: /home/noldona/niryo/niryo_two_ros/install/niryo_one_msgs/share/niryo_one_msgs/cmake/niryo_one_msgs__rosidl_typesupport_cppExport-noconfig.cmake
[19.037s] -- Up-to-date: /home/noldona/niryo/niryo_two_ros/install/niryo_one_msgs/share/niryo_one_msgs/cmake/export_niryo_one_msgs__rosidl_generator_pyExport.cmake
[19.037s] -- Up-to-date: /home/noldona/niryo/niryo_two_ros/install/niryo_one_msgs/share/niryo_one_msgs/cmake/export_niryo_one_msgs__rosidl_generator_pyExport-noconfig.cmake
[19.037s] -- Installing: /home/noldona/niryo/niryo_two_ros/install/niryo_one_msgs/share/niryo_one_msgs/cmake/rosidl_cmake-extras.cmake
[19.037s] -- Up-to-date: /home/noldona/niryo/niryo_two_ros/install/niryo_one_msgs/share/niryo_one_msgs/cmake/ament_cmake_export_dependencies-extras.cmake
[19.038s] -- Up-to-date: /home/noldona/niryo/niryo_two_ros/install/niryo_one_msgs/share/niryo_one_msgs/cmake/ament_cmake_export_include_directories-extras.cmake
[19.039s] -- Up-to-date: /home/noldona/niryo/niryo_two_ros/install/niryo_one_msgs/share/niryo_one_msgs/cmake/ament_cmake_export_libraries-extras.cmake
[19.039s] -- Up-to-date: /home/noldona/niryo/niryo_two_ros/install/niryo_one_msgs/share/niryo_one_msgs/cmake/ament_cmake_export_targets-extras.cmake
[19.039s] -- Up-to-date: /home/noldona/niryo/niryo_two_ros/install/niryo_one_msgs/share/niryo_one_msgs/cmake/rosidl_cmake_export_typesupport_targets-extras.cmake
[19.040s] -- Up-to-date: /home/noldona/niryo/niryo_two_ros/install/niryo_one_msgs/share/niryo_one_msgs/cmake/rosidl_cmake_export_typesupport_libraries-extras.cmake
[19.040s] -- Up-to-date: /home/noldona/niryo/niryo_two_ros/install/niryo_one_msgs/share/niryo_one_msgs/cmake/niryo_one_msgsConfig.cmake
[19.040s] -- Up-to-date: /home/noldona/niryo/niryo_two_ros/install/niryo_one_msgs/share/niryo_one_msgs/cmake/niryo_one_msgsConfig-version.cmake
[19.040s] -- Up-to-date: /home/noldona/niryo/niryo_two_ros/install/niryo_one_msgs/share/niryo_one_msgs/package.xml
[19.041s] Invoked command in '/home/noldona/niryo/niryo_two_ros/build/niryo_one_msgs' returned '0': CMAKE_PREFIX_PATH=${CMAKE_PREFIX_PATH}:/opt/ros/jazzy DEBUGINFOD_URLS=https://debuginfod.ubuntu.com /usr/bin/cmake --install /home/noldona/niryo/niryo_two_ros/build/niryo_one_msgs
