[0.425s] DEBUG:colcon:Command line arguments: ['/usr/bin/colcon', 'build', '--packages-select', 'niryo_one_msgs']
[0.426s] DEBUG:colcon:Parsed command line arguments: Namespace(log_base=None, log_level=None, verb_name='build', build_base='build', install_base='install', merge_install=False, symlink_install=False, test_result_base=None, continue_on_error=False, executor='parallel', parallel_workers=4, event_handlers=None, ignore_user_meta=False, metas=['./colcon.meta'], base_paths=['.'], packages_ignore=None, packages_ignore_regex=None, paths=None, packages_up_to=None, packages_up_to_regex=None, packages_above=None, packages_above_and_dependencies=None, packages_above_depth=None, packages_select_by_dep=None, packages_skip_by_dep=None, packages_skip_up_to=None, packages_select_build_failed=False, packages_skip_build_finished=False, packages_select_test_failures=False, packages_skip_test_passed=False, packages_select=['niryo_one_msgs'], packages_skip=None, packages_select_regex=None, packages_skip_regex=None, packages_start=None, packages_end=None, allow_overriding=[], cmake_args=None, cmake_target=None, cmake_target_skip_unavailable=False, cmake_clean_cache=False, cmake_clean_first=False, cmake_force_configure=False, ament_cmake_args=None, catkin_cmake_args=None, catkin_skip_building_tests=False, mixin_files=None, mixin=None, verb_parser=<colcon_mixin.mixin.mixin_argument.MixinArgumentDecorator object at 0x76da357ac290>, verb_extension=<colcon_core.verb.build.BuildVerb object at 0x76da3577bce0>, main=<bound method BuildVerb.main of <colcon_core.verb.build.BuildVerb object at 0x76da3577bce0>>, mixin_verb=('build',))
[0.510s] Level 1:colcon.colcon_core.package_discovery:discover_packages(colcon_meta) check parameters
[0.511s] Level 1:colcon.colcon_core.package_discovery:discover_packages(recursive) check parameters
[0.511s] Level 1:colcon.colcon_core.package_discovery:discover_packages(ignore) check parameters
[0.511s] Level 1:colcon.colcon_core.package_discovery:discover_packages(path) check parameters
[0.511s] Level 1:colcon.colcon_core.package_discovery:discover_packages(colcon_meta) discover
[0.511s] Level 1:colcon.colcon_core.package_discovery:discover_packages(recursive) discover
[0.511s] INFO:colcon.colcon_core.package_discovery:Crawling recursively for packages in '/home/noldona/niryo/niryo_two_ros'
[0.511s] Level 1:colcon.colcon_core.package_identification:_identify(.) by extensions ['ignore', 'ignore_ament_install']
[0.512s] Level 1:colcon.colcon_core.package_identification:_identify(.) by extension 'ignore'
[0.512s] Level 1:colcon.colcon_core.package_identification:_identify(.) by extension 'ignore_ament_install'
[0.512s] Level 1:colcon.colcon_core.package_identification:_identify(.) by extensions ['colcon_pkg']
[0.512s] Level 1:colcon.colcon_core.package_identification:_identify(.) by extension 'colcon_pkg'
[0.512s] Level 1:colcon.colcon_core.package_identification:_identify(.) by extensions ['colcon_meta']
[0.512s] Level 1:colcon.colcon_core.package_identification:_identify(.) by extension 'colcon_meta'
[0.512s] Level 1:colcon.colcon_core.package_identification:_identify(.) by extensions ['ros']
[0.513s] Level 1:colcon.colcon_core.package_identification:_identify(.) by extension 'ros'
[0.553s] Level 1:colcon.colcon_core.package_identification:_identify(.) by extensions ['cmake', 'python']
[0.553s] Level 1:colcon.colcon_core.package_identification:_identify(.) by extension 'cmake'
[0.554s] Level 1:colcon.colcon_core.package_identification:_identify(.) by extension 'python'
[0.554s] Level 1:colcon.colcon_core.package_identification:_identify(.) by extensions ['python_setup_py']
[0.554s] Level 1:colcon.colcon_core.package_identification:_identify(.) by extension 'python_setup_py'
[0.554s] Level 1:colcon.colcon_core.package_identification:_identify(build) by extensions ['ignore', 'ignore_ament_install']
[0.554s] Level 1:colcon.colcon_core.package_identification:_identify(build) by extension 'ignore'
[0.554s] Level 1:colcon.colcon_core.package_identification:_identify(build) ignored
[0.554s] Level 1:colcon.colcon_core.package_identification:_identify(install) by extensions ['ignore', 'ignore_ament_install']
[0.554s] Level 1:colcon.colcon_core.package_identification:_identify(install) by extension 'ignore'
[0.554s] Level 1:colcon.colcon_core.package_identification:_identify(install) ignored
[0.555s] Level 1:colcon.colcon_core.package_identification:_identify(log) by extensions ['ignore', 'ignore_ament_install']
[0.555s] Level 1:colcon.colcon_core.package_identification:_identify(log) by extension 'ignore'
[0.555s] Level 1:colcon.colcon_core.package_identification:_identify(log) ignored
[0.555s] Level 1:colcon.colcon_core.package_identification:_identify(src) by extensions ['ignore', 'ignore_ament_install']
[0.555s] Level 1:colcon.colcon_core.package_identification:_identify(src) by extension 'ignore'
[0.555s] Level 1:colcon.colcon_core.package_identification:_identify(src) by extension 'ignore_ament_install'
[0.555s] Level 1:colcon.colcon_core.package_identification:_identify(src) by extensions ['colcon_pkg']
[0.555s] Level 1:colcon.colcon_core.package_identification:_identify(src) by extension 'colcon_pkg'
[0.555s] Level 1:colcon.colcon_core.package_identification:_identify(src) by extensions ['colcon_meta']
[0.555s] Level 1:colcon.colcon_core.package_identification:_identify(src) by extension 'colcon_meta'
[0.555s] Level 1:colcon.colcon_core.package_identification:_identify(src) by extensions ['ros']
[0.555s] Level 1:colcon.colcon_core.package_identification:_identify(src) by extension 'ros'
[0.555s] Level 1:colcon.colcon_core.package_identification:_identify(src) by extensions ['cmake', 'python']
[0.555s] Level 1:colcon.colcon_core.package_identification:_identify(src) by extension 'cmake'
[0.556s] Level 1:colcon.colcon_core.package_identification:_identify(src) by extension 'python'
[0.556s] Level 1:colcon.colcon_core.package_identification:_identify(src) by extensions ['python_setup_py']
[0.556s] Level 1:colcon.colcon_core.package_identification:_identify(src) by extension 'python_setup_py'
[0.556s] Level 1:colcon.colcon_core.package_identification:_identify(src/niryo_one) by extensions ['ignore', 'ignore_ament_install']
[0.556s] Level 1:colcon.colcon_core.package_identification:_identify(src/niryo_one) by extension 'ignore'
[0.556s] Level 1:colcon.colcon_core.package_identification:_identify(src/niryo_one) by extension 'ignore_ament_install'
[0.556s] Level 1:colcon.colcon_core.package_identification:_identify(src/niryo_one) by extensions ['colcon_pkg']
[0.556s] Level 1:colcon.colcon_core.package_identification:_identify(src/niryo_one) by extension 'colcon_pkg'
[0.556s] Level 1:colcon.colcon_core.package_identification:_identify(src/niryo_one) by extensions ['colcon_meta']
[0.556s] Level 1:colcon.colcon_core.package_identification:_identify(src/niryo_one) by extension 'colcon_meta'
[0.556s] Level 1:colcon.colcon_core.package_identification:_identify(src/niryo_one) by extensions ['ros']
[0.557s] Level 1:colcon.colcon_core.package_identification:_identify(src/niryo_one) by extension 'ros'
[0.560s] DEBUG:colcon.colcon_core.package_identification:Package 'src/niryo_one' with type 'ros.ament_cmake' and name 'niryo_one'
[0.561s] Level 1:colcon.colcon_core.package_identification:_identify(src/niryo_one_bringup) by extensions ['ignore', 'ignore_ament_install']
[0.561s] Level 1:colcon.colcon_core.package_identification:_identify(src/niryo_one_bringup) by extension 'ignore'
[0.561s] Level 1:colcon.colcon_core.package_identification:_identify(src/niryo_one_bringup) by extension 'ignore_ament_install'
[0.561s] Level 1:colcon.colcon_core.package_identification:_identify(src/niryo_one_bringup) by extensions ['colcon_pkg']
[0.561s] Level 1:colcon.colcon_core.package_identification:_identify(src/niryo_one_bringup) by extension 'colcon_pkg'
[0.561s] Level 1:colcon.colcon_core.package_identification:_identify(src/niryo_one_bringup) by extensions ['colcon_meta']
[0.561s] Level 1:colcon.colcon_core.package_identification:_identify(src/niryo_one_bringup) by extension 'colcon_meta'
[0.561s] Level 1:colcon.colcon_core.package_identification:_identify(src/niryo_one_bringup) by extensions ['ros']
[0.561s] Level 1:colcon.colcon_core.package_identification:_identify(src/niryo_one_bringup) by extension 'ros'
[0.563s] DEBUG:colcon.colcon_core.package_identification:Package 'src/niryo_one_bringup' with type 'ros.ament_cmake' and name 'niryo_one_bringup'
[0.563s] Level 1:colcon.colcon_core.package_identification:_identify(src/niryo_one_camera) by extensions ['ignore', 'ignore_ament_install']
[0.563s] Level 1:colcon.colcon_core.package_identification:_identify(src/niryo_one_camera) by extension 'ignore'
[0.563s] Level 1:colcon.colcon_core.package_identification:_identify(src/niryo_one_camera) by extension 'ignore_ament_install'
[0.563s] Level 1:colcon.colcon_core.package_identification:_identify(src/niryo_one_camera) by extensions ['colcon_pkg']
[0.564s] Level 1:colcon.colcon_core.package_identification:_identify(src/niryo_one_camera) by extension 'colcon_pkg'
[0.564s] Level 1:colcon.colcon_core.package_identification:_identify(src/niryo_one_camera) by extensions ['colcon_meta']
[0.564s] Level 1:colcon.colcon_core.package_identification:_identify(src/niryo_one_camera) by extension 'colcon_meta'
[0.564s] Level 1:colcon.colcon_core.package_identification:_identify(src/niryo_one_camera) by extensions ['ros']
[0.564s] Level 1:colcon.colcon_core.package_identification:_identify(src/niryo_one_camera) by extension 'ros'
[0.564s] DEBUG:colcon.colcon_core.package_identification:Package 'src/niryo_one_camera' with type 'ros.ament_python' and name 'niryo_one_camera'
[0.565s] Level 1:colcon.colcon_core.package_identification:_identify(src/niryo_one_commander) by extensions ['ignore', 'ignore_ament_install']
[0.565s] Level 1:colcon.colcon_core.package_identification:_identify(src/niryo_one_commander) by extension 'ignore'
[0.565s] Level 1:colcon.colcon_core.package_identification:_identify(src/niryo_one_commander) by extension 'ignore_ament_install'
[0.565s] Level 1:colcon.colcon_core.package_identification:_identify(src/niryo_one_commander) by extensions ['colcon_pkg']
[0.565s] Level 1:colcon.colcon_core.package_identification:_identify(src/niryo_one_commander) by extension 'colcon_pkg'
[0.565s] Level 1:colcon.colcon_core.package_identification:_identify(src/niryo_one_commander) by extensions ['colcon_meta']
[0.565s] Level 1:colcon.colcon_core.package_identification:_identify(src/niryo_one_commander) by extension 'colcon_meta'
[0.565s] Level 1:colcon.colcon_core.package_identification:_identify(src/niryo_one_commander) by extensions ['ros']
[0.565s] Level 1:colcon.colcon_core.package_identification:_identify(src/niryo_one_commander) by extension 'ros'
[0.566s] DEBUG:colcon.colcon_core.package_identification:Package 'src/niryo_one_commander' with type 'ros.ament_python' and name 'niryo_one_commander'
[0.566s] Level 1:colcon.colcon_core.package_identification:_identify(src/niryo_one_msgs) by extensions ['ignore', 'ignore_ament_install']
[0.566s] Level 1:colcon.colcon_core.package_identification:_identify(src/niryo_one_msgs) by extension 'ignore'
[0.566s] Level 1:colcon.colcon_core.package_identification:_identify(src/niryo_one_msgs) by extension 'ignore_ament_install'
[0.566s] Level 1:colcon.colcon_core.package_identification:_identify(src/niryo_one_msgs) by extensions ['colcon_pkg']
[0.566s] Level 1:colcon.colcon_core.package_identification:_identify(src/niryo_one_msgs) by extension 'colcon_pkg'
[0.566s] Level 1:colcon.colcon_core.package_identification:_identify(src/niryo_one_msgs) by extensions ['colcon_meta']
[0.566s] Level 1:colcon.colcon_core.package_identification:_identify(src/niryo_one_msgs) by extension 'colcon_meta'
[0.566s] Level 1:colcon.colcon_core.package_identification:_identify(src/niryo_one_msgs) by extensions ['ros']
[0.566s] Level 1:colcon.colcon_core.package_identification:_identify(src/niryo_one_msgs) by extension 'ros'
[0.567s] DEBUG:colcon.colcon_core.package_identification:Package 'src/niryo_one_msgs' with type 'ros.ament_cmake' and name 'niryo_one_msgs'
[0.568s] Level 1:colcon.colcon_core.package_identification:_identify(src/niryo_one_rpi) by extensions ['ignore', 'ignore_ament_install']
[0.568s] Level 1:colcon.colcon_core.package_identification:_identify(src/niryo_one_rpi) by extension 'ignore'
[0.568s] Level 1:colcon.colcon_core.package_identification:_identify(src/niryo_one_rpi) by extension 'ignore_ament_install'
[0.568s] Level 1:colcon.colcon_core.package_identification:_identify(src/niryo_one_rpi) by extensions ['colcon_pkg']
[0.568s] Level 1:colcon.colcon_core.package_identification:_identify(src/niryo_one_rpi) by extension 'colcon_pkg'
[0.568s] Level 1:colcon.colcon_core.package_identification:_identify(src/niryo_one_rpi) by extensions ['colcon_meta']
[0.568s] Level 1:colcon.colcon_core.package_identification:_identify(src/niryo_one_rpi) by extension 'colcon_meta'
[0.568s] Level 1:colcon.colcon_core.package_identification:_identify(src/niryo_one_rpi) by extensions ['ros']
[0.568s] Level 1:colcon.colcon_core.package_identification:_identify(src/niryo_one_rpi) by extension 'ros'
[0.570s] DEBUG:colcon.colcon_core.package_identification:Package 'src/niryo_one_rpi' with type 'ros.ament_python' and name 'niryo_one_rpi'
[0.570s] Level 1:colcon.colcon_core.package_discovery:discover_packages(recursive) using defaults
[0.570s] Level 1:colcon.colcon_core.package_discovery:discover_packages(ignore) discover
[0.570s] Level 1:colcon.colcon_core.package_discovery:discover_packages(ignore) using defaults
[0.570s] Level 1:colcon.colcon_core.package_discovery:discover_packages(path) discover
[0.570s] Level 1:colcon.colcon_core.package_discovery:discover_packages(path) using defaults
[0.601s] INFO:colcon.colcon_core.package_selection:Skipping not selected package 'niryo_one' in 'src/niryo_one'
[0.601s] INFO:colcon.colcon_core.package_selection:Skipping not selected package 'niryo_one_bringup' in 'src/niryo_one_bringup'
[0.601s] INFO:colcon.colcon_core.package_selection:Skipping not selected package 'niryo_one_camera' in 'src/niryo_one_camera'
[0.601s] INFO:colcon.colcon_core.package_selection:Skipping not selected package 'niryo_one_commander' in 'src/niryo_one_commander'
[0.601s] INFO:colcon.colcon_core.package_selection:Skipping not selected package 'niryo_one_rpi' in 'src/niryo_one_rpi'
[0.602s] Level 1:colcon.colcon_core.package_discovery:discover_packages(prefix_path) check parameters
[0.602s] Level 1:colcon.colcon_core.package_discovery:discover_packages(prefix_path) discover
[0.609s] DEBUG:colcon.colcon_installed_package_information.package_discovery:Found 332 installed packages in /opt/ros/jazzy
[0.610s] Level 1:colcon.colcon_core.package_discovery:discover_packages(prefix_path) using defaults
[0.775s] Level 5:colcon.colcon_core.verb:set package 'niryo_one_msgs' build argument 'cmake_args' from command line to 'None'
[0.775s] Level 5:colcon.colcon_core.verb:set package 'niryo_one_msgs' build argument 'cmake_target' from command line to 'None'
[0.775s] Level 5:colcon.colcon_core.verb:set package 'niryo_one_msgs' build argument 'cmake_target_skip_unavailable' from command line to 'False'
[0.775s] Level 5:colcon.colcon_core.verb:set package 'niryo_one_msgs' build argument 'cmake_clean_cache' from command line to 'False'
[0.775s] Level 5:colcon.colcon_core.verb:set package 'niryo_one_msgs' build argument 'cmake_clean_first' from command line to 'False'
[0.775s] Level 5:colcon.colcon_core.verb:set package 'niryo_one_msgs' build argument 'cmake_force_configure' from command line to 'False'
[0.775s] Level 5:colcon.colcon_core.verb:set package 'niryo_one_msgs' build argument 'ament_cmake_args' from command line to 'None'
[0.775s] Level 5:colcon.colcon_core.verb:set package 'niryo_one_msgs' build argument 'catkin_cmake_args' from command line to 'None'
[0.775s] Level 5:colcon.colcon_core.verb:set package 'niryo_one_msgs' build argument 'catkin_skip_building_tests' from command line to 'False'
[0.775s] DEBUG:colcon.colcon_core.verb:Building package 'niryo_one_msgs' with the following arguments: {'ament_cmake_args': None, 'build_base': '/home/noldona/niryo/niryo_two_ros/build/niryo_one_msgs', 'catkin_cmake_args': None, 'catkin_skip_building_tests': False, 'cmake_args': None, 'cmake_clean_cache': False, 'cmake_clean_first': False, 'cmake_force_configure': False, 'cmake_target': None, 'cmake_target_skip_unavailable': False, 'install_base': '/home/noldona/niryo/niryo_two_ros/install/niryo_one_msgs', 'merge_install': False, 'path': '/home/noldona/niryo/niryo_two_ros/src/niryo_one_msgs', 'symlink_install': False, 'test_result_base': None}
[0.775s] INFO:colcon.colcon_core.executor:Executing jobs using 'parallel' executor
[0.776s] DEBUG:colcon.colcon_parallel_executor.executor.parallel:run_until_complete
[0.776s] INFO:colcon.colcon_ros.task.ament_cmake.build:Building ROS package in '/home/noldona/niryo/niryo_two_ros/src/niryo_one_msgs' with build type 'ament_cmake'
[0.776s] INFO:colcon.colcon_cmake.task.cmake.build:Building CMake package in '/home/noldona/niryo/niryo_two_ros/src/niryo_one_msgs'
[0.783s] INFO:colcon.colcon_core.plugin_system:Skipping extension 'colcon_core.shell.bat': Not used on non-Windows systems
[0.783s] INFO:colcon.colcon_core.shell:Skip shell extension 'powershell' for command environment: Not usable outside of PowerShell
[0.783s] DEBUG:colcon.colcon_core.shell:Skip shell extension 'dsv' for command environment
[0.792s] DEBUG:colcon.colcon_core.event_handler.log_command:Invoking command in '/home/noldona/niryo/niryo_two_ros/build/niryo_one_msgs': CMAKE_PREFIX_PATH=${CMAKE_PREFIX_PATH}:/opt/ros/jazzy DEBUGINFOD_URLS=https://debuginfod.ubuntu.com /usr/bin/cmake --build /home/noldona/niryo/niryo_two_ros/build/niryo_one_msgs -- -j4 -l4
[19.088s] DEBUG:colcon.colcon_core.event_handler.log_command:Invoked command in '/home/noldona/niryo/niryo_two_ros/build/niryo_one_msgs' returned '0': CMAKE_PREFIX_PATH=${CMAKE_PREFIX_PATH}:/opt/ros/jazzy DEBUGINFOD_URLS=https://debuginfod.ubuntu.com /usr/bin/cmake --build /home/noldona/niryo/niryo_two_ros/build/niryo_one_msgs -- -j4 -l4
[19.369s] DEBUG:colcon.colcon_core.event_handler.log_command:Invoking command in '/home/noldona/niryo/niryo_two_ros/build/niryo_one_msgs': CMAKE_PREFIX_PATH=${CMAKE_PREFIX_PATH}:/opt/ros/jazzy DEBUGINFOD_URLS=https://debuginfod.ubuntu.com /usr/bin/cmake --install /home/noldona/niryo/niryo_two_ros/build/niryo_one_msgs
[19.550s] Level 1:colcon.colcon_core.environment:create_environment_scripts_only(niryo_one_msgs)
[19.551s] DEBUG:colcon.colcon_core.event_handler.log_command:Invoked command in '/home/noldona/niryo/niryo_two_ros/build/niryo_one_msgs' returned '0': CMAKE_PREFIX_PATH=${CMAKE_PREFIX_PATH}:/opt/ros/jazzy DEBUGINFOD_URLS=https://debuginfod.ubuntu.com /usr/bin/cmake --install /home/noldona/niryo/niryo_two_ros/build/niryo_one_msgs
[19.564s] Level 1:colcon.colcon_core.environment:checking '/home/noldona/niryo/niryo_two_ros/install/niryo_one_msgs' for CMake module files
[19.565s] Level 1:colcon.colcon_core.environment:checking '/home/noldona/niryo/niryo_two_ros/install/niryo_one_msgs' for CMake config files
[19.566s] Level 1:colcon.colcon_core.shell:create_environment_hook('niryo_one_msgs', 'cmake_prefix_path')
[19.566s] INFO:colcon.colcon_core.shell:Creating environment hook '/home/noldona/niryo/niryo_two_ros/install/niryo_one_msgs/share/niryo_one_msgs/hook/cmake_prefix_path.ps1'
[19.568s] INFO:colcon.colcon_core.shell:Creating environment descriptor '/home/noldona/niryo/niryo_two_ros/install/niryo_one_msgs/share/niryo_one_msgs/hook/cmake_prefix_path.dsv'
[19.570s] INFO:colcon.colcon_core.shell:Creating environment hook '/home/noldona/niryo/niryo_two_ros/install/niryo_one_msgs/share/niryo_one_msgs/hook/cmake_prefix_path.sh'
[19.572s] Level 1:colcon.colcon_core.environment:checking '/home/noldona/niryo/niryo_two_ros/install/niryo_one_msgs/lib'
[19.572s] Level 1:colcon.colcon_core.shell:create_environment_hook('niryo_one_msgs', 'ld_library_path_lib')
[19.573s] INFO:colcon.colcon_core.shell:Creating environment hook '/home/noldona/niryo/niryo_two_ros/install/niryo_one_msgs/share/niryo_one_msgs/hook/ld_library_path_lib.ps1'
[19.573s] INFO:colcon.colcon_core.shell:Creating environment descriptor '/home/noldona/niryo/niryo_two_ros/install/niryo_one_msgs/share/niryo_one_msgs/hook/ld_library_path_lib.dsv'
[19.573s] INFO:colcon.colcon_core.shell:Creating environment hook '/home/noldona/niryo/niryo_two_ros/install/niryo_one_msgs/share/niryo_one_msgs/hook/ld_library_path_lib.sh'
[19.574s] Level 1:colcon.colcon_core.environment:checking '/home/noldona/niryo/niryo_two_ros/install/niryo_one_msgs/bin'
[19.574s] Level 1:colcon.colcon_core.environment:checking '/home/noldona/niryo/niryo_two_ros/install/niryo_one_msgs/lib/pkgconfig/niryo_one_msgs.pc'
[19.574s] Level 1:colcon.colcon_core.environment:checking '/home/noldona/niryo/niryo_two_ros/install/niryo_one_msgs/lib/python3.12/site-packages'
[19.575s] Level 1:colcon.colcon_core.shell:create_environment_hook('niryo_one_msgs', 'pythonpath')
[19.575s] INFO:colcon.colcon_core.shell:Creating environment hook '/home/noldona/niryo/niryo_two_ros/install/niryo_one_msgs/share/niryo_one_msgs/hook/pythonpath.ps1'
[19.575s] INFO:colcon.colcon_core.shell:Creating environment descriptor '/home/noldona/niryo/niryo_two_ros/install/niryo_one_msgs/share/niryo_one_msgs/hook/pythonpath.dsv'
[19.576s] INFO:colcon.colcon_core.shell:Creating environment hook '/home/noldona/niryo/niryo_two_ros/install/niryo_one_msgs/share/niryo_one_msgs/hook/pythonpath.sh'
[19.576s] Level 1:colcon.colcon_core.environment:checking '/home/noldona/niryo/niryo_two_ros/install/niryo_one_msgs/bin'
[19.577s] INFO:colcon.colcon_core.shell:Creating package script '/home/noldona/niryo/niryo_two_ros/install/niryo_one_msgs/share/niryo_one_msgs/package.ps1'
[19.578s] INFO:colcon.colcon_core.shell:Creating package descriptor '/home/noldona/niryo/niryo_two_ros/install/niryo_one_msgs/share/niryo_one_msgs/package.dsv'
[19.579s] INFO:colcon.colcon_core.shell:Creating package script '/home/noldona/niryo/niryo_two_ros/install/niryo_one_msgs/share/niryo_one_msgs/package.sh'
[19.580s] INFO:colcon.colcon_core.shell:Creating package script '/home/noldona/niryo/niryo_two_ros/install/niryo_one_msgs/share/niryo_one_msgs/package.bash'
[19.583s] INFO:colcon.colcon_core.shell:Creating package script '/home/noldona/niryo/niryo_two_ros/install/niryo_one_msgs/share/niryo_one_msgs/package.zsh'
[19.587s] Level 1:colcon.colcon_core.environment:create_file_with_runtime_dependencies(/home/noldona/niryo/niryo_two_ros/install/niryo_one_msgs/share/colcon-core/packages/niryo_one_msgs)
[19.846s] Level 1:colcon.colcon_core.environment:create_environment_scripts_only(niryo_one_msgs)
[19.846s] Level 1:colcon.colcon_core.environment:checking '/home/noldona/niryo/niryo_two_ros/install/niryo_one_msgs' for CMake module files
[19.847s] Level 1:colcon.colcon_core.environment:checking '/home/noldona/niryo/niryo_two_ros/install/niryo_one_msgs' for CMake config files
[19.848s] Level 1:colcon.colcon_core.shell:create_environment_hook('niryo_one_msgs', 'cmake_prefix_path')
[19.848s] INFO:colcon.colcon_core.shell:Creating environment hook '/home/noldona/niryo/niryo_two_ros/install/niryo_one_msgs/share/niryo_one_msgs/hook/cmake_prefix_path.ps1'
[19.849s] INFO:colcon.colcon_core.shell:Creating environment descriptor '/home/noldona/niryo/niryo_two_ros/install/niryo_one_msgs/share/niryo_one_msgs/hook/cmake_prefix_path.dsv'
[19.849s] INFO:colcon.colcon_core.shell:Creating environment hook '/home/noldona/niryo/niryo_two_ros/install/niryo_one_msgs/share/niryo_one_msgs/hook/cmake_prefix_path.sh'
[19.850s] Level 1:colcon.colcon_core.environment:checking '/home/noldona/niryo/niryo_two_ros/install/niryo_one_msgs/lib'
[19.850s] Level 1:colcon.colcon_core.shell:create_environment_hook('niryo_one_msgs', 'ld_library_path_lib')
[19.850s] INFO:colcon.colcon_core.shell:Creating environment hook '/home/noldona/niryo/niryo_two_ros/install/niryo_one_msgs/share/niryo_one_msgs/hook/ld_library_path_lib.ps1'
[19.851s] INFO:colcon.colcon_core.shell:Creating environment descriptor '/home/noldona/niryo/niryo_two_ros/install/niryo_one_msgs/share/niryo_one_msgs/hook/ld_library_path_lib.dsv'
[19.851s] INFO:colcon.colcon_core.shell:Creating environment hook '/home/noldona/niryo/niryo_two_ros/install/niryo_one_msgs/share/niryo_one_msgs/hook/ld_library_path_lib.sh'
[19.852s] Level 1:colcon.colcon_core.environment:checking '/home/noldona/niryo/niryo_two_ros/install/niryo_one_msgs/bin'
[19.852s] Level 1:colcon.colcon_core.environment:checking '/home/noldona/niryo/niryo_two_ros/install/niryo_one_msgs/lib/pkgconfig/niryo_one_msgs.pc'
[19.852s] Level 1:colcon.colcon_core.environment:checking '/home/noldona/niryo/niryo_two_ros/install/niryo_one_msgs/lib/python3.12/site-packages'
[19.853s] Level 1:colcon.colcon_core.shell:create_environment_hook('niryo_one_msgs', 'pythonpath')
[19.853s] INFO:colcon.colcon_core.shell:Creating environment hook '/home/noldona/niryo/niryo_two_ros/install/niryo_one_msgs/share/niryo_one_msgs/hook/pythonpath.ps1'
[19.853s] INFO:colcon.colcon_core.shell:Creating environment descriptor '/home/noldona/niryo/niryo_two_ros/install/niryo_one_msgs/share/niryo_one_msgs/hook/pythonpath.dsv'
[19.854s] INFO:colcon.colcon_core.shell:Creating environment hook '/home/noldona/niryo/niryo_two_ros/install/niryo_one_msgs/share/niryo_one_msgs/hook/pythonpath.sh'
[19.854s] Level 1:colcon.colcon_core.environment:checking '/home/noldona/niryo/niryo_two_ros/install/niryo_one_msgs/bin'
[19.855s] INFO:colcon.colcon_core.shell:Creating package script '/home/noldona/niryo/niryo_two_ros/install/niryo_one_msgs/share/niryo_one_msgs/package.ps1'
[19.855s] INFO:colcon.colcon_core.shell:Creating package descriptor '/home/noldona/niryo/niryo_two_ros/install/niryo_one_msgs/share/niryo_one_msgs/package.dsv'
[19.856s] INFO:colcon.colcon_core.shell:Creating package script '/home/noldona/niryo/niryo_two_ros/install/niryo_one_msgs/share/niryo_one_msgs/package.sh'
[19.856s] INFO:colcon.colcon_core.shell:Creating package script '/home/noldona/niryo/niryo_two_ros/install/niryo_one_msgs/share/niryo_one_msgs/package.bash'
[19.857s] INFO:colcon.colcon_core.shell:Creating package script '/home/noldona/niryo/niryo_two_ros/install/niryo_one_msgs/share/niryo_one_msgs/package.zsh'
[19.857s] Level 1:colcon.colcon_core.environment:create_file_with_runtime_dependencies(/home/noldona/niryo/niryo_two_ros/install/niryo_one_msgs/share/colcon-core/packages/niryo_one_msgs)
[19.858s] DEBUG:colcon.colcon_parallel_executor.executor.parallel:closing loop
[19.858s] DEBUG:colcon.colcon_parallel_executor.executor.parallel:loop closed
[19.859s] DEBUG:colcon.colcon_parallel_executor.executor.parallel:run_until_complete finished with '0'
[19.859s] DEBUG:colcon.colcon_core.event_reactor:joining thread
[19.878s] INFO:colcon.colcon_core.plugin_system:Skipping extension 'colcon_notification.desktop_notification.terminal_notifier': Not used on non-Darwin systems
[19.878s] INFO:colcon.colcon_core.plugin_system:Skipping extension 'colcon_notification.desktop_notification.win32': Not used on non-Windows systems
[19.878s] INFO:colcon.colcon_notification.desktop_notification:Sending desktop notification using 'notify2'
[19.902s] DEBUG:colcon.colcon_core.event_reactor:joined thread
[19.902s] INFO:colcon.colcon_core.shell:Creating prefix script '/home/noldona/niryo/niryo_two_ros/install/local_setup.ps1'
[19.904s] INFO:colcon.colcon_core.shell:Creating prefix util module '/home/noldona/niryo/niryo_two_ros/install/_local_setup_util_ps1.py'
[19.906s] INFO:colcon.colcon_core.shell:Creating prefix chain script '/home/noldona/niryo/niryo_two_ros/install/setup.ps1'
[19.909s] INFO:colcon.colcon_core.shell:Creating prefix script '/home/noldona/niryo/niryo_two_ros/install/local_setup.sh'
[19.910s] INFO:colcon.colcon_core.shell:Creating prefix util module '/home/noldona/niryo/niryo_two_ros/install/_local_setup_util_sh.py'
[19.912s] INFO:colcon.colcon_core.shell:Creating prefix chain script '/home/noldona/niryo/niryo_two_ros/install/setup.sh'
[19.914s] INFO:colcon.colcon_core.shell:Creating prefix script '/home/noldona/niryo/niryo_two_ros/install/local_setup.bash'
[19.915s] INFO:colcon.colcon_core.shell:Creating prefix chain script '/home/noldona/niryo/niryo_two_ros/install/setup.bash'
[19.918s] INFO:colcon.colcon_core.shell:Creating prefix script '/home/noldona/niryo/niryo_two_ros/install/local_setup.zsh'
[19.920s] INFO:colcon.colcon_core.shell:Creating prefix chain script '/home/noldona/niryo/niryo_two_ros/install/setup.zsh'
