[0.011s] Invoking command in '/home/noldona/niryo/niryo_two_ros/build/niryo_one_msgs': CMAKE_PREFIX_PATH=${CMAKE_PREFIX_PATH}:/opt/ros/jazzy DEBUGINFOD_URLS=https://debuginfod.ubuntu.com /usr/bin/cmake --build /home/noldona/niryo/niryo_two_ros/build/niryo_one_msgs -- -j4 -l4
[0.035s] -- Found ament_cmake: 2.5.2 (/opt/ros/jazzy/share/ament_cmake/cmake)
[0.256s] -- Found std_msgs: 5.3.5 (/opt/ros/jazzy/share/std_msgs/cmake)
[0.283s] -- Found rosidl_generator_c: 4.6.4 (/opt/ros/jazzy/share/rosidl_generator_c/cmake)
[0.293s] -- Found rosidl_generator_cpp: 4.6.4 (/opt/ros/jazzy/share/rosidl_generator_cpp/cmake)
[0.305s] -- Using all available rosidl_typesupport_c: rosidl_typesupport_fastrtps_c;rosidl_typesupport_introspection_c
[0.320s] -- Using all available rosidl_typesupport_cpp: rosidl_typesupport_fastrtps_cpp;rosidl_typesupport_introspection_cpp
[0.353s] -- Found rosidl_default_generators: 1.6.0 (/opt/ros/jazzy/share/rosidl_default_generators/cmake)
[0.363s] -- Found rosidl_adapter: 4.6.4 (/opt/ros/jazzy/share/rosidl_adapter/cmake)
[1.025s] -- Found ament_cmake_ros: 0.12.0 (/opt/ros/jazzy/share/ament_cmake_ros/cmake)
[1.849s] -- Using all available rosidl_typesupport_c: rosidl_typesupport_fastrtps_c;rosidl_typesupport_introspection_c
[2.163s] -- Using all available rosidl_typesupport_cpp: rosidl_typesupport_fastrtps_cpp;rosidl_typesupport_introspection_cpp
[2.167s] -- Found python_cmake_module: 0.11.1 (/opt/ros/jazzy/share/python_cmake_module/cmake)
[2.305s] -- Found PythonExtra: /usr/bin/python3  
[2.878s] -- Found Python3: /usr/bin/python3 (found version "3.12.3") found components: Interpreter Development NumPy Development.Module Development.Embed 
[2.928s] -- Found ament_lint_auto: 0.17.1 (/opt/ros/jazzy/share/ament_lint_auto/cmake)
[2.945s] -- Added test 'lint_cmake' to check CMake code style
[2.947s] -- Added test 'xmllint' to check XML markup files
[2.950s] -- Configuring done (2.9s)
[3.023s] -- Generating done (0.1s)
[3.028s] -- Build files have been written to: /home/noldona/niryo/niryo_two_ros/build/niryo_one_msgs
[3.072s] [  2%] [34m[1mGenerating type hashes for ROS interfaces[0m
[3.081s] [  2%] Built target ament_cmake_python_copy_niryo_one_msgs
[3.394s] running egg_info
[3.395s] creating niryo_one_msgs.egg-info
[3.411s] [  2%] Built target niryo_one_msgs__rosidl_generator_type_description
[3.427s] [  4%] [34m[1mGenerating C code for ROS interfaces[0m
[3.427s] writing niryo_one_msgs.egg-info/PKG-INFO
[3.428s] writing dependency_links to niryo_one_msgs.egg-info/dependency_links.txt
[3.428s] writing top-level names to niryo_one_msgs.egg-info/top_level.txt
[3.428s] writing manifest file 'niryo_one_msgs.egg-info/SOURCES.txt'
[3.446s] [  6%] [34m[1mGenerating C++ code for ROS interfaces[0m
[3.518s] reading manifest file 'niryo_one_msgs.egg-info/SOURCES.txt'
[3.520s] writing manifest file 'niryo_one_msgs.egg-info/SOURCES.txt'
[3.569s] [  6%] Built target ament_cmake_python_build_niryo_one_msgs_egg
[3.988s] [  6%] Built target niryo_one_msgs__cpp
[4.018s] [  9%] [32mBuilding C object CMakeFiles/niryo_one_msgs__rosidl_generator_c.dir/rosidl_generator_c/niryo_one_msgs/msg/detail/conveyor_feedback__type_support.c.o[0m
[4.021s] [ 11%] [32mBuilding C object CMakeFiles/niryo_one_msgs__rosidl_generator_c.dir/rosidl_generator_c/niryo_one_msgs/msg/detail/conveyor_feedback__functions.c.o[0m
[4.025s] [ 13%] [32mBuilding C object CMakeFiles/niryo_one_msgs__rosidl_generator_c.dir/rosidl_generator_c/niryo_one_msgs/msg/detail/conveyor_feedback__description.c.o[0m
[4.026s] [ 15%] [32mBuilding C object CMakeFiles/niryo_one_msgs__rosidl_generator_c.dir/rosidl_generator_c/niryo_one_msgs/srv/detail/change_hardware_version__description.c.o[0m
[4.256s] [ 18%] [32mBuilding C object CMakeFiles/niryo_one_msgs__rosidl_generator_c.dir/rosidl_generator_c/niryo_one_msgs/srv/detail/change_hardware_version__functions.c.o[0m
[4.296s] [ 20%] [32mBuilding C object CMakeFiles/niryo_one_msgs__rosidl_generator_c.dir/rosidl_generator_c/niryo_one_msgs/srv/detail/change_hardware_version__type_support.c.o[0m
[4.368s] [ 22%] [32m[1mLinking C shared library libniryo_one_msgs__rosidl_generator_c.so[0m
[4.428s] [ 22%] Built target niryo_one_msgs__rosidl_generator_c
[4.460s] [ 25%] [34m[1mGenerating C type support dispatch for ROS interfaces[0m
[4.461s] [ 27%] [34m[1mGenerating C++ type support for eProsima Fast-RTPS[0m
[4.467s] [ 29%] [34m[1mGenerating C introspection for ROS interfaces[0m
[4.476s] [ 31%] [34m[1mGenerating C++ introspection for ROS interfaces[0m
[4.864s] [ 34%] [32mBuilding CXX object CMakeFiles/niryo_one_msgs__rosidl_typesupport_c.dir/rosidl_typesupport_c/niryo_one_msgs/msg/conveyor_feedback__type_support.cpp.o[0m
[4.931s] [ 36%] [32mBuilding CXX object CMakeFiles/niryo_one_msgs__rosidl_typesupport_introspection_cpp.dir/rosidl_typesupport_introspection_cpp/niryo_one_msgs/msg/detail/conveyor_feedback__type_support.cpp.o[0m
[4.934s] [ 38%] [32mBuilding C object CMakeFiles/niryo_one_msgs__rosidl_typesupport_introspection_c.dir/rosidl_typesupport_introspection_c/niryo_one_msgs/msg/detail/conveyor_feedback__type_support.c.o[0m
[4.986s] [ 40%] [32mBuilding C object CMakeFiles/niryo_one_msgs__rosidl_typesupport_introspection_c.dir/rosidl_typesupport_introspection_c/niryo_one_msgs/srv/detail/change_hardware_version__type_support.c.o[0m
[5.021s] [ 43%] [32mBuilding CXX object CMakeFiles/niryo_one_msgs__rosidl_typesupport_fastrtps_cpp.dir/rosidl_typesupport_fastrtps_cpp/niryo_one_msgs/msg/detail/dds_fastrtps/conveyor_feedback__type_support.cpp.o[0m
[5.057s] [ 45%] [32m[1mLinking C shared library libniryo_one_msgs__rosidl_typesupport_introspection_c.so[0m
[5.132s] [ 45%] Built target niryo_one_msgs__rosidl_typesupport_introspection_c
[5.136s] [ 47%] [32mBuilding CXX object CMakeFiles/niryo_one_msgs__rosidl_typesupport_c.dir/rosidl_typesupport_c/niryo_one_msgs/srv/change_hardware_version__type_support.cpp.o[0m
[5.148s] [ 50%] [32mBuilding CXX object CMakeFiles/niryo_one_msgs__rosidl_typesupport_introspection_cpp.dir/rosidl_typesupport_introspection_cpp/niryo_one_msgs/srv/detail/change_hardware_version__type_support.cpp.o[0m
[5.211s] [ 52%] [32m[1mLinking CXX shared library libniryo_one_msgs__rosidl_typesupport_c.so[0m
[5.268s] [ 52%] Built target niryo_one_msgs__rosidl_typesupport_c
[5.286s] [ 54%] [34m[1mGenerating C++ type support dispatch for ROS interfaces[0m
[5.900s] [ 56%] [32mBuilding CXX object CMakeFiles/niryo_one_msgs__rosidl_typesupport_cpp.dir/rosidl_typesupport_cpp/niryo_one_msgs/msg/conveyor_feedback__type_support.cpp.o[0m
[5.929s] [ 59%] [32mBuilding CXX object CMakeFiles/niryo_one_msgs__rosidl_typesupport_fastrtps_cpp.dir/rosidl_typesupport_fastrtps_cpp/niryo_one_msgs/srv/detail/dds_fastrtps/change_hardware_version__type_support.cpp.o[0m
[6.076s] [ 61%] [34m[1mGenerating C type support for eProsima Fast-RTPS[0m
[6.119s] [ 63%] [32m[1mLinking CXX shared library libniryo_one_msgs__rosidl_typesupport_introspection_cpp.so[0m
[6.256s] [ 63%] Built target niryo_one_msgs__rosidl_typesupport_introspection_cpp
[6.268s] [ 65%] [32mBuilding CXX object CMakeFiles/niryo_one_msgs__rosidl_typesupport_cpp.dir/rosidl_typesupport_cpp/niryo_one_msgs/srv/change_hardware_version__type_support.cpp.o[0m
[6.665s] [ 68%] [32mBuilding CXX object CMakeFiles/niryo_one_msgs__rosidl_typesupport_fastrtps_c.dir/rosidl_typesupport_fastrtps_c/niryo_one_msgs/msg/detail/conveyor_feedback__type_support_c.cpp.o[0m
[6.667s] [ 70%] [32mBuilding CXX object CMakeFiles/niryo_one_msgs__rosidl_typesupport_fastrtps_c.dir/rosidl_typesupport_fastrtps_c/niryo_one_msgs/srv/detail/change_hardware_version__type_support_c.cpp.o[0m
[7.116s] [ 72%] [32m[1mLinking CXX shared library libniryo_one_msgs__rosidl_typesupport_fastrtps_cpp.so[0m
[7.160s] [ 75%] [32m[1mLinking CXX shared library libniryo_one_msgs__rosidl_typesupport_cpp.so[0m
[7.295s] [ 75%] Built target niryo_one_msgs__rosidl_typesupport_fastrtps_cpp
[7.328s] [ 75%] Built target niryo_one_msgs__rosidl_typesupport_cpp
[7.564s] [ 77%] [32m[1mLinking CXX shared library libniryo_one_msgs__rosidl_typesupport_fastrtps_c.so[0m
[7.656s] [ 77%] Built target niryo_one_msgs__rosidl_typesupport_fastrtps_c
[7.676s] [ 77%] Built target niryo_one_msgs
[7.701s] [ 79%] [34m[1mGenerating Python code for ROS interfaces[0m
[8.230s] [ 79%] Built target niryo_one_msgs__py
[8.251s] [ 84%] [32mBuilding C object CMakeFiles/niryo_one_msgs__rosidl_generator_py.dir/rosidl_generator_py/niryo_one_msgs/srv/_change_hardware_version_s.c.o[0m
[8.252s] [ 84%] [32mBuilding C object CMakeFiles/niryo_one_msgs__rosidl_generator_py.dir/rosidl_generator_py/niryo_one_msgs/msg/_conveyor_feedback_s.c.o[0m
[8.479s] [ 86%] [32m[1mLinking C shared library libniryo_one_msgs__rosidl_generator_py.so[0m
[8.533s] [ 86%] Built target niryo_one_msgs__rosidl_generator_py
[8.560s] [ 90%] [32mBuilding C object CMakeFiles/niryo_one_msgs_s__rosidl_typesupport_c.dir/rosidl_generator_py/niryo_one_msgs/_niryo_one_msgs_s.ep.rosidl_typesupport_c.c.o[0m
[8.561s] [ 90%] [32mBuilding C object CMakeFiles/niryo_one_msgs_s__rosidl_typesupport_fastrtps_c.dir/rosidl_generator_py/niryo_one_msgs/_niryo_one_msgs_s.ep.rosidl_typesupport_fastrtps_c.c.o[0m
[8.562s] [ 93%] [32mBuilding C object CMakeFiles/niryo_one_msgs_s__rosidl_typesupport_introspection_c.dir/rosidl_generator_py/niryo_one_msgs/_niryo_one_msgs_s.ep.rosidl_typesupport_introspection_c.c.o[0m
[8.721s] [100%] [32m[1mLinking C shared module rosidl_generator_py/niryo_one_msgs/niryo_one_msgs_s__rosidl_typesupport_introspection_c.so[0m
[8.721s] [100%] [32m[1mLinking C shared module rosidl_generator_py/niryo_one_msgs/niryo_one_msgs_s__rosidl_typesupport_fastrtps_c.so[0m
[8.721s] [100%] [32m[1mLinking C shared module rosidl_generator_py/niryo_one_msgs/niryo_one_msgs_s__rosidl_typesupport_c.so[0m
[8.759s] [100%] Built target niryo_one_msgs_s__rosidl_typesupport_fastrtps_c
[8.760s] [100%] Built target niryo_one_msgs_s__rosidl_typesupport_c
[8.761s] [100%] Built target niryo_one_msgs_s__rosidl_typesupport_introspection_c
[8.775s] Invoked command in '/home/noldona/niryo/niryo_two_ros/build/niryo_one_msgs' returned '0': CMAKE_PREFIX_PATH=${CMAKE_PREFIX_PATH}:/opt/ros/jazzy DEBUGINFOD_URLS=https://debuginfod.ubuntu.com /usr/bin/cmake --build /home/noldona/niryo/niryo_two_ros/build/niryo_one_msgs -- -j4 -l4
[8.868s] Invoking command in '/home/noldona/niryo/niryo_two_ros/build/niryo_one_msgs': CMAKE_PREFIX_PATH=${CMAKE_PREFIX_PATH}:/opt/ros/jazzy DEBUGINFOD_URLS=https://debuginfod.ubuntu.com /usr/bin/cmake --install /home/noldona/niryo/niryo_two_ros/build/niryo_one_msgs
[8.879s] -- Install configuration: ""
[8.879s] -- Installing: /home/noldona/niryo/niryo_two_ros/install/niryo_one_msgs/share/ament_index/resource_index/rosidl_interfaces/niryo_one_msgs
[8.879s] -- Installing: /home/noldona/niryo/niryo_two_ros/install/niryo_one_msgs/share/niryo_one_msgs/msg/ConveyorFeedback.json
[8.880s] -- Installing: /home/noldona/niryo/niryo_two_ros/install/niryo_one_msgs/share/niryo_one_msgs/srv/ChangeHardwareVersion.json
[8.880s] -- Installing: /home/noldona/niryo/niryo_two_ros/install/niryo_one_msgs/include/niryo_one_msgs/niryo_one_msgs
[8.880s] -- Installing: /home/noldona/niryo/niryo_two_ros/install/niryo_one_msgs/include/niryo_one_msgs/niryo_one_msgs/msg
[8.880s] -- Installing: /home/noldona/niryo/niryo_two_ros/install/niryo_one_msgs/include/niryo_one_msgs/niryo_one_msgs/msg/rosidl_generator_c__visibility_control.h
[8.880s] -- Installing: /home/noldona/niryo/niryo_two_ros/install/niryo_one_msgs/include/niryo_one_msgs/niryo_one_msgs/msg/detail
[8.881s] -- Installing: /home/noldona/niryo/niryo_two_ros/install/niryo_one_msgs/include/niryo_one_msgs/niryo_one_msgs/msg/detail/conveyor_feedback__functions.h
[8.881s] -- Installing: /home/noldona/niryo/niryo_two_ros/install/niryo_one_msgs/include/niryo_one_msgs/niryo_one_msgs/msg/detail/conveyor_feedback__description.c
[8.881s] -- Installing: /home/noldona/niryo/niryo_two_ros/install/niryo_one_msgs/include/niryo_one_msgs/niryo_one_msgs/msg/detail/conveyor_feedback__type_support.h
[8.881s] -- Installing: /home/noldona/niryo/niryo_two_ros/install/niryo_one_msgs/include/niryo_one_msgs/niryo_one_msgs/msg/detail/conveyor_feedback__type_support.c
[8.882s] -- Installing: /home/noldona/niryo/niryo_two_ros/install/niryo_one_msgs/include/niryo_one_msgs/niryo_one_msgs/msg/detail/conveyor_feedback__functions.c
[8.882s] -- Installing: /home/noldona/niryo/niryo_two_ros/install/niryo_one_msgs/include/niryo_one_msgs/niryo_one_msgs/msg/detail/conveyor_feedback__struct.h
[8.882s] -- Installing: /home/noldona/niryo/niryo_two_ros/install/niryo_one_msgs/include/niryo_one_msgs/niryo_one_msgs/msg/conveyor_feedback.h
[8.882s] -- Installing: /home/noldona/niryo/niryo_two_ros/install/niryo_one_msgs/include/niryo_one_msgs/niryo_one_msgs/srv
[8.882s] -- Installing: /home/noldona/niryo/niryo_two_ros/install/niryo_one_msgs/include/niryo_one_msgs/niryo_one_msgs/srv/change_hardware_version.h
[8.883s] -- Installing: /home/noldona/niryo/niryo_two_ros/install/niryo_one_msgs/include/niryo_one_msgs/niryo_one_msgs/srv/detail
[8.883s] -- Installing: /home/noldona/niryo/niryo_two_ros/install/niryo_one_msgs/include/niryo_one_msgs/niryo_one_msgs/srv/detail/change_hardware_version__type_support.c
[8.883s] -- Installing: /home/noldona/niryo/niryo_two_ros/install/niryo_one_msgs/include/niryo_one_msgs/niryo_one_msgs/srv/detail/change_hardware_version__description.c
[8.883s] -- Installing: /home/noldona/niryo/niryo_two_ros/install/niryo_one_msgs/include/niryo_one_msgs/niryo_one_msgs/srv/detail/change_hardware_version__functions.c
[8.883s] -- Installing: /home/noldona/niryo/niryo_two_ros/install/niryo_one_msgs/include/niryo_one_msgs/niryo_one_msgs/srv/detail/change_hardware_version__struct.h
[8.884s] -- Installing: /home/noldona/niryo/niryo_two_ros/install/niryo_one_msgs/include/niryo_one_msgs/niryo_one_msgs/srv/detail/change_hardware_version__functions.h
[8.884s] -- Installing: /home/noldona/niryo/niryo_two_ros/install/niryo_one_msgs/include/niryo_one_msgs/niryo_one_msgs/srv/detail/change_hardware_version__type_support.h
[8.884s] -- Installing: /home/noldona/niryo/niryo_two_ros/install/niryo_one_msgs/share/niryo_one_msgs/environment/library_path.sh
[8.884s] -- Installing: /home/noldona/niryo/niryo_two_ros/install/niryo_one_msgs/share/niryo_one_msgs/environment/library_path.dsv
[8.885s] -- Installing: /home/noldona/niryo/niryo_two_ros/install/niryo_one_msgs/lib/libniryo_one_msgs__rosidl_generator_c.so
[8.885s] -- Set non-toolchain portion of runtime path of "/home/noldona/niryo/niryo_two_ros/install/niryo_one_msgs/lib/libniryo_one_msgs__rosidl_generator_c.so" to ""
[8.885s] -- Up-to-date: /home/noldona/niryo/niryo_two_ros/install/niryo_one_msgs/include/niryo_one_msgs/niryo_one_msgs
[8.885s] -- Up-to-date: /home/noldona/niryo/niryo_two_ros/install/niryo_one_msgs/include/niryo_one_msgs/niryo_one_msgs/msg
[8.885s] -- Up-to-date: /home/noldona/niryo/niryo_two_ros/install/niryo_one_msgs/include/niryo_one_msgs/niryo_one_msgs/msg/detail
[8.886s] -- Installing: /home/noldona/niryo/niryo_two_ros/install/niryo_one_msgs/include/niryo_one_msgs/niryo_one_msgs/msg/detail/conveyor_feedback__rosidl_typesupport_fastrtps_c.h
[8.886s] -- Installing: /home/noldona/niryo/niryo_two_ros/install/niryo_one_msgs/include/niryo_one_msgs/niryo_one_msgs/msg/rosidl_typesupport_fastrtps_c__visibility_control.h
[8.886s] -- Up-to-date: /home/noldona/niryo/niryo_two_ros/install/niryo_one_msgs/include/niryo_one_msgs/niryo_one_msgs/srv
[8.887s] -- Up-to-date: /home/noldona/niryo/niryo_two_ros/install/niryo_one_msgs/include/niryo_one_msgs/niryo_one_msgs/srv/detail
[8.887s] -- Installing: /home/noldona/niryo/niryo_two_ros/install/niryo_one_msgs/include/niryo_one_msgs/niryo_one_msgs/srv/detail/change_hardware_version__rosidl_typesupport_fastrtps_c.h
[8.887s] -- Installing: /home/noldona/niryo/niryo_two_ros/install/niryo_one_msgs/lib/libniryo_one_msgs__rosidl_typesupport_fastrtps_c.so
[8.888s] -- Set non-toolchain portion of runtime path of "/home/noldona/niryo/niryo_two_ros/install/niryo_one_msgs/lib/libniryo_one_msgs__rosidl_typesupport_fastrtps_c.so" to ""
[8.888s] -- Up-to-date: /home/noldona/niryo/niryo_two_ros/install/niryo_one_msgs/include/niryo_one_msgs/niryo_one_msgs
[8.888s] -- Up-to-date: /home/noldona/niryo/niryo_two_ros/install/niryo_one_msgs/include/niryo_one_msgs/niryo_one_msgs/msg
[8.888s] -- Up-to-date: /home/noldona/niryo/niryo_two_ros/install/niryo_one_msgs/include/niryo_one_msgs/niryo_one_msgs/msg/detail
[8.889s] -- Installing: /home/noldona/niryo/niryo_two_ros/install/niryo_one_msgs/include/niryo_one_msgs/niryo_one_msgs/msg/detail/conveyor_feedback__builder.hpp
[8.889s] -- Installing: /home/noldona/niryo/niryo_two_ros/install/niryo_one_msgs/include/niryo_one_msgs/niryo_one_msgs/msg/detail/conveyor_feedback__traits.hpp
[8.889s] -- Installing: /home/noldona/niryo/niryo_two_ros/install/niryo_one_msgs/include/niryo_one_msgs/niryo_one_msgs/msg/detail/conveyor_feedback__type_support.hpp
[8.890s] -- Installing: /home/noldona/niryo/niryo_two_ros/install/niryo_one_msgs/include/niryo_one_msgs/niryo_one_msgs/msg/detail/conveyor_feedback__struct.hpp
[8.890s] -- Installing: /home/noldona/niryo/niryo_two_ros/install/niryo_one_msgs/include/niryo_one_msgs/niryo_one_msgs/msg/conveyor_feedback.hpp
[8.890s] -- Installing: /home/noldona/niryo/niryo_two_ros/install/niryo_one_msgs/include/niryo_one_msgs/niryo_one_msgs/msg/rosidl_generator_cpp__visibility_control.hpp
[8.890s] -- Up-to-date: /home/noldona/niryo/niryo_two_ros/install/niryo_one_msgs/include/niryo_one_msgs/niryo_one_msgs/srv
[8.891s] -- Up-to-date: /home/noldona/niryo/niryo_two_ros/install/niryo_one_msgs/include/niryo_one_msgs/niryo_one_msgs/srv/detail
[8.891s] -- Installing: /home/noldona/niryo/niryo_two_ros/install/niryo_one_msgs/include/niryo_one_msgs/niryo_one_msgs/srv/detail/change_hardware_version__builder.hpp
[8.891s] -- Installing: /home/noldona/niryo/niryo_two_ros/install/niryo_one_msgs/include/niryo_one_msgs/niryo_one_msgs/srv/detail/change_hardware_version__traits.hpp
[8.891s] -- Installing: /home/noldona/niryo/niryo_two_ros/install/niryo_one_msgs/include/niryo_one_msgs/niryo_one_msgs/srv/detail/change_hardware_version__struct.hpp
[8.892s] -- Installing: /home/noldona/niryo/niryo_two_ros/install/niryo_one_msgs/include/niryo_one_msgs/niryo_one_msgs/srv/detail/change_hardware_version__type_support.hpp
[8.892s] -- Installing: /home/noldona/niryo/niryo_two_ros/install/niryo_one_msgs/include/niryo_one_msgs/niryo_one_msgs/srv/change_hardware_version.hpp
[8.892s] -- Up-to-date: /home/noldona/niryo/niryo_two_ros/install/niryo_one_msgs/include/niryo_one_msgs/niryo_one_msgs
[8.892s] -- Up-to-date: /home/noldona/niryo/niryo_two_ros/install/niryo_one_msgs/include/niryo_one_msgs/niryo_one_msgs/msg
[8.893s] -- Up-to-date: /home/noldona/niryo/niryo_two_ros/install/niryo_one_msgs/include/niryo_one_msgs/niryo_one_msgs/msg/detail
[8.893s] -- Installing: /home/noldona/niryo/niryo_two_ros/install/niryo_one_msgs/include/niryo_one_msgs/niryo_one_msgs/msg/detail/dds_fastrtps
[8.893s] -- Installing: /home/noldona/niryo/niryo_two_ros/install/niryo_one_msgs/include/niryo_one_msgs/niryo_one_msgs/msg/detail/conveyor_feedback__rosidl_typesupport_fastrtps_cpp.hpp
[8.893s] -- Installing: /home/noldona/niryo/niryo_two_ros/install/niryo_one_msgs/include/niryo_one_msgs/niryo_one_msgs/msg/rosidl_typesupport_fastrtps_cpp__visibility_control.h
[8.894s] -- Up-to-date: /home/noldona/niryo/niryo_two_ros/install/niryo_one_msgs/include/niryo_one_msgs/niryo_one_msgs/srv
[8.894s] -- Up-to-date: /home/noldona/niryo/niryo_two_ros/install/niryo_one_msgs/include/niryo_one_msgs/niryo_one_msgs/srv/detail
[8.894s] -- Installing: /home/noldona/niryo/niryo_two_ros/install/niryo_one_msgs/include/niryo_one_msgs/niryo_one_msgs/srv/detail/dds_fastrtps
[8.894s] -- Installing: /home/noldona/niryo/niryo_two_ros/install/niryo_one_msgs/include/niryo_one_msgs/niryo_one_msgs/srv/detail/change_hardware_version__rosidl_typesupport_fastrtps_cpp.hpp
[8.894s] -- Installing: /home/noldona/niryo/niryo_two_ros/install/niryo_one_msgs/lib/libniryo_one_msgs__rosidl_typesupport_fastrtps_cpp.so
[8.895s] -- Set non-toolchain portion of runtime path of "/home/noldona/niryo/niryo_two_ros/install/niryo_one_msgs/lib/libniryo_one_msgs__rosidl_typesupport_fastrtps_cpp.so" to ""
[8.895s] -- Up-to-date: /home/noldona/niryo/niryo_two_ros/install/niryo_one_msgs/include/niryo_one_msgs/niryo_one_msgs
[8.895s] -- Up-to-date: /home/noldona/niryo/niryo_two_ros/install/niryo_one_msgs/include/niryo_one_msgs/niryo_one_msgs/msg
[8.895s] -- Up-to-date: /home/noldona/niryo/niryo_two_ros/install/niryo_one_msgs/include/niryo_one_msgs/niryo_one_msgs/msg/detail
[8.896s] -- Installing: /home/noldona/niryo/niryo_two_ros/install/niryo_one_msgs/include/niryo_one_msgs/niryo_one_msgs/msg/detail/conveyor_feedback__rosidl_typesupport_introspection_c.h
[8.896s] -- Installing: /home/noldona/niryo/niryo_two_ros/install/niryo_one_msgs/include/niryo_one_msgs/niryo_one_msgs/msg/detail/conveyor_feedback__type_support.c
[8.896s] -- Installing: /home/noldona/niryo/niryo_two_ros/install/niryo_one_msgs/include/niryo_one_msgs/niryo_one_msgs/msg/rosidl_typesupport_introspection_c__visibility_control.h
[8.896s] -- Up-to-date: /home/noldona/niryo/niryo_two_ros/install/niryo_one_msgs/include/niryo_one_msgs/niryo_one_msgs/srv
[8.896s] -- Up-to-date: /home/noldona/niryo/niryo_two_ros/install/niryo_one_msgs/include/niryo_one_msgs/niryo_one_msgs/srv/detail
[8.897s] -- Installing: /home/noldona/niryo/niryo_two_ros/install/niryo_one_msgs/include/niryo_one_msgs/niryo_one_msgs/srv/detail/change_hardware_version__type_support.c
[8.897s] -- Installing: /home/noldona/niryo/niryo_two_ros/install/niryo_one_msgs/include/niryo_one_msgs/niryo_one_msgs/srv/detail/change_hardware_version__rosidl_typesupport_introspection_c.h
[8.897s] -- Installing: /home/noldona/niryo/niryo_two_ros/install/niryo_one_msgs/lib/libniryo_one_msgs__rosidl_typesupport_introspection_c.so
[8.897s] -- Set non-toolchain portion of runtime path of "/home/noldona/niryo/niryo_two_ros/install/niryo_one_msgs/lib/libniryo_one_msgs__rosidl_typesupport_introspection_c.so" to ""
[8.897s] -- Installing: /home/noldona/niryo/niryo_two_ros/install/niryo_one_msgs/lib/libniryo_one_msgs__rosidl_typesupport_c.so
[8.897s] -- Set non-toolchain portion of runtime path of "/home/noldona/niryo/niryo_two_ros/install/niryo_one_msgs/lib/libniryo_one_msgs__rosidl_typesupport_c.so" to ""
[8.898s] -- Up-to-date: /home/noldona/niryo/niryo_two_ros/install/niryo_one_msgs/include/niryo_one_msgs/niryo_one_msgs
[8.898s] -- Up-to-date: /home/noldona/niryo/niryo_two_ros/install/niryo_one_msgs/include/niryo_one_msgs/niryo_one_msgs/msg
[8.898s] -- Up-to-date: /home/noldona/niryo/niryo_two_ros/install/niryo_one_msgs/include/niryo_one_msgs/niryo_one_msgs/msg/detail
[8.898s] -- Installing: /home/noldona/niryo/niryo_two_ros/install/niryo_one_msgs/include/niryo_one_msgs/niryo_one_msgs/msg/detail/conveyor_feedback__rosidl_typesupport_introspection_cpp.hpp
[8.899s] -- Installing: /home/noldona/niryo/niryo_two_ros/install/niryo_one_msgs/include/niryo_one_msgs/niryo_one_msgs/msg/detail/conveyor_feedback__type_support.cpp
[8.899s] -- Up-to-date: /home/noldona/niryo/niryo_two_ros/install/niryo_one_msgs/include/niryo_one_msgs/niryo_one_msgs/srv
[8.899s] -- Up-to-date: /home/noldona/niryo/niryo_two_ros/install/niryo_one_msgs/include/niryo_one_msgs/niryo_one_msgs/srv/detail
[8.899s] -- Installing: /home/noldona/niryo/niryo_two_ros/install/niryo_one_msgs/include/niryo_one_msgs/niryo_one_msgs/srv/detail/change_hardware_version__type_support.cpp
[8.900s] -- Installing: /home/noldona/niryo/niryo_two_ros/install/niryo_one_msgs/include/niryo_one_msgs/niryo_one_msgs/srv/detail/change_hardware_version__rosidl_typesupport_introspection_cpp.hpp
[8.900s] -- Installing: /home/noldona/niryo/niryo_two_ros/install/niryo_one_msgs/lib/libniryo_one_msgs__rosidl_typesupport_introspection_cpp.so
[8.900s] -- Set non-toolchain portion of runtime path of "/home/noldona/niryo/niryo_two_ros/install/niryo_one_msgs/lib/libniryo_one_msgs__rosidl_typesupport_introspection_cpp.so" to ""
[8.900s] -- Installing: /home/noldona/niryo/niryo_two_ros/install/niryo_one_msgs/lib/libniryo_one_msgs__rosidl_typesupport_cpp.so
[8.900s] -- Set non-toolchain portion of runtime path of "/home/noldona/niryo/niryo_two_ros/install/niryo_one_msgs/lib/libniryo_one_msgs__rosidl_typesupport_cpp.so" to ""
[8.901s] -- Installing: /home/noldona/niryo/niryo_two_ros/install/niryo_one_msgs/share/niryo_one_msgs/environment/pythonpath.sh
[8.901s] -- Installing: /home/noldona/niryo/niryo_two_ros/install/niryo_one_msgs/share/niryo_one_msgs/environment/pythonpath.dsv
[8.902s] -- Installing: /home/noldona/niryo/niryo_two_ros/install/niryo_one_msgs/lib/python3.12/site-packages/niryo_one_msgs-0.0.0-py3.12.egg-info
[8.902s] -- Installing: /home/noldona/niryo/niryo_two_ros/install/niryo_one_msgs/lib/python3.12/site-packages/niryo_one_msgs-0.0.0-py3.12.egg-info/SOURCES.txt
[8.902s] -- Installing: /home/noldona/niryo/niryo_two_ros/install/niryo_one_msgs/lib/python3.12/site-packages/niryo_one_msgs-0.0.0-py3.12.egg-info/PKG-INFO
[8.902s] -- Installing: /home/noldona/niryo/niryo_two_ros/install/niryo_one_msgs/lib/python3.12/site-packages/niryo_one_msgs-0.0.0-py3.12.egg-info/dependency_links.txt
[8.902s] -- Installing: /home/noldona/niryo/niryo_two_ros/install/niryo_one_msgs/lib/python3.12/site-packages/niryo_one_msgs-0.0.0-py3.12.egg-info/top_level.txt
[8.902s] -- Installing: /home/noldona/niryo/niryo_two_ros/install/niryo_one_msgs/lib/python3.12/site-packages/niryo_one_msgs
[8.902s] -- Installing: /home/noldona/niryo/niryo_two_ros/install/niryo_one_msgs/lib/python3.12/site-packages/niryo_one_msgs/__init__.py
[8.903s] -- Installing: /home/noldona/niryo/niryo_two_ros/install/niryo_one_msgs/lib/python3.12/site-packages/niryo_one_msgs/msg
[8.903s] -- Installing: /home/noldona/niryo/niryo_two_ros/install/niryo_one_msgs/lib/python3.12/site-packages/niryo_one_msgs/msg/__init__.py
[8.903s] -- Installing: /home/noldona/niryo/niryo_two_ros/install/niryo_one_msgs/lib/python3.12/site-packages/niryo_one_msgs/msg/_conveyor_feedback_s.c
[8.903s] -- Installing: /home/noldona/niryo/niryo_two_ros/install/niryo_one_msgs/lib/python3.12/site-packages/niryo_one_msgs/msg/_conveyor_feedback.py
[8.906s] -- Installing: /home/noldona/niryo/niryo_two_ros/install/niryo_one_msgs/lib/python3.12/site-packages/niryo_one_msgs/niryo_one_msgs_s__rosidl_typesupport_c.so
[8.907s] -- Installing: /home/noldona/niryo/niryo_two_ros/install/niryo_one_msgs/lib/python3.12/site-packages/niryo_one_msgs/niryo_one_msgs_s__rosidl_typesupport_fastrtps_c.so
[8.907s] -- Installing: /home/noldona/niryo/niryo_two_ros/install/niryo_one_msgs/lib/python3.12/site-packages/niryo_one_msgs/niryo_one_msgs_s__rosidl_typesupport_introspection_c.so
[8.907s] -- Installing: /home/noldona/niryo/niryo_two_ros/install/niryo_one_msgs/lib/python3.12/site-packages/niryo_one_msgs/_niryo_one_msgs_s.ep.rosidl_typesupport_introspection_c.c
[8.907s] -- Installing: /home/noldona/niryo/niryo_two_ros/install/niryo_one_msgs/lib/python3.12/site-packages/niryo_one_msgs/_niryo_one_msgs_s.ep.rosidl_typesupport_c.c
[8.908s] -- Installing: /home/noldona/niryo/niryo_two_ros/install/niryo_one_msgs/lib/python3.12/site-packages/niryo_one_msgs/_niryo_one_msgs_s.ep.rosidl_typesupport_fastrtps_c.c
[8.908s] -- Installing: /home/noldona/niryo/niryo_two_ros/install/niryo_one_msgs/lib/python3.12/site-packages/niryo_one_msgs/srv
[8.908s] -- Installing: /home/noldona/niryo/niryo_two_ros/install/niryo_one_msgs/lib/python3.12/site-packages/niryo_one_msgs/srv/__init__.py
[8.908s] -- Installing: /home/noldona/niryo/niryo_two_ros/install/niryo_one_msgs/lib/python3.12/site-packages/niryo_one_msgs/srv/_change_hardware_version.py
[8.908s] -- Installing: /home/noldona/niryo/niryo_two_ros/install/niryo_one_msgs/lib/python3.12/site-packages/niryo_one_msgs/srv/_change_hardware_version_s.c
[8.951s] Listing '/home/noldona/niryo/niryo_two_ros/install/niryo_one_msgs/lib/python3.12/site-packages/niryo_one_msgs'...
[8.951s] Compiling '/home/noldona/niryo/niryo_two_ros/install/niryo_one_msgs/lib/python3.12/site-packages/niryo_one_msgs/__init__.py'...
[8.951s] Listing '/home/noldona/niryo/niryo_two_ros/install/niryo_one_msgs/lib/python3.12/site-packages/niryo_one_msgs/msg'...
[8.951s] Compiling '/home/noldona/niryo/niryo_two_ros/install/niryo_one_msgs/lib/python3.12/site-packages/niryo_one_msgs/msg/__init__.py'...
[8.952s] Compiling '/home/noldona/niryo/niryo_two_ros/install/niryo_one_msgs/lib/python3.12/site-packages/niryo_one_msgs/msg/_conveyor_feedback.py'...
[8.952s] Listing '/home/noldona/niryo/niryo_two_ros/install/niryo_one_msgs/lib/python3.12/site-packages/niryo_one_msgs/srv'...
[8.952s] Compiling '/home/noldona/niryo/niryo_two_ros/install/niryo_one_msgs/lib/python3.12/site-packages/niryo_one_msgs/srv/__init__.py'...
[8.952s] Compiling '/home/noldona/niryo/niryo_two_ros/install/niryo_one_msgs/lib/python3.12/site-packages/niryo_one_msgs/srv/_change_hardware_version.py'...
[8.958s] -- Installing: /home/noldona/niryo/niryo_two_ros/install/niryo_one_msgs/lib/python3.12/site-packages/niryo_one_msgs/niryo_one_msgs_s__rosidl_typesupport_fastrtps_c.so
[8.958s] -- Set non-toolchain portion of runtime path of "/home/noldona/niryo/niryo_two_ros/install/niryo_one_msgs/lib/python3.12/site-packages/niryo_one_msgs/niryo_one_msgs_s__rosidl_typesupport_fastrtps_c.so" to ""
[8.958s] -- Installing: /home/noldona/niryo/niryo_two_ros/install/niryo_one_msgs/lib/python3.12/site-packages/niryo_one_msgs/niryo_one_msgs_s__rosidl_typesupport_introspection_c.so
[8.959s] -- Set non-toolchain portion of runtime path of "/home/noldona/niryo/niryo_two_ros/install/niryo_one_msgs/lib/python3.12/site-packages/niryo_one_msgs/niryo_one_msgs_s__rosidl_typesupport_introspection_c.so" to ""
[8.959s] -- Installing: /home/noldona/niryo/niryo_two_ros/install/niryo_one_msgs/lib/python3.12/site-packages/niryo_one_msgs/niryo_one_msgs_s__rosidl_typesupport_c.so
[8.959s] -- Set non-toolchain portion of runtime path of "/home/noldona/niryo/niryo_two_ros/install/niryo_one_msgs/lib/python3.12/site-packages/niryo_one_msgs/niryo_one_msgs_s__rosidl_typesupport_c.so" to ""
[8.959s] -- Installing: /home/noldona/niryo/niryo_two_ros/install/niryo_one_msgs/lib/libniryo_one_msgs__rosidl_generator_py.so
[8.960s] -- Set non-toolchain portion of runtime path of "/home/noldona/niryo/niryo_two_ros/install/niryo_one_msgs/lib/libniryo_one_msgs__rosidl_generator_py.so" to ""
[8.960s] -- Installing: /home/noldona/niryo/niryo_two_ros/install/niryo_one_msgs/share/niryo_one_msgs/msg/ConveyorFeedback.idl
[8.960s] -- Installing: /home/noldona/niryo/niryo_two_ros/install/niryo_one_msgs/share/niryo_one_msgs/srv/ChangeHardwareVersion.idl
[8.960s] -- Installing: /home/noldona/niryo/niryo_two_ros/install/niryo_one_msgs/share/niryo_one_msgs/msg/ConveyorFeedback.msg
[8.960s] -- Installing: /home/noldona/niryo/niryo_two_ros/install/niryo_one_msgs/share/niryo_one_msgs/srv/ChangeHardwareVersion.srv
[8.960s] -- Installing: /home/noldona/niryo/niryo_two_ros/install/niryo_one_msgs/share/ament_index/resource_index/package_run_dependencies/niryo_one_msgs
[8.960s] -- Up-to-date: /home/noldona/niryo/niryo_two_ros/install/niryo_one_msgs/share/ament_index/resource_index/parent_prefix_path/niryo_one_msgs
[8.961s] -- Up-to-date: /home/noldona/niryo/niryo_two_ros/install/niryo_one_msgs/share/niryo_one_msgs/environment/ament_prefix_path.sh
[8.961s] -- Up-to-date: /home/noldona/niryo/niryo_two_ros/install/niryo_one_msgs/share/niryo_one_msgs/environment/ament_prefix_path.dsv
[8.961s] -- Up-to-date: /home/noldona/niryo/niryo_two_ros/install/niryo_one_msgs/share/niryo_one_msgs/environment/path.sh
[8.961s] -- Up-to-date: /home/noldona/niryo/niryo_two_ros/install/niryo_one_msgs/share/niryo_one_msgs/environment/path.dsv
[8.961s] -- Up-to-date: /home/noldona/niryo/niryo_two_ros/install/niryo_one_msgs/share/niryo_one_msgs/local_setup.bash
[8.961s] -- Installing: /home/noldona/niryo/niryo_two_ros/install/niryo_one_msgs/share/niryo_one_msgs/local_setup.sh
[8.962s] -- Up-to-date: /home/noldona/niryo/niryo_two_ros/install/niryo_one_msgs/share/niryo_one_msgs/local_setup.zsh
[8.962s] -- Installing: /home/noldona/niryo/niryo_two_ros/install/niryo_one_msgs/share/niryo_one_msgs/local_setup.dsv
[8.962s] -- Installing: /home/noldona/niryo/niryo_two_ros/install/niryo_one_msgs/share/niryo_one_msgs/package.dsv
[8.962s] -- Up-to-date: /home/noldona/niryo/niryo_two_ros/install/niryo_one_msgs/share/ament_index/resource_index/packages/niryo_one_msgs
[8.962s] -- Installing: /home/noldona/niryo/niryo_two_ros/install/niryo_one_msgs/share/niryo_one_msgs/cmake/export_niryo_one_msgs__rosidl_generator_cExport.cmake
[8.962s] -- Installing: /home/noldona/niryo/niryo_two_ros/install/niryo_one_msgs/share/niryo_one_msgs/cmake/export_niryo_one_msgs__rosidl_generator_cExport-noconfig.cmake
[8.962s] -- Installing: /home/noldona/niryo/niryo_two_ros/install/niryo_one_msgs/share/niryo_one_msgs/cmake/export_niryo_one_msgs__rosidl_typesupport_fastrtps_cExport.cmake
[8.962s] -- Installing: /home/noldona/niryo/niryo_two_ros/install/niryo_one_msgs/share/niryo_one_msgs/cmake/export_niryo_one_msgs__rosidl_typesupport_fastrtps_cExport-noconfig.cmake
[8.963s] -- Installing: /home/noldona/niryo/niryo_two_ros/install/niryo_one_msgs/share/niryo_one_msgs/cmake/export_niryo_one_msgs__rosidl_generator_cppExport.cmake
[8.963s] -- Installing: /home/noldona/niryo/niryo_two_ros/install/niryo_one_msgs/share/niryo_one_msgs/cmake/export_niryo_one_msgs__rosidl_typesupport_fastrtps_cppExport.cmake
[8.963s] -- Installing: /home/noldona/niryo/niryo_two_ros/install/niryo_one_msgs/share/niryo_one_msgs/cmake/export_niryo_one_msgs__rosidl_typesupport_fastrtps_cppExport-noconfig.cmake
[8.963s] -- Installing: /home/noldona/niryo/niryo_two_ros/install/niryo_one_msgs/share/niryo_one_msgs/cmake/niryo_one_msgs__rosidl_typesupport_introspection_cExport.cmake
[8.963s] -- Installing: /home/noldona/niryo/niryo_two_ros/install/niryo_one_msgs/share/niryo_one_msgs/cmake/niryo_one_msgs__rosidl_typesupport_introspection_cExport-noconfig.cmake
[8.963s] -- Installing: /home/noldona/niryo/niryo_two_ros/install/niryo_one_msgs/share/niryo_one_msgs/cmake/niryo_one_msgs__rosidl_typesupport_cExport.cmake
[8.963s] -- Installing: /home/noldona/niryo/niryo_two_ros/install/niryo_one_msgs/share/niryo_one_msgs/cmake/niryo_one_msgs__rosidl_typesupport_cExport-noconfig.cmake
[8.963s] -- Installing: /home/noldona/niryo/niryo_two_ros/install/niryo_one_msgs/share/niryo_one_msgs/cmake/niryo_one_msgs__rosidl_typesupport_introspection_cppExport.cmake
[8.964s] -- Installing: /home/noldona/niryo/niryo_two_ros/install/niryo_one_msgs/share/niryo_one_msgs/cmake/niryo_one_msgs__rosidl_typesupport_introspection_cppExport-noconfig.cmake
[8.964s] -- Installing: /home/noldona/niryo/niryo_two_ros/install/niryo_one_msgs/share/niryo_one_msgs/cmake/niryo_one_msgs__rosidl_typesupport_cppExport.cmake
[8.964s] -- Installing: /home/noldona/niryo/niryo_two_ros/install/niryo_one_msgs/share/niryo_one_msgs/cmake/niryo_one_msgs__rosidl_typesupport_cppExport-noconfig.cmake
[8.964s] -- Installing: /home/noldona/niryo/niryo_two_ros/install/niryo_one_msgs/share/niryo_one_msgs/cmake/export_niryo_one_msgs__rosidl_generator_pyExport.cmake
[8.964s] -- Installing: /home/noldona/niryo/niryo_two_ros/install/niryo_one_msgs/share/niryo_one_msgs/cmake/export_niryo_one_msgs__rosidl_generator_pyExport-noconfig.cmake
[8.964s] -- Installing: /home/noldona/niryo/niryo_two_ros/install/niryo_one_msgs/share/niryo_one_msgs/cmake/rosidl_cmake-extras.cmake
[8.964s] -- Installing: /home/noldona/niryo/niryo_two_ros/install/niryo_one_msgs/share/niryo_one_msgs/cmake/ament_cmake_export_dependencies-extras.cmake
[8.965s] -- Installing: /home/noldona/niryo/niryo_two_ros/install/niryo_one_msgs/share/niryo_one_msgs/cmake/ament_cmake_export_include_directories-extras.cmake
[8.965s] -- Installing: /home/noldona/niryo/niryo_two_ros/install/niryo_one_msgs/share/niryo_one_msgs/cmake/ament_cmake_export_libraries-extras.cmake
[8.965s] -- Installing: /home/noldona/niryo/niryo_two_ros/install/niryo_one_msgs/share/niryo_one_msgs/cmake/ament_cmake_export_targets-extras.cmake
[8.965s] -- Installing: /home/noldona/niryo/niryo_two_ros/install/niryo_one_msgs/share/niryo_one_msgs/cmake/rosidl_cmake_export_typesupport_targets-extras.cmake
[8.965s] -- Installing: /home/noldona/niryo/niryo_two_ros/install/niryo_one_msgs/share/niryo_one_msgs/cmake/rosidl_cmake_export_typesupport_libraries-extras.cmake
[8.965s] -- Installing: /home/noldona/niryo/niryo_two_ros/install/niryo_one_msgs/share/niryo_one_msgs/cmake/niryo_one_msgsConfig.cmake
[8.965s] -- Up-to-date: /home/noldona/niryo/niryo_two_ros/install/niryo_one_msgs/share/niryo_one_msgs/cmake/niryo_one_msgsConfig-version.cmake
[8.966s] -- Installing: /home/noldona/niryo/niryo_two_ros/install/niryo_one_msgs/share/niryo_one_msgs/package.xml
[8.968s] Invoked command in '/home/noldona/niryo/niryo_two_ros/build/niryo_one_msgs' returned '0': CMAKE_PREFIX_PATH=${CMAKE_PREFIX_PATH}:/opt/ros/jazzy DEBUGINFOD_URLS=https://debuginfod.ubuntu.com /usr/bin/cmake --install /home/noldona/niryo/niryo_two_ros/build/niryo_one_msgs
