[0.107s] DEBUG:colcon:Command line arguments: ['/usr/bin/colcon', 'build', '--packages-select', 'niryo_one_msgs']
[0.107s] DEBUG:colcon:Parsed command line arguments: Namespace(log_base=None, log_level=None, verb_name='build', build_base='build', install_base='install', merge_install=False, symlink_install=False, test_result_base=None, continue_on_error=False, executor='parallel', parallel_workers=4, event_handlers=None, ignore_user_meta=False, metas=['./colcon.meta'], base_paths=['.'], packages_ignore=None, packages_ignore_regex=None, paths=None, packages_up_to=None, packages_up_to_regex=None, packages_above=None, packages_above_and_dependencies=None, packages_above_depth=None, packages_select_by_dep=None, packages_skip_by_dep=None, packages_skip_up_to=None, packages_select_build_failed=False, packages_skip_build_finished=False, packages_select_test_failures=False, packages_skip_test_passed=False, packages_select=['niryo_one_msgs'], packages_skip=None, packages_select_regex=None, packages_skip_regex=None, packages_start=None, packages_end=None, allow_overriding=[], cmake_args=None, cmake_target=None, cmake_target_skip_unavailable=False, cmake_clean_cache=False, cmake_clean_first=False, cmake_force_configure=False, ament_cmake_args=None, catkin_cmake_args=None, catkin_skip_building_tests=False, mixin_files=None, mixin=None, verb_parser=<colcon_mixin.mixin.mixin_argument.MixinArgumentDecorator object at 0x706548ab0470>, verb_extension=<colcon_core.verb.build.BuildVerb object at 0x706548a7fec0>, main=<bound method BuildVerb.main of <colcon_core.verb.build.BuildVerb object at 0x706548a7fec0>>, mixin_verb=('build',))
[0.143s] Level 1:colcon.colcon_core.package_discovery:discover_packages(colcon_meta) check parameters
[0.143s] Level 1:colcon.colcon_core.package_discovery:discover_packages(recursive) check parameters
[0.143s] Level 1:colcon.colcon_core.package_discovery:discover_packages(ignore) check parameters
[0.144s] Level 1:colcon.colcon_core.package_discovery:discover_packages(path) check parameters
[0.144s] Level 1:colcon.colcon_core.package_discovery:discover_packages(colcon_meta) discover
[0.144s] Level 1:colcon.colcon_core.package_discovery:discover_packages(recursive) discover
[0.144s] INFO:colcon.colcon_core.package_discovery:Crawling recursively for packages in '/home/noldona/niryo/niryo_two_ros'
[0.144s] Level 1:colcon.colcon_core.package_identification:_identify(.) by extensions ['ignore', 'ignore_ament_install']
[0.144s] Level 1:colcon.colcon_core.package_identification:_identify(.) by extension 'ignore'
[0.144s] Level 1:colcon.colcon_core.package_identification:_identify(.) by extension 'ignore_ament_install'
[0.144s] Level 1:colcon.colcon_core.package_identification:_identify(.) by extensions ['colcon_pkg']
[0.144s] Level 1:colcon.colcon_core.package_identification:_identify(.) by extension 'colcon_pkg'
[0.144s] Level 1:colcon.colcon_core.package_identification:_identify(.) by extensions ['colcon_meta']
[0.144s] Level 1:colcon.colcon_core.package_identification:_identify(.) by extension 'colcon_meta'
[0.144s] Level 1:colcon.colcon_core.package_identification:_identify(.) by extensions ['ros']
[0.144s] Level 1:colcon.colcon_core.package_identification:_identify(.) by extension 'ros'
[0.170s] Level 1:colcon.colcon_core.package_identification:_identify(.) by extensions ['cmake', 'python']
[0.170s] Level 1:colcon.colcon_core.package_identification:_identify(.) by extension 'cmake'
[0.170s] Level 1:colcon.colcon_core.package_identification:_identify(.) by extension 'python'
[0.170s] Level 1:colcon.colcon_core.package_identification:_identify(.) by extensions ['python_setup_py']
[0.170s] Level 1:colcon.colcon_core.package_identification:_identify(.) by extension 'python_setup_py'
[0.170s] Level 1:colcon.colcon_core.package_identification:_identify(build) by extensions ['ignore', 'ignore_ament_install']
[0.170s] Level 1:colcon.colcon_core.package_identification:_identify(build) by extension 'ignore'
[0.170s] Level 1:colcon.colcon_core.package_identification:_identify(build) ignored
[0.171s] Level 1:colcon.colcon_core.package_identification:_identify(install) by extensions ['ignore', 'ignore_ament_install']
[0.171s] Level 1:colcon.colcon_core.package_identification:_identify(install) by extension 'ignore'
[0.171s] Level 1:colcon.colcon_core.package_identification:_identify(install) ignored
[0.171s] Level 1:colcon.colcon_core.package_identification:_identify(log) by extensions ['ignore', 'ignore_ament_install']
[0.171s] Level 1:colcon.colcon_core.package_identification:_identify(log) by extension 'ignore'
[0.171s] Level 1:colcon.colcon_core.package_identification:_identify(log) ignored
[0.171s] Level 1:colcon.colcon_core.package_identification:_identify(src) by extensions ['ignore', 'ignore_ament_install']
[0.171s] Level 1:colcon.colcon_core.package_identification:_identify(src) by extension 'ignore'
[0.171s] Level 1:colcon.colcon_core.package_identification:_identify(src) by extension 'ignore_ament_install'
[0.171s] Level 1:colcon.colcon_core.package_identification:_identify(src) by extensions ['colcon_pkg']
[0.171s] Level 1:colcon.colcon_core.package_identification:_identify(src) by extension 'colcon_pkg'
[0.171s] Level 1:colcon.colcon_core.package_identification:_identify(src) by extensions ['colcon_meta']
[0.171s] Level 1:colcon.colcon_core.package_identification:_identify(src) by extension 'colcon_meta'
[0.172s] Level 1:colcon.colcon_core.package_identification:_identify(src) by extensions ['ros']
[0.172s] Level 1:colcon.colcon_core.package_identification:_identify(src) by extension 'ros'
[0.172s] Level 1:colcon.colcon_core.package_identification:_identify(src) by extensions ['cmake', 'python']
[0.172s] Level 1:colcon.colcon_core.package_identification:_identify(src) by extension 'cmake'
[0.172s] Level 1:colcon.colcon_core.package_identification:_identify(src) by extension 'python'
[0.172s] Level 1:colcon.colcon_core.package_identification:_identify(src) by extensions ['python_setup_py']
[0.172s] Level 1:colcon.colcon_core.package_identification:_identify(src) by extension 'python_setup_py'
[0.172s] Level 1:colcon.colcon_core.package_identification:_identify(src/niryo_one_msgs) by extensions ['ignore', 'ignore_ament_install']
[0.172s] Level 1:colcon.colcon_core.package_identification:_identify(src/niryo_one_msgs) by extension 'ignore'
[0.172s] Level 1:colcon.colcon_core.package_identification:_identify(src/niryo_one_msgs) by extension 'ignore_ament_install'
[0.172s] Level 1:colcon.colcon_core.package_identification:_identify(src/niryo_one_msgs) by extensions ['colcon_pkg']
[0.172s] Level 1:colcon.colcon_core.package_identification:_identify(src/niryo_one_msgs) by extension 'colcon_pkg'
[0.172s] Level 1:colcon.colcon_core.package_identification:_identify(src/niryo_one_msgs) by extensions ['colcon_meta']
[0.172s] Level 1:colcon.colcon_core.package_identification:_identify(src/niryo_one_msgs) by extension 'colcon_meta'
[0.172s] Level 1:colcon.colcon_core.package_identification:_identify(src/niryo_one_msgs) by extensions ['ros']
[0.172s] Level 1:colcon.colcon_core.package_identification:_identify(src/niryo_one_msgs) by extension 'ros'
[0.175s] DEBUG:colcon.colcon_core.package_identification:Package 'src/niryo_one_msgs' with type 'ros.ament_cmake' and name 'niryo_one_msgs'
[0.176s] Level 1:colcon.colcon_core.package_identification:_identify(src/niryo_one_rpi) by extensions ['ignore', 'ignore_ament_install']
[0.176s] Level 1:colcon.colcon_core.package_identification:_identify(src/niryo_one_rpi) by extension 'ignore'
[0.176s] Level 1:colcon.colcon_core.package_identification:_identify(src/niryo_one_rpi) by extension 'ignore_ament_install'
[0.176s] Level 1:colcon.colcon_core.package_identification:_identify(src/niryo_one_rpi) by extensions ['colcon_pkg']
[0.176s] Level 1:colcon.colcon_core.package_identification:_identify(src/niryo_one_rpi) by extension 'colcon_pkg'
[0.176s] Level 1:colcon.colcon_core.package_identification:_identify(src/niryo_one_rpi) by extensions ['colcon_meta']
[0.176s] Level 1:colcon.colcon_core.package_identification:_identify(src/niryo_one_rpi) by extension 'colcon_meta'
[0.176s] Level 1:colcon.colcon_core.package_identification:_identify(src/niryo_one_rpi) by extensions ['ros']
[0.176s] Level 1:colcon.colcon_core.package_identification:_identify(src/niryo_one_rpi) by extension 'ros'
[0.177s] DEBUG:colcon.colcon_core.package_identification:Package 'src/niryo_one_rpi' with type 'ros.ament_python' and name 'niryo_one_rpi'
[0.177s] Level 1:colcon.colcon_core.package_discovery:discover_packages(recursive) using defaults
[0.177s] Level 1:colcon.colcon_core.package_discovery:discover_packages(ignore) discover
[0.177s] Level 1:colcon.colcon_core.package_discovery:discover_packages(ignore) using defaults
[0.177s] Level 1:colcon.colcon_core.package_discovery:discover_packages(path) discover
[0.177s] Level 1:colcon.colcon_core.package_discovery:discover_packages(path) using defaults
[0.195s] INFO:colcon.colcon_core.package_selection:Skipping not selected package 'niryo_one_rpi' in 'src/niryo_one_rpi'
[0.196s] Level 1:colcon.colcon_core.package_discovery:discover_packages(prefix_path) check parameters
[0.196s] Level 1:colcon.colcon_core.package_discovery:discover_packages(prefix_path) discover
[0.199s] DEBUG:colcon.colcon_installed_package_information.package_discovery:Found 332 installed packages in /opt/ros/jazzy
[0.200s] Level 1:colcon.colcon_core.package_discovery:discover_packages(prefix_path) using defaults
[0.248s] Level 5:colcon.colcon_core.verb:set package 'niryo_one_msgs' build argument 'cmake_args' from command line to 'None'
[0.248s] Level 5:colcon.colcon_core.verb:set package 'niryo_one_msgs' build argument 'cmake_target' from command line to 'None'
[0.248s] Level 5:colcon.colcon_core.verb:set package 'niryo_one_msgs' build argument 'cmake_target_skip_unavailable' from command line to 'False'
[0.249s] Level 5:colcon.colcon_core.verb:set package 'niryo_one_msgs' build argument 'cmake_clean_cache' from command line to 'False'
[0.249s] Level 5:colcon.colcon_core.verb:set package 'niryo_one_msgs' build argument 'cmake_clean_first' from command line to 'False'
[0.249s] Level 5:colcon.colcon_core.verb:set package 'niryo_one_msgs' build argument 'cmake_force_configure' from command line to 'False'
[0.249s] Level 5:colcon.colcon_core.verb:set package 'niryo_one_msgs' build argument 'ament_cmake_args' from command line to 'None'
[0.249s] Level 5:colcon.colcon_core.verb:set package 'niryo_one_msgs' build argument 'catkin_cmake_args' from command line to 'None'
[0.249s] Level 5:colcon.colcon_core.verb:set package 'niryo_one_msgs' build argument 'catkin_skip_building_tests' from command line to 'False'
[0.249s] DEBUG:colcon.colcon_core.verb:Building package 'niryo_one_msgs' with the following arguments: {'ament_cmake_args': None, 'build_base': '/home/noldona/niryo/niryo_two_ros/build/niryo_one_msgs', 'catkin_cmake_args': None, 'catkin_skip_building_tests': False, 'cmake_args': None, 'cmake_clean_cache': False, 'cmake_clean_first': False, 'cmake_force_configure': False, 'cmake_target': None, 'cmake_target_skip_unavailable': False, 'install_base': '/home/noldona/niryo/niryo_two_ros/install/niryo_one_msgs', 'merge_install': False, 'path': '/home/noldona/niryo/niryo_two_ros/src/niryo_one_msgs', 'symlink_install': False, 'test_result_base': None}
[0.249s] INFO:colcon.colcon_core.executor:Executing jobs using 'parallel' executor
[0.250s] DEBUG:colcon.colcon_parallel_executor.executor.parallel:run_until_complete
[0.250s] INFO:colcon.colcon_ros.task.ament_cmake.build:Building ROS package in '/home/noldona/niryo/niryo_two_ros/src/niryo_one_msgs' with build type 'ament_cmake'
[0.250s] INFO:colcon.colcon_cmake.task.cmake.build:Building CMake package in '/home/noldona/niryo/niryo_two_ros/src/niryo_one_msgs'
[0.252s] INFO:colcon.colcon_core.plugin_system:Skipping extension 'colcon_core.shell.bat': Not used on non-Windows systems
[0.252s] INFO:colcon.colcon_core.shell:Skip shell extension 'powershell' for command environment: Not usable outside of PowerShell
[0.252s] DEBUG:colcon.colcon_core.shell:Skip shell extension 'dsv' for command environment
[0.261s] DEBUG:colcon.colcon_core.event_handler.log_command:Invoking command in '/home/noldona/niryo/niryo_two_ros/build/niryo_one_msgs': CMAKE_PREFIX_PATH=${CMAKE_PREFIX_PATH}:/opt/ros/jazzy DEBUGINFOD_URLS=https://debuginfod.ubuntu.com /usr/bin/cmake --build /home/noldona/niryo/niryo_two_ros/build/niryo_one_msgs -- -j4 -l4
[30.132s] DEBUG:colcon.colcon_core.event_handler.log_command:Invoked command in '/home/noldona/niryo/niryo_two_ros/build/niryo_one_msgs' returned '0': CMAKE_PREFIX_PATH=${CMAKE_PREFIX_PATH}:/opt/ros/jazzy DEBUGINFOD_URLS=https://debuginfod.ubuntu.com /usr/bin/cmake --build /home/noldona/niryo/niryo_two_ros/build/niryo_one_msgs -- -j4 -l4
[30.652s] DEBUG:colcon.colcon_core.event_handler.log_command:Invoking command in '/home/noldona/niryo/niryo_two_ros/build/niryo_one_msgs': CMAKE_PREFIX_PATH=${CMAKE_PREFIX_PATH}:/opt/ros/jazzy DEBUGINFOD_URLS=https://debuginfod.ubuntu.com /usr/bin/cmake --install /home/noldona/niryo/niryo_two_ros/build/niryo_one_msgs
[30.840s] Level 1:colcon.colcon_core.environment:create_environment_scripts_only(niryo_one_msgs)
[30.840s] DEBUG:colcon.colcon_core.event_handler.log_command:Invoked command in '/home/noldona/niryo/niryo_two_ros/build/niryo_one_msgs' returned '0': CMAKE_PREFIX_PATH=${CMAKE_PREFIX_PATH}:/opt/ros/jazzy DEBUGINFOD_URLS=https://debuginfod.ubuntu.com /usr/bin/cmake --install /home/noldona/niryo/niryo_two_ros/build/niryo_one_msgs
[30.842s] Level 1:colcon.colcon_core.environment:checking '/home/noldona/niryo/niryo_two_ros/install/niryo_one_msgs' for CMake module files
[30.843s] Level 1:colcon.colcon_core.environment:checking '/home/noldona/niryo/niryo_two_ros/install/niryo_one_msgs' for CMake config files
[30.844s] Level 1:colcon.colcon_core.shell:create_environment_hook('niryo_one_msgs', 'cmake_prefix_path')
[30.844s] INFO:colcon.colcon_core.shell:Creating environment hook '/home/noldona/niryo/niryo_two_ros/install/niryo_one_msgs/share/niryo_one_msgs/hook/cmake_prefix_path.ps1'
[30.845s] INFO:colcon.colcon_core.shell:Creating environment descriptor '/home/noldona/niryo/niryo_two_ros/install/niryo_one_msgs/share/niryo_one_msgs/hook/cmake_prefix_path.dsv'
[30.845s] INFO:colcon.colcon_core.shell:Creating environment hook '/home/noldona/niryo/niryo_two_ros/install/niryo_one_msgs/share/niryo_one_msgs/hook/cmake_prefix_path.sh'
[30.846s] Level 1:colcon.colcon_core.environment:checking '/home/noldona/niryo/niryo_two_ros/install/niryo_one_msgs/lib'
[30.846s] Level 1:colcon.colcon_core.shell:create_environment_hook('niryo_one_msgs', 'ld_library_path_lib')
[30.847s] INFO:colcon.colcon_core.shell:Creating environment hook '/home/noldona/niryo/niryo_two_ros/install/niryo_one_msgs/share/niryo_one_msgs/hook/ld_library_path_lib.ps1'
[30.847s] INFO:colcon.colcon_core.shell:Creating environment descriptor '/home/noldona/niryo/niryo_two_ros/install/niryo_one_msgs/share/niryo_one_msgs/hook/ld_library_path_lib.dsv'
[30.847s] INFO:colcon.colcon_core.shell:Creating environment hook '/home/noldona/niryo/niryo_two_ros/install/niryo_one_msgs/share/niryo_one_msgs/hook/ld_library_path_lib.sh'
[30.848s] Level 1:colcon.colcon_core.environment:checking '/home/noldona/niryo/niryo_two_ros/install/niryo_one_msgs/bin'
[30.848s] Level 1:colcon.colcon_core.environment:checking '/home/noldona/niryo/niryo_two_ros/install/niryo_one_msgs/lib/pkgconfig/niryo_one_msgs.pc'
[30.848s] Level 1:colcon.colcon_core.environment:checking '/home/noldona/niryo/niryo_two_ros/install/niryo_one_msgs/lib/python3.12/site-packages'
[30.848s] Level 1:colcon.colcon_core.shell:create_environment_hook('niryo_one_msgs', 'pythonpath')
[30.849s] INFO:colcon.colcon_core.shell:Creating environment hook '/home/noldona/niryo/niryo_two_ros/install/niryo_one_msgs/share/niryo_one_msgs/hook/pythonpath.ps1'
[30.849s] INFO:colcon.colcon_core.shell:Creating environment descriptor '/home/noldona/niryo/niryo_two_ros/install/niryo_one_msgs/share/niryo_one_msgs/hook/pythonpath.dsv'
[30.849s] INFO:colcon.colcon_core.shell:Creating environment hook '/home/noldona/niryo/niryo_two_ros/install/niryo_one_msgs/share/niryo_one_msgs/hook/pythonpath.sh'
[30.850s] Level 1:colcon.colcon_core.environment:checking '/home/noldona/niryo/niryo_two_ros/install/niryo_one_msgs/bin'
[30.850s] INFO:colcon.colcon_core.shell:Creating package script '/home/noldona/niryo/niryo_two_ros/install/niryo_one_msgs/share/niryo_one_msgs/package.ps1'
[30.851s] INFO:colcon.colcon_core.shell:Creating package descriptor '/home/noldona/niryo/niryo_two_ros/install/niryo_one_msgs/share/niryo_one_msgs/package.dsv'
[30.852s] INFO:colcon.colcon_core.shell:Creating package script '/home/noldona/niryo/niryo_two_ros/install/niryo_one_msgs/share/niryo_one_msgs/package.sh'
[30.853s] INFO:colcon.colcon_core.shell:Creating package script '/home/noldona/niryo/niryo_two_ros/install/niryo_one_msgs/share/niryo_one_msgs/package.bash'
[30.853s] INFO:colcon.colcon_core.shell:Creating package script '/home/noldona/niryo/niryo_two_ros/install/niryo_one_msgs/share/niryo_one_msgs/package.zsh'
[30.854s] Level 1:colcon.colcon_core.environment:create_file_with_runtime_dependencies(/home/noldona/niryo/niryo_two_ros/install/niryo_one_msgs/share/colcon-core/packages/niryo_one_msgs)
[31.371s] Level 1:colcon.colcon_core.environment:create_environment_scripts_only(niryo_one_msgs)
[31.372s] Level 1:colcon.colcon_core.environment:checking '/home/noldona/niryo/niryo_two_ros/install/niryo_one_msgs' for CMake module files
[31.373s] Level 1:colcon.colcon_core.environment:checking '/home/noldona/niryo/niryo_two_ros/install/niryo_one_msgs' for CMake config files
[31.374s] Level 1:colcon.colcon_core.shell:create_environment_hook('niryo_one_msgs', 'cmake_prefix_path')
[31.374s] INFO:colcon.colcon_core.shell:Creating environment hook '/home/noldona/niryo/niryo_two_ros/install/niryo_one_msgs/share/niryo_one_msgs/hook/cmake_prefix_path.ps1'
[31.374s] INFO:colcon.colcon_core.shell:Creating environment descriptor '/home/noldona/niryo/niryo_two_ros/install/niryo_one_msgs/share/niryo_one_msgs/hook/cmake_prefix_path.dsv'
[31.375s] INFO:colcon.colcon_core.shell:Creating environment hook '/home/noldona/niryo/niryo_two_ros/install/niryo_one_msgs/share/niryo_one_msgs/hook/cmake_prefix_path.sh'
[31.376s] Level 1:colcon.colcon_core.environment:checking '/home/noldona/niryo/niryo_two_ros/install/niryo_one_msgs/lib'
[31.376s] Level 1:colcon.colcon_core.shell:create_environment_hook('niryo_one_msgs', 'ld_library_path_lib')
[31.376s] INFO:colcon.colcon_core.shell:Creating environment hook '/home/noldona/niryo/niryo_two_ros/install/niryo_one_msgs/share/niryo_one_msgs/hook/ld_library_path_lib.ps1'
[31.377s] INFO:colcon.colcon_core.shell:Creating environment descriptor '/home/noldona/niryo/niryo_two_ros/install/niryo_one_msgs/share/niryo_one_msgs/hook/ld_library_path_lib.dsv'
[31.377s] INFO:colcon.colcon_core.shell:Creating environment hook '/home/noldona/niryo/niryo_two_ros/install/niryo_one_msgs/share/niryo_one_msgs/hook/ld_library_path_lib.sh'
[31.377s] Level 1:colcon.colcon_core.environment:checking '/home/noldona/niryo/niryo_two_ros/install/niryo_one_msgs/bin'
[31.377s] Level 1:colcon.colcon_core.environment:checking '/home/noldona/niryo/niryo_two_ros/install/niryo_one_msgs/lib/pkgconfig/niryo_one_msgs.pc'
[31.378s] Level 1:colcon.colcon_core.environment:checking '/home/noldona/niryo/niryo_two_ros/install/niryo_one_msgs/lib/python3.12/site-packages'
[31.378s] Level 1:colcon.colcon_core.shell:create_environment_hook('niryo_one_msgs', 'pythonpath')
[31.378s] INFO:colcon.colcon_core.shell:Creating environment hook '/home/noldona/niryo/niryo_two_ros/install/niryo_one_msgs/share/niryo_one_msgs/hook/pythonpath.ps1'
[31.379s] INFO:colcon.colcon_core.shell:Creating environment descriptor '/home/noldona/niryo/niryo_two_ros/install/niryo_one_msgs/share/niryo_one_msgs/hook/pythonpath.dsv'
[31.379s] INFO:colcon.colcon_core.shell:Creating environment hook '/home/noldona/niryo/niryo_two_ros/install/niryo_one_msgs/share/niryo_one_msgs/hook/pythonpath.sh'
[31.380s] Level 1:colcon.colcon_core.environment:checking '/home/noldona/niryo/niryo_two_ros/install/niryo_one_msgs/bin'
[31.380s] INFO:colcon.colcon_core.shell:Creating package script '/home/noldona/niryo/niryo_two_ros/install/niryo_one_msgs/share/niryo_one_msgs/package.ps1'
[31.381s] INFO:colcon.colcon_core.shell:Creating package descriptor '/home/noldona/niryo/niryo_two_ros/install/niryo_one_msgs/share/niryo_one_msgs/package.dsv'
[31.382s] INFO:colcon.colcon_core.shell:Creating package script '/home/noldona/niryo/niryo_two_ros/install/niryo_one_msgs/share/niryo_one_msgs/package.sh'
[31.382s] INFO:colcon.colcon_core.shell:Creating package script '/home/noldona/niryo/niryo_two_ros/install/niryo_one_msgs/share/niryo_one_msgs/package.bash'
[31.383s] INFO:colcon.colcon_core.shell:Creating package script '/home/noldona/niryo/niryo_two_ros/install/niryo_one_msgs/share/niryo_one_msgs/package.zsh'
[31.383s] Level 1:colcon.colcon_core.environment:create_file_with_runtime_dependencies(/home/noldona/niryo/niryo_two_ros/install/niryo_one_msgs/share/colcon-core/packages/niryo_one_msgs)
[31.383s] DEBUG:colcon.colcon_parallel_executor.executor.parallel:closing loop
[31.384s] DEBUG:colcon.colcon_parallel_executor.executor.parallel:loop closed
[31.384s] DEBUG:colcon.colcon_parallel_executor.executor.parallel:run_until_complete finished with '0'
[31.384s] DEBUG:colcon.colcon_core.event_reactor:joining thread
[31.390s] INFO:colcon.colcon_core.plugin_system:Skipping extension 'colcon_notification.desktop_notification.terminal_notifier': Not used on non-Darwin systems
[31.390s] INFO:colcon.colcon_core.plugin_system:Skipping extension 'colcon_notification.desktop_notification.win32': Not used on non-Windows systems
[31.390s] INFO:colcon.colcon_notification.desktop_notification:Sending desktop notification using 'notify2'
[31.391s] DEBUG:colcon.colcon_notification.desktop_notification.notify2:Failed to initialize notify2: org.freedesktop.DBus.Error.ServiceUnknown: The name org.freedesktop.Notifications was not provided by any .service files
[31.391s] DEBUG:colcon.colcon_core.event_reactor:joined thread
[31.391s] INFO:colcon.colcon_core.shell:Creating prefix script '/home/noldona/niryo/niryo_two_ros/install/local_setup.ps1'
[31.392s] INFO:colcon.colcon_core.shell:Creating prefix util module '/home/noldona/niryo/niryo_two_ros/install/_local_setup_util_ps1.py'
[31.393s] INFO:colcon.colcon_core.shell:Creating prefix chain script '/home/noldona/niryo/niryo_two_ros/install/setup.ps1'
[31.394s] INFO:colcon.colcon_core.shell:Creating prefix script '/home/noldona/niryo/niryo_two_ros/install/local_setup.sh'
[31.395s] INFO:colcon.colcon_core.shell:Creating prefix util module '/home/noldona/niryo/niryo_two_ros/install/_local_setup_util_sh.py'
[31.396s] INFO:colcon.colcon_core.shell:Creating prefix chain script '/home/noldona/niryo/niryo_two_ros/install/setup.sh'
[31.397s] INFO:colcon.colcon_core.shell:Creating prefix script '/home/noldona/niryo/niryo_two_ros/install/local_setup.bash'
[31.397s] INFO:colcon.colcon_core.shell:Creating prefix chain script '/home/noldona/niryo/niryo_two_ros/install/setup.bash'
[31.398s] INFO:colcon.colcon_core.shell:Creating prefix script '/home/noldona/niryo/niryo_two_ros/install/local_setup.zsh'
[31.399s] INFO:colcon.colcon_core.shell:Creating prefix chain script '/home/noldona/niryo/niryo_two_ros/install/setup.zsh'
