[0.029s] Invoking command in '/home/noldona/niryo/niryo_two_ros/build/niryo_one_msgs': DEBUGINFOD_URLS=https://debuginfod.ubuntu.com /usr/bin/cmake /home/noldona/niryo/niryo_two_ros/src/niryo_one_msgs -DCMAKE_INSTALL_PREFIX=/home/noldona/niryo/niryo_two_ros/install/niryo_one_msgs
[0.144s] -- Found ament_cmake: 2.5.2 (/opt/ros/jazzy/share/ament_cmake/cmake)
[0.554s] -- Found std_msgs: 5.3.5 (/opt/ros/jazzy/share/std_msgs/cmake)
[0.659s] -- Found rosidl_generator_c: 4.6.4 (/opt/ros/jazzy/share/rosidl_generator_c/cmake)
[0.684s] -- Found rosidl_generator_cpp: 4.6.4 (/opt/ros/jazzy/share/rosidl_generator_cpp/cmake)
[0.716s] -- Using all available rosidl_typesupport_c: rosidl_typesupport_fastrtps_c;rosidl_typesupport_introspection_c
[0.757s] -- Using all available rosidl_typesupport_cpp: rosidl_typesupport_fastrtps_cpp;rosidl_typesupport_introspection_cpp
[0.865s] -- Found geometry_msgs: 5.3.5 (/opt/ros/jazzy/share/geometry_msgs/cmake)
[0.907s] [0mCMake Deprecation Warning at /opt/ros/jazzy/share/actionlib_msgs/cmake/actionlib_msgsConfig.cmake:31 (message):
[0.907s]   Package 'actionlib_msgs' is deprecated (This package will be removed in a
[0.907s]   future ROS distro, once the ROS 1 bridge supports actions.)
[0.907s] Call Stack (most recent call first):
[0.908s]   CMakeLists.txt:14 (find_package)
[0.908s] 
[0.908s] [0m
[0.908s] -- Found actionlib_msgs: 5.3.5 (/opt/ros/jazzy/share/actionlib_msgs/cmake)
[0.988s] -- Configuring incomplete, errors occurred!
[0.988s] [31mCMake Error at CMakeLists.txt:15 (find_package):
[0.988s]   By not providing "Findmoveit_msgs.cmake" in CMAKE_MODULE_PATH this project
[0.989s]   has asked CMake to find a package configuration file provided by
[0.990s]   "moveit_msgs", but CMake did not find one.
[0.990s] 
[0.990s]   Could not find a package configuration file provided by "moveit_msgs" with
[0.990s]   any of the following names:
[0.990s] 
[0.990s]     moveit_msgsConfig.cmake
[0.992s]     moveit_msgs-config.cmake
[0.992s] 
[0.992s]   Add the installation prefix of "moveit_msgs" to CMAKE_PREFIX_PATH or set
[0.992s]   "moveit_msgs_DIR" to a directory containing one of the above files.  If
[0.993s]   "moveit_msgs" provides a separate development package or SDK, be sure it
[0.993s]   has been installed.
[0.993s] 
[0.993s] [0m
[0.998s] Invoked command in '/home/noldona/niryo/niryo_two_ros/build/niryo_one_msgs' returned '1': DEBUGINFOD_URLS=https://debuginfod.ubuntu.com /usr/bin/cmake /home/noldona/niryo/niryo_two_ros/src/niryo_one_msgs -DCMAKE_INSTALL_PREFIX=/home/noldona/niryo/niryo_two_ros/install/niryo_one_msgs
