[0.015s] Invoking command in '/home/noldona/niryo/niryo_two_ros/build/niryo_one_msgs': DEBUGINFOD_URLS=https://debuginfod.ubuntu.com /usr/bin/cmake /home/noldona/niryo/niryo_two_ros/src/niryo_one_msgs -DCMAKE_INSTALL_PREFIX=/home/noldona/niryo/niryo_two_ros/install/niryo_one_msgs
[0.031s] -- Found ament_cmake: 2.5.2 (/opt/ros/jazzy/share/ament_cmake/cmake)
[0.257s] -- Found rosidl_default_generators: 1.6.0 (/opt/ros/jazzy/share/rosidl_default_generators/cmake)
[0.262s] -- Using all available rosidl_typesupport_c: rosidl_typesupport_fastrtps_c;rosidl_typesupport_introspection_c
[0.300s] -- Using all available rosidl_typesupport_cpp: rosidl_typesupport_fastrtps_cpp;rosidl_typesupport_introspection_cpp
[0.345s] -- Found rosidl_adapter: 4.6.4 (/opt/ros/jazzy/share/rosidl_adapter/cmake)
[0.349s] -- Found std_msgs: 5.3.5 (/opt/ros/jazzy/share/std_msgs/cmake)
[0.382s] -- Found geometry_msgs: 5.3.5 (/opt/ros/jazzy/share/geometry_msgs/cmake)
[0.400s] -- Found moveit_msgs: 2.5.0 (/opt/ros/jazzy/share/moveit_msgs/cmake)
[1.084s] [31mCMake Error at /opt/ros/jazzy/share/rosidl_adapter/cmake/rosidl_adapt_interfaces.cmake:57 (message):
[1.085s]   execute_process(/usr/bin/python3 -m rosidl_adapter --package-name
[1.085s]   niryo_one_msgs --arguments-file
[1.085s]   /home/noldona/niryo/niryo_two_ros/build/niryo_one_msgs/rosidl_adapter__arguments__niryo_one_msgs.json
[1.085s]   --output-dir
[1.085s]   /home/noldona/niryo/niryo_two_ros/build/niryo_one_msgs/rosidl_adapter/niryo_one_msgs
[1.085s]   --output-file
[1.085s]   /home/noldona/niryo/niryo_two_ros/build/niryo_one_msgs/rosidl_adapter/niryo_one_msgs.idls)
[1.085s]   returned error code 1:
[1.085s] 
[1.085s]   Error processing 'niryo_one_msgs/TrajectoryPlan Trajectory' of
[1.086s]   'niryo_one_msgs/RobotMoveCommand': ''Trajectory' is an invalid field name.
[1.086s]   It should have the pattern '^(?!.*__)(?!.*_$)[a-z][a-z0-9_]*$''
[1.086s] 
[1.086s]   Traceback (most recent call last):
[1.086s] 
[1.086s]     File "<frozen runpy>", line 198, in _run_module_as_main
[1.086s]     File "<frozen runpy>", line 88, in _run_code
[1.086s]     File "/opt/ros/jazzy/lib/python3.12/site-packages/rosidl_adapter/__main__.py", line 19, in <module>
[1.086s]       sys.exit(main())
[1.086s]                ^^^^^^
[1.087s]     File "/opt/ros/jazzy/lib/python3.12/site-packages/rosidl_adapter/main.py", line 53, in main
[1.087s]       abs_idl_file = convert_to_idl(
[1.087s]                      ^^^^^^^^^^^^^^^
[1.087s]     File "/opt/ros/jazzy/lib/python3.12/site-packages/rosidl_adapter/__init__.py", line 19, in convert_to_idl
[1.087s]       return convert_msg_to_idl(
[1.087s]              ^^^^^^^^^^^^^^^^^^^
[1.087s]     File "/opt/ros/jazzy/lib/python3.12/site-packages/rosidl_adapter/msg/__init__.py", line 28, in convert_msg_to_idl
[1.087s]       msg = parse_message_string(package_name, input_file.stem, content)
[1.087s]             ^^^^^^^^^^^^^^^^^^^^^^^^^^^^^^^^^^^^^^^^^^^^^^^^^^^^^^^^^^^^
[1.087s]     File "/opt/ros/jazzy/lib/python3.12/site-packages/rosidl_adapter/parser.py", line 520, in parse_message_string
[1.088s]       fields.append(Field(
[1.088s]                     ^^^^^^
[1.088s]     File "/opt/ros/jazzy/lib/python3.12/site-packages/rosidl_adapter/parser.py", line 355, in __init__
[1.088s]       raise NameError(
[1.088s] 
[1.088s]   NameError: 'Trajectory' is an invalid field name.  It should have the
[1.088s]   pattern '^(?!.*__)(?!.*_$)[a-z][a-z0-9_]*$'
[1.088s] 
[1.088s] Call Stack (most recent call first):
[1.088s]   /opt/ros/jazzy/share/rosidl_cmake/cmake/rosidl_generate_interfaces.cmake:132 (rosidl_adapt_interfaces)
[1.089s]   CMakeLists.txt:18 (rosidl_generate_interfaces)
[1.089s] 
[1.089s] [0m
[1.089s] -- Configuring incomplete, errors occurred!
[1.093s] Invoked command in '/home/noldona/niryo/niryo_two_ros/build/niryo_one_msgs' returned '1': DEBUGINFOD_URLS=https://debuginfod.ubuntu.com /usr/bin/cmake /home/noldona/niryo/niryo_two_ros/src/niryo_one_msgs -DCMAKE_INSTALL_PREFIX=/home/noldona/niryo/niryo_two_ros/install/niryo_one_msgs
