[0.351s] DEBUG:colcon:Command line arguments: ['/usr/bin/colcon', 'build']
[0.351s] DEBUG:colcon:Parsed command line arguments: Namespace(log_base=None, log_level=None, verb_name='build', build_base='build', install_base='install', merge_install=False, symlink_install=False, test_result_base=None, continue_on_error=False, executor='parallel', parallel_workers=4, event_handlers=None, ignore_user_meta=False, metas=['./colcon.meta'], base_paths=['.'], packages_ignore=None, packages_ignore_regex=None, paths=None, packages_up_to=None, packages_up_to_regex=None, packages_above=None, packages_above_and_dependencies=None, packages_above_depth=None, packages_select_by_dep=None, packages_skip_by_dep=None, packages_skip_up_to=None, packages_select_build_failed=False, packages_skip_build_finished=False, packages_select_test_failures=False, packages_skip_test_passed=False, packages_select=None, packages_skip=None, packages_select_regex=None, packages_skip_regex=None, packages_start=None, packages_end=None, allow_overriding=[], cmake_args=None, cmake_target=None, cmake_target_skip_unavailable=False, cmake_clean_cache=False, cmake_clean_first=False, cmake_force_configure=False, ament_cmake_args=None, catkin_cmake_args=None, catkin_skip_building_tests=False, mixin_files=None, mixin=None, verb_parser=<colcon_mixin.mixin.mixin_argument.MixinArgumentDecorator object at 0x72081537b980>, verb_extension=<colcon_core.verb.build.BuildVerb object at 0x72081537b350>, main=<bound method BuildVerb.main of <colcon_core.verb.build.BuildVerb object at 0x72081537b350>>, mixin_verb=('build',))
[0.444s] Level 1:colcon.colcon_core.package_discovery:discover_packages(colcon_meta) check parameters
[0.444s] Level 1:colcon.colcon_core.package_discovery:discover_packages(recursive) check parameters
[0.444s] Level 1:colcon.colcon_core.package_discovery:discover_packages(ignore) check parameters
[0.444s] Level 1:colcon.colcon_core.package_discovery:discover_packages(path) check parameters
[0.444s] Level 1:colcon.colcon_core.package_discovery:discover_packages(colcon_meta) discover
[0.444s] Level 1:colcon.colcon_core.package_discovery:discover_packages(recursive) discover
[0.444s] INFO:colcon.colcon_core.package_discovery:Crawling recursively for packages in '/home/noldona/niryo/niryo_two_ros'
[0.444s] Level 1:colcon.colcon_core.package_identification:_identify(.) by extensions ['ignore', 'ignore_ament_install']
[0.445s] Level 1:colcon.colcon_core.package_identification:_identify(.) by extension 'ignore'
[0.445s] Level 1:colcon.colcon_core.package_identification:_identify(.) by extension 'ignore_ament_install'
[0.445s] Level 1:colcon.colcon_core.package_identification:_identify(.) by extensions ['colcon_pkg']
[0.445s] Level 1:colcon.colcon_core.package_identification:_identify(.) by extension 'colcon_pkg'
[0.445s] Level 1:colcon.colcon_core.package_identification:_identify(.) by extensions ['colcon_meta']
[0.445s] Level 1:colcon.colcon_core.package_identification:_identify(.) by extension 'colcon_meta'
[0.445s] Level 1:colcon.colcon_core.package_identification:_identify(.) by extensions ['ros']
[0.445s] Level 1:colcon.colcon_core.package_identification:_identify(.) by extension 'ros'
[0.491s] Level 1:colcon.colcon_core.package_identification:_identify(.) by extensions ['cmake', 'python']
[0.492s] Level 1:colcon.colcon_core.package_identification:_identify(.) by extension 'cmake'
[0.492s] Level 1:colcon.colcon_core.package_identification:_identify(.) by extension 'python'
[0.492s] Level 1:colcon.colcon_core.package_identification:_identify(.) by extensions ['python_setup_py']
[0.492s] Level 1:colcon.colcon_core.package_identification:_identify(.) by extension 'python_setup_py'
[0.492s] Level 1:colcon.colcon_core.package_identification:_identify(build) by extensions ['ignore', 'ignore_ament_install']
[0.492s] Level 1:colcon.colcon_core.package_identification:_identify(build) by extension 'ignore'
[0.492s] Level 1:colcon.colcon_core.package_identification:_identify(build) ignored
[0.492s] Level 1:colcon.colcon_core.package_identification:_identify(install) by extensions ['ignore', 'ignore_ament_install']
[0.493s] Level 1:colcon.colcon_core.package_identification:_identify(install) by extension 'ignore'
[0.493s] Level 1:colcon.colcon_core.package_identification:_identify(install) ignored
[0.493s] Level 1:colcon.colcon_core.package_identification:_identify(log) by extensions ['ignore', 'ignore_ament_install']
[0.493s] Level 1:colcon.colcon_core.package_identification:_identify(log) by extension 'ignore'
[0.493s] Level 1:colcon.colcon_core.package_identification:_identify(log) ignored
[0.493s] Level 1:colcon.colcon_core.package_identification:_identify(src) by extensions ['ignore', 'ignore_ament_install']
[0.493s] Level 1:colcon.colcon_core.package_identification:_identify(src) by extension 'ignore'
[0.493s] Level 1:colcon.colcon_core.package_identification:_identify(src) by extension 'ignore_ament_install'
[0.494s] Level 1:colcon.colcon_core.package_identification:_identify(src) by extensions ['colcon_pkg']
[0.494s] Level 1:colcon.colcon_core.package_identification:_identify(src) by extension 'colcon_pkg'
[0.494s] Level 1:colcon.colcon_core.package_identification:_identify(src) by extensions ['colcon_meta']
[0.494s] Level 1:colcon.colcon_core.package_identification:_identify(src) by extension 'colcon_meta'
[0.494s] Level 1:colcon.colcon_core.package_identification:_identify(src) by extensions ['ros']
[0.494s] Level 1:colcon.colcon_core.package_identification:_identify(src) by extension 'ros'
[0.494s] Level 1:colcon.colcon_core.package_identification:_identify(src) by extensions ['cmake', 'python']
[0.494s] Level 1:colcon.colcon_core.package_identification:_identify(src) by extension 'cmake'
[0.494s] Level 1:colcon.colcon_core.package_identification:_identify(src) by extension 'python'
[0.494s] Level 1:colcon.colcon_core.package_identification:_identify(src) by extensions ['python_setup_py']
[0.494s] Level 1:colcon.colcon_core.package_identification:_identify(src) by extension 'python_setup_py'
[0.494s] Level 1:colcon.colcon_core.package_identification:_identify(src/niryo_one) by extensions ['ignore', 'ignore_ament_install']
[0.495s] Level 1:colcon.colcon_core.package_identification:_identify(src/niryo_one) by extension 'ignore'
[0.495s] Level 1:colcon.colcon_core.package_identification:_identify(src/niryo_one) by extension 'ignore_ament_install'
[0.495s] Level 1:colcon.colcon_core.package_identification:_identify(src/niryo_one) by extensions ['colcon_pkg']
[0.495s] Level 1:colcon.colcon_core.package_identification:_identify(src/niryo_one) by extension 'colcon_pkg'
[0.495s] Level 1:colcon.colcon_core.package_identification:_identify(src/niryo_one) by extensions ['colcon_meta']
[0.495s] Level 1:colcon.colcon_core.package_identification:_identify(src/niryo_one) by extension 'colcon_meta'
[0.495s] Level 1:colcon.colcon_core.package_identification:_identify(src/niryo_one) by extensions ['ros']
[0.495s] Level 1:colcon.colcon_core.package_identification:_identify(src/niryo_one) by extension 'ros'
[0.499s] DEBUG:colcon.colcon_core.package_identification:Package 'src/niryo_one' with type 'ros.ament_cmake' and name 'niryo_one'
[0.499s] Level 1:colcon.colcon_core.package_identification:_identify(src/niryo_one_bringup) by extensions ['ignore', 'ignore_ament_install']
[0.499s] Level 1:colcon.colcon_core.package_identification:_identify(src/niryo_one_bringup) by extension 'ignore'
[0.499s] Level 1:colcon.colcon_core.package_identification:_identify(src/niryo_one_bringup) by extension 'ignore_ament_install'
[0.500s] Level 1:colcon.colcon_core.package_identification:_identify(src/niryo_one_bringup) by extensions ['colcon_pkg']
[0.500s] Level 1:colcon.colcon_core.package_identification:_identify(src/niryo_one_bringup) by extension 'colcon_pkg'
[0.500s] Level 1:colcon.colcon_core.package_identification:_identify(src/niryo_one_bringup) by extensions ['colcon_meta']
[0.500s] Level 1:colcon.colcon_core.package_identification:_identify(src/niryo_one_bringup) by extension 'colcon_meta'
[0.500s] Level 1:colcon.colcon_core.package_identification:_identify(src/niryo_one_bringup) by extensions ['ros']
[0.500s] Level 1:colcon.colcon_core.package_identification:_identify(src/niryo_one_bringup) by extension 'ros'
[0.501s] DEBUG:colcon.colcon_core.package_identification:Package 'src/niryo_one_bringup' with type 'ros.ament_cmake' and name 'niryo_one_bringup'
[0.501s] Level 1:colcon.colcon_core.package_identification:_identify(src/niryo_one_camera) by extensions ['ignore', 'ignore_ament_install']
[0.501s] Level 1:colcon.colcon_core.package_identification:_identify(src/niryo_one_camera) by extension 'ignore'
[0.501s] Level 1:colcon.colcon_core.package_identification:_identify(src/niryo_one_camera) by extension 'ignore_ament_install'
[0.501s] Level 1:colcon.colcon_core.package_identification:_identify(src/niryo_one_camera) by extensions ['colcon_pkg']
[0.501s] Level 1:colcon.colcon_core.package_identification:_identify(src/niryo_one_camera) by extension 'colcon_pkg'
[0.501s] Level 1:colcon.colcon_core.package_identification:_identify(src/niryo_one_camera) by extensions ['colcon_meta']
[0.501s] Level 1:colcon.colcon_core.package_identification:_identify(src/niryo_one_camera) by extension 'colcon_meta'
[0.501s] Level 1:colcon.colcon_core.package_identification:_identify(src/niryo_one_camera) by extensions ['ros']
[0.501s] Level 1:colcon.colcon_core.package_identification:_identify(src/niryo_one_camera) by extension 'ros'
[0.502s] DEBUG:colcon.colcon_core.package_identification:Package 'src/niryo_one_camera' with type 'ros.ament_python' and name 'niryo_one_camera'
[0.502s] Level 1:colcon.colcon_core.package_identification:_identify(src/niryo_one_commander) by extensions ['ignore', 'ignore_ament_install']
[0.502s] Level 1:colcon.colcon_core.package_identification:_identify(src/niryo_one_commander) by extension 'ignore'
[0.502s] Level 1:colcon.colcon_core.package_identification:_identify(src/niryo_one_commander) by extension 'ignore_ament_install'
[0.502s] Level 1:colcon.colcon_core.package_identification:_identify(src/niryo_one_commander) by extensions ['colcon_pkg']
[0.503s] Level 1:colcon.colcon_core.package_identification:_identify(src/niryo_one_commander) by extension 'colcon_pkg'
[0.503s] Level 1:colcon.colcon_core.package_identification:_identify(src/niryo_one_commander) by extensions ['colcon_meta']
[0.503s] Level 1:colcon.colcon_core.package_identification:_identify(src/niryo_one_commander) by extension 'colcon_meta'
[0.503s] Level 1:colcon.colcon_core.package_identification:_identify(src/niryo_one_commander) by extensions ['ros']
[0.503s] Level 1:colcon.colcon_core.package_identification:_identify(src/niryo_one_commander) by extension 'ros'
[0.503s] DEBUG:colcon.colcon_core.package_identification:Package 'src/niryo_one_commander' with type 'ros.ament_python' and name 'niryo_one_commander'
[0.504s] Level 1:colcon.colcon_core.package_identification:_identify(src/niryo_one_msgs) by extensions ['ignore', 'ignore_ament_install']
[0.504s] Level 1:colcon.colcon_core.package_identification:_identify(src/niryo_one_msgs) by extension 'ignore'
[0.504s] Level 1:colcon.colcon_core.package_identification:_identify(src/niryo_one_msgs) by extension 'ignore_ament_install'
[0.504s] Level 1:colcon.colcon_core.package_identification:_identify(src/niryo_one_msgs) by extensions ['colcon_pkg']
[0.504s] Level 1:colcon.colcon_core.package_identification:_identify(src/niryo_one_msgs) by extension 'colcon_pkg'
[0.504s] Level 1:colcon.colcon_core.package_identification:_identify(src/niryo_one_msgs) by extensions ['colcon_meta']
[0.504s] Level 1:colcon.colcon_core.package_identification:_identify(src/niryo_one_msgs) by extension 'colcon_meta'
[0.504s] Level 1:colcon.colcon_core.package_identification:_identify(src/niryo_one_msgs) by extensions ['ros']
[0.504s] Level 1:colcon.colcon_core.package_identification:_identify(src/niryo_one_msgs) by extension 'ros'
[0.505s] DEBUG:colcon.colcon_core.package_identification:Found ROS schema reference in package manifest in 'src/niryo_one_msgs'
[0.505s] WARNING:colcon.colcon_core.package_identification:Failed to parse ROS package manifest in 'src/niryo_one_msgs': Error(s) in package 'src/niryo_one_msgs/package.xml':
Error(s):
- The manifest of package "niryo_one_msgs" (with format version 3) must not contain the following tags: exec_depends, depends
[0.505s] Level 1:colcon.colcon_core.package_identification:_identify(src/niryo_one_msgs) by extensions ['cmake', 'python']
[0.506s] Level 1:colcon.colcon_core.package_identification:_identify(src/niryo_one_msgs) by extension 'cmake'
[0.507s] Level 1:colcon.colcon_core.package_identification:_identify(src/niryo_one_msgs) by extension 'python'
[0.507s] DEBUG:colcon.colcon_core.package_identification:Package 'src/niryo_one_msgs' with type 'cmake' and name 'niryo_one_msgs'
[0.508s] Level 1:colcon.colcon_core.package_identification:_identify(src/niryo_one_rpi) by extensions ['ignore', 'ignore_ament_install']
[0.508s] Level 1:colcon.colcon_core.package_identification:_identify(src/niryo_one_rpi) by extension 'ignore'
[0.508s] Level 1:colcon.colcon_core.package_identification:_identify(src/niryo_one_rpi) by extension 'ignore_ament_install'
[0.508s] Level 1:colcon.colcon_core.package_identification:_identify(src/niryo_one_rpi) by extensions ['colcon_pkg']
[0.508s] Level 1:colcon.colcon_core.package_identification:_identify(src/niryo_one_rpi) by extension 'colcon_pkg'
[0.508s] Level 1:colcon.colcon_core.package_identification:_identify(src/niryo_one_rpi) by extensions ['colcon_meta']
[0.508s] Level 1:colcon.colcon_core.package_identification:_identify(src/niryo_one_rpi) by extension 'colcon_meta'
[0.508s] Level 1:colcon.colcon_core.package_identification:_identify(src/niryo_one_rpi) by extensions ['ros']
[0.508s] Level 1:colcon.colcon_core.package_identification:_identify(src/niryo_one_rpi) by extension 'ros'
[0.509s] DEBUG:colcon.colcon_core.package_identification:Package 'src/niryo_one_rpi' with type 'ros.ament_python' and name 'niryo_one_rpi'
[0.509s] Level 1:colcon.colcon_core.package_discovery:discover_packages(recursive) using defaults
[0.509s] Level 1:colcon.colcon_core.package_discovery:discover_packages(ignore) discover
[0.509s] Level 1:colcon.colcon_core.package_discovery:discover_packages(ignore) using defaults
[0.509s] Level 1:colcon.colcon_core.package_discovery:discover_packages(path) discover
[0.509s] Level 1:colcon.colcon_core.package_discovery:discover_packages(path) using defaults
[0.545s] Level 1:colcon.colcon_core.package_discovery:discover_packages(prefix_path) check parameters
[0.545s] Level 1:colcon.colcon_core.package_discovery:discover_packages(prefix_path) discover
[0.550s] DEBUG:colcon.colcon_installed_package_information.package_discovery:Found 285 installed packages in /opt/ros/jazzy
[0.551s] Level 1:colcon.colcon_core.package_discovery:discover_packages(prefix_path) using defaults
[0.602s] Level 5:colcon.colcon_core.verb:set package 'niryo_one' build argument 'cmake_args' from command line to 'None'
[0.602s] Level 5:colcon.colcon_core.verb:set package 'niryo_one' build argument 'cmake_target' from command line to 'None'
[0.602s] Level 5:colcon.colcon_core.verb:set package 'niryo_one' build argument 'cmake_target_skip_unavailable' from command line to 'False'
[0.602s] Level 5:colcon.colcon_core.verb:set package 'niryo_one' build argument 'cmake_clean_cache' from command line to 'False'
[0.602s] Level 5:colcon.colcon_core.verb:set package 'niryo_one' build argument 'cmake_clean_first' from command line to 'False'
[0.602s] Level 5:colcon.colcon_core.verb:set package 'niryo_one' build argument 'cmake_force_configure' from command line to 'False'
[0.602s] Level 5:colcon.colcon_core.verb:set package 'niryo_one' build argument 'ament_cmake_args' from command line to 'None'
[0.602s] Level 5:colcon.colcon_core.verb:set package 'niryo_one' build argument 'catkin_cmake_args' from command line to 'None'
[0.602s] Level 5:colcon.colcon_core.verb:set package 'niryo_one' build argument 'catkin_skip_building_tests' from command line to 'False'
[0.602s] DEBUG:colcon.colcon_core.verb:Building package 'niryo_one' with the following arguments: {'ament_cmake_args': None, 'build_base': '/home/noldona/niryo/niryo_two_ros/build/niryo_one', 'catkin_cmake_args': None, 'catkin_skip_building_tests': False, 'cmake_args': None, 'cmake_clean_cache': False, 'cmake_clean_first': False, 'cmake_force_configure': False, 'cmake_target': None, 'cmake_target_skip_unavailable': False, 'install_base': '/home/noldona/niryo/niryo_two_ros/install/niryo_one', 'merge_install': False, 'path': '/home/noldona/niryo/niryo_two_ros/src/niryo_one', 'symlink_install': False, 'test_result_base': None}
[0.603s] Level 5:colcon.colcon_core.verb:set package 'niryo_one_bringup' build argument 'cmake_args' from command line to 'None'
[0.603s] Level 5:colcon.colcon_core.verb:set package 'niryo_one_bringup' build argument 'cmake_target' from command line to 'None'
[0.603s] Level 5:colcon.colcon_core.verb:set package 'niryo_one_bringup' build argument 'cmake_target_skip_unavailable' from command line to 'False'
[0.603s] Level 5:colcon.colcon_core.verb:set package 'niryo_one_bringup' build argument 'cmake_clean_cache' from command line to 'False'
[0.603s] Level 5:colcon.colcon_core.verb:set package 'niryo_one_bringup' build argument 'cmake_clean_first' from command line to 'False'
[0.603s] Level 5:colcon.colcon_core.verb:set package 'niryo_one_bringup' build argument 'cmake_force_configure' from command line to 'False'
[0.603s] Level 5:colcon.colcon_core.verb:set package 'niryo_one_bringup' build argument 'ament_cmake_args' from command line to 'None'
[0.603s] Level 5:colcon.colcon_core.verb:set package 'niryo_one_bringup' build argument 'catkin_cmake_args' from command line to 'None'
[0.603s] Level 5:colcon.colcon_core.verb:set package 'niryo_one_bringup' build argument 'catkin_skip_building_tests' from command line to 'False'
[0.603s] DEBUG:colcon.colcon_core.verb:Building package 'niryo_one_bringup' with the following arguments: {'ament_cmake_args': None, 'build_base': '/home/noldona/niryo/niryo_two_ros/build/niryo_one_bringup', 'catkin_cmake_args': None, 'catkin_skip_building_tests': False, 'cmake_args': None, 'cmake_clean_cache': False, 'cmake_clean_first': False, 'cmake_force_configure': False, 'cmake_target': None, 'cmake_target_skip_unavailable': False, 'install_base': '/home/noldona/niryo/niryo_two_ros/install/niryo_one_bringup', 'merge_install': False, 'path': '/home/noldona/niryo/niryo_two_ros/src/niryo_one_bringup', 'symlink_install': False, 'test_result_base': None}
[0.603s] Level 5:colcon.colcon_core.verb:set package 'niryo_one_camera' build argument 'cmake_args' from command line to 'None'
[0.603s] Level 5:colcon.colcon_core.verb:set package 'niryo_one_camera' build argument 'cmake_target' from command line to 'None'
[0.603s] Level 5:colcon.colcon_core.verb:set package 'niryo_one_camera' build argument 'cmake_target_skip_unavailable' from command line to 'False'
[0.604s] Level 5:colcon.colcon_core.verb:set package 'niryo_one_camera' build argument 'cmake_clean_cache' from command line to 'False'
[0.604s] Level 5:colcon.colcon_core.verb:set package 'niryo_one_camera' build argument 'cmake_clean_first' from command line to 'False'
[0.604s] Level 5:colcon.colcon_core.verb:set package 'niryo_one_camera' build argument 'cmake_force_configure' from command line to 'False'
[0.604s] Level 5:colcon.colcon_core.verb:set package 'niryo_one_camera' build argument 'ament_cmake_args' from command line to 'None'
[0.604s] Level 5:colcon.colcon_core.verb:set package 'niryo_one_camera' build argument 'catkin_cmake_args' from command line to 'None'
[0.604s] Level 5:colcon.colcon_core.verb:set package 'niryo_one_camera' build argument 'catkin_skip_building_tests' from command line to 'False'
[0.604s] DEBUG:colcon.colcon_core.verb:Building package 'niryo_one_camera' with the following arguments: {'ament_cmake_args': None, 'build_base': '/home/noldona/niryo/niryo_two_ros/build/niryo_one_camera', 'catkin_cmake_args': None, 'catkin_skip_building_tests': False, 'cmake_args': None, 'cmake_clean_cache': False, 'cmake_clean_first': False, 'cmake_force_configure': False, 'cmake_target': None, 'cmake_target_skip_unavailable': False, 'install_base': '/home/noldona/niryo/niryo_two_ros/install/niryo_one_camera', 'merge_install': False, 'path': '/home/noldona/niryo/niryo_two_ros/src/niryo_one_camera', 'symlink_install': False, 'test_result_base': None}
[0.604s] Level 5:colcon.colcon_core.verb:set package 'niryo_one_commander' build argument 'cmake_args' from command line to 'None'
[0.604s] Level 5:colcon.colcon_core.verb:set package 'niryo_one_commander' build argument 'cmake_target' from command line to 'None'
[0.604s] Level 5:colcon.colcon_core.verb:set package 'niryo_one_commander' build argument 'cmake_target_skip_unavailable' from command line to 'False'
[0.604s] Level 5:colcon.colcon_core.verb:set package 'niryo_one_commander' build argument 'cmake_clean_cache' from command line to 'False'
[0.604s] Level 5:colcon.colcon_core.verb:set package 'niryo_one_commander' build argument 'cmake_clean_first' from command line to 'False'
[0.604s] Level 5:colcon.colcon_core.verb:set package 'niryo_one_commander' build argument 'cmake_force_configure' from command line to 'False'
[0.604s] Level 5:colcon.colcon_core.verb:set package 'niryo_one_commander' build argument 'ament_cmake_args' from command line to 'None'
[0.604s] Level 5:colcon.colcon_core.verb:set package 'niryo_one_commander' build argument 'catkin_cmake_args' from command line to 'None'
[0.604s] Level 5:colcon.colcon_core.verb:set package 'niryo_one_commander' build argument 'catkin_skip_building_tests' from command line to 'False'
[0.604s] DEBUG:colcon.colcon_core.verb:Building package 'niryo_one_commander' with the following arguments: {'ament_cmake_args': None, 'build_base': '/home/noldona/niryo/niryo_two_ros/build/niryo_one_commander', 'catkin_cmake_args': None, 'catkin_skip_building_tests': False, 'cmake_args': None, 'cmake_clean_cache': False, 'cmake_clean_first': False, 'cmake_force_configure': False, 'cmake_target': None, 'cmake_target_skip_unavailable': False, 'install_base': '/home/noldona/niryo/niryo_two_ros/install/niryo_one_commander', 'merge_install': False, 'path': '/home/noldona/niryo/niryo_two_ros/src/niryo_one_commander', 'symlink_install': False, 'test_result_base': None}
[0.605s] Level 5:colcon.colcon_core.verb:set package 'niryo_one_msgs' build argument 'cmake_args' from command line to 'None'
[0.605s] Level 5:colcon.colcon_core.verb:set package 'niryo_one_msgs' build argument 'cmake_target' from command line to 'None'
[0.605s] Level 5:colcon.colcon_core.verb:set package 'niryo_one_msgs' build argument 'cmake_target_skip_unavailable' from command line to 'False'
[0.605s] Level 5:colcon.colcon_core.verb:set package 'niryo_one_msgs' build argument 'cmake_clean_cache' from command line to 'False'
[0.605s] Level 5:colcon.colcon_core.verb:set package 'niryo_one_msgs' build argument 'cmake_clean_first' from command line to 'False'
[0.605s] Level 5:colcon.colcon_core.verb:set package 'niryo_one_msgs' build argument 'cmake_force_configure' from command line to 'False'
[0.605s] Level 5:colcon.colcon_core.verb:set package 'niryo_one_msgs' build argument 'ament_cmake_args' from command line to 'None'
[0.605s] Level 5:colcon.colcon_core.verb:set package 'niryo_one_msgs' build argument 'catkin_cmake_args' from command line to 'None'
[0.605s] Level 5:colcon.colcon_core.verb:set package 'niryo_one_msgs' build argument 'catkin_skip_building_tests' from command line to 'False'
[0.605s] DEBUG:colcon.colcon_core.verb:Building package 'niryo_one_msgs' with the following arguments: {'ament_cmake_args': None, 'build_base': '/home/noldona/niryo/niryo_two_ros/build/niryo_one_msgs', 'catkin_cmake_args': None, 'catkin_skip_building_tests': False, 'cmake_args': None, 'cmake_clean_cache': False, 'cmake_clean_first': False, 'cmake_force_configure': False, 'cmake_target': None, 'cmake_target_skip_unavailable': False, 'install_base': '/home/noldona/niryo/niryo_two_ros/install/niryo_one_msgs', 'merge_install': False, 'path': '/home/noldona/niryo/niryo_two_ros/src/niryo_one_msgs', 'symlink_install': False, 'test_result_base': None}
[0.605s] Level 5:colcon.colcon_core.verb:set package 'niryo_one_rpi' build argument 'cmake_args' from command line to 'None'
[0.605s] Level 5:colcon.colcon_core.verb:set package 'niryo_one_rpi' build argument 'cmake_target' from command line to 'None'
[0.605s] Level 5:colcon.colcon_core.verb:set package 'niryo_one_rpi' build argument 'cmake_target_skip_unavailable' from command line to 'False'
[0.605s] Level 5:colcon.colcon_core.verb:set package 'niryo_one_rpi' build argument 'cmake_clean_cache' from command line to 'False'
[0.605s] Level 5:colcon.colcon_core.verb:set package 'niryo_one_rpi' build argument 'cmake_clean_first' from command line to 'False'
[0.605s] Level 5:colcon.colcon_core.verb:set package 'niryo_one_rpi' build argument 'cmake_force_configure' from command line to 'False'
[0.606s] Level 5:colcon.colcon_core.verb:set package 'niryo_one_rpi' build argument 'ament_cmake_args' from command line to 'None'
[0.606s] Level 5:colcon.colcon_core.verb:set package 'niryo_one_rpi' build argument 'catkin_cmake_args' from command line to 'None'
[0.606s] Level 5:colcon.colcon_core.verb:set package 'niryo_one_rpi' build argument 'catkin_skip_building_tests' from command line to 'False'
[0.606s] DEBUG:colcon.colcon_core.verb:Building package 'niryo_one_rpi' with the following arguments: {'ament_cmake_args': None, 'build_base': '/home/noldona/niryo/niryo_two_ros/build/niryo_one_rpi', 'catkin_cmake_args': None, 'catkin_skip_building_tests': False, 'cmake_args': None, 'cmake_clean_cache': False, 'cmake_clean_first': False, 'cmake_force_configure': False, 'cmake_target': None, 'cmake_target_skip_unavailable': False, 'install_base': '/home/noldona/niryo/niryo_two_ros/install/niryo_one_rpi', 'merge_install': False, 'path': '/home/noldona/niryo/niryo_two_ros/src/niryo_one_rpi', 'symlink_install': False, 'test_result_base': None}
[0.606s] INFO:colcon.colcon_core.executor:Executing jobs using 'parallel' executor
[0.607s] DEBUG:colcon.colcon_parallel_executor.executor.parallel:run_until_complete
[0.607s] INFO:colcon.colcon_cmake.task.cmake.build:Building CMake package in '/home/noldona/niryo/niryo_two_ros/src/niryo_one_msgs'
[0.614s] INFO:colcon.colcon_core.plugin_system:Skipping extension 'colcon_core.shell.bat': Not used on non-Windows systems
[0.614s] INFO:colcon.colcon_core.shell:Skip shell extension 'powershell' for command environment: Not usable outside of PowerShell
[0.614s] DEBUG:colcon.colcon_core.shell:Skip shell extension 'dsv' for command environment
[0.618s] INFO:colcon.colcon_ros.task.ament_cmake.build:Building ROS package in '/home/noldona/niryo/niryo_two_ros/src/niryo_one' with build type 'ament_cmake'
[0.618s] INFO:colcon.colcon_cmake.task.cmake.build:Building CMake package in '/home/noldona/niryo/niryo_two_ros/src/niryo_one'
[0.618s] INFO:colcon.colcon_core.shell:Skip shell extension 'powershell' for command environment: Not usable outside of PowerShell
[0.618s] DEBUG:colcon.colcon_core.shell:Skip shell extension 'dsv' for command environment
[0.621s] INFO:colcon.colcon_ros.task.ament_cmake.build:Building ROS package in '/home/noldona/niryo/niryo_two_ros/src/niryo_one_bringup' with build type 'ament_cmake'
[0.622s] INFO:colcon.colcon_cmake.task.cmake.build:Building CMake package in '/home/noldona/niryo/niryo_two_ros/src/niryo_one_bringup'
[0.622s] INFO:colcon.colcon_core.shell:Skip shell extension 'powershell' for command environment: Not usable outside of PowerShell
[0.622s] DEBUG:colcon.colcon_core.shell:Skip shell extension 'dsv' for command environment
[0.625s] INFO:colcon.colcon_ros.task.ament_python.build:Building ROS package in '/home/noldona/niryo/niryo_two_ros/src/niryo_one_camera' with build type 'ament_python'
[0.625s] Level 1:colcon.colcon_core.shell:create_environment_hook('niryo_one_camera', 'ament_prefix_path')
[0.626s] INFO:colcon.colcon_core.shell:Creating environment hook '/home/noldona/niryo/niryo_two_ros/install/niryo_one_camera/share/niryo_one_camera/hook/ament_prefix_path.ps1'
[0.627s] INFO:colcon.colcon_core.shell:Creating environment descriptor '/home/noldona/niryo/niryo_two_ros/install/niryo_one_camera/share/niryo_one_camera/hook/ament_prefix_path.dsv'
[0.628s] INFO:colcon.colcon_core.shell:Creating environment hook '/home/noldona/niryo/niryo_two_ros/install/niryo_one_camera/share/niryo_one_camera/hook/ament_prefix_path.sh'
[0.629s] INFO:colcon.colcon_core.shell:Skip shell extension 'powershell' for command environment: Not usable outside of PowerShell
[0.629s] DEBUG:colcon.colcon_core.shell:Skip shell extension 'dsv' for command environment
[0.637s] DEBUG:colcon.colcon_core.event_handler.log_command:Invoking command in '/home/noldona/niryo/niryo_two_ros/build/niryo_one_msgs': DEBUGINFOD_URLS=https://debuginfod.ubuntu.com /usr/bin/cmake /home/noldona/niryo/niryo_two_ros/src/niryo_one_msgs -DCMAKE_INSTALL_PREFIX=/home/noldona/niryo/niryo_two_ros/install/niryo_one_msgs
[0.644s] DEBUG:colcon.colcon_core.event_handler.log_command:Invoking command in '/home/noldona/niryo/niryo_two_ros/build/niryo_one': CMAKE_PREFIX_PATH=${CMAKE_PREFIX_PATH}:/opt/ros/jazzy DEBUGINFOD_URLS=https://debuginfod.ubuntu.com /usr/bin/cmake /home/noldona/niryo/niryo_two_ros/src/niryo_one -DCMAKE_INSTALL_PREFIX=/home/noldona/niryo/niryo_two_ros/install/niryo_one
[0.646s] DEBUG:colcon.colcon_core.event_handler.log_command:Invoking command in '/home/noldona/niryo/niryo_two_ros/build/niryo_one_bringup': CMAKE_PREFIX_PATH=${CMAKE_PREFIX_PATH}:/opt/ros/jazzy DEBUGINFOD_URLS=https://debuginfod.ubuntu.com /usr/bin/cmake /home/noldona/niryo/niryo_two_ros/src/niryo_one_bringup -DCMAKE_INSTALL_PREFIX=/home/noldona/niryo/niryo_two_ros/install/niryo_one_bringup
[0.960s] INFO:colcon.colcon_core.task.python.build:Building Python package in '/home/noldona/niryo/niryo_two_ros/src/niryo_one_camera'
[0.960s] INFO:colcon.colcon_core.shell:Skip shell extension 'powershell' for command environment: Not usable outside of PowerShell
[0.960s] DEBUG:colcon.colcon_core.shell:Skip shell extension 'dsv' for command environment
[1.607s] DEBUG:colcon.colcon_core.event_handler.log_command:Invoked command in '/home/noldona/niryo/niryo_two_ros/build/niryo_one_msgs' returned '1': DEBUGINFOD_URLS=https://debuginfod.ubuntu.com /usr/bin/cmake /home/noldona/niryo/niryo_two_ros/src/niryo_one_msgs -DCMAKE_INSTALL_PREFIX=/home/noldona/niryo/niryo_two_ros/install/niryo_one_msgs
[2.385s] DEBUG:colcon.colcon_parallel_executor.executor.parallel:closing loop
[2.385s] DEBUG:colcon.colcon_parallel_executor.executor.parallel:loop closed
[2.385s] DEBUG:colcon.colcon_parallel_executor.executor.parallel:run_until_complete finished with '1'
[2.386s] DEBUG:colcon.colcon_core.event_reactor:joining thread
[2.398s] INFO:colcon.colcon_core.plugin_system:Skipping extension 'colcon_notification.desktop_notification.terminal_notifier': Not used on non-Darwin systems
[2.398s] INFO:colcon.colcon_core.plugin_system:Skipping extension 'colcon_notification.desktop_notification.win32': Not used on non-Windows systems
[2.398s] INFO:colcon.colcon_notification.desktop_notification:Sending desktop notification using 'notify2'
[2.484s] DEBUG:colcon.colcon_core.event_reactor:joined thread
[2.485s] INFO:colcon.colcon_core.shell:Creating prefix script '/home/noldona/niryo/niryo_two_ros/install/local_setup.ps1'
[2.487s] INFO:colcon.colcon_core.shell:Creating prefix util module '/home/noldona/niryo/niryo_two_ros/install/_local_setup_util_ps1.py'
[2.490s] INFO:colcon.colcon_core.shell:Creating prefix chain script '/home/noldona/niryo/niryo_two_ros/install/setup.ps1'
[2.492s] INFO:colcon.colcon_core.shell:Creating prefix script '/home/noldona/niryo/niryo_two_ros/install/local_setup.sh'
[2.493s] INFO:colcon.colcon_core.shell:Creating prefix util module '/home/noldona/niryo/niryo_two_ros/install/_local_setup_util_sh.py'
[2.494s] INFO:colcon.colcon_core.shell:Creating prefix chain script '/home/noldona/niryo/niryo_two_ros/install/setup.sh'
[2.496s] INFO:colcon.colcon_core.shell:Creating prefix script '/home/noldona/niryo/niryo_two_ros/install/local_setup.bash'
[2.497s] INFO:colcon.colcon_core.shell:Creating prefix chain script '/home/noldona/niryo/niryo_two_ros/install/setup.bash'
[2.498s] INFO:colcon.colcon_core.shell:Creating prefix script '/home/noldona/niryo/niryo_two_ros/install/local_setup.zsh'
[2.500s] INFO:colcon.colcon_core.shell:Creating prefix chain script '/home/noldona/niryo/niryo_two_ros/install/setup.zsh'
