[0.029s] Invoking command in '/home/noldona/niryo/niryo_two_ros/build/niryo_one': CMAKE_PREFIX_PATH=${CMAKE_PREFIX_PATH}:/opt/ros/jazzy DEBUGINFOD_URLS=https://debuginfod.ubuntu.com /usr/bin/cmake --build /home/noldona/niryo/niryo_two_ros/build/niryo_one -- -j4 -l4
[0.351s] Invoked command in '/home/noldona/niryo/niryo_two_ros/build/niryo_one' returned '0': CMAKE_PREFIX_PATH=${CMAKE_PREFIX_PATH}:/opt/ros/jazzy DEBUGINFOD_URLS=https://debuginfod.ubuntu.com /usr/bin/cmake --build /home/noldona/niryo/niryo_two_ros/build/niryo_one -- -j4 -l4
[0.388s] Invoking command in '/home/noldona/niryo/niryo_two_ros/build/niryo_one': CMAKE_PREFIX_PATH=${CMAKE_PREFIX_PATH}:/opt/ros/jazzy DEBUGINFOD_URLS=https://debuginfod.ubuntu.com /usr/bin/cmake --install /home/noldona/niryo/niryo_two_ros/build/niryo_one
[0.399s] -- Install configuration: ""
[0.399s] -- Installing: /home/noldona/niryo/niryo_two_ros/install/niryo_one/share/ament_index/resource_index/package_run_dependencies/niryo_one
[0.399s] -- Installing: /home/noldona/niryo/niryo_two_ros/install/niryo_one/share/ament_index/resource_index/parent_prefix_path/niryo_one
[0.402s] -- Installing: /home/noldona/niryo/niryo_two_ros/install/niryo_one/share/niryo_one/environment/ament_prefix_path.sh
[0.402s] -- Installing: /home/noldona/niryo/niryo_two_ros/install/niryo_one/share/niryo_one/environment/ament_prefix_path.dsv
[0.402s] -- Installing: /home/noldona/niryo/niryo_two_ros/install/niryo_one/share/niryo_one/environment/path.sh
[0.403s] -- Installing: /home/noldona/niryo/niryo_two_ros/install/niryo_one/share/niryo_one/environment/path.dsv
[0.404s] -- Installing: /home/noldona/niryo/niryo_two_ros/install/niryo_one/share/niryo_one/local_setup.bash
[0.406s] -- Installing: /home/noldona/niryo/niryo_two_ros/install/niryo_one/share/niryo_one/local_setup.sh
[0.409s] -- Installing: /home/noldona/niryo/niryo_two_ros/install/niryo_one/share/niryo_one/local_setup.zsh
[0.411s] -- Installing: /home/noldona/niryo/niryo_two_ros/install/niryo_one/share/niryo_one/local_setup.dsv
[0.412s] -- Installing: /home/noldona/niryo/niryo_two_ros/install/niryo_one/share/niryo_one/package.dsv
[0.415s] -- Installing: /home/noldona/niryo/niryo_two_ros/install/niryo_one/share/ament_index/resource_index/packages/niryo_one
[0.417s] -- Installing: /home/noldona/niryo/niryo_two_ros/install/niryo_one/share/niryo_one/cmake/niryo_oneConfig.cmake
[0.417s] -- Installing: /home/noldona/niryo/niryo_two_ros/install/niryo_one/share/niryo_one/cmake/niryo_oneConfig-version.cmake
[0.417s] -- Installing: /home/noldona/niryo/niryo_two_ros/install/niryo_one/share/niryo_one/package.xml
[0.436s] Invoked command in '/home/noldona/niryo/niryo_two_ros/build/niryo_one' returned '0': CMAKE_PREFIX_PATH=${CMAKE_PREFIX_PATH}:/opt/ros/jazzy DEBUGINFOD_URLS=https://debuginfod.ubuntu.com /usr/bin/cmake --install /home/noldona/niryo/niryo_two_ros/build/niryo_one
