[0.442s] DEBUG:colcon:Command line arguments: ['/usr/bin/colcon', 'list', '-p', '--base-paths', '/home/noldona/niryo/niryo_two_ros']
[0.442s] DEBUG:colcon:Parsed command line arguments: Namespace(log_base=None, log_level=None, verb_name='list', build_base='build', ignore_user_meta=False, metas=['./colcon.meta'], base_paths=['/home/noldona/niryo/niryo_two_ros'], packages_ignore=None, packages_ignore_regex=None, paths=None, packages_up_to=None, packages_up_to_regex=None, packages_above=None, packages_above_and_dependencies=None, packages_above_depth=None, packages_select_by_dep=None, packages_skip_by_dep=None, packages_skip_up_to=None, packages_select_build_failed=False, packages_skip_build_finished=False, packages_select_test_failures=False, packages_skip_test_passed=False, packages_select=None, packages_skip=None, packages_select_regex=None, packages_skip_regex=None, packages_start=None, packages_end=None, allow_overriding=[], topological_order=False, names_only=False, paths_only=True, topological_graph=False, topological_graph_dot=False, topological_graph_density=False, topological_graph_legend=False, topological_graph_dot_cluster=False, topological_graph_dot_include_skipped=False, mixin_files=None, mixin=None, verb_parser=<colcon_mixin.mixin.mixin_argument.MixinArgumentDecorator object at 0x78b68339d940>, verb_extension=<colcon_package_information.verb.list.ListVerb object at 0x78b6833428a0>, main=<bound method ListVerb.main of <colcon_package_information.verb.list.ListVerb object at 0x78b6833428a0>>, mixin_verb=('list',))
[0.523s] Level 1:colcon.colcon_core.package_discovery:discover_packages(colcon_meta) check parameters
[0.523s] Level 1:colcon.colcon_core.package_discovery:discover_packages(recursive) check parameters
[0.524s] Level 1:colcon.colcon_core.package_discovery:discover_packages(ignore) check parameters
[0.524s] Level 1:colcon.colcon_core.package_discovery:discover_packages(path) check parameters
[0.524s] Level 1:colcon.colcon_core.package_discovery:discover_packages(recursive) discover
[0.524s] INFO:colcon.colcon_core.package_discovery:Crawling recursively for packages in '/home/noldona/niryo/niryo_two_ros'
[0.525s] Level 1:colcon.colcon_core.package_identification:_identify(/home/noldona/niryo/niryo_two_ros) by extensions ['ignore', 'ignore_ament_install']
[0.525s] Level 1:colcon.colcon_core.package_identification:_identify(/home/noldona/niryo/niryo_two_ros) by extension 'ignore'
[0.526s] Level 1:colcon.colcon_core.package_identification:_identify(/home/noldona/niryo/niryo_two_ros) by extension 'ignore_ament_install'
[0.526s] Level 1:colcon.colcon_core.package_identification:_identify(/home/noldona/niryo/niryo_two_ros) by extensions ['colcon_pkg']
[0.526s] Level 1:colcon.colcon_core.package_identification:_identify(/home/noldona/niryo/niryo_two_ros) by extension 'colcon_pkg'
[0.526s] Level 1:colcon.colcon_core.package_identification:_identify(/home/noldona/niryo/niryo_two_ros) by extensions ['colcon_meta']
[0.526s] Level 1:colcon.colcon_core.package_identification:_identify(/home/noldona/niryo/niryo_two_ros) by extension 'colcon_meta'
[0.526s] Level 1:colcon.colcon_core.package_identification:_identify(/home/noldona/niryo/niryo_two_ros) by extensions ['ros']
[0.526s] Level 1:colcon.colcon_core.package_identification:_identify(/home/noldona/niryo/niryo_two_ros) by extension 'ros'
[0.678s] Level 1:colcon.colcon_core.package_identification:_identify(/home/noldona/niryo/niryo_two_ros) by extensions ['cmake', 'python']
[0.678s] Level 1:colcon.colcon_core.package_identification:_identify(/home/noldona/niryo/niryo_two_ros) by extension 'cmake'
[0.678s] Level 1:colcon.colcon_core.package_identification:_identify(/home/noldona/niryo/niryo_two_ros) by extension 'python'
[0.679s] Level 1:colcon.colcon_core.package_identification:_identify(/home/noldona/niryo/niryo_two_ros) by extensions ['python_setup_py']
[0.679s] Level 1:colcon.colcon_core.package_identification:_identify(/home/noldona/niryo/niryo_two_ros) by extension 'python_setup_py'
[0.679s] Level 1:colcon.colcon_core.package_identification:_identify(/home/noldona/niryo/niryo_two_ros/build) by extensions ['ignore', 'ignore_ament_install']
[0.679s] Level 1:colcon.colcon_core.package_identification:_identify(/home/noldona/niryo/niryo_two_ros/build) by extension 'ignore'
[0.679s] Level 1:colcon.colcon_core.package_identification:_identify(/home/noldona/niryo/niryo_two_ros/build) ignored
[0.679s] Level 1:colcon.colcon_core.package_identification:_identify(/home/noldona/niryo/niryo_two_ros/coverage) by extensions ['ignore', 'ignore_ament_install']
[0.679s] Level 1:colcon.colcon_core.package_identification:_identify(/home/noldona/niryo/niryo_two_ros/coverage) by extension 'ignore'
[0.679s] Level 1:colcon.colcon_core.package_identification:_identify(/home/noldona/niryo/niryo_two_ros/coverage) by extension 'ignore_ament_install'
[0.680s] Level 1:colcon.colcon_core.package_identification:_identify(/home/noldona/niryo/niryo_two_ros/coverage) by extensions ['colcon_pkg']
[0.680s] Level 1:colcon.colcon_core.package_identification:_identify(/home/noldona/niryo/niryo_two_ros/coverage) by extension 'colcon_pkg'
[0.680s] Level 1:colcon.colcon_core.package_identification:_identify(/home/noldona/niryo/niryo_two_ros/coverage) by extensions ['colcon_meta']
[0.680s] Level 1:colcon.colcon_core.package_identification:_identify(/home/noldona/niryo/niryo_two_ros/coverage) by extension 'colcon_meta'
[0.680s] Level 1:colcon.colcon_core.package_identification:_identify(/home/noldona/niryo/niryo_two_ros/coverage) by extensions ['ros']
[0.680s] Level 1:colcon.colcon_core.package_identification:_identify(/home/noldona/niryo/niryo_two_ros/coverage) by extension 'ros'
[0.680s] Level 1:colcon.colcon_core.package_identification:_identify(/home/noldona/niryo/niryo_two_ros/coverage) by extensions ['cmake', 'python']
[0.680s] Level 1:colcon.colcon_core.package_identification:_identify(/home/noldona/niryo/niryo_two_ros/coverage) by extension 'cmake'
[0.680s] Level 1:colcon.colcon_core.package_identification:_identify(/home/noldona/niryo/niryo_two_ros/coverage) by extension 'python'
[0.680s] Level 1:colcon.colcon_core.package_identification:_identify(/home/noldona/niryo/niryo_two_ros/coverage) by extensions ['python_setup_py']
[0.680s] Level 1:colcon.colcon_core.package_identification:_identify(/home/noldona/niryo/niryo_two_ros/coverage) by extension 'python_setup_py'
[0.680s] Level 1:colcon.colcon_core.package_identification:_identify(/home/noldona/niryo/niryo_two_ros/install) by extensions ['ignore', 'ignore_ament_install']
[0.686s] Level 1:colcon.colcon_core.package_identification:_identify(/home/noldona/niryo/niryo_two_ros/install) by extension 'ignore'
[0.686s] Level 1:colcon.colcon_core.package_identification:_identify(/home/noldona/niryo/niryo_two_ros/install) ignored
[0.687s] Level 1:colcon.colcon_core.package_identification:_identify(/home/noldona/niryo/niryo_two_ros/log) by extensions ['ignore', 'ignore_ament_install']
[0.687s] Level 1:colcon.colcon_core.package_identification:_identify(/home/noldona/niryo/niryo_two_ros/log) by extension 'ignore'
[0.687s] Level 1:colcon.colcon_core.package_identification:_identify(/home/noldona/niryo/niryo_two_ros/log) ignored
[0.687s] Level 1:colcon.colcon_core.package_identification:_identify(/home/noldona/niryo/niryo_two_ros/src) by extensions ['ignore', 'ignore_ament_install']
[0.687s] Level 1:colcon.colcon_core.package_identification:_identify(/home/noldona/niryo/niryo_two_ros/src) by extension 'ignore'
[0.687s] Level 1:colcon.colcon_core.package_identification:_identify(/home/noldona/niryo/niryo_two_ros/src) by extension 'ignore_ament_install'
[0.687s] Level 1:colcon.colcon_core.package_identification:_identify(/home/noldona/niryo/niryo_two_ros/src) by extensions ['colcon_pkg']
[0.688s] Level 1:colcon.colcon_core.package_identification:_identify(/home/noldona/niryo/niryo_two_ros/src) by extension 'colcon_pkg'
[0.688s] Level 1:colcon.colcon_core.package_identification:_identify(/home/noldona/niryo/niryo_two_ros/src) by extensions ['colcon_meta']
[0.688s] Level 1:colcon.colcon_core.package_identification:_identify(/home/noldona/niryo/niryo_two_ros/src) by extension 'colcon_meta'
[0.688s] Level 1:colcon.colcon_core.package_identification:_identify(/home/noldona/niryo/niryo_two_ros/src) by extensions ['ros']
[0.688s] Level 1:colcon.colcon_core.package_identification:_identify(/home/noldona/niryo/niryo_two_ros/src) by extension 'ros'
[0.688s] Level 1:colcon.colcon_core.package_identification:_identify(/home/noldona/niryo/niryo_two_ros/src) by extensions ['cmake', 'python']
[0.688s] Level 1:colcon.colcon_core.package_identification:_identify(/home/noldona/niryo/niryo_two_ros/src) by extension 'cmake'
[0.688s] Level 1:colcon.colcon_core.package_identification:_identify(/home/noldona/niryo/niryo_two_ros/src) by extension 'python'
[0.690s] Level 1:colcon.colcon_core.package_identification:_identify(/home/noldona/niryo/niryo_two_ros/src) by extensions ['python_setup_py']
[0.691s] Level 1:colcon.colcon_core.package_identification:_identify(/home/noldona/niryo/niryo_two_ros/src) by extension 'python_setup_py'
[0.692s] Level 1:colcon.colcon_core.package_identification:_identify(/home/noldona/niryo/niryo_two_ros/src/niryo_one_msgs) by extensions ['ignore', 'ignore_ament_install']
[0.692s] Level 1:colcon.colcon_core.package_identification:_identify(/home/noldona/niryo/niryo_two_ros/src/niryo_one_msgs) by extension 'ignore'
[0.692s] Level 1:colcon.colcon_core.package_identification:_identify(/home/noldona/niryo/niryo_two_ros/src/niryo_one_msgs) by extension 'ignore_ament_install'
[0.693s] Level 1:colcon.colcon_core.package_identification:_identify(/home/noldona/niryo/niryo_two_ros/src/niryo_one_msgs) by extensions ['colcon_pkg']
[0.693s] Level 1:colcon.colcon_core.package_identification:_identify(/home/noldona/niryo/niryo_two_ros/src/niryo_one_msgs) by extension 'colcon_pkg'
[0.693s] Level 1:colcon.colcon_core.package_identification:_identify(/home/noldona/niryo/niryo_two_ros/src/niryo_one_msgs) by extensions ['colcon_meta']
[0.693s] Level 1:colcon.colcon_core.package_identification:_identify(/home/noldona/niryo/niryo_two_ros/src/niryo_one_msgs) by extension 'colcon_meta'
[0.693s] Level 1:colcon.colcon_core.package_identification:_identify(/home/noldona/niryo/niryo_two_ros/src/niryo_one_msgs) by extensions ['ros']
[0.693s] Level 1:colcon.colcon_core.package_identification:_identify(/home/noldona/niryo/niryo_two_ros/src/niryo_one_msgs) by extension 'ros'
[0.699s] DEBUG:colcon.colcon_core.package_identification:Package '/home/noldona/niryo/niryo_two_ros/src/niryo_one_msgs' with type 'ros.ament_cmake' and name 'niryo_one_msgs'
[0.727s] Level 1:colcon.colcon_core.package_identification:_identify(/home/noldona/niryo/niryo_two_ros/src/niryo_one_rpi) by extensions ['ignore', 'ignore_ament_install']
[0.728s] Level 1:colcon.colcon_core.package_identification:_identify(/home/noldona/niryo/niryo_two_ros/src/niryo_one_rpi) by extension 'ignore'
[0.728s] Level 1:colcon.colcon_core.package_identification:_identify(/home/noldona/niryo/niryo_two_ros/src/niryo_one_rpi) by extension 'ignore_ament_install'
[0.728s] Level 1:colcon.colcon_core.package_identification:_identify(/home/noldona/niryo/niryo_two_ros/src/niryo_one_rpi) by extensions ['colcon_pkg']
[0.728s] Level 1:colcon.colcon_core.package_identification:_identify(/home/noldona/niryo/niryo_two_ros/src/niryo_one_rpi) by extension 'colcon_pkg'
[0.728s] Level 1:colcon.colcon_core.package_identification:_identify(/home/noldona/niryo/niryo_two_ros/src/niryo_one_rpi) by extensions ['colcon_meta']
[0.728s] Level 1:colcon.colcon_core.package_identification:_identify(/home/noldona/niryo/niryo_two_ros/src/niryo_one_rpi) by extension 'colcon_meta'
[0.728s] Level 1:colcon.colcon_core.package_identification:_identify(/home/noldona/niryo/niryo_two_ros/src/niryo_one_rpi) by extensions ['ros']
[0.728s] Level 1:colcon.colcon_core.package_identification:_identify(/home/noldona/niryo/niryo_two_ros/src/niryo_one_rpi) by extension 'ros'
[0.730s] DEBUG:colcon.colcon_core.package_identification:Found ROS schema reference in package manifest in '/home/noldona/niryo/niryo_two_ros/src/niryo_one_rpi'
[0.730s] WARNING:colcon.colcon_core.package_identification:Failed to parse ROS package manifest in '/home/noldona/niryo/niryo_two_ros/src/niryo_one_rpi': Error(s) in package '/home/noldona/niryo/niryo_two_ros/src/niryo_one_rpi/package.xml':
Error(s):
- The manifest of package "niryo_one_rpi" (with format version 3) must not contain the following tags: run_depend
- Please replace <run_depend> tags with <exec_depend> tags.
[0.730s] Level 1:colcon.colcon_core.package_identification:_identify(/home/noldona/niryo/niryo_two_ros/src/niryo_one_rpi) by extensions ['cmake', 'python']
[0.730s] Level 1:colcon.colcon_core.package_identification:_identify(/home/noldona/niryo/niryo_two_ros/src/niryo_one_rpi) by extension 'cmake'
[0.730s] Level 1:colcon.colcon_core.package_identification:_identify(/home/noldona/niryo/niryo_two_ros/src/niryo_one_rpi) by extension 'python'
[0.730s] DEBUG:colcon.colcon_core.package_identification:Python package in '/home/noldona/niryo/niryo_two_ros/src/niryo_one_rpi' passes arguments to the setup() function which requires a different identification extension than 'python'
[0.730s] Level 1:colcon.colcon_core.package_identification:_identify(/home/noldona/niryo/niryo_two_ros/src/niryo_one_rpi) by extensions ['python_setup_py']
[0.730s] Level 1:colcon.colcon_core.package_identification:_identify(/home/noldona/niryo/niryo_two_ros/src/niryo_one_rpi) by extension 'python_setup_py'
[1.693s] DEBUG:colcon.colcon_core.package_identification:Package '/home/noldona/niryo/niryo_two_ros/src/niryo_one_rpi' with type 'python' and name 'niryo_one_rpi'
[1.693s] Level 1:colcon.colcon_core.package_discovery:discover_packages(recursive) using defaults
