[0.028s] Invoking command in '/home/noldona/niryo/niryo_two_ros/build/niryo_one_bringup': CMAKE_PREFIX_PATH=${CMAKE_PREFIX_PATH}:/opt/ros/jazzy DEBUGINFOD_URLS=https://debuginfod.ubuntu.com /usr/bin/cmake --build /home/noldona/niryo/niryo_two_ros/build/niryo_one_bringup -- -j4 -l4
[0.345s] Invoked command in '/home/noldona/niryo/niryo_two_ros/build/niryo_one_bringup' returned '0': CMAKE_PREFIX_PATH=${CMAKE_PREFIX_PATH}:/opt/ros/jazzy DEBUGINFOD_URLS=https://debuginfod.ubuntu.com /usr/bin/cmake --build /home/noldona/niryo/niryo_two_ros/build/niryo_one_bringup -- -j4 -l4
[0.388s] Invoking command in '/home/noldona/niryo/niryo_two_ros/build/niryo_one_bringup': CMAKE_PREFIX_PATH=${CMAKE_PREFIX_PATH}:/opt/ros/jazzy DEBUGINFOD_URLS=https://debuginfod.ubuntu.com /usr/bin/cmake --install /home/noldona/niryo/niryo_two_ros/build/niryo_one_bringup
[0.399s] -- Install configuration: ""
[0.400s] -- Installing: /home/noldona/niryo/niryo_two_ros/install/niryo_one_bringup/share/ament_index/resource_index/package_run_dependencies/niryo_one_bringup
[0.402s] -- Installing: /home/noldona/niryo/niryo_two_ros/install/niryo_one_bringup/share/ament_index/resource_index/parent_prefix_path/niryo_one_bringup
[0.403s] -- Installing: /home/noldona/niryo/niryo_two_ros/install/niryo_one_bringup/share/niryo_one_bringup/environment/ament_prefix_path.sh
[0.403s] -- Installing: /home/noldona/niryo/niryo_two_ros/install/niryo_one_bringup/share/niryo_one_bringup/environment/ament_prefix_path.dsv
[0.405s] -- Installing: /home/noldona/niryo/niryo_two_ros/install/niryo_one_bringup/share/niryo_one_bringup/environment/path.sh
[0.405s] -- Installing: /home/noldona/niryo/niryo_two_ros/install/niryo_one_bringup/share/niryo_one_bringup/environment/path.dsv
[0.406s] -- Installing: /home/noldona/niryo/niryo_two_ros/install/niryo_one_bringup/share/niryo_one_bringup/local_setup.bash
[0.407s] -- Installing: /home/noldona/niryo/niryo_two_ros/install/niryo_one_bringup/share/niryo_one_bringup/local_setup.sh
[0.409s] -- Installing: /home/noldona/niryo/niryo_two_ros/install/niryo_one_bringup/share/niryo_one_bringup/local_setup.zsh
[0.412s] -- Installing: /home/noldona/niryo/niryo_two_ros/install/niryo_one_bringup/share/niryo_one_bringup/local_setup.dsv
[0.412s] -- Installing: /home/noldona/niryo/niryo_two_ros/install/niryo_one_bringup/share/niryo_one_bringup/package.dsv
[0.413s] -- Installing: /home/noldona/niryo/niryo_two_ros/install/niryo_one_bringup/share/ament_index/resource_index/packages/niryo_one_bringup
[0.413s] -- Installing: /home/noldona/niryo/niryo_two_ros/install/niryo_one_bringup/share/niryo_one_bringup/cmake/niryo_one_bringupConfig.cmake
[0.413s] -- Installing: /home/noldona/niryo/niryo_two_ros/install/niryo_one_bringup/share/niryo_one_bringup/cmake/niryo_one_bringupConfig-version.cmake
[0.413s] -- Installing: /home/noldona/niryo/niryo_two_ros/install/niryo_one_bringup/share/niryo_one_bringup/package.xml
[0.414s] Invoked command in '/home/noldona/niryo/niryo_two_ros/build/niryo_one_bringup' returned '0': CMAKE_PREFIX_PATH=${CMAKE_PREFIX_PATH}:/opt/ros/jazzy DEBUGINFOD_URLS=https://debuginfod.ubuntu.com /usr/bin/cmake --install /home/noldona/niryo/niryo_two_ros/build/niryo_one_bringup
