-- Found ament_cmake: 2.5.2 (/opt/ros/jazzy/share/ament_cmake/cmake)
-- Found Python3: /usr/bin/python3 (found version "3.12.3") found components: Interpreter 
-- Found std_msgs: 5.3.5 (/opt/ros/jazzy/share/std_msgs/cmake)
-- Found rosidl_generator_c: 4.6.4 (/opt/ros/jazzy/share/rosidl_generator_c/cmake)
-- Found rosidl_generator_cpp: 4.6.4 (/opt/ros/jazzy/share/rosidl_generator_cpp/cmake)
-- Using all available rosidl_typesupport_c: rosidl_typesupport_fastrtps_c;rosidl_typesupport_introspection_c
-- Using all available rosidl_typesupport_cpp: rosidl_typesupport_fastrtps_cpp;rosidl_typesupport_introspection_cpp
-- Found geometry_msgs: 5.3.5 (/opt/ros/jazzy/share/geometry_msgs/cmake)
-- Found moveit_msgs: 2.5.0 (/opt/ros/jazzy/share/moveit_msgs/cmake)
-- Found rosidl_default_generators: 1.6.0 (/opt/ros/jazzy/share/rosidl_default_generators/cmake)
-- Found rosidl_adapter: 4.6.4 (/opt/ros/jazzy/share/rosidl_adapter/cmake)
-- Found ament_cmake_ros: 0.12.0 (/opt/ros/jazzy/share/ament_cmake_ros/cmake)
-- Using all available rosidl_typesupport_c: rosidl_typesupport_fastrtps_c;rosidl_typesupport_introspection_c
-- Using all available rosidl_typesupport_cpp: rosidl_typesupport_fastrtps_cpp;rosidl_typesupport_introspection_cpp
-- Found python_cmake_module: 0.11.1 (/opt/ros/jazzy/share/python_cmake_module/cmake)
-- Found Python3: /usr/bin/python3 (found version "3.12.3") found components: Interpreter Development NumPy Development.Module Development.Embed 
-- Found ament_lint_auto: 0.17.1 (/opt/ros/jazzy/share/ament_lint_auto/cmake)
-- Added test 'lint_cmake' to check CMake code style
-- Added test 'xmllint' to check XML markup files
-- Configuring done (2.9s)
-- Generating done (0.1s)
-- Build files have been written to: /home/noldona/niryo/niryo_two_ros/build/niryo_one_msgs
[  1%] [34m[1mGenerating type hashes for ROS interfaces[0m
[  1%] Built target ament_cmake_python_copy_niryo_one_msgs
running egg_info
writing niryo_one_msgs.egg-info/PKG-INFO
writing dependency_links to niryo_one_msgs.egg-info/dependency_links.txt
writing top-level names to niryo_one_msgs.egg-info/top_level.txt
[  1%] Built target niryo_one_msgs__rosidl_generator_type_description
reading manifest file 'niryo_one_msgs.egg-info/SOURCES.txt'
writing manifest file 'niryo_one_msgs.egg-info/SOURCES.txt'
[  2%] [34m[1mGenerating C++ code for ROS interfaces[0m
[  2%] Built target ament_cmake_python_build_niryo_one_msgs_egg
[  3%] [34m[1mGenerating C code for ROS interfaces[0m
[  3%] Built target niryo_one_msgs__cpp
[  5%] [32mBuilding C object CMakeFiles/niryo_one_msgs__rosidl_generator_c.dir/rosidl_generator_c/niryo_one_msgs/msg/detail/conveyor_feedback__description.c.o[0m
[  6%] [32mBuilding C object CMakeFiles/niryo_one_msgs__rosidl_generator_c.dir/rosidl_generator_c/niryo_one_msgs/msg/detail/digital_io_state__description.c.o[0m
[  7%] [32mBuilding C object CMakeFiles/niryo_one_msgs__rosidl_generator_c.dir/rosidl_generator_c/niryo_one_msgs/msg/detail/conveyor_feedback__type_support.c.o[0m
[  7%] [32mBuilding C object CMakeFiles/niryo_one_msgs__rosidl_generator_c.dir/rosidl_generator_c/niryo_one_msgs/msg/detail/conveyor_feedback__functions.c.o[0m
[  8%] [32mBuilding C object CMakeFiles/niryo_one_msgs__rosidl_generator_c.dir/rosidl_generator_c/niryo_one_msgs/msg/detail/digital_io_state__functions.c.o[0m
[ 10%] [32mBuilding C object CMakeFiles/niryo_one_msgs__rosidl_generator_c.dir/rosidl_generator_c/niryo_one_msgs/msg/detail/hardware_status__description.c.o[0m
[ 10%] [32mBuilding C object CMakeFiles/niryo_one_msgs__rosidl_generator_c.dir/rosidl_generator_c/niryo_one_msgs/msg/detail/digital_io_state__type_support.c.o[0m
[ 11%] [32mBuilding C object CMakeFiles/niryo_one_msgs__rosidl_generator_c.dir/rosidl_generator_c/niryo_one_msgs/msg/detail/hardware_status__functions.c.o[0m
[ 12%] [32mBuilding C object CMakeFiles/niryo_one_msgs__rosidl_generator_c.dir/rosidl_generator_c/niryo_one_msgs/msg/detail/hardware_status__type_support.c.o[0m
[ 13%] [32mBuilding C object CMakeFiles/niryo_one_msgs__rosidl_generator_c.dir/rosidl_generator_c/niryo_one_msgs/msg/detail/log_status__description.c.o[0m
[ 14%] [32mBuilding C object CMakeFiles/niryo_one_msgs__rosidl_generator_c.dir/rosidl_generator_c/niryo_one_msgs/msg/detail/log_status__functions.c.o[0m
[ 15%] [32mBuilding C object CMakeFiles/niryo_one_msgs__rosidl_generator_c.dir/rosidl_generator_c/niryo_one_msgs/msg/detail/log_status__type_support.c.o[0m
[ 17%] [32mBuilding C object CMakeFiles/niryo_one_msgs__rosidl_generator_c.dir/rosidl_generator_c/niryo_one_msgs/msg/detail/matlab_move_result__description.c.o[0m
[ 18%] [32mBuilding C object CMakeFiles/niryo_one_msgs__rosidl_generator_c.dir/rosidl_generator_c/niryo_one_msgs/msg/detail/matlab_move_result__functions.c.o[0m
[ 19%] [32mBuilding C object CMakeFiles/niryo_one_msgs__rosidl_generator_c.dir/rosidl_generator_c/niryo_one_msgs/msg/detail/matlab_move_result__type_support.c.o[0m
[ 20%] [32mBuilding C object CMakeFiles/niryo_one_msgs__rosidl_generator_c.dir/rosidl_generator_c/niryo_one_msgs/msg/detail/object_pose__description.c.o[0m
[ 21%] [32mBuilding C object CMakeFiles/niryo_one_msgs__rosidl_generator_c.dir/rosidl_generator_c/niryo_one_msgs/msg/detail/object_pose__functions.c.o[0m
[ 23%] [32mBuilding C object CMakeFiles/niryo_one_msgs__rosidl_generator_c.dir/rosidl_generator_c/niryo_one_msgs/srv/detail/change_hardware_version__description.c.o[0m
[ 23%] [32mBuilding C object CMakeFiles/niryo_one_msgs__rosidl_generator_c.dir/rosidl_generator_c/niryo_one_msgs/msg/detail/object_pose__type_support.c.o[0m
[ 24%] [32mBuilding C object CMakeFiles/niryo_one_msgs__rosidl_generator_c.dir/rosidl_generator_c/niryo_one_msgs/srv/detail/change_hardware_version__functions.c.o[0m
[ 25%] [32mBuilding C object CMakeFiles/niryo_one_msgs__rosidl_generator_c.dir/rosidl_generator_c/niryo_one_msgs/srv/detail/change_hardware_version__type_support.c.o[0m
[ 26%] [32m[1mLinking C shared library libniryo_one_msgs__rosidl_generator_c.so[0m
[ 26%] Built target niryo_one_msgs__rosidl_generator_c
[ 27%] [34m[1mGenerating C++ type support dispatch for ROS interfaces[0m
[ 28%] [34m[1mGenerating C++ type support for eProsima Fast-RTPS[0m
[ 29%] [34m[1mGenerating C introspection for ROS interfaces[0m
[ 30%] [34m[1mGenerating C type support for eProsima Fast-RTPS[0m
[ 31%] [32mBuilding CXX object CMakeFiles/niryo_one_msgs__rosidl_typesupport_cpp.dir/rosidl_typesupport_cpp/niryo_one_msgs/msg/conveyor_feedback__type_support.cpp.o[0m
[ 32%] [32mBuilding C object CMakeFiles/niryo_one_msgs__rosidl_typesupport_introspection_c.dir/rosidl_typesupport_introspection_c/niryo_one_msgs/msg/detail/conveyor_feedback__type_support.c.o[0m
[ 34%] [32mBuilding C object CMakeFiles/niryo_one_msgs__rosidl_typesupport_introspection_c.dir/rosidl_typesupport_introspection_c/niryo_one_msgs/msg/detail/digital_io_state__type_support.c.o[0m
[ 35%] [32mBuilding CXX object CMakeFiles/niryo_one_msgs__rosidl_typesupport_fastrtps_cpp.dir/rosidl_typesupport_fastrtps_cpp/niryo_one_msgs/msg/detail/dds_fastrtps/conveyor_feedback__type_support.cpp.o[0m
[ 36%] [32mBuilding C object CMakeFiles/niryo_one_msgs__rosidl_typesupport_introspection_c.dir/rosidl_typesupport_introspection_c/niryo_one_msgs/msg/detail/hardware_status__type_support.c.o[0m
[ 37%] [32mBuilding CXX object CMakeFiles/niryo_one_msgs__rosidl_typesupport_fastrtps_c.dir/rosidl_typesupport_fastrtps_c/niryo_one_msgs/msg/detail/conveyor_feedback__type_support_c.cpp.o[0m
[ 38%] [32mBuilding C object CMakeFiles/niryo_one_msgs__rosidl_typesupport_introspection_c.dir/rosidl_typesupport_introspection_c/niryo_one_msgs/msg/detail/log_status__type_support.c.o[0m
[ 39%] [32mBuilding C object CMakeFiles/niryo_one_msgs__rosidl_typesupport_introspection_c.dir/rosidl_typesupport_introspection_c/niryo_one_msgs/msg/detail/matlab_move_result__type_support.c.o[0m
[ 40%] [32mBuilding C object CMakeFiles/niryo_one_msgs__rosidl_typesupport_introspection_c.dir/rosidl_typesupport_introspection_c/niryo_one_msgs/msg/detail/object_pose__type_support.c.o[0m
[ 41%] [32mBuilding CXX object CMakeFiles/niryo_one_msgs__rosidl_typesupport_cpp.dir/rosidl_typesupport_cpp/niryo_one_msgs/msg/digital_io_state__type_support.cpp.o[0m
[ 42%] [32mBuilding C object CMakeFiles/niryo_one_msgs__rosidl_typesupport_introspection_c.dir/rosidl_typesupport_introspection_c/niryo_one_msgs/srv/detail/change_hardware_version__type_support.c.o[0m
[ 43%] [32m[1mLinking C shared library libniryo_one_msgs__rosidl_typesupport_introspection_c.so[0m
[ 43%] Built target niryo_one_msgs__rosidl_typesupport_introspection_c
[ 44%] [32mBuilding CXX object CMakeFiles/niryo_one_msgs__rosidl_typesupport_cpp.dir/rosidl_typesupport_cpp/niryo_one_msgs/msg/hardware_status__type_support.cpp.o[0m
[ 45%] [32mBuilding CXX object CMakeFiles/niryo_one_msgs__rosidl_typesupport_fastrtps_c.dir/rosidl_typesupport_fastrtps_c/niryo_one_msgs/msg/detail/digital_io_state__type_support_c.cpp.o[0m
[ 46%] [32mBuilding CXX object CMakeFiles/niryo_one_msgs__rosidl_typesupport_fastrtps_cpp.dir/rosidl_typesupport_fastrtps_cpp/niryo_one_msgs/msg/detail/dds_fastrtps/digital_io_state__type_support.cpp.o[0m
[ 47%] [32mBuilding CXX object CMakeFiles/niryo_one_msgs__rosidl_typesupport_fastrtps_c.dir/rosidl_typesupport_fastrtps_c/niryo_one_msgs/msg/detail/hardware_status__type_support_c.cpp.o[0m
[ 48%] [32mBuilding CXX object CMakeFiles/niryo_one_msgs__rosidl_typesupport_cpp.dir/rosidl_typesupport_cpp/niryo_one_msgs/msg/log_status__type_support.cpp.o[0m
[ 50%] [32mBuilding CXX object CMakeFiles/niryo_one_msgs__rosidl_typesupport_fastrtps_c.dir/rosidl_typesupport_fastrtps_c/niryo_one_msgs/msg/detail/log_status__type_support_c.cpp.o[0m
[ 51%] [32mBuilding CXX object CMakeFiles/niryo_one_msgs__rosidl_typesupport_fastrtps_cpp.dir/rosidl_typesupport_fastrtps_cpp/niryo_one_msgs/msg/detail/dds_fastrtps/hardware_status__type_support.cpp.o[0m
[ 52%] [32mBuilding CXX object CMakeFiles/niryo_one_msgs__rosidl_typesupport_cpp.dir/rosidl_typesupport_cpp/niryo_one_msgs/msg/matlab_move_result__type_support.cpp.o[0m
[ 53%] [34m[1mGenerating C type support dispatch for ROS interfaces[0m
[ 54%] [32mBuilding CXX object CMakeFiles/niryo_one_msgs__rosidl_typesupport_cpp.dir/rosidl_typesupport_cpp/niryo_one_msgs/msg/object_pose__type_support.cpp.o[0m
[ 55%] [32mBuilding CXX object CMakeFiles/niryo_one_msgs__rosidl_typesupport_fastrtps_c.dir/rosidl_typesupport_fastrtps_c/niryo_one_msgs/msg/detail/matlab_move_result__type_support_c.cpp.o[0m
[ 56%] [32mBuilding CXX object CMakeFiles/niryo_one_msgs__rosidl_typesupport_c.dir/rosidl_typesupport_c/niryo_one_msgs/msg/conveyor_feedback__type_support.cpp.o[0m
[ 57%] [32mBuilding CXX object CMakeFiles/niryo_one_msgs__rosidl_typesupport_c.dir/rosidl_typesupport_c/niryo_one_msgs/msg/digital_io_state__type_support.cpp.o[0m
[ 58%] [32mBuilding CXX object CMakeFiles/niryo_one_msgs__rosidl_typesupport_fastrtps_cpp.dir/rosidl_typesupport_fastrtps_cpp/niryo_one_msgs/msg/detail/dds_fastrtps/log_status__type_support.cpp.o[0m
[ 59%] [32mBuilding CXX object CMakeFiles/niryo_one_msgs__rosidl_typesupport_c.dir/rosidl_typesupport_c/niryo_one_msgs/msg/hardware_status__type_support.cpp.o[0m
[ 60%] [32mBuilding CXX object CMakeFiles/niryo_one_msgs__rosidl_typesupport_cpp.dir/rosidl_typesupport_cpp/niryo_one_msgs/srv/change_hardware_version__type_support.cpp.o[0m
[ 61%] [32mBuilding CXX object CMakeFiles/niryo_one_msgs__rosidl_typesupport_c.dir/rosidl_typesupport_c/niryo_one_msgs/msg/log_status__type_support.cpp.o[0m
[ 62%] [32mBuilding CXX object CMakeFiles/niryo_one_msgs__rosidl_typesupport_c.dir/rosidl_typesupport_c/niryo_one_msgs/msg/matlab_move_result__type_support.cpp.o[0m
[ 63%] [32mBuilding CXX object CMakeFiles/niryo_one_msgs__rosidl_typesupport_c.dir/rosidl_typesupport_c/niryo_one_msgs/msg/object_pose__type_support.cpp.o[0m
[ 64%] [32mBuilding CXX object CMakeFiles/niryo_one_msgs__rosidl_typesupport_c.dir/rosidl_typesupport_c/niryo_one_msgs/srv/change_hardware_version__type_support.cpp.o[0m
[ 65%] [32m[1mLinking CXX shared library libniryo_one_msgs__rosidl_typesupport_c.so[0m
[ 65%] Built target niryo_one_msgs__rosidl_typesupport_c
[ 67%] [32mBuilding CXX object CMakeFiles/niryo_one_msgs__rosidl_typesupport_fastrtps_c.dir/rosidl_typesupport_fastrtps_c/niryo_one_msgs/msg/detail/object_pose__type_support_c.cpp.o[0m
[ 68%] [32mBuilding CXX object CMakeFiles/niryo_one_msgs__rosidl_typesupport_fastrtps_cpp.dir/rosidl_typesupport_fastrtps_cpp/niryo_one_msgs/msg/detail/dds_fastrtps/matlab_move_result__type_support.cpp.o[0m
[ 69%] [32m[1mLinking CXX shared library libniryo_one_msgs__rosidl_typesupport_cpp.so[0m
[ 70%] [32mBuilding CXX object CMakeFiles/niryo_one_msgs__rosidl_typesupport_fastrtps_cpp.dir/rosidl_typesupport_fastrtps_cpp/niryo_one_msgs/msg/detail/dds_fastrtps/object_pose__type_support.cpp.o[0m
[ 70%] Built target niryo_one_msgs__rosidl_typesupport_cpp
[ 71%] [32mBuilding CXX object CMakeFiles/niryo_one_msgs__rosidl_typesupport_fastrtps_c.dir/rosidl_typesupport_fastrtps_c/niryo_one_msgs/srv/detail/change_hardware_version__type_support_c.cpp.o[0m
[ 72%] [32mBuilding CXX object CMakeFiles/niryo_one_msgs__rosidl_typesupport_fastrtps_cpp.dir/rosidl_typesupport_fastrtps_cpp/niryo_one_msgs/srv/detail/dds_fastrtps/change_hardware_version__type_support.cpp.o[0m
[ 73%] [34m[1mGenerating C++ introspection for ROS interfaces[0m
[ 74%] [32m[1mLinking CXX shared library libniryo_one_msgs__rosidl_typesupport_fastrtps_c.so[0m
[ 74%] Built target niryo_one_msgs__rosidl_typesupport_fastrtps_c
[ 75%] [32mBuilding CXX object CMakeFiles/niryo_one_msgs__rosidl_typesupport_introspection_cpp.dir/rosidl_typesupport_introspection_cpp/niryo_one_msgs/msg/detail/conveyor_feedback__type_support.cpp.o[0m
[ 76%] [32mBuilding CXX object CMakeFiles/niryo_one_msgs__rosidl_typesupport_introspection_cpp.dir/rosidl_typesupport_introspection_cpp/niryo_one_msgs/msg/detail/digital_io_state__type_support.cpp.o[0m
[ 77%] [32mBuilding CXX object CMakeFiles/niryo_one_msgs__rosidl_typesupport_introspection_cpp.dir/rosidl_typesupport_introspection_cpp/niryo_one_msgs/msg/detail/hardware_status__type_support.cpp.o[0m
[ 78%] [32m[1mLinking CXX shared library libniryo_one_msgs__rosidl_typesupport_fastrtps_cpp.so[0m
[ 78%] Built target niryo_one_msgs__rosidl_typesupport_fastrtps_cpp
[ 79%] [32mBuilding CXX object CMakeFiles/niryo_one_msgs__rosidl_typesupport_introspection_cpp.dir/rosidl_typesupport_introspection_cpp/niryo_one_msgs/msg/detail/log_status__type_support.cpp.o[0m
[ 80%] [32mBuilding CXX object CMakeFiles/niryo_one_msgs__rosidl_typesupport_introspection_cpp.dir/rosidl_typesupport_introspection_cpp/niryo_one_msgs/msg/detail/matlab_move_result__type_support.cpp.o[0m
[ 81%] [32mBuilding CXX object CMakeFiles/niryo_one_msgs__rosidl_typesupport_introspection_cpp.dir/rosidl_typesupport_introspection_cpp/niryo_one_msgs/msg/detail/object_pose__type_support.cpp.o[0m
[ 82%] [32mBuilding CXX object CMakeFiles/niryo_one_msgs__rosidl_typesupport_introspection_cpp.dir/rosidl_typesupport_introspection_cpp/niryo_one_msgs/srv/detail/change_hardware_version__type_support.cpp.o[0m
[ 84%] [32m[1mLinking CXX shared library libniryo_one_msgs__rosidl_typesupport_introspection_cpp.so[0m
[ 84%] Built target niryo_one_msgs__rosidl_typesupport_introspection_cpp
[ 84%] Built target niryo_one_msgs
[ 85%] [34m[1mGenerating Python code for ROS interfaces[0m
[ 85%] Built target niryo_one_msgs__py
[ 86%] [32mBuilding C object CMakeFiles/niryo_one_msgs__rosidl_generator_py.dir/rosidl_generator_py/niryo_one_msgs/msg/_digital_io_state_s.c.o[0m
[ 87%] [32mBuilding C object CMakeFiles/niryo_one_msgs__rosidl_generator_py.dir/rosidl_generator_py/niryo_one_msgs/msg/_conveyor_feedback_s.c.o[0m
[ 88%] [32mBuilding C object CMakeFiles/niryo_one_msgs__rosidl_generator_py.dir/rosidl_generator_py/niryo_one_msgs/msg/_hardware_status_s.c.o[0m
[ 89%] [32mBuilding C object CMakeFiles/niryo_one_msgs__rosidl_generator_py.dir/rosidl_generator_py/niryo_one_msgs/msg/_log_status_s.c.o[0m
[ 91%] [32mBuilding C object CMakeFiles/niryo_one_msgs__rosidl_generator_py.dir/rosidl_generator_py/niryo_one_msgs/msg/_object_pose_s.c.o[0m
[ 91%] [32mBuilding C object CMakeFiles/niryo_one_msgs__rosidl_generator_py.dir/rosidl_generator_py/niryo_one_msgs/msg/_matlab_move_result_s.c.o[0m
[ 92%] [32mBuilding C object CMakeFiles/niryo_one_msgs__rosidl_generator_py.dir/rosidl_generator_py/niryo_one_msgs/srv/_change_hardware_version_s.c.o[0m
[ 93%] [32m[1mLinking C shared library libniryo_one_msgs__rosidl_generator_py.so[0m
[ 93%] Built target niryo_one_msgs__rosidl_generator_py
[ 94%] [32mBuilding C object CMakeFiles/niryo_one_msgs_s__rosidl_typesupport_c.dir/rosidl_generator_py/niryo_one_msgs/_niryo_one_msgs_s.ep.rosidl_typesupport_c.c.o[0m
[ 95%] [32mBuilding C object CMakeFiles/niryo_one_msgs_s__rosidl_typesupport_fastrtps_c.dir/rosidl_generator_py/niryo_one_msgs/_niryo_one_msgs_s.ep.rosidl_typesupport_fastrtps_c.c.o[0m
[ 96%] [32mBuilding C object CMakeFiles/niryo_one_msgs_s__rosidl_typesupport_introspection_c.dir/rosidl_generator_py/niryo_one_msgs/_niryo_one_msgs_s.ep.rosidl_typesupport_introspection_c.c.o[0m
[ 97%] [32m[1mLinking C shared module rosidl_generator_py/niryo_one_msgs/niryo_one_msgs_s__rosidl_typesupport_fastrtps_c.so[0m
[ 98%] [32m[1mLinking C shared module rosidl_generator_py/niryo_one_msgs/niryo_one_msgs_s__rosidl_typesupport_c.so[0m
[ 98%] Built target niryo_one_msgs_s__rosidl_typesupport_c
[ 98%] Built target niryo_one_msgs_s__rosidl_typesupport_fastrtps_c
[100%] [32m[1mLinking C shared module rosidl_generator_py/niryo_one_msgs/niryo_one_msgs_s__rosidl_typesupport_introspection_c.so[0m
[100%] Built target niryo_one_msgs_s__rosidl_typesupport_introspection_c
-- Install configuration: ""
-- Installing: /home/noldona/niryo/niryo_two_ros/install/niryo_one_msgs/share/ament_index/resource_index/rosidl_interfaces/niryo_one_msgs
-- Installing: /home/noldona/niryo/niryo_two_ros/install/niryo_one_msgs/share/niryo_one_msgs/msg/ConveyorFeedback.json
-- Installing: /home/noldona/niryo/niryo_two_ros/install/niryo_one_msgs/share/niryo_one_msgs/msg/DigitalIOState.json
-- Installing: /home/noldona/niryo/niryo_two_ros/install/niryo_one_msgs/share/niryo_one_msgs/msg/HardwareStatus.json
-- Installing: /home/noldona/niryo/niryo_two_ros/install/niryo_one_msgs/share/niryo_one_msgs/msg/LogStatus.json
-- Installing: /home/noldona/niryo/niryo_two_ros/install/niryo_one_msgs/share/niryo_one_msgs/msg/MatlabMoveResult.json
-- Installing: /home/noldona/niryo/niryo_two_ros/install/niryo_one_msgs/share/niryo_one_msgs/msg/ObjectPose.json
-- Installing: /home/noldona/niryo/niryo_two_ros/install/niryo_one_msgs/share/niryo_one_msgs/srv/ChangeHardwareVersion.json
-- Up-to-date: /home/noldona/niryo/niryo_two_ros/install/niryo_one_msgs/include/niryo_one_msgs/niryo_one_msgs
-- Up-to-date: /home/noldona/niryo/niryo_two_ros/install/niryo_one_msgs/include/niryo_one_msgs/niryo_one_msgs/msg
-- Installing: /home/noldona/niryo/niryo_two_ros/install/niryo_one_msgs/include/niryo_one_msgs/niryo_one_msgs/msg/object_pose.h
-- Up-to-date: /home/noldona/niryo/niryo_two_ros/install/niryo_one_msgs/include/niryo_one_msgs/niryo_one_msgs/msg/digital_io_state.h
-- Installing: /home/noldona/niryo/niryo_two_ros/install/niryo_one_msgs/include/niryo_one_msgs/niryo_one_msgs/msg/log_status.h
-- Installing: /home/noldona/niryo/niryo_two_ros/install/niryo_one_msgs/include/niryo_one_msgs/niryo_one_msgs/msg/matlab_move_result.h
-- Up-to-date: /home/noldona/niryo/niryo_two_ros/install/niryo_one_msgs/include/niryo_one_msgs/niryo_one_msgs/msg/rosidl_generator_c__visibility_control.h
-- Up-to-date: /home/noldona/niryo/niryo_two_ros/install/niryo_one_msgs/include/niryo_one_msgs/niryo_one_msgs/msg/detail
-- Installing: /home/noldona/niryo/niryo_two_ros/install/niryo_one_msgs/include/niryo_one_msgs/niryo_one_msgs/msg/detail/object_pose__functions.h
-- Installing: /home/noldona/niryo/niryo_two_ros/install/niryo_one_msgs/include/niryo_one_msgs/niryo_one_msgs/msg/detail/digital_io_state__functions.h
-- Installing: /home/noldona/niryo/niryo_two_ros/install/niryo_one_msgs/include/niryo_one_msgs/niryo_one_msgs/msg/detail/digital_io_state__description.c
-- Installing: /home/noldona/niryo/niryo_two_ros/install/niryo_one_msgs/include/niryo_one_msgs/niryo_one_msgs/msg/detail/hardware_status__functions.h
-- Installing: /home/noldona/niryo/niryo_two_ros/install/niryo_one_msgs/include/niryo_one_msgs/niryo_one_msgs/msg/detail/conveyor_feedback__functions.h
-- Installing: /home/noldona/niryo/niryo_two_ros/install/niryo_one_msgs/include/niryo_one_msgs/niryo_one_msgs/msg/detail/log_status__functions.h
-- Installing: /home/noldona/niryo/niryo_two_ros/install/niryo_one_msgs/include/niryo_one_msgs/niryo_one_msgs/msg/detail/matlab_move_result__type_support.h
-- Installing: /home/noldona/niryo/niryo_two_ros/install/niryo_one_msgs/include/niryo_one_msgs/niryo_one_msgs/msg/detail/hardware_status__description.c
-- Installing: /home/noldona/niryo/niryo_two_ros/install/niryo_one_msgs/include/niryo_one_msgs/niryo_one_msgs/msg/detail/digital_io_state__type_support.h
-- Installing: /home/noldona/niryo/niryo_two_ros/install/niryo_one_msgs/include/niryo_one_msgs/niryo_one_msgs/msg/detail/log_status__type_support.c
-- Installing: /home/noldona/niryo/niryo_two_ros/install/niryo_one_msgs/include/niryo_one_msgs/niryo_one_msgs/msg/detail/log_status__functions.c
-- Installing: /home/noldona/niryo/niryo_two_ros/install/niryo_one_msgs/include/niryo_one_msgs/niryo_one_msgs/msg/detail/hardware_status__type_support.c
-- Installing: /home/noldona/niryo/niryo_two_ros/install/niryo_one_msgs/include/niryo_one_msgs/niryo_one_msgs/msg/detail/log_status__description.c
-- Installing: /home/noldona/niryo/niryo_two_ros/install/niryo_one_msgs/include/niryo_one_msgs/niryo_one_msgs/msg/detail/object_pose__functions.c
-- Installing: /home/noldona/niryo/niryo_two_ros/install/niryo_one_msgs/include/niryo_one_msgs/niryo_one_msgs/msg/detail/object_pose__type_support.h
-- Installing: /home/noldona/niryo/niryo_two_ros/install/niryo_one_msgs/include/niryo_one_msgs/niryo_one_msgs/msg/detail/log_status__struct.h
-- Installing: /home/noldona/niryo/niryo_two_ros/install/niryo_one_msgs/include/niryo_one_msgs/niryo_one_msgs/msg/detail/conveyor_feedback__description.c
-- Installing: /home/noldona/niryo/niryo_two_ros/install/niryo_one_msgs/include/niryo_one_msgs/niryo_one_msgs/msg/detail/hardware_status__struct.h
-- Installing: /home/noldona/niryo/niryo_two_ros/install/niryo_one_msgs/include/niryo_one_msgs/niryo_one_msgs/msg/detail/matlab_move_result__functions.h
-- Installing: /home/noldona/niryo/niryo_two_ros/install/niryo_one_msgs/include/niryo_one_msgs/niryo_one_msgs/msg/detail/matlab_move_result__type_support.c
-- Installing: /home/noldona/niryo/niryo_two_ros/install/niryo_one_msgs/include/niryo_one_msgs/niryo_one_msgs/msg/detail/object_pose__struct.h
-- Installing: /home/noldona/niryo/niryo_two_ros/install/niryo_one_msgs/include/niryo_one_msgs/niryo_one_msgs/msg/detail/matlab_move_result__description.c
-- Installing: /home/noldona/niryo/niryo_two_ros/install/niryo_one_msgs/include/niryo_one_msgs/niryo_one_msgs/msg/detail/conveyor_feedback__type_support.h
-- Installing: /home/noldona/niryo/niryo_two_ros/install/niryo_one_msgs/include/niryo_one_msgs/niryo_one_msgs/msg/detail/digital_io_state__type_support.c
-- Installing: /home/noldona/niryo/niryo_two_ros/install/niryo_one_msgs/include/niryo_one_msgs/niryo_one_msgs/msg/detail/matlab_move_result__struct.h
-- Installing: /home/noldona/niryo/niryo_two_ros/install/niryo_one_msgs/include/niryo_one_msgs/niryo_one_msgs/msg/detail/hardware_status__functions.c
-- Installing: /home/noldona/niryo/niryo_two_ros/install/niryo_one_msgs/include/niryo_one_msgs/niryo_one_msgs/msg/detail/conveyor_feedback__type_support.c
-- Installing: /home/noldona/niryo/niryo_two_ros/install/niryo_one_msgs/include/niryo_one_msgs/niryo_one_msgs/msg/detail/digital_io_state__struct.h
-- Installing: /home/noldona/niryo/niryo_two_ros/install/niryo_one_msgs/include/niryo_one_msgs/niryo_one_msgs/msg/detail/conveyor_feedback__functions.c
-- Installing: /home/noldona/niryo/niryo_two_ros/install/niryo_one_msgs/include/niryo_one_msgs/niryo_one_msgs/msg/detail/hardware_status__type_support.h
-- Installing: /home/noldona/niryo/niryo_two_ros/install/niryo_one_msgs/include/niryo_one_msgs/niryo_one_msgs/msg/detail/matlab_move_result__functions.c
-- Installing: /home/noldona/niryo/niryo_two_ros/install/niryo_one_msgs/include/niryo_one_msgs/niryo_one_msgs/msg/detail/object_pose__type_support.c
-- Installing: /home/noldona/niryo/niryo_two_ros/install/niryo_one_msgs/include/niryo_one_msgs/niryo_one_msgs/msg/detail/log_status__type_support.h
-- Installing: /home/noldona/niryo/niryo_two_ros/install/niryo_one_msgs/include/niryo_one_msgs/niryo_one_msgs/msg/detail/conveyor_feedback__struct.h
-- Installing: /home/noldona/niryo/niryo_two_ros/install/niryo_one_msgs/include/niryo_one_msgs/niryo_one_msgs/msg/detail/digital_io_state__functions.c
-- Installing: /home/noldona/niryo/niryo_two_ros/install/niryo_one_msgs/include/niryo_one_msgs/niryo_one_msgs/msg/detail/object_pose__description.c
-- Installing: /home/noldona/niryo/niryo_two_ros/install/niryo_one_msgs/include/niryo_one_msgs/niryo_one_msgs/msg/conveyor_feedback.h
-- Installing: /home/noldona/niryo/niryo_two_ros/install/niryo_one_msgs/include/niryo_one_msgs/niryo_one_msgs/msg/hardware_status.h
-- Up-to-date: /home/noldona/niryo/niryo_two_ros/install/niryo_one_msgs/include/niryo_one_msgs/niryo_one_msgs/srv
-- Installing: /home/noldona/niryo/niryo_two_ros/install/niryo_one_msgs/include/niryo_one_msgs/niryo_one_msgs/srv/change_hardware_version.h
-- Up-to-date: /home/noldona/niryo/niryo_two_ros/install/niryo_one_msgs/include/niryo_one_msgs/niryo_one_msgs/srv/detail
-- Installing: /home/noldona/niryo/niryo_two_ros/install/niryo_one_msgs/include/niryo_one_msgs/niryo_one_msgs/srv/detail/change_hardware_version__type_support.c
-- Installing: /home/noldona/niryo/niryo_two_ros/install/niryo_one_msgs/include/niryo_one_msgs/niryo_one_msgs/srv/detail/change_hardware_version__description.c
-- Installing: /home/noldona/niryo/niryo_two_ros/install/niryo_one_msgs/include/niryo_one_msgs/niryo_one_msgs/srv/detail/change_hardware_version__functions.c
-- Installing: /home/noldona/niryo/niryo_two_ros/install/niryo_one_msgs/include/niryo_one_msgs/niryo_one_msgs/srv/detail/change_hardware_version__struct.h
-- Installing: /home/noldona/niryo/niryo_two_ros/install/niryo_one_msgs/include/niryo_one_msgs/niryo_one_msgs/srv/detail/change_hardware_version__functions.h
-- Installing: /home/noldona/niryo/niryo_two_ros/install/niryo_one_msgs/include/niryo_one_msgs/niryo_one_msgs/srv/detail/change_hardware_version__type_support.h
-- Up-to-date: /home/noldona/niryo/niryo_two_ros/install/niryo_one_msgs/share/niryo_one_msgs/environment/library_path.sh
-- Up-to-date: /home/noldona/niryo/niryo_two_ros/install/niryo_one_msgs/share/niryo_one_msgs/environment/library_path.dsv
-- Installing: /home/noldona/niryo/niryo_two_ros/install/niryo_one_msgs/lib/libniryo_one_msgs__rosidl_generator_c.so
-- Set non-toolchain portion of runtime path of "/home/noldona/niryo/niryo_two_ros/install/niryo_one_msgs/lib/libniryo_one_msgs__rosidl_generator_c.so" to ""
-- Up-to-date: /home/noldona/niryo/niryo_two_ros/install/niryo_one_msgs/include/niryo_one_msgs/niryo_one_msgs
-- Up-to-date: /home/noldona/niryo/niryo_two_ros/install/niryo_one_msgs/include/niryo_one_msgs/niryo_one_msgs/msg
-- Up-to-date: /home/noldona/niryo/niryo_two_ros/install/niryo_one_msgs/include/niryo_one_msgs/niryo_one_msgs/msg/detail
-- Installing: /home/noldona/niryo/niryo_two_ros/install/niryo_one_msgs/include/niryo_one_msgs/niryo_one_msgs/msg/detail/log_status__rosidl_typesupport_fastrtps_c.h
-- Installing: /home/noldona/niryo/niryo_two_ros/install/niryo_one_msgs/include/niryo_one_msgs/niryo_one_msgs/msg/detail/hardware_status__rosidl_typesupport_fastrtps_c.h
-- Installing: /home/noldona/niryo/niryo_two_ros/install/niryo_one_msgs/include/niryo_one_msgs/niryo_one_msgs/msg/detail/digital_io_state__rosidl_typesupport_fastrtps_c.h
-- Installing: /home/noldona/niryo/niryo_two_ros/install/niryo_one_msgs/include/niryo_one_msgs/niryo_one_msgs/msg/detail/conveyor_feedback__rosidl_typesupport_fastrtps_c.h
-- Installing: /home/noldona/niryo/niryo_two_ros/install/niryo_one_msgs/include/niryo_one_msgs/niryo_one_msgs/msg/detail/matlab_move_result__rosidl_typesupport_fastrtps_c.h
-- Installing: /home/noldona/niryo/niryo_two_ros/install/niryo_one_msgs/include/niryo_one_msgs/niryo_one_msgs/msg/detail/object_pose__rosidl_typesupport_fastrtps_c.h
-- Up-to-date: /home/noldona/niryo/niryo_two_ros/install/niryo_one_msgs/include/niryo_one_msgs/niryo_one_msgs/msg/rosidl_typesupport_fastrtps_c__visibility_control.h
-- Up-to-date: /home/noldona/niryo/niryo_two_ros/install/niryo_one_msgs/include/niryo_one_msgs/niryo_one_msgs/srv
-- Up-to-date: /home/noldona/niryo/niryo_two_ros/install/niryo_one_msgs/include/niryo_one_msgs/niryo_one_msgs/srv/detail
-- Installing: /home/noldona/niryo/niryo_two_ros/install/niryo_one_msgs/include/niryo_one_msgs/niryo_one_msgs/srv/detail/change_hardware_version__rosidl_typesupport_fastrtps_c.h
-- Installing: /home/noldona/niryo/niryo_two_ros/install/niryo_one_msgs/lib/libniryo_one_msgs__rosidl_typesupport_fastrtps_c.so
-- Set non-toolchain portion of runtime path of "/home/noldona/niryo/niryo_two_ros/install/niryo_one_msgs/lib/libniryo_one_msgs__rosidl_typesupport_fastrtps_c.so" to ""
-- Up-to-date: /home/noldona/niryo/niryo_two_ros/install/niryo_one_msgs/include/niryo_one_msgs/niryo_one_msgs
-- Up-to-date: /home/noldona/niryo/niryo_two_ros/install/niryo_one_msgs/include/niryo_one_msgs/niryo_one_msgs/msg
-- Installing: /home/noldona/niryo/niryo_two_ros/install/niryo_one_msgs/include/niryo_one_msgs/niryo_one_msgs/msg/log_status.hpp
-- Installing: /home/noldona/niryo/niryo_two_ros/install/niryo_one_msgs/include/niryo_one_msgs/niryo_one_msgs/msg/digital_io_state.hpp
-- Up-to-date: /home/noldona/niryo/niryo_two_ros/install/niryo_one_msgs/include/niryo_one_msgs/niryo_one_msgs/msg/detail
-- Installing: /home/noldona/niryo/niryo_two_ros/install/niryo_one_msgs/include/niryo_one_msgs/niryo_one_msgs/msg/detail/object_pose__builder.hpp
-- Installing: /home/noldona/niryo/niryo_two_ros/install/niryo_one_msgs/include/niryo_one_msgs/niryo_one_msgs/msg/detail/hardware_status__traits.hpp
-- Installing: /home/noldona/niryo/niryo_two_ros/install/niryo_one_msgs/include/niryo_one_msgs/niryo_one_msgs/msg/detail/digital_io_state__type_support.hpp
-- Installing: /home/noldona/niryo/niryo_two_ros/install/niryo_one_msgs/include/niryo_one_msgs/niryo_one_msgs/msg/detail/matlab_move_result__traits.hpp
-- Installing: /home/noldona/niryo/niryo_two_ros/install/niryo_one_msgs/include/niryo_one_msgs/niryo_one_msgs/msg/detail/hardware_status__type_support.hpp
-- Installing: /home/noldona/niryo/niryo_two_ros/install/niryo_one_msgs/include/niryo_one_msgs/niryo_one_msgs/msg/detail/object_pose__type_support.hpp
-- Installing: /home/noldona/niryo/niryo_two_ros/install/niryo_one_msgs/include/niryo_one_msgs/niryo_one_msgs/msg/detail/digital_io_state__traits.hpp
-- Installing: /home/noldona/niryo/niryo_two_ros/install/niryo_one_msgs/include/niryo_one_msgs/niryo_one_msgs/msg/detail/hardware_status__builder.hpp
-- Installing: /home/noldona/niryo/niryo_two_ros/install/niryo_one_msgs/include/niryo_one_msgs/niryo_one_msgs/msg/detail/matlab_move_result__struct.hpp
-- Installing: /home/noldona/niryo/niryo_two_ros/install/niryo_one_msgs/include/niryo_one_msgs/niryo_one_msgs/msg/detail/conveyor_feedback__builder.hpp
-- Installing: /home/noldona/niryo/niryo_two_ros/install/niryo_one_msgs/include/niryo_one_msgs/niryo_one_msgs/msg/detail/digital_io_state__struct.hpp
-- Installing: /home/noldona/niryo/niryo_two_ros/install/niryo_one_msgs/include/niryo_one_msgs/niryo_one_msgs/msg/detail/log_status__traits.hpp
-- Installing: /home/noldona/niryo/niryo_two_ros/install/niryo_one_msgs/include/niryo_one_msgs/niryo_one_msgs/msg/detail/conveyor_feedback__traits.hpp
-- Installing: /home/noldona/niryo/niryo_two_ros/install/niryo_one_msgs/include/niryo_one_msgs/niryo_one_msgs/msg/detail/hardware_status__struct.hpp
-- Installing: /home/noldona/niryo/niryo_two_ros/install/niryo_one_msgs/include/niryo_one_msgs/niryo_one_msgs/msg/detail/log_status__struct.hpp
-- Installing: /home/noldona/niryo/niryo_two_ros/install/niryo_one_msgs/include/niryo_one_msgs/niryo_one_msgs/msg/detail/matlab_move_result__type_support.hpp
-- Installing: /home/noldona/niryo/niryo_two_ros/install/niryo_one_msgs/include/niryo_one_msgs/niryo_one_msgs/msg/detail/conveyor_feedback__type_support.hpp
-- Installing: /home/noldona/niryo/niryo_two_ros/install/niryo_one_msgs/include/niryo_one_msgs/niryo_one_msgs/msg/detail/conveyor_feedback__struct.hpp
-- Installing: /home/noldona/niryo/niryo_two_ros/install/niryo_one_msgs/include/niryo_one_msgs/niryo_one_msgs/msg/detail/object_pose__traits.hpp
-- Installing: /home/noldona/niryo/niryo_two_ros/install/niryo_one_msgs/include/niryo_one_msgs/niryo_one_msgs/msg/detail/object_pose__struct.hpp
-- Installing: /home/noldona/niryo/niryo_two_ros/install/niryo_one_msgs/include/niryo_one_msgs/niryo_one_msgs/msg/detail/log_status__type_support.hpp
-- Installing: /home/noldona/niryo/niryo_two_ros/install/niryo_one_msgs/include/niryo_one_msgs/niryo_one_msgs/msg/detail/digital_io_state__builder.hpp
-- Installing: /home/noldona/niryo/niryo_two_ros/install/niryo_one_msgs/include/niryo_one_msgs/niryo_one_msgs/msg/detail/matlab_move_result__builder.hpp
-- Installing: /home/noldona/niryo/niryo_two_ros/install/niryo_one_msgs/include/niryo_one_msgs/niryo_one_msgs/msg/detail/log_status__builder.hpp
-- Installing: /home/noldona/niryo/niryo_two_ros/install/niryo_one_msgs/include/niryo_one_msgs/niryo_one_msgs/msg/object_pose.hpp
-- Installing: /home/noldona/niryo/niryo_two_ros/install/niryo_one_msgs/include/niryo_one_msgs/niryo_one_msgs/msg/matlab_move_result.hpp
-- Installing: /home/noldona/niryo/niryo_two_ros/install/niryo_one_msgs/include/niryo_one_msgs/niryo_one_msgs/msg/conveyor_feedback.hpp
-- Installing: /home/noldona/niryo/niryo_two_ros/install/niryo_one_msgs/include/niryo_one_msgs/niryo_one_msgs/msg/rosidl_generator_cpp__visibility_control.hpp
-- Installing: /home/noldona/niryo/niryo_two_ros/install/niryo_one_msgs/include/niryo_one_msgs/niryo_one_msgs/msg/hardware_status.hpp
-- Up-to-date: /home/noldona/niryo/niryo_two_ros/install/niryo_one_msgs/include/niryo_one_msgs/niryo_one_msgs/srv
-- Up-to-date: /home/noldona/niryo/niryo_two_ros/install/niryo_one_msgs/include/niryo_one_msgs/niryo_one_msgs/srv/detail
-- Installing: /home/noldona/niryo/niryo_two_ros/install/niryo_one_msgs/include/niryo_one_msgs/niryo_one_msgs/srv/detail/change_hardware_version__builder.hpp
-- Installing: /home/noldona/niryo/niryo_two_ros/install/niryo_one_msgs/include/niryo_one_msgs/niryo_one_msgs/srv/detail/change_hardware_version__traits.hpp
-- Installing: /home/noldona/niryo/niryo_two_ros/install/niryo_one_msgs/include/niryo_one_msgs/niryo_one_msgs/srv/detail/change_hardware_version__struct.hpp
-- Installing: /home/noldona/niryo/niryo_two_ros/install/niryo_one_msgs/include/niryo_one_msgs/niryo_one_msgs/srv/detail/change_hardware_version__type_support.hpp
-- Installing: /home/noldona/niryo/niryo_two_ros/install/niryo_one_msgs/include/niryo_one_msgs/niryo_one_msgs/srv/change_hardware_version.hpp
-- Up-to-date: /home/noldona/niryo/niryo_two_ros/install/niryo_one_msgs/include/niryo_one_msgs/niryo_one_msgs
-- Up-to-date: /home/noldona/niryo/niryo_two_ros/install/niryo_one_msgs/include/niryo_one_msgs/niryo_one_msgs/msg
-- Up-to-date: /home/noldona/niryo/niryo_two_ros/install/niryo_one_msgs/include/niryo_one_msgs/niryo_one_msgs/msg/detail
-- Installing: /home/noldona/niryo/niryo_two_ros/install/niryo_one_msgs/include/niryo_one_msgs/niryo_one_msgs/msg/detail/matlab_move_result__rosidl_typesupport_fastrtps_cpp.hpp
-- Installing: /home/noldona/niryo/niryo_two_ros/install/niryo_one_msgs/include/niryo_one_msgs/niryo_one_msgs/msg/detail/object_pose__rosidl_typesupport_fastrtps_cpp.hpp
-- Up-to-date: /home/noldona/niryo/niryo_two_ros/install/niryo_one_msgs/include/niryo_one_msgs/niryo_one_msgs/msg/detail/dds_fastrtps
-- Installing: /home/noldona/niryo/niryo_two_ros/install/niryo_one_msgs/include/niryo_one_msgs/niryo_one_msgs/msg/detail/digital_io_state__rosidl_typesupport_fastrtps_cpp.hpp
-- Installing: /home/noldona/niryo/niryo_two_ros/install/niryo_one_msgs/include/niryo_one_msgs/niryo_one_msgs/msg/detail/log_status__rosidl_typesupport_fastrtps_cpp.hpp
-- Installing: /home/noldona/niryo/niryo_two_ros/install/niryo_one_msgs/include/niryo_one_msgs/niryo_one_msgs/msg/detail/hardware_status__rosidl_typesupport_fastrtps_cpp.hpp
-- Installing: /home/noldona/niryo/niryo_two_ros/install/niryo_one_msgs/include/niryo_one_msgs/niryo_one_msgs/msg/detail/conveyor_feedback__rosidl_typesupport_fastrtps_cpp.hpp
-- Up-to-date: /home/noldona/niryo/niryo_two_ros/install/niryo_one_msgs/include/niryo_one_msgs/niryo_one_msgs/msg/rosidl_typesupport_fastrtps_cpp__visibility_control.h
-- Up-to-date: /home/noldona/niryo/niryo_two_ros/install/niryo_one_msgs/include/niryo_one_msgs/niryo_one_msgs/srv
-- Up-to-date: /home/noldona/niryo/niryo_two_ros/install/niryo_one_msgs/include/niryo_one_msgs/niryo_one_msgs/srv/detail
-- Up-to-date: /home/noldona/niryo/niryo_two_ros/install/niryo_one_msgs/include/niryo_one_msgs/niryo_one_msgs/srv/detail/dds_fastrtps
-- Installing: /home/noldona/niryo/niryo_two_ros/install/niryo_one_msgs/include/niryo_one_msgs/niryo_one_msgs/srv/detail/change_hardware_version__rosidl_typesupport_fastrtps_cpp.hpp
-- Installing: /home/noldona/niryo/niryo_two_ros/install/niryo_one_msgs/lib/libniryo_one_msgs__rosidl_typesupport_fastrtps_cpp.so
-- Set non-toolchain portion of runtime path of "/home/noldona/niryo/niryo_two_ros/install/niryo_one_msgs/lib/libniryo_one_msgs__rosidl_typesupport_fastrtps_cpp.so" to ""
-- Up-to-date: /home/noldona/niryo/niryo_two_ros/install/niryo_one_msgs/include/niryo_one_msgs/niryo_one_msgs
-- Up-to-date: /home/noldona/niryo/niryo_two_ros/install/niryo_one_msgs/include/niryo_one_msgs/niryo_one_msgs/msg
-- Up-to-date: /home/noldona/niryo/niryo_two_ros/install/niryo_one_msgs/include/niryo_one_msgs/niryo_one_msgs/msg/detail
-- Installing: /home/noldona/niryo/niryo_two_ros/install/niryo_one_msgs/include/niryo_one_msgs/niryo_one_msgs/msg/detail/hardware_status__rosidl_typesupport_introspection_c.h
-- Installing: /home/noldona/niryo/niryo_two_ros/install/niryo_one_msgs/include/niryo_one_msgs/niryo_one_msgs/msg/detail/matlab_move_result__rosidl_typesupport_introspection_c.h
-- Installing: /home/noldona/niryo/niryo_two_ros/install/niryo_one_msgs/include/niryo_one_msgs/niryo_one_msgs/msg/detail/conveyor_feedback__rosidl_typesupport_introspection_c.h
-- Installing: /home/noldona/niryo/niryo_two_ros/install/niryo_one_msgs/include/niryo_one_msgs/niryo_one_msgs/msg/detail/log_status__type_support.c
-- Installing: /home/noldona/niryo/niryo_two_ros/install/niryo_one_msgs/include/niryo_one_msgs/niryo_one_msgs/msg/detail/object_pose__rosidl_typesupport_introspection_c.h
-- Installing: /home/noldona/niryo/niryo_two_ros/install/niryo_one_msgs/include/niryo_one_msgs/niryo_one_msgs/msg/detail/hardware_status__type_support.c
-- Installing: /home/noldona/niryo/niryo_two_ros/install/niryo_one_msgs/include/niryo_one_msgs/niryo_one_msgs/msg/detail/matlab_move_result__type_support.c
-- Installing: /home/noldona/niryo/niryo_two_ros/install/niryo_one_msgs/include/niryo_one_msgs/niryo_one_msgs/msg/detail/digital_io_state__rosidl_typesupport_introspection_c.h
-- Installing: /home/noldona/niryo/niryo_two_ros/install/niryo_one_msgs/include/niryo_one_msgs/niryo_one_msgs/msg/detail/digital_io_state__type_support.c
-- Installing: /home/noldona/niryo/niryo_two_ros/install/niryo_one_msgs/include/niryo_one_msgs/niryo_one_msgs/msg/detail/log_status__rosidl_typesupport_introspection_c.h
-- Installing: /home/noldona/niryo/niryo_two_ros/install/niryo_one_msgs/include/niryo_one_msgs/niryo_one_msgs/msg/detail/conveyor_feedback__type_support.c
-- Installing: /home/noldona/niryo/niryo_two_ros/install/niryo_one_msgs/include/niryo_one_msgs/niryo_one_msgs/msg/detail/object_pose__type_support.c
-- Up-to-date: /home/noldona/niryo/niryo_two_ros/install/niryo_one_msgs/include/niryo_one_msgs/niryo_one_msgs/msg/rosidl_typesupport_introspection_c__visibility_control.h
-- Up-to-date: /home/noldona/niryo/niryo_two_ros/install/niryo_one_msgs/include/niryo_one_msgs/niryo_one_msgs/srv
-- Up-to-date: /home/noldona/niryo/niryo_two_ros/install/niryo_one_msgs/include/niryo_one_msgs/niryo_one_msgs/srv/detail
-- Installing: /home/noldona/niryo/niryo_two_ros/install/niryo_one_msgs/include/niryo_one_msgs/niryo_one_msgs/srv/detail/change_hardware_version__type_support.c
-- Installing: /home/noldona/niryo/niryo_two_ros/install/niryo_one_msgs/include/niryo_one_msgs/niryo_one_msgs/srv/detail/change_hardware_version__rosidl_typesupport_introspection_c.h
-- Installing: /home/noldona/niryo/niryo_two_ros/install/niryo_one_msgs/lib/libniryo_one_msgs__rosidl_typesupport_introspection_c.so
-- Set non-toolchain portion of runtime path of "/home/noldona/niryo/niryo_two_ros/install/niryo_one_msgs/lib/libniryo_one_msgs__rosidl_typesupport_introspection_c.so" to ""
-- Installing: /home/noldona/niryo/niryo_two_ros/install/niryo_one_msgs/lib/libniryo_one_msgs__rosidl_typesupport_c.so
-- Set non-toolchain portion of runtime path of "/home/noldona/niryo/niryo_two_ros/install/niryo_one_msgs/lib/libniryo_one_msgs__rosidl_typesupport_c.so" to ""
-- Up-to-date: /home/noldona/niryo/niryo_two_ros/install/niryo_one_msgs/include/niryo_one_msgs/niryo_one_msgs
-- Up-to-date: /home/noldona/niryo/niryo_two_ros/install/niryo_one_msgs/include/niryo_one_msgs/niryo_one_msgs/msg
-- Up-to-date: /home/noldona/niryo/niryo_two_ros/install/niryo_one_msgs/include/niryo_one_msgs/niryo_one_msgs/msg/detail
-- Installing: /home/noldona/niryo/niryo_two_ros/install/niryo_one_msgs/include/niryo_one_msgs/niryo_one_msgs/msg/detail/object_pose__type_support.cpp
-- Installing: /home/noldona/niryo/niryo_two_ros/install/niryo_one_msgs/include/niryo_one_msgs/niryo_one_msgs/msg/detail/log_status__rosidl_typesupport_introspection_cpp.hpp
-- Installing: /home/noldona/niryo/niryo_two_ros/install/niryo_one_msgs/include/niryo_one_msgs/niryo_one_msgs/msg/detail/hardware_status__rosidl_typesupport_introspection_cpp.hpp
-- Installing: /home/noldona/niryo/niryo_two_ros/install/niryo_one_msgs/include/niryo_one_msgs/niryo_one_msgs/msg/detail/object_pose__rosidl_typesupport_introspection_cpp.hpp
-- Installing: /home/noldona/niryo/niryo_two_ros/install/niryo_one_msgs/include/niryo_one_msgs/niryo_one_msgs/msg/detail/log_status__type_support.cpp
-- Installing: /home/noldona/niryo/niryo_two_ros/install/niryo_one_msgs/include/niryo_one_msgs/niryo_one_msgs/msg/detail/hardware_status__type_support.cpp
-- Up-to-date: /home/noldona/niryo/niryo_two_ros/install/niryo_one_msgs/include/niryo_one_msgs/niryo_one_msgs/msg/detail/digital_io_state__rosidl_typesupport_introspection_cpp.hpp
-- Installing: /home/noldona/niryo/niryo_two_ros/install/niryo_one_msgs/include/niryo_one_msgs/niryo_one_msgs/msg/detail/digital_io_state__type_support.cpp
-- Installing: /home/noldona/niryo/niryo_two_ros/install/niryo_one_msgs/include/niryo_one_msgs/niryo_one_msgs/msg/detail/conveyor_feedback__rosidl_typesupport_introspection_cpp.hpp
-- Installing: /home/noldona/niryo/niryo_two_ros/install/niryo_one_msgs/include/niryo_one_msgs/niryo_one_msgs/msg/detail/matlab_move_result__type_support.cpp
-- Installing: /home/noldona/niryo/niryo_two_ros/install/niryo_one_msgs/include/niryo_one_msgs/niryo_one_msgs/msg/detail/conveyor_feedback__type_support.cpp
-- Installing: /home/noldona/niryo/niryo_two_ros/install/niryo_one_msgs/include/niryo_one_msgs/niryo_one_msgs/msg/detail/matlab_move_result__rosidl_typesupport_introspection_cpp.hpp
-- Up-to-date: /home/noldona/niryo/niryo_two_ros/install/niryo_one_msgs/include/niryo_one_msgs/niryo_one_msgs/srv
-- Up-to-date: /home/noldona/niryo/niryo_two_ros/install/niryo_one_msgs/include/niryo_one_msgs/niryo_one_msgs/srv/detail
-- Installing: /home/noldona/niryo/niryo_two_ros/install/niryo_one_msgs/include/niryo_one_msgs/niryo_one_msgs/srv/detail/change_hardware_version__type_support.cpp
-- Installing: /home/noldona/niryo/niryo_two_ros/install/niryo_one_msgs/include/niryo_one_msgs/niryo_one_msgs/srv/detail/change_hardware_version__rosidl_typesupport_introspection_cpp.hpp
-- Installing: /home/noldona/niryo/niryo_two_ros/install/niryo_one_msgs/lib/libniryo_one_msgs__rosidl_typesupport_introspection_cpp.so
-- Set non-toolchain portion of runtime path of "/home/noldona/niryo/niryo_two_ros/install/niryo_one_msgs/lib/libniryo_one_msgs__rosidl_typesupport_introspection_cpp.so" to ""
-- Installing: /home/noldona/niryo/niryo_two_ros/install/niryo_one_msgs/lib/libniryo_one_msgs__rosidl_typesupport_cpp.so
-- Set non-toolchain portion of runtime path of "/home/noldona/niryo/niryo_two_ros/install/niryo_one_msgs/lib/libniryo_one_msgs__rosidl_typesupport_cpp.so" to ""
-- Up-to-date: /home/noldona/niryo/niryo_two_ros/install/niryo_one_msgs/share/niryo_one_msgs/environment/pythonpath.sh
-- Up-to-date: /home/noldona/niryo/niryo_two_ros/install/niryo_one_msgs/share/niryo_one_msgs/environment/pythonpath.dsv
-- Up-to-date: /home/noldona/niryo/niryo_two_ros/install/niryo_one_msgs/lib/python3.12/site-packages/niryo_one_msgs-0.0.0-py3.12.egg-info
-- Installing: /home/noldona/niryo/niryo_two_ros/install/niryo_one_msgs/lib/python3.12/site-packages/niryo_one_msgs-0.0.0-py3.12.egg-info/SOURCES.txt
-- Installing: /home/noldona/niryo/niryo_two_ros/install/niryo_one_msgs/lib/python3.12/site-packages/niryo_one_msgs-0.0.0-py3.12.egg-info/PKG-INFO
-- Installing: /home/noldona/niryo/niryo_two_ros/install/niryo_one_msgs/lib/python3.12/site-packages/niryo_one_msgs-0.0.0-py3.12.egg-info/dependency_links.txt
-- Installing: /home/noldona/niryo/niryo_two_ros/install/niryo_one_msgs/lib/python3.12/site-packages/niryo_one_msgs-0.0.0-py3.12.egg-info/top_level.txt
-- Up-to-date: /home/noldona/niryo/niryo_two_ros/install/niryo_one_msgs/lib/python3.12/site-packages/niryo_one_msgs
-- Installing: /home/noldona/niryo/niryo_two_ros/install/niryo_one_msgs/lib/python3.12/site-packages/niryo_one_msgs/__init__.py
-- Up-to-date: /home/noldona/niryo/niryo_two_ros/install/niryo_one_msgs/lib/python3.12/site-packages/niryo_one_msgs/msg
-- Installing: /home/noldona/niryo/niryo_two_ros/install/niryo_one_msgs/lib/python3.12/site-packages/niryo_one_msgs/msg/__init__.py
-- Installing: /home/noldona/niryo/niryo_two_ros/install/niryo_one_msgs/lib/python3.12/site-packages/niryo_one_msgs/msg/_conveyor_feedback_s.c
-- Installing: /home/noldona/niryo/niryo_two_ros/install/niryo_one_msgs/lib/python3.12/site-packages/niryo_one_msgs/msg/_digital_io_state.py
-- Installing: /home/noldona/niryo/niryo_two_ros/install/niryo_one_msgs/lib/python3.12/site-packages/niryo_one_msgs/msg/_hardware_status_s.c
-- Installing: /home/noldona/niryo/niryo_two_ros/install/niryo_one_msgs/lib/python3.12/site-packages/niryo_one_msgs/msg/_digital_io_state_s.c
-- Installing: /home/noldona/niryo/niryo_two_ros/install/niryo_one_msgs/lib/python3.12/site-packages/niryo_one_msgs/msg/_matlab_move_result.py
-- Installing: /home/noldona/niryo/niryo_two_ros/install/niryo_one_msgs/lib/python3.12/site-packages/niryo_one_msgs/msg/_object_pose.py
-- Installing: /home/noldona/niryo/niryo_two_ros/install/niryo_one_msgs/lib/python3.12/site-packages/niryo_one_msgs/msg/_conveyor_feedback.py
-- Installing: /home/noldona/niryo/niryo_two_ros/install/niryo_one_msgs/lib/python3.12/site-packages/niryo_one_msgs/msg/_log_status.py
-- Installing: /home/noldona/niryo/niryo_two_ros/install/niryo_one_msgs/lib/python3.12/site-packages/niryo_one_msgs/msg/_hardware_status.py
-- Installing: /home/noldona/niryo/niryo_two_ros/install/niryo_one_msgs/lib/python3.12/site-packages/niryo_one_msgs/msg/_log_status_s.c
-- Installing: /home/noldona/niryo/niryo_two_ros/install/niryo_one_msgs/lib/python3.12/site-packages/niryo_one_msgs/msg/_object_pose_s.c
-- Installing: /home/noldona/niryo/niryo_two_ros/install/niryo_one_msgs/lib/python3.12/site-packages/niryo_one_msgs/msg/_matlab_move_result_s.c
-- Installing: /home/noldona/niryo/niryo_two_ros/install/niryo_one_msgs/lib/python3.12/site-packages/niryo_one_msgs/niryo_one_msgs_s__rosidl_typesupport_c.so
-- Installing: /home/noldona/niryo/niryo_two_ros/install/niryo_one_msgs/lib/python3.12/site-packages/niryo_one_msgs/niryo_one_msgs_s__rosidl_typesupport_fastrtps_c.so
-- Installing: /home/noldona/niryo/niryo_two_ros/install/niryo_one_msgs/lib/python3.12/site-packages/niryo_one_msgs/niryo_one_msgs_s__rosidl_typesupport_introspection_c.so
-- Installing: /home/noldona/niryo/niryo_two_ros/install/niryo_one_msgs/lib/python3.12/site-packages/niryo_one_msgs/_niryo_one_msgs_s.ep.rosidl_typesupport_introspection_c.c
-- Installing: /home/noldona/niryo/niryo_two_ros/install/niryo_one_msgs/lib/python3.12/site-packages/niryo_one_msgs/_niryo_one_msgs_s.ep.rosidl_typesupport_c.c
-- Installing: /home/noldona/niryo/niryo_two_ros/install/niryo_one_msgs/lib/python3.12/site-packages/niryo_one_msgs/_niryo_one_msgs_s.ep.rosidl_typesupport_fastrtps_c.c
-- Up-to-date: /home/noldona/niryo/niryo_two_ros/install/niryo_one_msgs/lib/python3.12/site-packages/niryo_one_msgs/srv
-- Installing: /home/noldona/niryo/niryo_two_ros/install/niryo_one_msgs/lib/python3.12/site-packages/niryo_one_msgs/srv/__init__.py
-- Installing: /home/noldona/niryo/niryo_two_ros/install/niryo_one_msgs/lib/python3.12/site-packages/niryo_one_msgs/srv/_change_hardware_version.py
-- Installing: /home/noldona/niryo/niryo_two_ros/install/niryo_one_msgs/lib/python3.12/site-packages/niryo_one_msgs/srv/_change_hardware_version_s.c
Listing '/home/noldona/niryo/niryo_two_ros/install/niryo_one_msgs/lib/python3.12/site-packages/niryo_one_msgs'...
Compiling '/home/noldona/niryo/niryo_two_ros/install/niryo_one_msgs/lib/python3.12/site-packages/niryo_one_msgs/__init__.py'...
Listing '/home/noldona/niryo/niryo_two_ros/install/niryo_one_msgs/lib/python3.12/site-packages/niryo_one_msgs/msg'...
Compiling '/home/noldona/niryo/niryo_two_ros/install/niryo_one_msgs/lib/python3.12/site-packages/niryo_one_msgs/msg/__init__.py'...
Compiling '/home/noldona/niryo/niryo_two_ros/install/niryo_one_msgs/lib/python3.12/site-packages/niryo_one_msgs/msg/_conveyor_feedback.py'...
Compiling '/home/noldona/niryo/niryo_two_ros/install/niryo_one_msgs/lib/python3.12/site-packages/niryo_one_msgs/msg/_digital_io_state.py'...
Compiling '/home/noldona/niryo/niryo_two_ros/install/niryo_one_msgs/lib/python3.12/site-packages/niryo_one_msgs/msg/_hardware_status.py'...
Compiling '/home/noldona/niryo/niryo_two_ros/install/niryo_one_msgs/lib/python3.12/site-packages/niryo_one_msgs/msg/_log_status.py'...
Compiling '/home/noldona/niryo/niryo_two_ros/install/niryo_one_msgs/lib/python3.12/site-packages/niryo_one_msgs/msg/_matlab_move_result.py'...
Compiling '/home/noldona/niryo/niryo_two_ros/install/niryo_one_msgs/lib/python3.12/site-packages/niryo_one_msgs/msg/_object_pose.py'...
Listing '/home/noldona/niryo/niryo_two_ros/install/niryo_one_msgs/lib/python3.12/site-packages/niryo_one_msgs/srv'...
Compiling '/home/noldona/niryo/niryo_two_ros/install/niryo_one_msgs/lib/python3.12/site-packages/niryo_one_msgs/srv/__init__.py'...
Compiling '/home/noldona/niryo/niryo_two_ros/install/niryo_one_msgs/lib/python3.12/site-packages/niryo_one_msgs/srv/_change_hardware_version.py'...
-- Installing: /home/noldona/niryo/niryo_two_ros/install/niryo_one_msgs/lib/python3.12/site-packages/niryo_one_msgs/niryo_one_msgs_s__rosidl_typesupport_fastrtps_c.so
-- Set non-toolchain portion of runtime path of "/home/noldona/niryo/niryo_two_ros/install/niryo_one_msgs/lib/python3.12/site-packages/niryo_one_msgs/niryo_one_msgs_s__rosidl_typesupport_fastrtps_c.so" to ""
-- Installing: /home/noldona/niryo/niryo_two_ros/install/niryo_one_msgs/lib/python3.12/site-packages/niryo_one_msgs/niryo_one_msgs_s__rosidl_typesupport_introspection_c.so
-- Set non-toolchain portion of runtime path of "/home/noldona/niryo/niryo_two_ros/install/niryo_one_msgs/lib/python3.12/site-packages/niryo_one_msgs/niryo_one_msgs_s__rosidl_typesupport_introspection_c.so" to ""
-- Installing: /home/noldona/niryo/niryo_two_ros/install/niryo_one_msgs/lib/python3.12/site-packages/niryo_one_msgs/niryo_one_msgs_s__rosidl_typesupport_c.so
-- Set non-toolchain portion of runtime path of "/home/noldona/niryo/niryo_two_ros/install/niryo_one_msgs/lib/python3.12/site-packages/niryo_one_msgs/niryo_one_msgs_s__rosidl_typesupport_c.so" to ""
-- Installing: /home/noldona/niryo/niryo_two_ros/install/niryo_one_msgs/lib/libniryo_one_msgs__rosidl_generator_py.so
-- Set non-toolchain portion of runtime path of "/home/noldona/niryo/niryo_two_ros/install/niryo_one_msgs/lib/libniryo_one_msgs__rosidl_generator_py.so" to ""
-- Up-to-date: /home/noldona/niryo/niryo_two_ros/install/niryo_one_msgs/share/niryo_one_msgs/msg/ConveyorFeedback.idl
-- Up-to-date: /home/noldona/niryo/niryo_two_ros/install/niryo_one_msgs/share/niryo_one_msgs/msg/DigitalIOState.idl
-- Installing: /home/noldona/niryo/niryo_two_ros/install/niryo_one_msgs/share/niryo_one_msgs/msg/HardwareStatus.idl
-- Installing: /home/noldona/niryo/niryo_two_ros/install/niryo_one_msgs/share/niryo_one_msgs/msg/LogStatus.idl
-- Installing: /home/noldona/niryo/niryo_two_ros/install/niryo_one_msgs/share/niryo_one_msgs/msg/MatlabMoveResult.idl
-- Installing: /home/noldona/niryo/niryo_two_ros/install/niryo_one_msgs/share/niryo_one_msgs/msg/ObjectPose.idl
-- Up-to-date: /home/noldona/niryo/niryo_two_ros/install/niryo_one_msgs/share/niryo_one_msgs/srv/ChangeHardwareVersion.idl
-- Up-to-date: /home/noldona/niryo/niryo_two_ros/install/niryo_one_msgs/share/niryo_one_msgs/msg/ConveyorFeedback.msg
-- Up-to-date: /home/noldona/niryo/niryo_two_ros/install/niryo_one_msgs/share/niryo_one_msgs/msg/DigitalIOState.msg
-- Installing: /home/noldona/niryo/niryo_two_ros/install/niryo_one_msgs/share/niryo_one_msgs/msg/HardwareStatus.msg
-- Installing: /home/noldona/niryo/niryo_two_ros/install/niryo_one_msgs/share/niryo_one_msgs/msg/LogStatus.msg
-- Installing: /home/noldona/niryo/niryo_two_ros/install/niryo_one_msgs/share/niryo_one_msgs/msg/MatlabMoveResult.msg
-- Installing: /home/noldona/niryo/niryo_two_ros/install/niryo_one_msgs/share/niryo_one_msgs/msg/ObjectPose.msg
-- Up-to-date: /home/noldona/niryo/niryo_two_ros/install/niryo_one_msgs/share/niryo_one_msgs/srv/ChangeHardwareVersion.srv
-- Up-to-date: /home/noldona/niryo/niryo_two_ros/install/niryo_one_msgs/share/ament_index/resource_index/package_run_dependencies/niryo_one_msgs
-- Up-to-date: /home/noldona/niryo/niryo_two_ros/install/niryo_one_msgs/share/ament_index/resource_index/parent_prefix_path/niryo_one_msgs
-- Up-to-date: /home/noldona/niryo/niryo_two_ros/install/niryo_one_msgs/share/niryo_one_msgs/environment/ament_prefix_path.sh
-- Up-to-date: /home/noldona/niryo/niryo_two_ros/install/niryo_one_msgs/share/niryo_one_msgs/environment/ament_prefix_path.dsv
-- Up-to-date: /home/noldona/niryo/niryo_two_ros/install/niryo_one_msgs/share/niryo_one_msgs/environment/path.sh
-- Up-to-date: /home/noldona/niryo/niryo_two_ros/install/niryo_one_msgs/share/niryo_one_msgs/environment/path.dsv
-- Up-to-date: /home/noldona/niryo/niryo_two_ros/install/niryo_one_msgs/share/niryo_one_msgs/local_setup.bash
-- Up-to-date: /home/noldona/niryo/niryo_two_ros/install/niryo_one_msgs/share/niryo_one_msgs/local_setup.sh
-- Up-to-date: /home/noldona/niryo/niryo_two_ros/install/niryo_one_msgs/share/niryo_one_msgs/local_setup.zsh
-- Up-to-date: /home/noldona/niryo/niryo_two_ros/install/niryo_one_msgs/share/niryo_one_msgs/local_setup.dsv
-- Installing: /home/noldona/niryo/niryo_two_ros/install/niryo_one_msgs/share/niryo_one_msgs/package.dsv
-- Up-to-date: /home/noldona/niryo/niryo_two_ros/install/niryo_one_msgs/share/ament_index/resource_index/packages/niryo_one_msgs
-- Up-to-date: /home/noldona/niryo/niryo_two_ros/install/niryo_one_msgs/share/niryo_one_msgs/cmake/export_niryo_one_msgs__rosidl_generator_cExport.cmake
-- Up-to-date: /home/noldona/niryo/niryo_two_ros/install/niryo_one_msgs/share/niryo_one_msgs/cmake/export_niryo_one_msgs__rosidl_generator_cExport-noconfig.cmake
-- Up-to-date: /home/noldona/niryo/niryo_two_ros/install/niryo_one_msgs/share/niryo_one_msgs/cmake/export_niryo_one_msgs__rosidl_typesupport_fastrtps_cExport.cmake
-- Up-to-date: /home/noldona/niryo/niryo_two_ros/install/niryo_one_msgs/share/niryo_one_msgs/cmake/export_niryo_one_msgs__rosidl_typesupport_fastrtps_cExport-noconfig.cmake
-- Up-to-date: /home/noldona/niryo/niryo_two_ros/install/niryo_one_msgs/share/niryo_one_msgs/cmake/export_niryo_one_msgs__rosidl_generator_cppExport.cmake
-- Up-to-date: /home/noldona/niryo/niryo_two_ros/install/niryo_one_msgs/share/niryo_one_msgs/cmake/export_niryo_one_msgs__rosidl_typesupport_fastrtps_cppExport.cmake
-- Up-to-date: /home/noldona/niryo/niryo_two_ros/install/niryo_one_msgs/share/niryo_one_msgs/cmake/export_niryo_one_msgs__rosidl_typesupport_fastrtps_cppExport-noconfig.cmake
-- Up-to-date: /home/noldona/niryo/niryo_two_ros/install/niryo_one_msgs/share/niryo_one_msgs/cmake/niryo_one_msgs__rosidl_typesupport_introspection_cExport.cmake
-- Up-to-date: /home/noldona/niryo/niryo_two_ros/install/niryo_one_msgs/share/niryo_one_msgs/cmake/niryo_one_msgs__rosidl_typesupport_introspection_cExport-noconfig.cmake
-- Up-to-date: /home/noldona/niryo/niryo_two_ros/install/niryo_one_msgs/share/niryo_one_msgs/cmake/niryo_one_msgs__rosidl_typesupport_cExport.cmake
-- Up-to-date: /home/noldona/niryo/niryo_two_ros/install/niryo_one_msgs/share/niryo_one_msgs/cmake/niryo_one_msgs__rosidl_typesupport_cExport-noconfig.cmake
-- Up-to-date: /home/noldona/niryo/niryo_two_ros/install/niryo_one_msgs/share/niryo_one_msgs/cmake/niryo_one_msgs__rosidl_typesupport_introspection_cppExport.cmake
-- Up-to-date: /home/noldona/niryo/niryo_two_ros/install/niryo_one_msgs/share/niryo_one_msgs/cmake/niryo_one_msgs__rosidl_typesupport_introspection_cppExport-noconfig.cmake
-- Up-to-date: /home/noldona/niryo/niryo_two_ros/install/niryo_one_msgs/share/niryo_one_msgs/cmake/niryo_one_msgs__rosidl_typesupport_cppExport.cmake
-- Up-to-date: /home/noldona/niryo/niryo_two_ros/install/niryo_one_msgs/share/niryo_one_msgs/cmake/niryo_one_msgs__rosidl_typesupport_cppExport-noconfig.cmake
-- Up-to-date: /home/noldona/niryo/niryo_two_ros/install/niryo_one_msgs/share/niryo_one_msgs/cmake/export_niryo_one_msgs__rosidl_generator_pyExport.cmake
-- Up-to-date: /home/noldona/niryo/niryo_two_ros/install/niryo_one_msgs/share/niryo_one_msgs/cmake/export_niryo_one_msgs__rosidl_generator_pyExport-noconfig.cmake
-- Installing: /home/noldona/niryo/niryo_two_ros/install/niryo_one_msgs/share/niryo_one_msgs/cmake/rosidl_cmake-extras.cmake
-- Up-to-date: /home/noldona/niryo/niryo_two_ros/install/niryo_one_msgs/share/niryo_one_msgs/cmake/ament_cmake_export_dependencies-extras.cmake
-- Up-to-date: /home/noldona/niryo/niryo_two_ros/install/niryo_one_msgs/share/niryo_one_msgs/cmake/ament_cmake_export_include_directories-extras.cmake
-- Up-to-date: /home/noldona/niryo/niryo_two_ros/install/niryo_one_msgs/share/niryo_one_msgs/cmake/ament_cmake_export_libraries-extras.cmake
-- Up-to-date: /home/noldona/niryo/niryo_two_ros/install/niryo_one_msgs/share/niryo_one_msgs/cmake/ament_cmake_export_targets-extras.cmake
-- Up-to-date: /home/noldona/niryo/niryo_two_ros/install/niryo_one_msgs/share/niryo_one_msgs/cmake/rosidl_cmake_export_typesupport_targets-extras.cmake
-- Up-to-date: /home/noldona/niryo/niryo_two_ros/install/niryo_one_msgs/share/niryo_one_msgs/cmake/rosidl_cmake_export_typesupport_libraries-extras.cmake
-- Up-to-date: /home/noldona/niryo/niryo_two_ros/install/niryo_one_msgs/share/niryo_one_msgs/cmake/niryo_one_msgsConfig.cmake
-- Up-to-date: /home/noldona/niryo/niryo_two_ros/install/niryo_one_msgs/share/niryo_one_msgs/cmake/niryo_one_msgsConfig-version.cmake
-- Up-to-date: /home/noldona/niryo/niryo_two_ros/install/niryo_one_msgs/share/niryo_one_msgs/package.xml
