[0.016s] Invoking command in '/home/noldona/niryo/niryo_two_ros/build/niryo_one_msgs': CMAKE_PREFIX_PATH=${CMAKE_PREFIX_PATH}:/opt/ros/jazzy DEBUGINFOD_URLS=https://debuginfod.ubuntu.com /usr/bin/cmake --build /home/noldona/niryo/niryo_two_ros/build/niryo_one_msgs -- -j4 -l4
[0.097s] -- Found ament_cmake: 2.5.2 (/opt/ros/jazzy/share/ament_cmake/cmake)
[0.138s] -- Found Python3: /usr/bin/python3 (found version "3.12.3") found components: Interpreter 
[0.255s] -- Found std_msgs: 5.3.5 (/opt/ros/jazzy/share/std_msgs/cmake)
[0.343s] -- Found rosidl_generator_c: 4.6.4 (/opt/ros/jazzy/share/rosidl_generator_c/cmake)
[0.358s] -- Found rosidl_generator_cpp: 4.6.4 (/opt/ros/jazzy/share/rosidl_generator_cpp/cmake)
[0.379s] -- Using all available rosidl_typesupport_c: rosidl_typesupport_fastrtps_c;rosidl_typesupport_introspection_c
[0.402s] -- Using all available rosidl_typesupport_cpp: rosidl_typesupport_fastrtps_cpp;rosidl_typesupport_introspection_cpp
[0.451s] -- Found geometry_msgs: 5.3.5 (/opt/ros/jazzy/share/geometry_msgs/cmake)
[0.475s] -- Found moveit_msgs: 2.5.0 (/opt/ros/jazzy/share/moveit_msgs/cmake)
[0.852s] -- Found rosidl_default_generators: 1.6.0 (/opt/ros/jazzy/share/rosidl_default_generators/cmake)
[0.867s] -- Found rosidl_adapter: 4.6.4 (/opt/ros/jazzy/share/rosidl_adapter/cmake)
[1.427s] -- Found ament_cmake_ros: 0.12.0 (/opt/ros/jazzy/share/ament_cmake_ros/cmake)
[2.097s] -- Using all available rosidl_typesupport_c: rosidl_typesupport_fastrtps_c;rosidl_typesupport_introspection_c
[2.358s] -- Using all available rosidl_typesupport_cpp: rosidl_typesupport_fastrtps_cpp;rosidl_typesupport_introspection_cpp
[2.361s] -- Found python_cmake_module: 0.11.1 (/opt/ros/jazzy/share/python_cmake_module/cmake)
[2.785s] -- Found Python3: /usr/bin/python3 (found version "3.12.3") found components: Interpreter Development NumPy Development.Module Development.Embed 
[2.915s] -- Found ament_lint_auto: 0.17.1 (/opt/ros/jazzy/share/ament_lint_auto/cmake)
[2.948s] -- Added test 'lint_cmake' to check CMake code style
[2.952s] -- Added test 'xmllint' to check XML markup files
[2.959s] -- Configuring done (2.9s)
[3.137s] -- Generating done (0.1s)
[3.145s] -- Build files have been written to: /home/noldona/niryo/niryo_two_ros/build/niryo_one_msgs
[3.223s] [  1%] [34m[1mGenerating type hashes for ROS interfaces[0m
[3.241s] [  1%] Built target ament_cmake_python_copy_niryo_one_msgs
[3.617s] running egg_info
[3.648s] writing niryo_one_msgs.egg-info/PKG-INFO
[3.648s] writing dependency_links to niryo_one_msgs.egg-info/dependency_links.txt
[3.648s] writing top-level names to niryo_one_msgs.egg-info/top_level.txt
[3.715s] [  1%] Built target niryo_one_msgs__rosidl_generator_type_description
[3.733s] reading manifest file 'niryo_one_msgs.egg-info/SOURCES.txt'
[3.736s] writing manifest file 'niryo_one_msgs.egg-info/SOURCES.txt'
[3.743s] [  2%] [34m[1mGenerating C++ code for ROS interfaces[0m
[3.780s] [  2%] Built target ament_cmake_python_build_niryo_one_msgs_egg
[3.892s] [  3%] [34m[1mGenerating C code for ROS interfaces[0m
[4.554s] [  3%] Built target niryo_one_msgs__cpp
[4.762s] [  5%] [32mBuilding C object CMakeFiles/niryo_one_msgs__rosidl_generator_c.dir/rosidl_generator_c/niryo_one_msgs/msg/detail/conveyor_feedback__description.c.o[0m
[4.764s] [  6%] [32mBuilding C object CMakeFiles/niryo_one_msgs__rosidl_generator_c.dir/rosidl_generator_c/niryo_one_msgs/msg/detail/digital_io_state__description.c.o[0m
[4.764s] [  7%] [32mBuilding C object CMakeFiles/niryo_one_msgs__rosidl_generator_c.dir/rosidl_generator_c/niryo_one_msgs/msg/detail/conveyor_feedback__type_support.c.o[0m
[4.764s] [  7%] [32mBuilding C object CMakeFiles/niryo_one_msgs__rosidl_generator_c.dir/rosidl_generator_c/niryo_one_msgs/msg/detail/conveyor_feedback__functions.c.o[0m
[4.910s] [  8%] [32mBuilding C object CMakeFiles/niryo_one_msgs__rosidl_generator_c.dir/rosidl_generator_c/niryo_one_msgs/msg/detail/digital_io_state__functions.c.o[0m
[4.951s] [ 10%] [32mBuilding C object CMakeFiles/niryo_one_msgs__rosidl_generator_c.dir/rosidl_generator_c/niryo_one_msgs/msg/detail/hardware_status__description.c.o[0m
[4.951s] [ 10%] [32mBuilding C object CMakeFiles/niryo_one_msgs__rosidl_generator_c.dir/rosidl_generator_c/niryo_one_msgs/msg/detail/digital_io_state__type_support.c.o[0m
[4.962s] [ 11%] [32mBuilding C object CMakeFiles/niryo_one_msgs__rosidl_generator_c.dir/rosidl_generator_c/niryo_one_msgs/msg/detail/hardware_status__functions.c.o[0m
[4.991s] [ 12%] [32mBuilding C object CMakeFiles/niryo_one_msgs__rosidl_generator_c.dir/rosidl_generator_c/niryo_one_msgs/msg/detail/hardware_status__type_support.c.o[0m
[4.996s] [ 13%] [32mBuilding C object CMakeFiles/niryo_one_msgs__rosidl_generator_c.dir/rosidl_generator_c/niryo_one_msgs/msg/detail/log_status__description.c.o[0m
[5.013s] [ 14%] [32mBuilding C object CMakeFiles/niryo_one_msgs__rosidl_generator_c.dir/rosidl_generator_c/niryo_one_msgs/msg/detail/log_status__functions.c.o[0m
[5.036s] [ 15%] [32mBuilding C object CMakeFiles/niryo_one_msgs__rosidl_generator_c.dir/rosidl_generator_c/niryo_one_msgs/msg/detail/log_status__type_support.c.o[0m
[5.049s] [ 17%] [32mBuilding C object CMakeFiles/niryo_one_msgs__rosidl_generator_c.dir/rosidl_generator_c/niryo_one_msgs/msg/detail/matlab_move_result__description.c.o[0m
[5.057s] [ 18%] [32mBuilding C object CMakeFiles/niryo_one_msgs__rosidl_generator_c.dir/rosidl_generator_c/niryo_one_msgs/msg/detail/matlab_move_result__functions.c.o[0m
[5.082s] [ 19%] [32mBuilding C object CMakeFiles/niryo_one_msgs__rosidl_generator_c.dir/rosidl_generator_c/niryo_one_msgs/msg/detail/matlab_move_result__type_support.c.o[0m
[5.091s] [ 20%] [32mBuilding C object CMakeFiles/niryo_one_msgs__rosidl_generator_c.dir/rosidl_generator_c/niryo_one_msgs/msg/detail/object_pose__description.c.o[0m
[5.105s] [ 21%] [32mBuilding C object CMakeFiles/niryo_one_msgs__rosidl_generator_c.dir/rosidl_generator_c/niryo_one_msgs/msg/detail/object_pose__functions.c.o[0m
[5.128s] [ 23%] [32mBuilding C object CMakeFiles/niryo_one_msgs__rosidl_generator_c.dir/rosidl_generator_c/niryo_one_msgs/srv/detail/change_hardware_version__description.c.o[0m
[5.130s] [ 23%] [32mBuilding C object CMakeFiles/niryo_one_msgs__rosidl_generator_c.dir/rosidl_generator_c/niryo_one_msgs/msg/detail/object_pose__type_support.c.o[0m
[5.149s] [ 24%] [32mBuilding C object CMakeFiles/niryo_one_msgs__rosidl_generator_c.dir/rosidl_generator_c/niryo_one_msgs/srv/detail/change_hardware_version__functions.c.o[0m
[5.177s] [ 25%] [32mBuilding C object CMakeFiles/niryo_one_msgs__rosidl_generator_c.dir/rosidl_generator_c/niryo_one_msgs/srv/detail/change_hardware_version__type_support.c.o[0m
[5.248s] [ 26%] [32m[1mLinking C shared library libniryo_one_msgs__rosidl_generator_c.so[0m
[5.319s] [ 26%] Built target niryo_one_msgs__rosidl_generator_c
[5.427s] [ 27%] [34m[1mGenerating C++ type support dispatch for ROS interfaces[0m
[5.461s] [ 28%] [34m[1mGenerating C++ type support for eProsima Fast-RTPS[0m
[5.478s] [ 29%] [34m[1mGenerating C introspection for ROS interfaces[0m
[5.488s] [ 30%] [34m[1mGenerating C type support for eProsima Fast-RTPS[0m
[6.034s] [ 31%] [32mBuilding CXX object CMakeFiles/niryo_one_msgs__rosidl_typesupport_cpp.dir/rosidl_typesupport_cpp/niryo_one_msgs/msg/conveyor_feedback__type_support.cpp.o[0m
[6.269s] [ 32%] [32mBuilding C object CMakeFiles/niryo_one_msgs__rosidl_typesupport_introspection_c.dir/rosidl_typesupport_introspection_c/niryo_one_msgs/msg/detail/conveyor_feedback__type_support.c.o[0m
[6.369s] [ 34%] [32mBuilding C object CMakeFiles/niryo_one_msgs__rosidl_typesupport_introspection_c.dir/rosidl_typesupport_introspection_c/niryo_one_msgs/msg/detail/digital_io_state__type_support.c.o[0m
[6.426s] [ 35%] [32mBuilding CXX object CMakeFiles/niryo_one_msgs__rosidl_typesupport_fastrtps_cpp.dir/rosidl_typesupport_fastrtps_cpp/niryo_one_msgs/msg/detail/dds_fastrtps/conveyor_feedback__type_support.cpp.o[0m
[6.489s] [ 36%] [32mBuilding C object CMakeFiles/niryo_one_msgs__rosidl_typesupport_introspection_c.dir/rosidl_typesupport_introspection_c/niryo_one_msgs/msg/detail/hardware_status__type_support.c.o[0m
[6.537s] [ 37%] [32mBuilding CXX object CMakeFiles/niryo_one_msgs__rosidl_typesupport_fastrtps_c.dir/rosidl_typesupport_fastrtps_c/niryo_one_msgs/msg/detail/conveyor_feedback__type_support_c.cpp.o[0m
[6.602s] [ 38%] [32mBuilding C object CMakeFiles/niryo_one_msgs__rosidl_typesupport_introspection_c.dir/rosidl_typesupport_introspection_c/niryo_one_msgs/msg/detail/log_status__type_support.c.o[0m
[6.732s] [ 39%] [32mBuilding C object CMakeFiles/niryo_one_msgs__rosidl_typesupport_introspection_c.dir/rosidl_typesupport_introspection_c/niryo_one_msgs/msg/detail/matlab_move_result__type_support.c.o[0m
[6.812s] [ 40%] [32mBuilding C object CMakeFiles/niryo_one_msgs__rosidl_typesupport_introspection_c.dir/rosidl_typesupport_introspection_c/niryo_one_msgs/msg/detail/object_pose__type_support.c.o[0m
[6.876s] [ 41%] [32mBuilding CXX object CMakeFiles/niryo_one_msgs__rosidl_typesupport_cpp.dir/rosidl_typesupport_cpp/niryo_one_msgs/msg/digital_io_state__type_support.cpp.o[0m
[6.883s] [ 42%] [32mBuilding C object CMakeFiles/niryo_one_msgs__rosidl_typesupport_introspection_c.dir/rosidl_typesupport_introspection_c/niryo_one_msgs/srv/detail/change_hardware_version__type_support.c.o[0m
[6.984s] [ 43%] [32m[1mLinking C shared library libniryo_one_msgs__rosidl_typesupport_introspection_c.so[0m
[7.303s] [ 43%] Built target niryo_one_msgs__rosidl_typesupport_introspection_c
[7.322s] [ 44%] [32mBuilding CXX object CMakeFiles/niryo_one_msgs__rosidl_typesupport_cpp.dir/rosidl_typesupport_cpp/niryo_one_msgs/msg/hardware_status__type_support.cpp.o[0m
[7.647s] [ 45%] [32mBuilding CXX object CMakeFiles/niryo_one_msgs__rosidl_typesupport_fastrtps_c.dir/rosidl_typesupport_fastrtps_c/niryo_one_msgs/msg/detail/digital_io_state__type_support_c.cpp.o[0m
[7.668s] [ 46%] [32mBuilding CXX object CMakeFiles/niryo_one_msgs__rosidl_typesupport_fastrtps_cpp.dir/rosidl_typesupport_fastrtps_cpp/niryo_one_msgs/msg/detail/dds_fastrtps/digital_io_state__type_support.cpp.o[0m
[7.687s] [ 47%] [32mBuilding CXX object CMakeFiles/niryo_one_msgs__rosidl_typesupport_fastrtps_c.dir/rosidl_typesupport_fastrtps_c/niryo_one_msgs/msg/detail/hardware_status__type_support_c.cpp.o[0m
[8.100s] [ 48%] [32mBuilding CXX object CMakeFiles/niryo_one_msgs__rosidl_typesupport_cpp.dir/rosidl_typesupport_cpp/niryo_one_msgs/msg/log_status__type_support.cpp.o[0m
[8.549s] [ 50%] [32mBuilding CXX object CMakeFiles/niryo_one_msgs__rosidl_typesupport_fastrtps_c.dir/rosidl_typesupport_fastrtps_c/niryo_one_msgs/msg/detail/log_status__type_support_c.cpp.o[0m
[8.568s] [ 51%] [32mBuilding CXX object CMakeFiles/niryo_one_msgs__rosidl_typesupport_fastrtps_cpp.dir/rosidl_typesupport_fastrtps_cpp/niryo_one_msgs/msg/detail/dds_fastrtps/hardware_status__type_support.cpp.o[0m
[8.712s] [ 52%] [32mBuilding CXX object CMakeFiles/niryo_one_msgs__rosidl_typesupport_cpp.dir/rosidl_typesupport_cpp/niryo_one_msgs/msg/matlab_move_result__type_support.cpp.o[0m
[8.758s] [ 53%] [34m[1mGenerating C type support dispatch for ROS interfaces[0m
[9.448s] [ 54%] [32mBuilding CXX object CMakeFiles/niryo_one_msgs__rosidl_typesupport_cpp.dir/rosidl_typesupport_cpp/niryo_one_msgs/msg/object_pose__type_support.cpp.o[0m
[9.734s] [ 55%] [32mBuilding CXX object CMakeFiles/niryo_one_msgs__rosidl_typesupport_fastrtps_c.dir/rosidl_typesupport_fastrtps_c/niryo_one_msgs/msg/detail/matlab_move_result__type_support_c.cpp.o[0m
[9.827s] [ 56%] [32mBuilding CXX object CMakeFiles/niryo_one_msgs__rosidl_typesupport_c.dir/rosidl_typesupport_c/niryo_one_msgs/msg/conveyor_feedback__type_support.cpp.o[0m
[9.976s] [ 57%] [32mBuilding CXX object CMakeFiles/niryo_one_msgs__rosidl_typesupport_c.dir/rosidl_typesupport_c/niryo_one_msgs/msg/digital_io_state__type_support.cpp.o[0m
[10.002s] [ 58%] [32mBuilding CXX object CMakeFiles/niryo_one_msgs__rosidl_typesupport_fastrtps_cpp.dir/rosidl_typesupport_fastrtps_cpp/niryo_one_msgs/msg/detail/dds_fastrtps/log_status__type_support.cpp.o[0m
[10.047s] [ 59%] [32mBuilding CXX object CMakeFiles/niryo_one_msgs__rosidl_typesupport_c.dir/rosidl_typesupport_c/niryo_one_msgs/msg/hardware_status__type_support.cpp.o[0m
[10.059s] [ 60%] [32mBuilding CXX object CMakeFiles/niryo_one_msgs__rosidl_typesupport_cpp.dir/rosidl_typesupport_cpp/niryo_one_msgs/srv/change_hardware_version__type_support.cpp.o[0m
[10.111s] [ 61%] [32mBuilding CXX object CMakeFiles/niryo_one_msgs__rosidl_typesupport_c.dir/rosidl_typesupport_c/niryo_one_msgs/msg/log_status__type_support.cpp.o[0m
[10.186s] [ 62%] [32mBuilding CXX object CMakeFiles/niryo_one_msgs__rosidl_typesupport_c.dir/rosidl_typesupport_c/niryo_one_msgs/msg/matlab_move_result__type_support.cpp.o[0m
[10.258s] [ 63%] [32mBuilding CXX object CMakeFiles/niryo_one_msgs__rosidl_typesupport_c.dir/rosidl_typesupport_c/niryo_one_msgs/msg/object_pose__type_support.cpp.o[0m
[10.334s] [ 64%] [32mBuilding CXX object CMakeFiles/niryo_one_msgs__rosidl_typesupport_c.dir/rosidl_typesupport_c/niryo_one_msgs/srv/change_hardware_version__type_support.cpp.o[0m
[10.441s] [ 65%] [32m[1mLinking CXX shared library libniryo_one_msgs__rosidl_typesupport_c.so[0m
[10.538s] [ 65%] Built target niryo_one_msgs__rosidl_typesupport_c
[10.550s] [ 67%] [32mBuilding CXX object CMakeFiles/niryo_one_msgs__rosidl_typesupport_fastrtps_c.dir/rosidl_typesupport_fastrtps_c/niryo_one_msgs/msg/detail/object_pose__type_support_c.cpp.o[0m
[10.633s] [ 68%] [32mBuilding CXX object CMakeFiles/niryo_one_msgs__rosidl_typesupport_fastrtps_cpp.dir/rosidl_typesupport_fastrtps_cpp/niryo_one_msgs/msg/detail/dds_fastrtps/matlab_move_result__type_support.cpp.o[0m
[10.815s] [ 69%] [32m[1mLinking CXX shared library libniryo_one_msgs__rosidl_typesupport_cpp.so[0m
[10.855s] [ 70%] [32mBuilding CXX object CMakeFiles/niryo_one_msgs__rosidl_typesupport_fastrtps_cpp.dir/rosidl_typesupport_fastrtps_cpp/niryo_one_msgs/msg/detail/dds_fastrtps/object_pose__type_support.cpp.o[0m
[10.952s] [ 70%] Built target niryo_one_msgs__rosidl_typesupport_cpp
[10.963s] [ 71%] [32mBuilding CXX object CMakeFiles/niryo_one_msgs__rosidl_typesupport_fastrtps_c.dir/rosidl_typesupport_fastrtps_c/niryo_one_msgs/srv/detail/change_hardware_version__type_support_c.cpp.o[0m
[11.370s] [ 72%] [32mBuilding CXX object CMakeFiles/niryo_one_msgs__rosidl_typesupport_fastrtps_cpp.dir/rosidl_typesupport_fastrtps_cpp/niryo_one_msgs/srv/detail/dds_fastrtps/change_hardware_version__type_support.cpp.o[0m
[11.630s] [ 73%] [34m[1mGenerating C++ introspection for ROS interfaces[0m
[11.915s] [ 74%] [32m[1mLinking CXX shared library libniryo_one_msgs__rosidl_typesupport_fastrtps_c.so[0m
[12.043s] [ 74%] Built target niryo_one_msgs__rosidl_typesupport_fastrtps_c
[12.311s] [ 75%] [32mBuilding CXX object CMakeFiles/niryo_one_msgs__rosidl_typesupport_introspection_cpp.dir/rosidl_typesupport_introspection_cpp/niryo_one_msgs/msg/detail/conveyor_feedback__type_support.cpp.o[0m
[12.312s] [ 76%] [32mBuilding CXX object CMakeFiles/niryo_one_msgs__rosidl_typesupport_introspection_cpp.dir/rosidl_typesupport_introspection_cpp/niryo_one_msgs/msg/detail/digital_io_state__type_support.cpp.o[0m
[12.313s] [ 77%] [32mBuilding CXX object CMakeFiles/niryo_one_msgs__rosidl_typesupport_introspection_cpp.dir/rosidl_typesupport_introspection_cpp/niryo_one_msgs/msg/detail/hardware_status__type_support.cpp.o[0m
[12.377s] [ 78%] [32m[1mLinking CXX shared library libniryo_one_msgs__rosidl_typesupport_fastrtps_cpp.so[0m
[12.520s] [ 78%] Built target niryo_one_msgs__rosidl_typesupport_fastrtps_cpp
[12.533s] [ 79%] [32mBuilding CXX object CMakeFiles/niryo_one_msgs__rosidl_typesupport_introspection_cpp.dir/rosidl_typesupport_introspection_cpp/niryo_one_msgs/msg/detail/log_status__type_support.cpp.o[0m
[12.873s] [ 80%] [32mBuilding CXX object CMakeFiles/niryo_one_msgs__rosidl_typesupport_introspection_cpp.dir/rosidl_typesupport_introspection_cpp/niryo_one_msgs/msg/detail/matlab_move_result__type_support.cpp.o[0m
[12.988s] [ 81%] [32mBuilding CXX object CMakeFiles/niryo_one_msgs__rosidl_typesupport_introspection_cpp.dir/rosidl_typesupport_introspection_cpp/niryo_one_msgs/msg/detail/object_pose__type_support.cpp.o[0m
[13.042s] [ 82%] [32mBuilding CXX object CMakeFiles/niryo_one_msgs__rosidl_typesupport_introspection_cpp.dir/rosidl_typesupport_introspection_cpp/niryo_one_msgs/srv/detail/change_hardware_version__type_support.cpp.o[0m
[13.644s] [ 84%] [32m[1mLinking CXX shared library libniryo_one_msgs__rosidl_typesupport_introspection_cpp.so[0m
[13.756s] [ 84%] Built target niryo_one_msgs__rosidl_typesupport_introspection_cpp
[13.781s] [ 84%] Built target niryo_one_msgs
[13.812s] [ 85%] [34m[1mGenerating Python code for ROS interfaces[0m
[14.917s] [ 85%] Built target niryo_one_msgs__py
[14.968s] [ 86%] [32mBuilding C object CMakeFiles/niryo_one_msgs__rosidl_generator_py.dir/rosidl_generator_py/niryo_one_msgs/msg/_digital_io_state_s.c.o[0m
[14.968s] [ 87%] [32mBuilding C object CMakeFiles/niryo_one_msgs__rosidl_generator_py.dir/rosidl_generator_py/niryo_one_msgs/msg/_conveyor_feedback_s.c.o[0m
[14.970s] [ 88%] [32mBuilding C object CMakeFiles/niryo_one_msgs__rosidl_generator_py.dir/rosidl_generator_py/niryo_one_msgs/msg/_hardware_status_s.c.o[0m
[14.972s] [ 89%] [32mBuilding C object CMakeFiles/niryo_one_msgs__rosidl_generator_py.dir/rosidl_generator_py/niryo_one_msgs/msg/_log_status_s.c.o[0m
[15.340s] [ 91%] [32mBuilding C object CMakeFiles/niryo_one_msgs__rosidl_generator_py.dir/rosidl_generator_py/niryo_one_msgs/msg/_object_pose_s.c.o[0m
[15.341s] [ 91%] [32mBuilding C object CMakeFiles/niryo_one_msgs__rosidl_generator_py.dir/rosidl_generator_py/niryo_one_msgs/msg/_matlab_move_result_s.c.o[0m
[15.400s] [ 92%] [32mBuilding C object CMakeFiles/niryo_one_msgs__rosidl_generator_py.dir/rosidl_generator_py/niryo_one_msgs/srv/_change_hardware_version_s.c.o[0m
[15.592s] [ 93%] [32m[1mLinking C shared library libniryo_one_msgs__rosidl_generator_py.so[0m
[15.693s] [ 93%] Built target niryo_one_msgs__rosidl_generator_py
[15.753s] [ 94%] [32mBuilding C object CMakeFiles/niryo_one_msgs_s__rosidl_typesupport_c.dir/rosidl_generator_py/niryo_one_msgs/_niryo_one_msgs_s.ep.rosidl_typesupport_c.c.o[0m
[15.754s] [ 95%] [32mBuilding C object CMakeFiles/niryo_one_msgs_s__rosidl_typesupport_fastrtps_c.dir/rosidl_generator_py/niryo_one_msgs/_niryo_one_msgs_s.ep.rosidl_typesupport_fastrtps_c.c.o[0m
[15.760s] [ 96%] [32mBuilding C object CMakeFiles/niryo_one_msgs_s__rosidl_typesupport_introspection_c.dir/rosidl_generator_py/niryo_one_msgs/_niryo_one_msgs_s.ep.rosidl_typesupport_introspection_c.c.o[0m
[15.992s] [ 97%] [32m[1mLinking C shared module rosidl_generator_py/niryo_one_msgs/niryo_one_msgs_s__rosidl_typesupport_fastrtps_c.so[0m
[15.998s] [ 98%] [32m[1mLinking C shared module rosidl_generator_py/niryo_one_msgs/niryo_one_msgs_s__rosidl_typesupport_c.so[0m
[16.043s] [ 98%] Built target niryo_one_msgs_s__rosidl_typesupport_c
[16.044s] [ 98%] Built target niryo_one_msgs_s__rosidl_typesupport_fastrtps_c
[16.062s] [100%] [32m[1mLinking C shared module rosidl_generator_py/niryo_one_msgs/niryo_one_msgs_s__rosidl_typesupport_introspection_c.so[0m
[16.103s] [100%] Built target niryo_one_msgs_s__rosidl_typesupport_introspection_c
[16.121s] Invoked command in '/home/noldona/niryo/niryo_two_ros/build/niryo_one_msgs' returned '0': CMAKE_PREFIX_PATH=${CMAKE_PREFIX_PATH}:/opt/ros/jazzy DEBUGINFOD_URLS=https://debuginfod.ubuntu.com /usr/bin/cmake --build /home/noldona/niryo/niryo_two_ros/build/niryo_one_msgs -- -j4 -l4
[16.351s] Invoking command in '/home/noldona/niryo/niryo_two_ros/build/niryo_one_msgs': CMAKE_PREFIX_PATH=${CMAKE_PREFIX_PATH}:/opt/ros/jazzy DEBUGINFOD_URLS=https://debuginfod.ubuntu.com /usr/bin/cmake --install /home/noldona/niryo/niryo_two_ros/build/niryo_one_msgs
[16.363s] -- Install configuration: ""
[16.364s] -- Installing: /home/noldona/niryo/niryo_two_ros/install/niryo_one_msgs/share/ament_index/resource_index/rosidl_interfaces/niryo_one_msgs
[16.365s] -- Installing: /home/noldona/niryo/niryo_two_ros/install/niryo_one_msgs/share/niryo_one_msgs/msg/ConveyorFeedback.json
[16.366s] -- Installing: /home/noldona/niryo/niryo_two_ros/install/niryo_one_msgs/share/niryo_one_msgs/msg/DigitalIOState.json
[16.366s] -- Installing: /home/noldona/niryo/niryo_two_ros/install/niryo_one_msgs/share/niryo_one_msgs/msg/HardwareStatus.json
[16.366s] -- Installing: /home/noldona/niryo/niryo_two_ros/install/niryo_one_msgs/share/niryo_one_msgs/msg/LogStatus.json
[16.367s] -- Installing: /home/noldona/niryo/niryo_two_ros/install/niryo_one_msgs/share/niryo_one_msgs/msg/MatlabMoveResult.json
[16.367s] -- Installing: /home/noldona/niryo/niryo_two_ros/install/niryo_one_msgs/share/niryo_one_msgs/msg/ObjectPose.json
[16.367s] -- Installing: /home/noldona/niryo/niryo_two_ros/install/niryo_one_msgs/share/niryo_one_msgs/srv/ChangeHardwareVersion.json
[16.368s] -- Up-to-date: /home/noldona/niryo/niryo_two_ros/install/niryo_one_msgs/include/niryo_one_msgs/niryo_one_msgs
[16.369s] -- Up-to-date: /home/noldona/niryo/niryo_two_ros/install/niryo_one_msgs/include/niryo_one_msgs/niryo_one_msgs/msg
[16.369s] -- Installing: /home/noldona/niryo/niryo_two_ros/install/niryo_one_msgs/include/niryo_one_msgs/niryo_one_msgs/msg/object_pose.h
[16.369s] -- Up-to-date: /home/noldona/niryo/niryo_two_ros/install/niryo_one_msgs/include/niryo_one_msgs/niryo_one_msgs/msg/digital_io_state.h
[16.370s] -- Installing: /home/noldona/niryo/niryo_two_ros/install/niryo_one_msgs/include/niryo_one_msgs/niryo_one_msgs/msg/log_status.h
[16.370s] -- Installing: /home/noldona/niryo/niryo_two_ros/install/niryo_one_msgs/include/niryo_one_msgs/niryo_one_msgs/msg/matlab_move_result.h
[16.370s] -- Up-to-date: /home/noldona/niryo/niryo_two_ros/install/niryo_one_msgs/include/niryo_one_msgs/niryo_one_msgs/msg/rosidl_generator_c__visibility_control.h
[16.370s] -- Up-to-date: /home/noldona/niryo/niryo_two_ros/install/niryo_one_msgs/include/niryo_one_msgs/niryo_one_msgs/msg/detail
[16.370s] -- Installing: /home/noldona/niryo/niryo_two_ros/install/niryo_one_msgs/include/niryo_one_msgs/niryo_one_msgs/msg/detail/object_pose__functions.h
[16.371s] -- Installing: /home/noldona/niryo/niryo_two_ros/install/niryo_one_msgs/include/niryo_one_msgs/niryo_one_msgs/msg/detail/digital_io_state__functions.h
[16.371s] -- Installing: /home/noldona/niryo/niryo_two_ros/install/niryo_one_msgs/include/niryo_one_msgs/niryo_one_msgs/msg/detail/digital_io_state__description.c
[16.371s] -- Installing: /home/noldona/niryo/niryo_two_ros/install/niryo_one_msgs/include/niryo_one_msgs/niryo_one_msgs/msg/detail/hardware_status__functions.h
[16.371s] -- Installing: /home/noldona/niryo/niryo_two_ros/install/niryo_one_msgs/include/niryo_one_msgs/niryo_one_msgs/msg/detail/conveyor_feedback__functions.h
[16.372s] -- Installing: /home/noldona/niryo/niryo_two_ros/install/niryo_one_msgs/include/niryo_one_msgs/niryo_one_msgs/msg/detail/log_status__functions.h
[16.372s] -- Installing: /home/noldona/niryo/niryo_two_ros/install/niryo_one_msgs/include/niryo_one_msgs/niryo_one_msgs/msg/detail/matlab_move_result__type_support.h
[16.372s] -- Installing: /home/noldona/niryo/niryo_two_ros/install/niryo_one_msgs/include/niryo_one_msgs/niryo_one_msgs/msg/detail/hardware_status__description.c
[16.373s] -- Installing: /home/noldona/niryo/niryo_two_ros/install/niryo_one_msgs/include/niryo_one_msgs/niryo_one_msgs/msg/detail/digital_io_state__type_support.h
[16.373s] -- Installing: /home/noldona/niryo/niryo_two_ros/install/niryo_one_msgs/include/niryo_one_msgs/niryo_one_msgs/msg/detail/log_status__type_support.c
[16.373s] -- Installing: /home/noldona/niryo/niryo_two_ros/install/niryo_one_msgs/include/niryo_one_msgs/niryo_one_msgs/msg/detail/log_status__functions.c
[16.373s] -- Installing: /home/noldona/niryo/niryo_two_ros/install/niryo_one_msgs/include/niryo_one_msgs/niryo_one_msgs/msg/detail/hardware_status__type_support.c
[16.374s] -- Installing: /home/noldona/niryo/niryo_two_ros/install/niryo_one_msgs/include/niryo_one_msgs/niryo_one_msgs/msg/detail/log_status__description.c
[16.374s] -- Installing: /home/noldona/niryo/niryo_two_ros/install/niryo_one_msgs/include/niryo_one_msgs/niryo_one_msgs/msg/detail/object_pose__functions.c
[16.374s] -- Installing: /home/noldona/niryo/niryo_two_ros/install/niryo_one_msgs/include/niryo_one_msgs/niryo_one_msgs/msg/detail/object_pose__type_support.h
[16.374s] -- Installing: /home/noldona/niryo/niryo_two_ros/install/niryo_one_msgs/include/niryo_one_msgs/niryo_one_msgs/msg/detail/log_status__struct.h
[16.375s] -- Installing: /home/noldona/niryo/niryo_two_ros/install/niryo_one_msgs/include/niryo_one_msgs/niryo_one_msgs/msg/detail/conveyor_feedback__description.c
[16.375s] -- Installing: /home/noldona/niryo/niryo_two_ros/install/niryo_one_msgs/include/niryo_one_msgs/niryo_one_msgs/msg/detail/hardware_status__struct.h
[16.375s] -- Installing: /home/noldona/niryo/niryo_two_ros/install/niryo_one_msgs/include/niryo_one_msgs/niryo_one_msgs/msg/detail/matlab_move_result__functions.h
[16.375s] -- Installing: /home/noldona/niryo/niryo_two_ros/install/niryo_one_msgs/include/niryo_one_msgs/niryo_one_msgs/msg/detail/matlab_move_result__type_support.c
[16.376s] -- Installing: /home/noldona/niryo/niryo_two_ros/install/niryo_one_msgs/include/niryo_one_msgs/niryo_one_msgs/msg/detail/object_pose__struct.h
[16.376s] -- Installing: /home/noldona/niryo/niryo_two_ros/install/niryo_one_msgs/include/niryo_one_msgs/niryo_one_msgs/msg/detail/matlab_move_result__description.c
[16.376s] -- Installing: /home/noldona/niryo/niryo_two_ros/install/niryo_one_msgs/include/niryo_one_msgs/niryo_one_msgs/msg/detail/conveyor_feedback__type_support.h
[16.377s] -- Installing: /home/noldona/niryo/niryo_two_ros/install/niryo_one_msgs/include/niryo_one_msgs/niryo_one_msgs/msg/detail/digital_io_state__type_support.c
[16.377s] -- Installing: /home/noldona/niryo/niryo_two_ros/install/niryo_one_msgs/include/niryo_one_msgs/niryo_one_msgs/msg/detail/matlab_move_result__struct.h
[16.377s] -- Installing: /home/noldona/niryo/niryo_two_ros/install/niryo_one_msgs/include/niryo_one_msgs/niryo_one_msgs/msg/detail/hardware_status__functions.c
[16.377s] -- Installing: /home/noldona/niryo/niryo_two_ros/install/niryo_one_msgs/include/niryo_one_msgs/niryo_one_msgs/msg/detail/conveyor_feedback__type_support.c
[16.378s] -- Installing: /home/noldona/niryo/niryo_two_ros/install/niryo_one_msgs/include/niryo_one_msgs/niryo_one_msgs/msg/detail/digital_io_state__struct.h
[16.378s] -- Installing: /home/noldona/niryo/niryo_two_ros/install/niryo_one_msgs/include/niryo_one_msgs/niryo_one_msgs/msg/detail/conveyor_feedback__functions.c
[16.378s] -- Installing: /home/noldona/niryo/niryo_two_ros/install/niryo_one_msgs/include/niryo_one_msgs/niryo_one_msgs/msg/detail/hardware_status__type_support.h
[16.379s] -- Installing: /home/noldona/niryo/niryo_two_ros/install/niryo_one_msgs/include/niryo_one_msgs/niryo_one_msgs/msg/detail/matlab_move_result__functions.c
[16.379s] -- Installing: /home/noldona/niryo/niryo_two_ros/install/niryo_one_msgs/include/niryo_one_msgs/niryo_one_msgs/msg/detail/object_pose__type_support.c
[16.379s] -- Installing: /home/noldona/niryo/niryo_two_ros/install/niryo_one_msgs/include/niryo_one_msgs/niryo_one_msgs/msg/detail/log_status__type_support.h
[16.380s] -- Installing: /home/noldona/niryo/niryo_two_ros/install/niryo_one_msgs/include/niryo_one_msgs/niryo_one_msgs/msg/detail/conveyor_feedback__struct.h
[16.380s] -- Installing: /home/noldona/niryo/niryo_two_ros/install/niryo_one_msgs/include/niryo_one_msgs/niryo_one_msgs/msg/detail/digital_io_state__functions.c
[16.381s] -- Installing: /home/noldona/niryo/niryo_two_ros/install/niryo_one_msgs/include/niryo_one_msgs/niryo_one_msgs/msg/detail/object_pose__description.c
[16.381s] -- Installing: /home/noldona/niryo/niryo_two_ros/install/niryo_one_msgs/include/niryo_one_msgs/niryo_one_msgs/msg/conveyor_feedback.h
[16.381s] -- Installing: /home/noldona/niryo/niryo_two_ros/install/niryo_one_msgs/include/niryo_one_msgs/niryo_one_msgs/msg/hardware_status.h
[16.382s] -- Up-to-date: /home/noldona/niryo/niryo_two_ros/install/niryo_one_msgs/include/niryo_one_msgs/niryo_one_msgs/srv
[16.382s] -- Installing: /home/noldona/niryo/niryo_two_ros/install/niryo_one_msgs/include/niryo_one_msgs/niryo_one_msgs/srv/change_hardware_version.h
[16.382s] -- Up-to-date: /home/noldona/niryo/niryo_two_ros/install/niryo_one_msgs/include/niryo_one_msgs/niryo_one_msgs/srv/detail
[16.382s] -- Installing: /home/noldona/niryo/niryo_two_ros/install/niryo_one_msgs/include/niryo_one_msgs/niryo_one_msgs/srv/detail/change_hardware_version__type_support.c
[16.383s] -- Installing: /home/noldona/niryo/niryo_two_ros/install/niryo_one_msgs/include/niryo_one_msgs/niryo_one_msgs/srv/detail/change_hardware_version__description.c
[16.383s] -- Installing: /home/noldona/niryo/niryo_two_ros/install/niryo_one_msgs/include/niryo_one_msgs/niryo_one_msgs/srv/detail/change_hardware_version__functions.c
[16.384s] -- Installing: /home/noldona/niryo/niryo_two_ros/install/niryo_one_msgs/include/niryo_one_msgs/niryo_one_msgs/srv/detail/change_hardware_version__struct.h
[16.384s] -- Installing: /home/noldona/niryo/niryo_two_ros/install/niryo_one_msgs/include/niryo_one_msgs/niryo_one_msgs/srv/detail/change_hardware_version__functions.h
[16.385s] -- Installing: /home/noldona/niryo/niryo_two_ros/install/niryo_one_msgs/include/niryo_one_msgs/niryo_one_msgs/srv/detail/change_hardware_version__type_support.h
[16.386s] -- Up-to-date: /home/noldona/niryo/niryo_two_ros/install/niryo_one_msgs/share/niryo_one_msgs/environment/library_path.sh
[16.386s] -- Up-to-date: /home/noldona/niryo/niryo_two_ros/install/niryo_one_msgs/share/niryo_one_msgs/environment/library_path.dsv
[16.388s] -- Installing: /home/noldona/niryo/niryo_two_ros/install/niryo_one_msgs/lib/libniryo_one_msgs__rosidl_generator_c.so
[16.389s] -- Set non-toolchain portion of runtime path of "/home/noldona/niryo/niryo_two_ros/install/niryo_one_msgs/lib/libniryo_one_msgs__rosidl_generator_c.so" to ""
[16.389s] -- Up-to-date: /home/noldona/niryo/niryo_two_ros/install/niryo_one_msgs/include/niryo_one_msgs/niryo_one_msgs
[16.389s] -- Up-to-date: /home/noldona/niryo/niryo_two_ros/install/niryo_one_msgs/include/niryo_one_msgs/niryo_one_msgs/msg
[16.390s] -- Up-to-date: /home/noldona/niryo/niryo_two_ros/install/niryo_one_msgs/include/niryo_one_msgs/niryo_one_msgs/msg/detail
[16.390s] -- Installing: /home/noldona/niryo/niryo_two_ros/install/niryo_one_msgs/include/niryo_one_msgs/niryo_one_msgs/msg/detail/log_status__rosidl_typesupport_fastrtps_c.h
[16.390s] -- Installing: /home/noldona/niryo/niryo_two_ros/install/niryo_one_msgs/include/niryo_one_msgs/niryo_one_msgs/msg/detail/hardware_status__rosidl_typesupport_fastrtps_c.h
[16.390s] -- Installing: /home/noldona/niryo/niryo_two_ros/install/niryo_one_msgs/include/niryo_one_msgs/niryo_one_msgs/msg/detail/digital_io_state__rosidl_typesupport_fastrtps_c.h
[16.391s] -- Installing: /home/noldona/niryo/niryo_two_ros/install/niryo_one_msgs/include/niryo_one_msgs/niryo_one_msgs/msg/detail/conveyor_feedback__rosidl_typesupport_fastrtps_c.h
[16.391s] -- Installing: /home/noldona/niryo/niryo_two_ros/install/niryo_one_msgs/include/niryo_one_msgs/niryo_one_msgs/msg/detail/matlab_move_result__rosidl_typesupport_fastrtps_c.h
[16.391s] -- Installing: /home/noldona/niryo/niryo_two_ros/install/niryo_one_msgs/include/niryo_one_msgs/niryo_one_msgs/msg/detail/object_pose__rosidl_typesupport_fastrtps_c.h
[16.391s] -- Up-to-date: /home/noldona/niryo/niryo_two_ros/install/niryo_one_msgs/include/niryo_one_msgs/niryo_one_msgs/msg/rosidl_typesupport_fastrtps_c__visibility_control.h
[16.392s] -- Up-to-date: /home/noldona/niryo/niryo_two_ros/install/niryo_one_msgs/include/niryo_one_msgs/niryo_one_msgs/srv
[16.392s] -- Up-to-date: /home/noldona/niryo/niryo_two_ros/install/niryo_one_msgs/include/niryo_one_msgs/niryo_one_msgs/srv/detail
[16.392s] -- Installing: /home/noldona/niryo/niryo_two_ros/install/niryo_one_msgs/include/niryo_one_msgs/niryo_one_msgs/srv/detail/change_hardware_version__rosidl_typesupport_fastrtps_c.h
[16.392s] -- Installing: /home/noldona/niryo/niryo_two_ros/install/niryo_one_msgs/lib/libniryo_one_msgs__rosidl_typesupport_fastrtps_c.so
[16.393s] -- Set non-toolchain portion of runtime path of "/home/noldona/niryo/niryo_two_ros/install/niryo_one_msgs/lib/libniryo_one_msgs__rosidl_typesupport_fastrtps_c.so" to ""
[16.393s] -- Up-to-date: /home/noldona/niryo/niryo_two_ros/install/niryo_one_msgs/include/niryo_one_msgs/niryo_one_msgs
[16.393s] -- Up-to-date: /home/noldona/niryo/niryo_two_ros/install/niryo_one_msgs/include/niryo_one_msgs/niryo_one_msgs/msg
[16.394s] -- Installing: /home/noldona/niryo/niryo_two_ros/install/niryo_one_msgs/include/niryo_one_msgs/niryo_one_msgs/msg/log_status.hpp
[16.394s] -- Installing: /home/noldona/niryo/niryo_two_ros/install/niryo_one_msgs/include/niryo_one_msgs/niryo_one_msgs/msg/digital_io_state.hpp
[16.395s] -- Up-to-date: /home/noldona/niryo/niryo_two_ros/install/niryo_one_msgs/include/niryo_one_msgs/niryo_one_msgs/msg/detail
[16.395s] -- Installing: /home/noldona/niryo/niryo_two_ros/install/niryo_one_msgs/include/niryo_one_msgs/niryo_one_msgs/msg/detail/object_pose__builder.hpp
[16.395s] -- Installing: /home/noldona/niryo/niryo_two_ros/install/niryo_one_msgs/include/niryo_one_msgs/niryo_one_msgs/msg/detail/hardware_status__traits.hpp
[16.396s] -- Installing: /home/noldona/niryo/niryo_two_ros/install/niryo_one_msgs/include/niryo_one_msgs/niryo_one_msgs/msg/detail/digital_io_state__type_support.hpp
[16.396s] -- Installing: /home/noldona/niryo/niryo_two_ros/install/niryo_one_msgs/include/niryo_one_msgs/niryo_one_msgs/msg/detail/matlab_move_result__traits.hpp
[16.396s] -- Installing: /home/noldona/niryo/niryo_two_ros/install/niryo_one_msgs/include/niryo_one_msgs/niryo_one_msgs/msg/detail/hardware_status__type_support.hpp
[16.397s] -- Installing: /home/noldona/niryo/niryo_two_ros/install/niryo_one_msgs/include/niryo_one_msgs/niryo_one_msgs/msg/detail/object_pose__type_support.hpp
[16.397s] -- Installing: /home/noldona/niryo/niryo_two_ros/install/niryo_one_msgs/include/niryo_one_msgs/niryo_one_msgs/msg/detail/digital_io_state__traits.hpp
[16.398s] -- Installing: /home/noldona/niryo/niryo_two_ros/install/niryo_one_msgs/include/niryo_one_msgs/niryo_one_msgs/msg/detail/hardware_status__builder.hpp
[16.398s] -- Installing: /home/noldona/niryo/niryo_two_ros/install/niryo_one_msgs/include/niryo_one_msgs/niryo_one_msgs/msg/detail/matlab_move_result__struct.hpp
[16.398s] -- Installing: /home/noldona/niryo/niryo_two_ros/install/niryo_one_msgs/include/niryo_one_msgs/niryo_one_msgs/msg/detail/conveyor_feedback__builder.hpp
[16.399s] -- Installing: /home/noldona/niryo/niryo_two_ros/install/niryo_one_msgs/include/niryo_one_msgs/niryo_one_msgs/msg/detail/digital_io_state__struct.hpp
[16.399s] -- Installing: /home/noldona/niryo/niryo_two_ros/install/niryo_one_msgs/include/niryo_one_msgs/niryo_one_msgs/msg/detail/log_status__traits.hpp
[16.399s] -- Installing: /home/noldona/niryo/niryo_two_ros/install/niryo_one_msgs/include/niryo_one_msgs/niryo_one_msgs/msg/detail/conveyor_feedback__traits.hpp
[16.400s] -- Installing: /home/noldona/niryo/niryo_two_ros/install/niryo_one_msgs/include/niryo_one_msgs/niryo_one_msgs/msg/detail/hardware_status__struct.hpp
[16.401s] -- Installing: /home/noldona/niryo/niryo_two_ros/install/niryo_one_msgs/include/niryo_one_msgs/niryo_one_msgs/msg/detail/log_status__struct.hpp
[16.401s] -- Installing: /home/noldona/niryo/niryo_two_ros/install/niryo_one_msgs/include/niryo_one_msgs/niryo_one_msgs/msg/detail/matlab_move_result__type_support.hpp
[16.402s] -- Installing: /home/noldona/niryo/niryo_two_ros/install/niryo_one_msgs/include/niryo_one_msgs/niryo_one_msgs/msg/detail/conveyor_feedback__type_support.hpp
[16.406s] -- Installing: /home/noldona/niryo/niryo_two_ros/install/niryo_one_msgs/include/niryo_one_msgs/niryo_one_msgs/msg/detail/conveyor_feedback__struct.hpp
[16.407s] -- Installing: /home/noldona/niryo/niryo_two_ros/install/niryo_one_msgs/include/niryo_one_msgs/niryo_one_msgs/msg/detail/object_pose__traits.hpp
[16.408s] -- Installing: /home/noldona/niryo/niryo_two_ros/install/niryo_one_msgs/include/niryo_one_msgs/niryo_one_msgs/msg/detail/object_pose__struct.hpp
[16.408s] -- Installing: /home/noldona/niryo/niryo_two_ros/install/niryo_one_msgs/include/niryo_one_msgs/niryo_one_msgs/msg/detail/log_status__type_support.hpp
[16.408s] -- Installing: /home/noldona/niryo/niryo_two_ros/install/niryo_one_msgs/include/niryo_one_msgs/niryo_one_msgs/msg/detail/digital_io_state__builder.hpp
[16.409s] -- Installing: /home/noldona/niryo/niryo_two_ros/install/niryo_one_msgs/include/niryo_one_msgs/niryo_one_msgs/msg/detail/matlab_move_result__builder.hpp
[16.409s] -- Installing: /home/noldona/niryo/niryo_two_ros/install/niryo_one_msgs/include/niryo_one_msgs/niryo_one_msgs/msg/detail/log_status__builder.hpp
[16.410s] -- Installing: /home/noldona/niryo/niryo_two_ros/install/niryo_one_msgs/include/niryo_one_msgs/niryo_one_msgs/msg/object_pose.hpp
[16.410s] -- Installing: /home/noldona/niryo/niryo_two_ros/install/niryo_one_msgs/include/niryo_one_msgs/niryo_one_msgs/msg/matlab_move_result.hpp
[16.410s] -- Installing: /home/noldona/niryo/niryo_two_ros/install/niryo_one_msgs/include/niryo_one_msgs/niryo_one_msgs/msg/conveyor_feedback.hpp
[16.410s] -- Installing: /home/noldona/niryo/niryo_two_ros/install/niryo_one_msgs/include/niryo_one_msgs/niryo_one_msgs/msg/rosidl_generator_cpp__visibility_control.hpp
[16.411s] -- Installing: /home/noldona/niryo/niryo_two_ros/install/niryo_one_msgs/include/niryo_one_msgs/niryo_one_msgs/msg/hardware_status.hpp
[16.411s] -- Up-to-date: /home/noldona/niryo/niryo_two_ros/install/niryo_one_msgs/include/niryo_one_msgs/niryo_one_msgs/srv
[16.411s] -- Up-to-date: /home/noldona/niryo/niryo_two_ros/install/niryo_one_msgs/include/niryo_one_msgs/niryo_one_msgs/srv/detail
[16.412s] -- Installing: /home/noldona/niryo/niryo_two_ros/install/niryo_one_msgs/include/niryo_one_msgs/niryo_one_msgs/srv/detail/change_hardware_version__builder.hpp
[16.412s] -- Installing: /home/noldona/niryo/niryo_two_ros/install/niryo_one_msgs/include/niryo_one_msgs/niryo_one_msgs/srv/detail/change_hardware_version__traits.hpp
[16.413s] -- Installing: /home/noldona/niryo/niryo_two_ros/install/niryo_one_msgs/include/niryo_one_msgs/niryo_one_msgs/srv/detail/change_hardware_version__struct.hpp
[16.413s] -- Installing: /home/noldona/niryo/niryo_two_ros/install/niryo_one_msgs/include/niryo_one_msgs/niryo_one_msgs/srv/detail/change_hardware_version__type_support.hpp
[16.413s] -- Installing: /home/noldona/niryo/niryo_two_ros/install/niryo_one_msgs/include/niryo_one_msgs/niryo_one_msgs/srv/change_hardware_version.hpp
[16.414s] -- Up-to-date: /home/noldona/niryo/niryo_two_ros/install/niryo_one_msgs/include/niryo_one_msgs/niryo_one_msgs
[16.415s] -- Up-to-date: /home/noldona/niryo/niryo_two_ros/install/niryo_one_msgs/include/niryo_one_msgs/niryo_one_msgs/msg
[16.415s] -- Up-to-date: /home/noldona/niryo/niryo_two_ros/install/niryo_one_msgs/include/niryo_one_msgs/niryo_one_msgs/msg/detail
[16.415s] -- Installing: /home/noldona/niryo/niryo_two_ros/install/niryo_one_msgs/include/niryo_one_msgs/niryo_one_msgs/msg/detail/matlab_move_result__rosidl_typesupport_fastrtps_cpp.hpp
[16.416s] -- Installing: /home/noldona/niryo/niryo_two_ros/install/niryo_one_msgs/include/niryo_one_msgs/niryo_one_msgs/msg/detail/object_pose__rosidl_typesupport_fastrtps_cpp.hpp
[16.416s] -- Up-to-date: /home/noldona/niryo/niryo_two_ros/install/niryo_one_msgs/include/niryo_one_msgs/niryo_one_msgs/msg/detail/dds_fastrtps
[16.416s] -- Installing: /home/noldona/niryo/niryo_two_ros/install/niryo_one_msgs/include/niryo_one_msgs/niryo_one_msgs/msg/detail/digital_io_state__rosidl_typesupport_fastrtps_cpp.hpp
[16.416s] -- Installing: /home/noldona/niryo/niryo_two_ros/install/niryo_one_msgs/include/niryo_one_msgs/niryo_one_msgs/msg/detail/log_status__rosidl_typesupport_fastrtps_cpp.hpp
[16.417s] -- Installing: /home/noldona/niryo/niryo_two_ros/install/niryo_one_msgs/include/niryo_one_msgs/niryo_one_msgs/msg/detail/hardware_status__rosidl_typesupport_fastrtps_cpp.hpp
[16.417s] -- Installing: /home/noldona/niryo/niryo_two_ros/install/niryo_one_msgs/include/niryo_one_msgs/niryo_one_msgs/msg/detail/conveyor_feedback__rosidl_typesupport_fastrtps_cpp.hpp
[16.417s] -- Up-to-date: /home/noldona/niryo/niryo_two_ros/install/niryo_one_msgs/include/niryo_one_msgs/niryo_one_msgs/msg/rosidl_typesupport_fastrtps_cpp__visibility_control.h
[16.417s] -- Up-to-date: /home/noldona/niryo/niryo_two_ros/install/niryo_one_msgs/include/niryo_one_msgs/niryo_one_msgs/srv
[16.418s] -- Up-to-date: /home/noldona/niryo/niryo_two_ros/install/niryo_one_msgs/include/niryo_one_msgs/niryo_one_msgs/srv/detail
[16.418s] -- Up-to-date: /home/noldona/niryo/niryo_two_ros/install/niryo_one_msgs/include/niryo_one_msgs/niryo_one_msgs/srv/detail/dds_fastrtps
[16.418s] -- Installing: /home/noldona/niryo/niryo_two_ros/install/niryo_one_msgs/include/niryo_one_msgs/niryo_one_msgs/srv/detail/change_hardware_version__rosidl_typesupport_fastrtps_cpp.hpp
[16.419s] -- Installing: /home/noldona/niryo/niryo_two_ros/install/niryo_one_msgs/lib/libniryo_one_msgs__rosidl_typesupport_fastrtps_cpp.so
[16.420s] -- Set non-toolchain portion of runtime path of "/home/noldona/niryo/niryo_two_ros/install/niryo_one_msgs/lib/libniryo_one_msgs__rosidl_typesupport_fastrtps_cpp.so" to ""
[16.420s] -- Up-to-date: /home/noldona/niryo/niryo_two_ros/install/niryo_one_msgs/include/niryo_one_msgs/niryo_one_msgs
[16.421s] -- Up-to-date: /home/noldona/niryo/niryo_two_ros/install/niryo_one_msgs/include/niryo_one_msgs/niryo_one_msgs/msg
[16.421s] -- Up-to-date: /home/noldona/niryo/niryo_two_ros/install/niryo_one_msgs/include/niryo_one_msgs/niryo_one_msgs/msg/detail
[16.421s] -- Installing: /home/noldona/niryo/niryo_two_ros/install/niryo_one_msgs/include/niryo_one_msgs/niryo_one_msgs/msg/detail/hardware_status__rosidl_typesupport_introspection_c.h
[16.422s] -- Installing: /home/noldona/niryo/niryo_two_ros/install/niryo_one_msgs/include/niryo_one_msgs/niryo_one_msgs/msg/detail/matlab_move_result__rosidl_typesupport_introspection_c.h
[16.422s] -- Installing: /home/noldona/niryo/niryo_two_ros/install/niryo_one_msgs/include/niryo_one_msgs/niryo_one_msgs/msg/detail/conveyor_feedback__rosidl_typesupport_introspection_c.h
[16.422s] -- Installing: /home/noldona/niryo/niryo_two_ros/install/niryo_one_msgs/include/niryo_one_msgs/niryo_one_msgs/msg/detail/log_status__type_support.c
[16.422s] -- Installing: /home/noldona/niryo/niryo_two_ros/install/niryo_one_msgs/include/niryo_one_msgs/niryo_one_msgs/msg/detail/object_pose__rosidl_typesupport_introspection_c.h
[16.422s] -- Installing: /home/noldona/niryo/niryo_two_ros/install/niryo_one_msgs/include/niryo_one_msgs/niryo_one_msgs/msg/detail/hardware_status__type_support.c
[16.423s] -- Installing: /home/noldona/niryo/niryo_two_ros/install/niryo_one_msgs/include/niryo_one_msgs/niryo_one_msgs/msg/detail/matlab_move_result__type_support.c
[16.423s] -- Installing: /home/noldona/niryo/niryo_two_ros/install/niryo_one_msgs/include/niryo_one_msgs/niryo_one_msgs/msg/detail/digital_io_state__rosidl_typesupport_introspection_c.h
[16.424s] -- Installing: /home/noldona/niryo/niryo_two_ros/install/niryo_one_msgs/include/niryo_one_msgs/niryo_one_msgs/msg/detail/digital_io_state__type_support.c
[16.424s] -- Installing: /home/noldona/niryo/niryo_two_ros/install/niryo_one_msgs/include/niryo_one_msgs/niryo_one_msgs/msg/detail/log_status__rosidl_typesupport_introspection_c.h
[16.424s] -- Installing: /home/noldona/niryo/niryo_two_ros/install/niryo_one_msgs/include/niryo_one_msgs/niryo_one_msgs/msg/detail/conveyor_feedback__type_support.c
[16.425s] -- Installing: /home/noldona/niryo/niryo_two_ros/install/niryo_one_msgs/include/niryo_one_msgs/niryo_one_msgs/msg/detail/object_pose__type_support.c
[16.425s] -- Up-to-date: /home/noldona/niryo/niryo_two_ros/install/niryo_one_msgs/include/niryo_one_msgs/niryo_one_msgs/msg/rosidl_typesupport_introspection_c__visibility_control.h
[16.425s] -- Up-to-date: /home/noldona/niryo/niryo_two_ros/install/niryo_one_msgs/include/niryo_one_msgs/niryo_one_msgs/srv
[16.425s] -- Up-to-date: /home/noldona/niryo/niryo_two_ros/install/niryo_one_msgs/include/niryo_one_msgs/niryo_one_msgs/srv/detail
[16.425s] -- Installing: /home/noldona/niryo/niryo_two_ros/install/niryo_one_msgs/include/niryo_one_msgs/niryo_one_msgs/srv/detail/change_hardware_version__type_support.c
[16.426s] -- Installing: /home/noldona/niryo/niryo_two_ros/install/niryo_one_msgs/include/niryo_one_msgs/niryo_one_msgs/srv/detail/change_hardware_version__rosidl_typesupport_introspection_c.h
[16.428s] -- Installing: /home/noldona/niryo/niryo_two_ros/install/niryo_one_msgs/lib/libniryo_one_msgs__rosidl_typesupport_introspection_c.so
[16.428s] -- Set non-toolchain portion of runtime path of "/home/noldona/niryo/niryo_two_ros/install/niryo_one_msgs/lib/libniryo_one_msgs__rosidl_typesupport_introspection_c.so" to ""
[16.429s] -- Installing: /home/noldona/niryo/niryo_two_ros/install/niryo_one_msgs/lib/libniryo_one_msgs__rosidl_typesupport_c.so
[16.429s] -- Set non-toolchain portion of runtime path of "/home/noldona/niryo/niryo_two_ros/install/niryo_one_msgs/lib/libniryo_one_msgs__rosidl_typesupport_c.so" to ""
[16.429s] -- Up-to-date: /home/noldona/niryo/niryo_two_ros/install/niryo_one_msgs/include/niryo_one_msgs/niryo_one_msgs
[16.430s] -- Up-to-date: /home/noldona/niryo/niryo_two_ros/install/niryo_one_msgs/include/niryo_one_msgs/niryo_one_msgs/msg
[16.430s] -- Up-to-date: /home/noldona/niryo/niryo_two_ros/install/niryo_one_msgs/include/niryo_one_msgs/niryo_one_msgs/msg/detail
[16.430s] -- Installing: /home/noldona/niryo/niryo_two_ros/install/niryo_one_msgs/include/niryo_one_msgs/niryo_one_msgs/msg/detail/object_pose__type_support.cpp
[16.430s] -- Installing: /home/noldona/niryo/niryo_two_ros/install/niryo_one_msgs/include/niryo_one_msgs/niryo_one_msgs/msg/detail/log_status__rosidl_typesupport_introspection_cpp.hpp
[16.430s] -- Installing: /home/noldona/niryo/niryo_two_ros/install/niryo_one_msgs/include/niryo_one_msgs/niryo_one_msgs/msg/detail/hardware_status__rosidl_typesupport_introspection_cpp.hpp
[16.430s] -- Installing: /home/noldona/niryo/niryo_two_ros/install/niryo_one_msgs/include/niryo_one_msgs/niryo_one_msgs/msg/detail/object_pose__rosidl_typesupport_introspection_cpp.hpp
[16.431s] -- Installing: /home/noldona/niryo/niryo_two_ros/install/niryo_one_msgs/include/niryo_one_msgs/niryo_one_msgs/msg/detail/log_status__type_support.cpp
[16.431s] -- Installing: /home/noldona/niryo/niryo_two_ros/install/niryo_one_msgs/include/niryo_one_msgs/niryo_one_msgs/msg/detail/hardware_status__type_support.cpp
[16.431s] -- Up-to-date: /home/noldona/niryo/niryo_two_ros/install/niryo_one_msgs/include/niryo_one_msgs/niryo_one_msgs/msg/detail/digital_io_state__rosidl_typesupport_introspection_cpp.hpp
[16.431s] -- Installing: /home/noldona/niryo/niryo_two_ros/install/niryo_one_msgs/include/niryo_one_msgs/niryo_one_msgs/msg/detail/digital_io_state__type_support.cpp
[16.431s] -- Installing: /home/noldona/niryo/niryo_two_ros/install/niryo_one_msgs/include/niryo_one_msgs/niryo_one_msgs/msg/detail/conveyor_feedback__rosidl_typesupport_introspection_cpp.hpp
[16.431s] -- Installing: /home/noldona/niryo/niryo_two_ros/install/niryo_one_msgs/include/niryo_one_msgs/niryo_one_msgs/msg/detail/matlab_move_result__type_support.cpp
[16.432s] -- Installing: /home/noldona/niryo/niryo_two_ros/install/niryo_one_msgs/include/niryo_one_msgs/niryo_one_msgs/msg/detail/conveyor_feedback__type_support.cpp
[16.432s] -- Installing: /home/noldona/niryo/niryo_two_ros/install/niryo_one_msgs/include/niryo_one_msgs/niryo_one_msgs/msg/detail/matlab_move_result__rosidl_typesupport_introspection_cpp.hpp
[16.432s] -- Up-to-date: /home/noldona/niryo/niryo_two_ros/install/niryo_one_msgs/include/niryo_one_msgs/niryo_one_msgs/srv
[16.432s] -- Up-to-date: /home/noldona/niryo/niryo_two_ros/install/niryo_one_msgs/include/niryo_one_msgs/niryo_one_msgs/srv/detail
[16.432s] -- Installing: /home/noldona/niryo/niryo_two_ros/install/niryo_one_msgs/include/niryo_one_msgs/niryo_one_msgs/srv/detail/change_hardware_version__type_support.cpp
[16.432s] -- Installing: /home/noldona/niryo/niryo_two_ros/install/niryo_one_msgs/include/niryo_one_msgs/niryo_one_msgs/srv/detail/change_hardware_version__rosidl_typesupport_introspection_cpp.hpp
[16.433s] -- Installing: /home/noldona/niryo/niryo_two_ros/install/niryo_one_msgs/lib/libniryo_one_msgs__rosidl_typesupport_introspection_cpp.so
[16.433s] -- Set non-toolchain portion of runtime path of "/home/noldona/niryo/niryo_two_ros/install/niryo_one_msgs/lib/libniryo_one_msgs__rosidl_typesupport_introspection_cpp.so" to ""
[16.435s] -- Installing: /home/noldona/niryo/niryo_two_ros/install/niryo_one_msgs/lib/libniryo_one_msgs__rosidl_typesupport_cpp.so
[16.435s] -- Set non-toolchain portion of runtime path of "/home/noldona/niryo/niryo_two_ros/install/niryo_one_msgs/lib/libniryo_one_msgs__rosidl_typesupport_cpp.so" to ""
[16.435s] -- Up-to-date: /home/noldona/niryo/niryo_two_ros/install/niryo_one_msgs/share/niryo_one_msgs/environment/pythonpath.sh
[16.435s] -- Up-to-date: /home/noldona/niryo/niryo_two_ros/install/niryo_one_msgs/share/niryo_one_msgs/environment/pythonpath.dsv
[16.435s] -- Up-to-date: /home/noldona/niryo/niryo_two_ros/install/niryo_one_msgs/lib/python3.12/site-packages/niryo_one_msgs-0.0.0-py3.12.egg-info
[16.436s] -- Installing: /home/noldona/niryo/niryo_two_ros/install/niryo_one_msgs/lib/python3.12/site-packages/niryo_one_msgs-0.0.0-py3.12.egg-info/SOURCES.txt
[16.436s] -- Installing: /home/noldona/niryo/niryo_two_ros/install/niryo_one_msgs/lib/python3.12/site-packages/niryo_one_msgs-0.0.0-py3.12.egg-info/PKG-INFO
[16.436s] -- Installing: /home/noldona/niryo/niryo_two_ros/install/niryo_one_msgs/lib/python3.12/site-packages/niryo_one_msgs-0.0.0-py3.12.egg-info/dependency_links.txt
[16.437s] -- Installing: /home/noldona/niryo/niryo_two_ros/install/niryo_one_msgs/lib/python3.12/site-packages/niryo_one_msgs-0.0.0-py3.12.egg-info/top_level.txt
[16.438s] -- Up-to-date: /home/noldona/niryo/niryo_two_ros/install/niryo_one_msgs/lib/python3.12/site-packages/niryo_one_msgs
[16.438s] -- Installing: /home/noldona/niryo/niryo_two_ros/install/niryo_one_msgs/lib/python3.12/site-packages/niryo_one_msgs/__init__.py
[16.438s] -- Up-to-date: /home/noldona/niryo/niryo_two_ros/install/niryo_one_msgs/lib/python3.12/site-packages/niryo_one_msgs/msg
[16.438s] -- Installing: /home/noldona/niryo/niryo_two_ros/install/niryo_one_msgs/lib/python3.12/site-packages/niryo_one_msgs/msg/__init__.py
[16.438s] -- Installing: /home/noldona/niryo/niryo_two_ros/install/niryo_one_msgs/lib/python3.12/site-packages/niryo_one_msgs/msg/_conveyor_feedback_s.c
[16.438s] -- Installing: /home/noldona/niryo/niryo_two_ros/install/niryo_one_msgs/lib/python3.12/site-packages/niryo_one_msgs/msg/_digital_io_state.py
[16.438s] -- Installing: /home/noldona/niryo/niryo_two_ros/install/niryo_one_msgs/lib/python3.12/site-packages/niryo_one_msgs/msg/_hardware_status_s.c
[16.438s] -- Installing: /home/noldona/niryo/niryo_two_ros/install/niryo_one_msgs/lib/python3.12/site-packages/niryo_one_msgs/msg/_digital_io_state_s.c
[16.439s] -- Installing: /home/noldona/niryo/niryo_two_ros/install/niryo_one_msgs/lib/python3.12/site-packages/niryo_one_msgs/msg/_matlab_move_result.py
[16.439s] -- Installing: /home/noldona/niryo/niryo_two_ros/install/niryo_one_msgs/lib/python3.12/site-packages/niryo_one_msgs/msg/_object_pose.py
[16.439s] -- Installing: /home/noldona/niryo/niryo_two_ros/install/niryo_one_msgs/lib/python3.12/site-packages/niryo_one_msgs/msg/_conveyor_feedback.py
[16.439s] -- Installing: /home/noldona/niryo/niryo_two_ros/install/niryo_one_msgs/lib/python3.12/site-packages/niryo_one_msgs/msg/_log_status.py
[16.439s] -- Installing: /home/noldona/niryo/niryo_two_ros/install/niryo_one_msgs/lib/python3.12/site-packages/niryo_one_msgs/msg/_hardware_status.py
[16.439s] -- Installing: /home/noldona/niryo/niryo_two_ros/install/niryo_one_msgs/lib/python3.12/site-packages/niryo_one_msgs/msg/_log_status_s.c
[16.439s] -- Installing: /home/noldona/niryo/niryo_two_ros/install/niryo_one_msgs/lib/python3.12/site-packages/niryo_one_msgs/msg/_object_pose_s.c
[16.439s] -- Installing: /home/noldona/niryo/niryo_two_ros/install/niryo_one_msgs/lib/python3.12/site-packages/niryo_one_msgs/msg/_matlab_move_result_s.c
[16.440s] -- Installing: /home/noldona/niryo/niryo_two_ros/install/niryo_one_msgs/lib/python3.12/site-packages/niryo_one_msgs/niryo_one_msgs_s__rosidl_typesupport_c.so
[16.440s] -- Installing: /home/noldona/niryo/niryo_two_ros/install/niryo_one_msgs/lib/python3.12/site-packages/niryo_one_msgs/niryo_one_msgs_s__rosidl_typesupport_fastrtps_c.so
[16.440s] -- Installing: /home/noldona/niryo/niryo_two_ros/install/niryo_one_msgs/lib/python3.12/site-packages/niryo_one_msgs/niryo_one_msgs_s__rosidl_typesupport_introspection_c.so
[16.440s] -- Installing: /home/noldona/niryo/niryo_two_ros/install/niryo_one_msgs/lib/python3.12/site-packages/niryo_one_msgs/_niryo_one_msgs_s.ep.rosidl_typesupport_introspection_c.c
[16.440s] -- Installing: /home/noldona/niryo/niryo_two_ros/install/niryo_one_msgs/lib/python3.12/site-packages/niryo_one_msgs/_niryo_one_msgs_s.ep.rosidl_typesupport_c.c
[16.440s] -- Installing: /home/noldona/niryo/niryo_two_ros/install/niryo_one_msgs/lib/python3.12/site-packages/niryo_one_msgs/_niryo_one_msgs_s.ep.rosidl_typesupport_fastrtps_c.c
[16.440s] -- Up-to-date: /home/noldona/niryo/niryo_two_ros/install/niryo_one_msgs/lib/python3.12/site-packages/niryo_one_msgs/srv
[16.440s] -- Installing: /home/noldona/niryo/niryo_two_ros/install/niryo_one_msgs/lib/python3.12/site-packages/niryo_one_msgs/srv/__init__.py
[16.441s] -- Installing: /home/noldona/niryo/niryo_two_ros/install/niryo_one_msgs/lib/python3.12/site-packages/niryo_one_msgs/srv/_change_hardware_version.py
[16.441s] -- Installing: /home/noldona/niryo/niryo_two_ros/install/niryo_one_msgs/lib/python3.12/site-packages/niryo_one_msgs/srv/_change_hardware_version_s.c
[16.502s] Listing '/home/noldona/niryo/niryo_two_ros/install/niryo_one_msgs/lib/python3.12/site-packages/niryo_one_msgs'...
[16.502s] Compiling '/home/noldona/niryo/niryo_two_ros/install/niryo_one_msgs/lib/python3.12/site-packages/niryo_one_msgs/__init__.py'...
[16.502s] Listing '/home/noldona/niryo/niryo_two_ros/install/niryo_one_msgs/lib/python3.12/site-packages/niryo_one_msgs/msg'...
[16.502s] Compiling '/home/noldona/niryo/niryo_two_ros/install/niryo_one_msgs/lib/python3.12/site-packages/niryo_one_msgs/msg/__init__.py'...
[16.502s] Compiling '/home/noldona/niryo/niryo_two_ros/install/niryo_one_msgs/lib/python3.12/site-packages/niryo_one_msgs/msg/_conveyor_feedback.py'...
[16.502s] Compiling '/home/noldona/niryo/niryo_two_ros/install/niryo_one_msgs/lib/python3.12/site-packages/niryo_one_msgs/msg/_digital_io_state.py'...
[16.502s] Compiling '/home/noldona/niryo/niryo_two_ros/install/niryo_one_msgs/lib/python3.12/site-packages/niryo_one_msgs/msg/_hardware_status.py'...
[16.503s] Compiling '/home/noldona/niryo/niryo_two_ros/install/niryo_one_msgs/lib/python3.12/site-packages/niryo_one_msgs/msg/_log_status.py'...
[16.503s] Compiling '/home/noldona/niryo/niryo_two_ros/install/niryo_one_msgs/lib/python3.12/site-packages/niryo_one_msgs/msg/_matlab_move_result.py'...
[16.503s] Compiling '/home/noldona/niryo/niryo_two_ros/install/niryo_one_msgs/lib/python3.12/site-packages/niryo_one_msgs/msg/_object_pose.py'...
[16.503s] Listing '/home/noldona/niryo/niryo_two_ros/install/niryo_one_msgs/lib/python3.12/site-packages/niryo_one_msgs/srv'...
[16.503s] Compiling '/home/noldona/niryo/niryo_two_ros/install/niryo_one_msgs/lib/python3.12/site-packages/niryo_one_msgs/srv/__init__.py'...
[16.503s] Compiling '/home/noldona/niryo/niryo_two_ros/install/niryo_one_msgs/lib/python3.12/site-packages/niryo_one_msgs/srv/_change_hardware_version.py'...
[16.509s] -- Installing: /home/noldona/niryo/niryo_two_ros/install/niryo_one_msgs/lib/python3.12/site-packages/niryo_one_msgs/niryo_one_msgs_s__rosidl_typesupport_fastrtps_c.so
[16.510s] -- Set non-toolchain portion of runtime path of "/home/noldona/niryo/niryo_two_ros/install/niryo_one_msgs/lib/python3.12/site-packages/niryo_one_msgs/niryo_one_msgs_s__rosidl_typesupport_fastrtps_c.so" to ""
[16.511s] -- Installing: /home/noldona/niryo/niryo_two_ros/install/niryo_one_msgs/lib/python3.12/site-packages/niryo_one_msgs/niryo_one_msgs_s__rosidl_typesupport_introspection_c.so
[16.511s] -- Set non-toolchain portion of runtime path of "/home/noldona/niryo/niryo_two_ros/install/niryo_one_msgs/lib/python3.12/site-packages/niryo_one_msgs/niryo_one_msgs_s__rosidl_typesupport_introspection_c.so" to ""
[16.511s] -- Installing: /home/noldona/niryo/niryo_two_ros/install/niryo_one_msgs/lib/python3.12/site-packages/niryo_one_msgs/niryo_one_msgs_s__rosidl_typesupport_c.so
[16.511s] -- Set non-toolchain portion of runtime path of "/home/noldona/niryo/niryo_two_ros/install/niryo_one_msgs/lib/python3.12/site-packages/niryo_one_msgs/niryo_one_msgs_s__rosidl_typesupport_c.so" to ""
[16.512s] -- Installing: /home/noldona/niryo/niryo_two_ros/install/niryo_one_msgs/lib/libniryo_one_msgs__rosidl_generator_py.so
[16.513s] -- Set non-toolchain portion of runtime path of "/home/noldona/niryo/niryo_two_ros/install/niryo_one_msgs/lib/libniryo_one_msgs__rosidl_generator_py.so" to ""
[16.513s] -- Up-to-date: /home/noldona/niryo/niryo_two_ros/install/niryo_one_msgs/share/niryo_one_msgs/msg/ConveyorFeedback.idl
[16.513s] -- Up-to-date: /home/noldona/niryo/niryo_two_ros/install/niryo_one_msgs/share/niryo_one_msgs/msg/DigitalIOState.idl
[16.514s] -- Installing: /home/noldona/niryo/niryo_two_ros/install/niryo_one_msgs/share/niryo_one_msgs/msg/HardwareStatus.idl
[16.514s] -- Installing: /home/noldona/niryo/niryo_two_ros/install/niryo_one_msgs/share/niryo_one_msgs/msg/LogStatus.idl
[16.514s] -- Installing: /home/noldona/niryo/niryo_two_ros/install/niryo_one_msgs/share/niryo_one_msgs/msg/MatlabMoveResult.idl
[16.514s] -- Installing: /home/noldona/niryo/niryo_two_ros/install/niryo_one_msgs/share/niryo_one_msgs/msg/ObjectPose.idl
[16.514s] -- Up-to-date: /home/noldona/niryo/niryo_two_ros/install/niryo_one_msgs/share/niryo_one_msgs/srv/ChangeHardwareVersion.idl
[16.514s] -- Up-to-date: /home/noldona/niryo/niryo_two_ros/install/niryo_one_msgs/share/niryo_one_msgs/msg/ConveyorFeedback.msg
[16.514s] -- Up-to-date: /home/noldona/niryo/niryo_two_ros/install/niryo_one_msgs/share/niryo_one_msgs/msg/DigitalIOState.msg
[16.515s] -- Installing: /home/noldona/niryo/niryo_two_ros/install/niryo_one_msgs/share/niryo_one_msgs/msg/HardwareStatus.msg
[16.515s] -- Installing: /home/noldona/niryo/niryo_two_ros/install/niryo_one_msgs/share/niryo_one_msgs/msg/LogStatus.msg
[16.515s] -- Installing: /home/noldona/niryo/niryo_two_ros/install/niryo_one_msgs/share/niryo_one_msgs/msg/MatlabMoveResult.msg
[16.515s] -- Installing: /home/noldona/niryo/niryo_two_ros/install/niryo_one_msgs/share/niryo_one_msgs/msg/ObjectPose.msg
[16.516s] -- Up-to-date: /home/noldona/niryo/niryo_two_ros/install/niryo_one_msgs/share/niryo_one_msgs/srv/ChangeHardwareVersion.srv
[16.516s] -- Up-to-date: /home/noldona/niryo/niryo_two_ros/install/niryo_one_msgs/share/ament_index/resource_index/package_run_dependencies/niryo_one_msgs
[16.516s] -- Up-to-date: /home/noldona/niryo/niryo_two_ros/install/niryo_one_msgs/share/ament_index/resource_index/parent_prefix_path/niryo_one_msgs
[16.517s] -- Up-to-date: /home/noldona/niryo/niryo_two_ros/install/niryo_one_msgs/share/niryo_one_msgs/environment/ament_prefix_path.sh
[16.517s] -- Up-to-date: /home/noldona/niryo/niryo_two_ros/install/niryo_one_msgs/share/niryo_one_msgs/environment/ament_prefix_path.dsv
[16.518s] -- Up-to-date: /home/noldona/niryo/niryo_two_ros/install/niryo_one_msgs/share/niryo_one_msgs/environment/path.sh
[16.518s] -- Up-to-date: /home/noldona/niryo/niryo_two_ros/install/niryo_one_msgs/share/niryo_one_msgs/environment/path.dsv
[16.518s] -- Up-to-date: /home/noldona/niryo/niryo_two_ros/install/niryo_one_msgs/share/niryo_one_msgs/local_setup.bash
[16.518s] -- Up-to-date: /home/noldona/niryo/niryo_two_ros/install/niryo_one_msgs/share/niryo_one_msgs/local_setup.sh
[16.518s] -- Up-to-date: /home/noldona/niryo/niryo_two_ros/install/niryo_one_msgs/share/niryo_one_msgs/local_setup.zsh
[16.518s] -- Up-to-date: /home/noldona/niryo/niryo_two_ros/install/niryo_one_msgs/share/niryo_one_msgs/local_setup.dsv
[16.518s] -- Installing: /home/noldona/niryo/niryo_two_ros/install/niryo_one_msgs/share/niryo_one_msgs/package.dsv
[16.519s] -- Up-to-date: /home/noldona/niryo/niryo_two_ros/install/niryo_one_msgs/share/ament_index/resource_index/packages/niryo_one_msgs
[16.519s] -- Up-to-date: /home/noldona/niryo/niryo_two_ros/install/niryo_one_msgs/share/niryo_one_msgs/cmake/export_niryo_one_msgs__rosidl_generator_cExport.cmake
[16.519s] -- Up-to-date: /home/noldona/niryo/niryo_two_ros/install/niryo_one_msgs/share/niryo_one_msgs/cmake/export_niryo_one_msgs__rosidl_generator_cExport-noconfig.cmake
[16.520s] -- Up-to-date: /home/noldona/niryo/niryo_two_ros/install/niryo_one_msgs/share/niryo_one_msgs/cmake/export_niryo_one_msgs__rosidl_typesupport_fastrtps_cExport.cmake
[16.520s] -- Up-to-date: /home/noldona/niryo/niryo_two_ros/install/niryo_one_msgs/share/niryo_one_msgs/cmake/export_niryo_one_msgs__rosidl_typesupport_fastrtps_cExport-noconfig.cmake
[16.520s] -- Up-to-date: /home/noldona/niryo/niryo_two_ros/install/niryo_one_msgs/share/niryo_one_msgs/cmake/export_niryo_one_msgs__rosidl_generator_cppExport.cmake
[16.521s] -- Up-to-date: /home/noldona/niryo/niryo_two_ros/install/niryo_one_msgs/share/niryo_one_msgs/cmake/export_niryo_one_msgs__rosidl_typesupport_fastrtps_cppExport.cmake
[16.521s] -- Up-to-date: /home/noldona/niryo/niryo_two_ros/install/niryo_one_msgs/share/niryo_one_msgs/cmake/export_niryo_one_msgs__rosidl_typesupport_fastrtps_cppExport-noconfig.cmake
[16.521s] -- Up-to-date: /home/noldona/niryo/niryo_two_ros/install/niryo_one_msgs/share/niryo_one_msgs/cmake/niryo_one_msgs__rosidl_typesupport_introspection_cExport.cmake
[16.522s] -- Up-to-date: /home/noldona/niryo/niryo_two_ros/install/niryo_one_msgs/share/niryo_one_msgs/cmake/niryo_one_msgs__rosidl_typesupport_introspection_cExport-noconfig.cmake
[16.522s] -- Up-to-date: /home/noldona/niryo/niryo_two_ros/install/niryo_one_msgs/share/niryo_one_msgs/cmake/niryo_one_msgs__rosidl_typesupport_cExport.cmake
[16.522s] -- Up-to-date: /home/noldona/niryo/niryo_two_ros/install/niryo_one_msgs/share/niryo_one_msgs/cmake/niryo_one_msgs__rosidl_typesupport_cExport-noconfig.cmake
[16.523s] -- Up-to-date: /home/noldona/niryo/niryo_two_ros/install/niryo_one_msgs/share/niryo_one_msgs/cmake/niryo_one_msgs__rosidl_typesupport_introspection_cppExport.cmake
[16.523s] -- Up-to-date: /home/noldona/niryo/niryo_two_ros/install/niryo_one_msgs/share/niryo_one_msgs/cmake/niryo_one_msgs__rosidl_typesupport_introspection_cppExport-noconfig.cmake
[16.523s] -- Up-to-date: /home/noldona/niryo/niryo_two_ros/install/niryo_one_msgs/share/niryo_one_msgs/cmake/niryo_one_msgs__rosidl_typesupport_cppExport.cmake
[16.523s] -- Up-to-date: /home/noldona/niryo/niryo_two_ros/install/niryo_one_msgs/share/niryo_one_msgs/cmake/niryo_one_msgs__rosidl_typesupport_cppExport-noconfig.cmake
[16.524s] -- Up-to-date: /home/noldona/niryo/niryo_two_ros/install/niryo_one_msgs/share/niryo_one_msgs/cmake/export_niryo_one_msgs__rosidl_generator_pyExport.cmake
[16.524s] -- Up-to-date: /home/noldona/niryo/niryo_two_ros/install/niryo_one_msgs/share/niryo_one_msgs/cmake/export_niryo_one_msgs__rosidl_generator_pyExport-noconfig.cmake
[16.524s] -- Installing: /home/noldona/niryo/niryo_two_ros/install/niryo_one_msgs/share/niryo_one_msgs/cmake/rosidl_cmake-extras.cmake
[16.525s] -- Up-to-date: /home/noldona/niryo/niryo_two_ros/install/niryo_one_msgs/share/niryo_one_msgs/cmake/ament_cmake_export_dependencies-extras.cmake
[16.525s] -- Up-to-date: /home/noldona/niryo/niryo_two_ros/install/niryo_one_msgs/share/niryo_one_msgs/cmake/ament_cmake_export_include_directories-extras.cmake
[16.525s] -- Up-to-date: /home/noldona/niryo/niryo_two_ros/install/niryo_one_msgs/share/niryo_one_msgs/cmake/ament_cmake_export_libraries-extras.cmake
[16.525s] -- Up-to-date: /home/noldona/niryo/niryo_two_ros/install/niryo_one_msgs/share/niryo_one_msgs/cmake/ament_cmake_export_targets-extras.cmake
[16.525s] -- Up-to-date: /home/noldona/niryo/niryo_two_ros/install/niryo_one_msgs/share/niryo_one_msgs/cmake/rosidl_cmake_export_typesupport_targets-extras.cmake
[16.525s] -- Up-to-date: /home/noldona/niryo/niryo_two_ros/install/niryo_one_msgs/share/niryo_one_msgs/cmake/rosidl_cmake_export_typesupport_libraries-extras.cmake
[16.525s] -- Up-to-date: /home/noldona/niryo/niryo_two_ros/install/niryo_one_msgs/share/niryo_one_msgs/cmake/niryo_one_msgsConfig.cmake
[16.525s] -- Up-to-date: /home/noldona/niryo/niryo_two_ros/install/niryo_one_msgs/share/niryo_one_msgs/cmake/niryo_one_msgsConfig-version.cmake
[16.525s] -- Up-to-date: /home/noldona/niryo/niryo_two_ros/install/niryo_one_msgs/share/niryo_one_msgs/package.xml
[16.528s] Invoked command in '/home/noldona/niryo/niryo_two_ros/build/niryo_one_msgs' returned '0': CMAKE_PREFIX_PATH=${CMAKE_PREFIX_PATH}:/opt/ros/jazzy DEBUGINFOD_URLS=https://debuginfod.ubuntu.com /usr/bin/cmake --install /home/noldona/niryo/niryo_two_ros/build/niryo_one_msgs
