[0.011s] Invoking command in '/home/noldona/niryo/niryo_two_ros/build/niryo_one_msgs': CMAKE_PREFIX_PATH=${CMAKE_PREFIX_PATH}:/opt/ros/jazzy DEBUGINFOD_URLS=https://debuginfod.ubuntu.com /usr/bin/cmake --build /home/noldona/niryo/niryo_two_ros/build/niryo_one_msgs -- -j4 -l4
[0.050s] -- Found ament_cmake: 2.5.2 (/opt/ros/jazzy/share/ament_cmake/cmake)
[0.162s] -- Found std_msgs: 5.3.5 (/opt/ros/jazzy/share/std_msgs/cmake)
[0.189s] -- Found rosidl_generator_c: 4.6.4 (/opt/ros/jazzy/share/rosidl_generator_c/cmake)
[0.199s] -- Found rosidl_generator_cpp: 4.6.4 (/opt/ros/jazzy/share/rosidl_generator_cpp/cmake)
[0.213s] -- Using all available rosidl_typesupport_c: rosidl_typesupport_fastrtps_c;rosidl_typesupport_introspection_c
[0.228s] -- Using all available rosidl_typesupport_cpp: rosidl_typesupport_fastrtps_cpp;rosidl_typesupport_introspection_cpp
[0.263s] -- Found geometry_msgs: 5.3.5 (/opt/ros/jazzy/share/geometry_msgs/cmake)
[0.282s] -- Found moveit_msgs: 2.5.0 (/opt/ros/jazzy/share/moveit_msgs/cmake)
[0.595s] -- Found rosidl_default_generators: 1.6.0 (/opt/ros/jazzy/share/rosidl_default_generators/cmake)
[0.603s] -- Found rosidl_adapter: 4.6.4 (/opt/ros/jazzy/share/rosidl_adapter/cmake)
[1.134s] -- Found ament_cmake_ros: 0.12.0 (/opt/ros/jazzy/share/ament_cmake_ros/cmake)
[1.808s] -- Using all available rosidl_typesupport_c: rosidl_typesupport_fastrtps_c;rosidl_typesupport_introspection_c
[2.071s] -- Using all available rosidl_typesupport_cpp: rosidl_typesupport_fastrtps_cpp;rosidl_typesupport_introspection_cpp
[2.074s] -- Found python_cmake_module: 0.11.1 (/opt/ros/jazzy/share/python_cmake_module/cmake)
[2.447s] -- Found Python3: /usr/bin/python3 (found version "3.12.3") found components: Interpreter Development NumPy Development.Module Development.Embed 
[2.563s] -- Found ament_lint_auto: 0.17.1 (/opt/ros/jazzy/share/ament_lint_auto/cmake)
[2.589s] -- Added test 'lint_cmake' to check CMake code style
[2.592s] -- Added test 'xmllint' to check XML markup files
[2.597s] -- Configuring done (2.6s)
[2.740s] -- Generating done (0.1s)
[2.746s] -- Build files have been written to: /home/noldona/niryo/niryo_two_ros/build/niryo_one_msgs
[2.793s] [  1%] Built target niryo_one_msgs__rosidl_generator_type_description
[2.810s] [  1%] Built target ament_cmake_python_copy_niryo_one_msgs
[2.826s] [  1%] Built target niryo_one_msgs__cpp
[2.879s] [ 29%] Built target niryo_one_msgs__rosidl_generator_c
[2.958s] [ 38%] Built target niryo_one_msgs__rosidl_typesupport_cpp
[2.983s] [ 48%] Built target niryo_one_msgs__rosidl_typesupport_fastrtps_c
[3.013s] [ 58%] Built target niryo_one_msgs__rosidl_typesupport_fastrtps_cpp
[3.049s] [ 68%] Built target niryo_one_msgs__rosidl_typesupport_introspection_c
[3.086s] [ 78%] Built target niryo_one_msgs__rosidl_typesupport_c
[3.149s] [ 88%] Built target niryo_one_msgs__rosidl_typesupport_introspection_cpp
[3.190s] [ 88%] Built target niryo_one_msgs
[3.203s] running egg_info
[3.239s] [ 88%] Built target niryo_one_msgs__py
[3.256s] writing niryo_one_msgs.egg-info/PKG-INFO
[3.257s] writing dependency_links to niryo_one_msgs.egg-info/dependency_links.txt
[3.258s] writing top-level names to niryo_one_msgs.egg-info/top_level.txt
[3.324s] [ 97%] Built target niryo_one_msgs__rosidl_generator_py
[3.372s] reading manifest file 'niryo_one_msgs.egg-info/SOURCES.txt'
[3.373s] writing manifest file 'niryo_one_msgs.egg-info/SOURCES.txt'
[3.375s] [ 98%] Built target niryo_one_msgs_s__rosidl_typesupport_c
[3.383s] [ 99%] Built target niryo_one_msgs_s__rosidl_typesupport_fastrtps_c
[3.384s] [100%] Built target niryo_one_msgs_s__rosidl_typesupport_introspection_c
[3.410s] [100%] Built target ament_cmake_python_build_niryo_one_msgs_egg
[3.425s] Invoked command in '/home/noldona/niryo/niryo_two_ros/build/niryo_one_msgs' returned '0': CMAKE_PREFIX_PATH=${CMAKE_PREFIX_PATH}:/opt/ros/jazzy DEBUGINFOD_URLS=https://debuginfod.ubuntu.com /usr/bin/cmake --build /home/noldona/niryo/niryo_two_ros/build/niryo_one_msgs -- -j4 -l4
[3.868s] Invoking command in '/home/noldona/niryo/niryo_two_ros/build/niryo_one_msgs': CMAKE_PREFIX_PATH=${CMAKE_PREFIX_PATH}:/opt/ros/jazzy DEBUGINFOD_URLS=https://debuginfod.ubuntu.com /usr/bin/cmake --install /home/noldona/niryo/niryo_two_ros/build/niryo_one_msgs
[3.879s] -- Install configuration: ""
[3.880s] -- Up-to-date: /home/noldona/niryo/niryo_two_ros/install/niryo_one_msgs/share/ament_index/resource_index/rosidl_interfaces/niryo_one_msgs
[3.880s] -- Up-to-date: /home/noldona/niryo/niryo_two_ros/install/niryo_one_msgs/share/niryo_one_msgs/msg/ConveyorFeedback.json
[3.880s] -- Up-to-date: /home/noldona/niryo/niryo_two_ros/install/niryo_one_msgs/share/niryo_one_msgs/msg/DigitalIOState.json
[3.881s] -- Up-to-date: /home/noldona/niryo/niryo_two_ros/install/niryo_one_msgs/share/niryo_one_msgs/msg/HardwareStatus.json
[3.881s] -- Up-to-date: /home/noldona/niryo/niryo_two_ros/install/niryo_one_msgs/share/niryo_one_msgs/msg/LogStatus.json
[3.881s] -- Up-to-date: /home/noldona/niryo/niryo_two_ros/install/niryo_one_msgs/share/niryo_one_msgs/msg/MatlabMoveResult.json
[3.881s] -- Up-to-date: /home/noldona/niryo/niryo_two_ros/install/niryo_one_msgs/share/niryo_one_msgs/msg/ObjectPose.json
[3.881s] -- Up-to-date: /home/noldona/niryo/niryo_two_ros/install/niryo_one_msgs/share/niryo_one_msgs/msg/RPY.json
[3.881s] -- Up-to-date: /home/noldona/niryo/niryo_two_ros/install/niryo_one_msgs/share/niryo_one_msgs/msg/Position.json
[3.882s] -- Up-to-date: /home/noldona/niryo/niryo_two_ros/install/niryo_one_msgs/share/niryo_one_msgs/msg/ProcessState.json
[3.882s] -- Up-to-date: /home/noldona/niryo/niryo_two_ros/install/niryo_one_msgs/share/niryo_one_msgs/msg/ShiftPose.json
[3.882s] -- Up-to-date: /home/noldona/niryo/niryo_two_ros/install/niryo_one_msgs/share/niryo_one_msgs/msg/TrajectoryPlan.json
[3.882s] -- Up-to-date: /home/noldona/niryo/niryo_two_ros/install/niryo_one_msgs/share/niryo_one_msgs/msg/RobotMoveCommand.json
[3.882s] -- Up-to-date: /home/noldona/niryo/niryo_two_ros/install/niryo_one_msgs/share/niryo_one_msgs/msg/RobotState.json
[3.883s] -- Up-to-date: /home/noldona/niryo/niryo_two_ros/install/niryo_one_msgs/share/niryo_one_msgs/msg/Sequence.json
[3.883s] -- Up-to-date: /home/noldona/niryo/niryo_two_ros/install/niryo_one_msgs/share/niryo_one_msgs/msg/SequenceAutorunStatus.json
[3.883s] -- Up-to-date: /home/noldona/niryo/niryo_two_ros/install/niryo_one_msgs/share/niryo_one_msgs/msg/SoftwareVersion.json
[3.883s] -- Up-to-date: /home/noldona/niryo/niryo_two_ros/install/niryo_one_msgs/share/niryo_one_msgs/msg/ToolCommand.json
[3.883s] -- Up-to-date: /home/noldona/niryo/niryo_two_ros/install/niryo_one_msgs/share/niryo_one_msgs/msg/Trajectory.json
[3.883s] -- Up-to-date: /home/noldona/niryo/niryo_two_ros/install/niryo_one_msgs/share/niryo_one_msgs/srv/ChangeHardwareVersion.json
[3.883s] -- Up-to-date: /home/noldona/niryo/niryo_two_ros/install/niryo_one_msgs/include/niryo_one_msgs/niryo_one_msgs
[3.884s] -- Up-to-date: /home/noldona/niryo/niryo_two_ros/install/niryo_one_msgs/include/niryo_one_msgs/niryo_one_msgs/msg
[3.884s] -- Up-to-date: /home/noldona/niryo/niryo_two_ros/install/niryo_one_msgs/include/niryo_one_msgs/niryo_one_msgs/msg/robot_move_command.h
[3.884s] -- Up-to-date: /home/noldona/niryo/niryo_two_ros/install/niryo_one_msgs/include/niryo_one_msgs/niryo_one_msgs/msg/sequence.h
[3.884s] -- Up-to-date: /home/noldona/niryo/niryo_two_ros/install/niryo_one_msgs/include/niryo_one_msgs/niryo_one_msgs/msg/process_state.h
[3.884s] -- Up-to-date: /home/noldona/niryo/niryo_two_ros/install/niryo_one_msgs/include/niryo_one_msgs/niryo_one_msgs/msg/object_pose.h
[3.884s] -- Up-to-date: /home/noldona/niryo/niryo_two_ros/install/niryo_one_msgs/include/niryo_one_msgs/niryo_one_msgs/msg/trajectory_plan.h
[3.884s] -- Up-to-date: /home/noldona/niryo/niryo_two_ros/install/niryo_one_msgs/include/niryo_one_msgs/niryo_one_msgs/msg/position.h
[3.884s] -- Up-to-date: /home/noldona/niryo/niryo_two_ros/install/niryo_one_msgs/include/niryo_one_msgs/niryo_one_msgs/msg/digital_io_state.h
[3.885s] -- Up-to-date: /home/noldona/niryo/niryo_two_ros/install/niryo_one_msgs/include/niryo_one_msgs/niryo_one_msgs/msg/robot_state.h
[3.885s] -- Up-to-date: /home/noldona/niryo/niryo_two_ros/install/niryo_one_msgs/include/niryo_one_msgs/niryo_one_msgs/msg/log_status.h
[3.885s] -- Up-to-date: /home/noldona/niryo/niryo_two_ros/install/niryo_one_msgs/include/niryo_one_msgs/niryo_one_msgs/msg/matlab_move_result.h
[3.885s] -- Up-to-date: /home/noldona/niryo/niryo_two_ros/install/niryo_one_msgs/include/niryo_one_msgs/niryo_one_msgs/msg/rosidl_generator_c__visibility_control.h
[3.885s] -- Up-to-date: /home/noldona/niryo/niryo_two_ros/install/niryo_one_msgs/include/niryo_one_msgs/niryo_one_msgs/msg/rpy.h
[3.885s] -- Up-to-date: /home/noldona/niryo/niryo_two_ros/install/niryo_one_msgs/include/niryo_one_msgs/niryo_one_msgs/msg/software_version.h
[3.886s] -- Up-to-date: /home/noldona/niryo/niryo_two_ros/install/niryo_one_msgs/include/niryo_one_msgs/niryo_one_msgs/msg/detail
[3.886s] -- Up-to-date: /home/noldona/niryo/niryo_two_ros/install/niryo_one_msgs/include/niryo_one_msgs/niryo_one_msgs/msg/detail/object_pose__functions.h
[3.886s] -- Up-to-date: /home/noldona/niryo/niryo_two_ros/install/niryo_one_msgs/include/niryo_one_msgs/niryo_one_msgs/msg/detail/digital_io_state__functions.h
[3.886s] -- Up-to-date: /home/noldona/niryo/niryo_two_ros/install/niryo_one_msgs/include/niryo_one_msgs/niryo_one_msgs/msg/detail/position__type_support.h
[3.886s] -- Up-to-date: /home/noldona/niryo/niryo_two_ros/install/niryo_one_msgs/include/niryo_one_msgs/niryo_one_msgs/msg/detail/rpy__functions.h
[3.887s] -- Up-to-date: /home/noldona/niryo/niryo_two_ros/install/niryo_one_msgs/include/niryo_one_msgs/niryo_one_msgs/msg/detail/robot_move_command__functions.h
[3.887s] -- Up-to-date: /home/noldona/niryo/niryo_two_ros/install/niryo_one_msgs/include/niryo_one_msgs/niryo_one_msgs/msg/detail/process_state__type_support.h
[3.887s] -- Up-to-date: /home/noldona/niryo/niryo_two_ros/install/niryo_one_msgs/include/niryo_one_msgs/niryo_one_msgs/msg/detail/tool_command__functions.c
[3.887s] -- Up-to-date: /home/noldona/niryo/niryo_two_ros/install/niryo_one_msgs/include/niryo_one_msgs/niryo_one_msgs/msg/detail/sequence_autorun_status__functions.h
[3.888s] -- Up-to-date: /home/noldona/niryo/niryo_two_ros/install/niryo_one_msgs/include/niryo_one_msgs/niryo_one_msgs/msg/detail/digital_io_state__description.c
[3.888s] -- Up-to-date: /home/noldona/niryo/niryo_two_ros/install/niryo_one_msgs/include/niryo_one_msgs/niryo_one_msgs/msg/detail/sequence__functions.c
[3.888s] -- Up-to-date: /home/noldona/niryo/niryo_two_ros/install/niryo_one_msgs/include/niryo_one_msgs/niryo_one_msgs/msg/detail/trajectory_plan__functions.h
[3.889s] -- Up-to-date: /home/noldona/niryo/niryo_two_ros/install/niryo_one_msgs/include/niryo_one_msgs/niryo_one_msgs/msg/detail/rpy__description.c
[3.889s] -- Up-to-date: /home/noldona/niryo/niryo_two_ros/install/niryo_one_msgs/include/niryo_one_msgs/niryo_one_msgs/msg/detail/hardware_status__functions.h
[3.889s] -- Up-to-date: /home/noldona/niryo/niryo_two_ros/install/niryo_one_msgs/include/niryo_one_msgs/niryo_one_msgs/msg/detail/conveyor_feedback__functions.h
[3.889s] -- Up-to-date: /home/noldona/niryo/niryo_two_ros/install/niryo_one_msgs/include/niryo_one_msgs/niryo_one_msgs/msg/detail/position__functions.h
[3.890s] -- Up-to-date: /home/noldona/niryo/niryo_two_ros/install/niryo_one_msgs/include/niryo_one_msgs/niryo_one_msgs/msg/detail/shift_pose__functions.h
[3.890s] -- Up-to-date: /home/noldona/niryo/niryo_two_ros/install/niryo_one_msgs/include/niryo_one_msgs/niryo_one_msgs/msg/detail/tool_command__functions.h
[3.890s] -- Up-to-date: /home/noldona/niryo/niryo_two_ros/install/niryo_one_msgs/include/niryo_one_msgs/niryo_one_msgs/msg/detail/log_status__functions.h
[3.890s] -- Up-to-date: /home/noldona/niryo/niryo_two_ros/install/niryo_one_msgs/include/niryo_one_msgs/niryo_one_msgs/msg/detail/rpy__functions.c
[3.890s] -- Up-to-date: /home/noldona/niryo/niryo_two_ros/install/niryo_one_msgs/include/niryo_one_msgs/niryo_one_msgs/msg/detail/robot_move_command__struct.h
[3.890s] -- Installing: /home/noldona/niryo/niryo_two_ros/install/niryo_one_msgs/include/niryo_one_msgs/niryo_one_msgs/msg/detail/trajectory_plan__type_support.c
[3.891s] -- Installing: /home/noldona/niryo/niryo_two_ros/install/niryo_one_msgs/include/niryo_one_msgs/niryo_one_msgs/msg/detail/robot_state__type_support.c
[3.891s] -- Up-to-date: /home/noldona/niryo/niryo_two_ros/install/niryo_one_msgs/include/niryo_one_msgs/niryo_one_msgs/msg/detail/matlab_move_result__type_support.h
[3.891s] -- Up-to-date: /home/noldona/niryo/niryo_two_ros/install/niryo_one_msgs/include/niryo_one_msgs/niryo_one_msgs/msg/detail/software_version__type_support.h
[3.891s] -- Up-to-date: /home/noldona/niryo/niryo_two_ros/install/niryo_one_msgs/include/niryo_one_msgs/niryo_one_msgs/msg/detail/shift_pose__struct.h
[3.891s] -- Up-to-date: /home/noldona/niryo/niryo_two_ros/install/niryo_one_msgs/include/niryo_one_msgs/niryo_one_msgs/msg/detail/hardware_status__description.c
[3.891s] -- Installing: /home/noldona/niryo/niryo_two_ros/install/niryo_one_msgs/include/niryo_one_msgs/niryo_one_msgs/msg/detail/trajectory__type_support.c
[3.892s] -- Up-to-date: /home/noldona/niryo/niryo_two_ros/install/niryo_one_msgs/include/niryo_one_msgs/niryo_one_msgs/msg/detail/digital_io_state__type_support.h
[3.892s] -- Up-to-date: /home/noldona/niryo/niryo_two_ros/install/niryo_one_msgs/include/niryo_one_msgs/niryo_one_msgs/msg/detail/tool_command__type_support.h
[3.892s] -- Installing: /home/noldona/niryo/niryo_two_ros/install/niryo_one_msgs/include/niryo_one_msgs/niryo_one_msgs/msg/detail/log_status__type_support.c
[3.892s] -- Up-to-date: /home/noldona/niryo/niryo_two_ros/install/niryo_one_msgs/include/niryo_one_msgs/niryo_one_msgs/msg/detail/trajectory_plan__description.c
[3.892s] -- Up-to-date: /home/noldona/niryo/niryo_two_ros/install/niryo_one_msgs/include/niryo_one_msgs/niryo_one_msgs/msg/detail/log_status__functions.c
[3.892s] -- Up-to-date: /home/noldona/niryo/niryo_two_ros/install/niryo_one_msgs/include/niryo_one_msgs/niryo_one_msgs/msg/detail/trajectory__type_support.h
[3.892s] -- Installing: /home/noldona/niryo/niryo_two_ros/install/niryo_one_msgs/include/niryo_one_msgs/niryo_one_msgs/msg/detail/sequence_autorun_status__type_support.c
[3.893s] -- Installing: /home/noldona/niryo/niryo_two_ros/install/niryo_one_msgs/include/niryo_one_msgs/niryo_one_msgs/msg/detail/hardware_status__type_support.c
[3.893s] -- Up-to-date: /home/noldona/niryo/niryo_two_ros/install/niryo_one_msgs/include/niryo_one_msgs/niryo_one_msgs/msg/detail/log_status__description.c
[3.893s] -- Up-to-date: /home/noldona/niryo/niryo_two_ros/install/niryo_one_msgs/include/niryo_one_msgs/niryo_one_msgs/msg/detail/tool_command__description.c
[3.893s] -- Up-to-date: /home/noldona/niryo/niryo_two_ros/install/niryo_one_msgs/include/niryo_one_msgs/niryo_one_msgs/msg/detail/process_state__description.c
[3.893s] -- Up-to-date: /home/noldona/niryo/niryo_two_ros/install/niryo_one_msgs/include/niryo_one_msgs/niryo_one_msgs/msg/detail/robot_move_command__description.c
[3.893s] -- Up-to-date: /home/noldona/niryo/niryo_two_ros/install/niryo_one_msgs/include/niryo_one_msgs/niryo_one_msgs/msg/detail/sequence__functions.h
[3.893s] -- Up-to-date: /home/noldona/niryo/niryo_two_ros/install/niryo_one_msgs/include/niryo_one_msgs/niryo_one_msgs/msg/detail/sequence__description.c
[3.894s] -- Up-to-date: /home/noldona/niryo/niryo_two_ros/install/niryo_one_msgs/include/niryo_one_msgs/niryo_one_msgs/msg/detail/object_pose__functions.c
[3.894s] -- Up-to-date: /home/noldona/niryo/niryo_two_ros/install/niryo_one_msgs/include/niryo_one_msgs/niryo_one_msgs/msg/detail/object_pose__type_support.h
[3.894s] -- Up-to-date: /home/noldona/niryo/niryo_two_ros/install/niryo_one_msgs/include/niryo_one_msgs/niryo_one_msgs/msg/detail/software_version__functions.h
[3.894s] -- Up-to-date: /home/noldona/niryo/niryo_two_ros/install/niryo_one_msgs/include/niryo_one_msgs/niryo_one_msgs/msg/detail/sequence_autorun_status__functions.c
[3.894s] -- Up-to-date: /home/noldona/niryo/niryo_two_ros/install/niryo_one_msgs/include/niryo_one_msgs/niryo_one_msgs/msg/detail/tool_command__struct.h
[3.894s] -- Up-to-date: /home/noldona/niryo/niryo_two_ros/install/niryo_one_msgs/include/niryo_one_msgs/niryo_one_msgs/msg/detail/log_status__struct.h
[3.894s] -- Installing: /home/noldona/niryo/niryo_two_ros/install/niryo_one_msgs/include/niryo_one_msgs/niryo_one_msgs/msg/detail/software_version__type_support.c
[3.894s] -- Up-to-date: /home/noldona/niryo/niryo_two_ros/install/niryo_one_msgs/include/niryo_one_msgs/niryo_one_msgs/msg/detail/shift_pose__functions.c
[3.895s] -- Up-to-date: /home/noldona/niryo/niryo_two_ros/install/niryo_one_msgs/include/niryo_one_msgs/niryo_one_msgs/msg/detail/trajectory__functions.h
[3.895s] -- Up-to-date: /home/noldona/niryo/niryo_two_ros/install/niryo_one_msgs/include/niryo_one_msgs/niryo_one_msgs/msg/detail/conveyor_feedback__description.c
[3.895s] -- Up-to-date: /home/noldona/niryo/niryo_two_ros/install/niryo_one_msgs/include/niryo_one_msgs/niryo_one_msgs/msg/detail/robot_state__functions.h
[3.895s] -- Up-to-date: /home/noldona/niryo/niryo_two_ros/install/niryo_one_msgs/include/niryo_one_msgs/niryo_one_msgs/msg/detail/rpy__type_support.h
[3.895s] -- Up-to-date: /home/noldona/niryo/niryo_two_ros/install/niryo_one_msgs/include/niryo_one_msgs/niryo_one_msgs/msg/detail/sequence_autorun_status__struct.h
[3.896s] -- Up-to-date: /home/noldona/niryo/niryo_two_ros/install/niryo_one_msgs/include/niryo_one_msgs/niryo_one_msgs/msg/detail/hardware_status__struct.h
[3.896s] -- Up-to-date: /home/noldona/niryo/niryo_two_ros/install/niryo_one_msgs/include/niryo_one_msgs/niryo_one_msgs/msg/detail/shift_pose__description.c
[3.896s] -- Up-to-date: /home/noldona/niryo/niryo_two_ros/install/niryo_one_msgs/include/niryo_one_msgs/niryo_one_msgs/msg/detail/matlab_move_result__functions.h
[3.896s] -- Installing: /home/noldona/niryo/niryo_two_ros/install/niryo_one_msgs/include/niryo_one_msgs/niryo_one_msgs/msg/detail/position__type_support.c
[3.896s] -- Up-to-date: /home/noldona/niryo/niryo_two_ros/install/niryo_one_msgs/include/niryo_one_msgs/niryo_one_msgs/msg/detail/sequence__struct.h
[3.896s] -- Up-to-date: /home/noldona/niryo/niryo_two_ros/install/niryo_one_msgs/include/niryo_one_msgs/niryo_one_msgs/msg/detail/sequence_autorun_status__type_support.h
[3.896s] -- Up-to-date: /home/noldona/niryo/niryo_two_ros/install/niryo_one_msgs/include/niryo_one_msgs/niryo_one_msgs/msg/detail/shift_pose__type_support.h
[3.897s] -- Installing: /home/noldona/niryo/niryo_two_ros/install/niryo_one_msgs/include/niryo_one_msgs/niryo_one_msgs/msg/detail/matlab_move_result__type_support.c
[3.897s] -- Up-to-date: /home/noldona/niryo/niryo_two_ros/install/niryo_one_msgs/include/niryo_one_msgs/niryo_one_msgs/msg/detail/position__struct.h
[3.897s] -- Up-to-date: /home/noldona/niryo/niryo_two_ros/install/niryo_one_msgs/include/niryo_one_msgs/niryo_one_msgs/msg/detail/position__description.c
[3.897s] -- Up-to-date: /home/noldona/niryo/niryo_two_ros/install/niryo_one_msgs/include/niryo_one_msgs/niryo_one_msgs/msg/detail/robot_state__type_support.h
[3.897s] -- Up-to-date: /home/noldona/niryo/niryo_two_ros/install/niryo_one_msgs/include/niryo_one_msgs/niryo_one_msgs/msg/detail/robot_move_command__type_support.h
[3.897s] -- Up-to-date: /home/noldona/niryo/niryo_two_ros/install/niryo_one_msgs/include/niryo_one_msgs/niryo_one_msgs/msg/detail/sequence__type_support.h
[3.897s] -- Up-to-date: /home/noldona/niryo/niryo_two_ros/install/niryo_one_msgs/include/niryo_one_msgs/niryo_one_msgs/msg/detail/object_pose__struct.h
[3.898s] -- Up-to-date: /home/noldona/niryo/niryo_two_ros/install/niryo_one_msgs/include/niryo_one_msgs/niryo_one_msgs/msg/detail/robot_state__description.c
[3.898s] -- Up-to-date: /home/noldona/niryo/niryo_two_ros/install/niryo_one_msgs/include/niryo_one_msgs/niryo_one_msgs/msg/detail/matlab_move_result__description.c
[3.898s] -- Up-to-date: /home/noldona/niryo/niryo_two_ros/install/niryo_one_msgs/include/niryo_one_msgs/niryo_one_msgs/msg/detail/process_state__functions.c
[3.899s] -- Up-to-date: /home/noldona/niryo/niryo_two_ros/install/niryo_one_msgs/include/niryo_one_msgs/niryo_one_msgs/msg/detail/conveyor_feedback__type_support.h
[3.899s] -- Up-to-date: /home/noldona/niryo/niryo_two_ros/install/niryo_one_msgs/include/niryo_one_msgs/niryo_one_msgs/msg/detail/robot_move_command__functions.c
[3.899s] -- Up-to-date: /home/noldona/niryo/niryo_two_ros/install/niryo_one_msgs/include/niryo_one_msgs/niryo_one_msgs/msg/detail/robot_state__struct.h
[3.899s] -- Up-to-date: /home/noldona/niryo/niryo_two_ros/install/niryo_one_msgs/include/niryo_one_msgs/niryo_one_msgs/msg/detail/process_state__struct.h
[3.899s] -- Installing: /home/noldona/niryo/niryo_two_ros/install/niryo_one_msgs/include/niryo_one_msgs/niryo_one_msgs/msg/detail/digital_io_state__type_support.c
[3.899s] -- Up-to-date: /home/noldona/niryo/niryo_two_ros/install/niryo_one_msgs/include/niryo_one_msgs/niryo_one_msgs/msg/detail/matlab_move_result__struct.h
[3.899s] -- Up-to-date: /home/noldona/niryo/niryo_two_ros/install/niryo_one_msgs/include/niryo_one_msgs/niryo_one_msgs/msg/detail/process_state__functions.h
[3.899s] -- Up-to-date: /home/noldona/niryo/niryo_two_ros/install/niryo_one_msgs/include/niryo_one_msgs/niryo_one_msgs/msg/detail/position__functions.c
[3.900s] -- Installing: /home/noldona/niryo/niryo_two_ros/install/niryo_one_msgs/include/niryo_one_msgs/niryo_one_msgs/msg/detail/robot_move_command__type_support.c
[3.900s] -- Up-to-date: /home/noldona/niryo/niryo_two_ros/install/niryo_one_msgs/include/niryo_one_msgs/niryo_one_msgs/msg/detail/trajectory__struct.h
[3.900s] -- Up-to-date: /home/noldona/niryo/niryo_two_ros/install/niryo_one_msgs/include/niryo_one_msgs/niryo_one_msgs/msg/detail/hardware_status__functions.c
[3.900s] -- Installing: /home/noldona/niryo/niryo_two_ros/install/niryo_one_msgs/include/niryo_one_msgs/niryo_one_msgs/msg/detail/conveyor_feedback__type_support.c
[3.900s] -- Up-to-date: /home/noldona/niryo/niryo_two_ros/install/niryo_one_msgs/include/niryo_one_msgs/niryo_one_msgs/msg/detail/software_version__description.c
[3.900s] -- Up-to-date: /home/noldona/niryo/niryo_two_ros/install/niryo_one_msgs/include/niryo_one_msgs/niryo_one_msgs/msg/detail/digital_io_state__struct.h
[3.900s] -- Up-to-date: /home/noldona/niryo/niryo_two_ros/install/niryo_one_msgs/include/niryo_one_msgs/niryo_one_msgs/msg/detail/software_version__functions.c
[3.900s] -- Up-to-date: /home/noldona/niryo/niryo_two_ros/install/niryo_one_msgs/include/niryo_one_msgs/niryo_one_msgs/msg/detail/conveyor_feedback__functions.c
[3.900s] -- Up-to-date: /home/noldona/niryo/niryo_two_ros/install/niryo_one_msgs/include/niryo_one_msgs/niryo_one_msgs/msg/detail/hardware_status__type_support.h
[3.900s] -- Up-to-date: /home/noldona/niryo/niryo_two_ros/install/niryo_one_msgs/include/niryo_one_msgs/niryo_one_msgs/msg/detail/matlab_move_result__functions.c
[3.901s] -- Up-to-date: /home/noldona/niryo/niryo_two_ros/install/niryo_one_msgs/include/niryo_one_msgs/niryo_one_msgs/msg/detail/trajectory__functions.c
[3.901s] -- Up-to-date: /home/noldona/niryo/niryo_two_ros/install/niryo_one_msgs/include/niryo_one_msgs/niryo_one_msgs/msg/detail/sequence_autorun_status__description.c
[3.901s] -- Up-to-date: /home/noldona/niryo/niryo_two_ros/install/niryo_one_msgs/include/niryo_one_msgs/niryo_one_msgs/msg/detail/robot_state__functions.c
[3.901s] -- Up-to-date: /home/noldona/niryo/niryo_two_ros/install/niryo_one_msgs/include/niryo_one_msgs/niryo_one_msgs/msg/detail/trajectory_plan__struct.h
[3.901s] -- Installing: /home/noldona/niryo/niryo_two_ros/install/niryo_one_msgs/include/niryo_one_msgs/niryo_one_msgs/msg/detail/object_pose__type_support.c
[3.901s] -- Installing: /home/noldona/niryo/niryo_two_ros/install/niryo_one_msgs/include/niryo_one_msgs/niryo_one_msgs/msg/detail/tool_command__type_support.c
[3.901s] -- Installing: /home/noldona/niryo/niryo_two_ros/install/niryo_one_msgs/include/niryo_one_msgs/niryo_one_msgs/msg/detail/process_state__type_support.c
[3.901s] -- Up-to-date: /home/noldona/niryo/niryo_two_ros/install/niryo_one_msgs/include/niryo_one_msgs/niryo_one_msgs/msg/detail/log_status__type_support.h
[3.901s] -- Up-to-date: /home/noldona/niryo/niryo_two_ros/install/niryo_one_msgs/include/niryo_one_msgs/niryo_one_msgs/msg/detail/trajectory_plan__type_support.h
[3.901s] -- Up-to-date: /home/noldona/niryo/niryo_two_ros/install/niryo_one_msgs/include/niryo_one_msgs/niryo_one_msgs/msg/detail/rpy__struct.h
[3.902s] -- Installing: /home/noldona/niryo/niryo_two_ros/install/niryo_one_msgs/include/niryo_one_msgs/niryo_one_msgs/msg/detail/sequence__type_support.c
[3.902s] -- Up-to-date: /home/noldona/niryo/niryo_two_ros/install/niryo_one_msgs/include/niryo_one_msgs/niryo_one_msgs/msg/detail/trajectory__description.c
[3.902s] -- Installing: /home/noldona/niryo/niryo_two_ros/install/niryo_one_msgs/include/niryo_one_msgs/niryo_one_msgs/msg/detail/shift_pose__type_support.c
[3.902s] -- Up-to-date: /home/noldona/niryo/niryo_two_ros/install/niryo_one_msgs/include/niryo_one_msgs/niryo_one_msgs/msg/detail/conveyor_feedback__struct.h
[3.902s] -- Up-to-date: /home/noldona/niryo/niryo_two_ros/install/niryo_one_msgs/include/niryo_one_msgs/niryo_one_msgs/msg/detail/software_version__struct.h
[3.902s] -- Up-to-date: /home/noldona/niryo/niryo_two_ros/install/niryo_one_msgs/include/niryo_one_msgs/niryo_one_msgs/msg/detail/digital_io_state__functions.c
[3.902s] -- Installing: /home/noldona/niryo/niryo_two_ros/install/niryo_one_msgs/include/niryo_one_msgs/niryo_one_msgs/msg/detail/rpy__type_support.c
[3.902s] -- Up-to-date: /home/noldona/niryo/niryo_two_ros/install/niryo_one_msgs/include/niryo_one_msgs/niryo_one_msgs/msg/detail/trajectory_plan__functions.c
[3.902s] -- Up-to-date: /home/noldona/niryo/niryo_two_ros/install/niryo_one_msgs/include/niryo_one_msgs/niryo_one_msgs/msg/detail/object_pose__description.c
[3.903s] -- Up-to-date: /home/noldona/niryo/niryo_two_ros/install/niryo_one_msgs/include/niryo_one_msgs/niryo_one_msgs/msg/shift_pose.h
[3.903s] -- Up-to-date: /home/noldona/niryo/niryo_two_ros/install/niryo_one_msgs/include/niryo_one_msgs/niryo_one_msgs/msg/conveyor_feedback.h
[3.903s] -- Up-to-date: /home/noldona/niryo/niryo_two_ros/install/niryo_one_msgs/include/niryo_one_msgs/niryo_one_msgs/msg/tool_command.h
[3.903s] -- Up-to-date: /home/noldona/niryo/niryo_two_ros/install/niryo_one_msgs/include/niryo_one_msgs/niryo_one_msgs/msg/sequence_autorun_status.h
[3.903s] -- Up-to-date: /home/noldona/niryo/niryo_two_ros/install/niryo_one_msgs/include/niryo_one_msgs/niryo_one_msgs/msg/hardware_status.h
[3.903s] -- Up-to-date: /home/noldona/niryo/niryo_two_ros/install/niryo_one_msgs/include/niryo_one_msgs/niryo_one_msgs/msg/trajectory.h
[3.903s] -- Up-to-date: /home/noldona/niryo/niryo_two_ros/install/niryo_one_msgs/include/niryo_one_msgs/niryo_one_msgs/srv
[3.903s] -- Up-to-date: /home/noldona/niryo/niryo_two_ros/install/niryo_one_msgs/include/niryo_one_msgs/niryo_one_msgs/srv/change_hardware_version.h
[3.903s] -- Up-to-date: /home/noldona/niryo/niryo_two_ros/install/niryo_one_msgs/include/niryo_one_msgs/niryo_one_msgs/srv/detail
[3.903s] -- Installing: /home/noldona/niryo/niryo_two_ros/install/niryo_one_msgs/include/niryo_one_msgs/niryo_one_msgs/srv/detail/change_hardware_version__type_support.c
[3.904s] -- Up-to-date: /home/noldona/niryo/niryo_two_ros/install/niryo_one_msgs/include/niryo_one_msgs/niryo_one_msgs/srv/detail/change_hardware_version__description.c
[3.904s] -- Up-to-date: /home/noldona/niryo/niryo_two_ros/install/niryo_one_msgs/include/niryo_one_msgs/niryo_one_msgs/srv/detail/change_hardware_version__functions.c
[3.904s] -- Up-to-date: /home/noldona/niryo/niryo_two_ros/install/niryo_one_msgs/include/niryo_one_msgs/niryo_one_msgs/srv/detail/change_hardware_version__struct.h
[3.904s] -- Up-to-date: /home/noldona/niryo/niryo_two_ros/install/niryo_one_msgs/include/niryo_one_msgs/niryo_one_msgs/srv/detail/change_hardware_version__functions.h
[3.904s] -- Up-to-date: /home/noldona/niryo/niryo_two_ros/install/niryo_one_msgs/include/niryo_one_msgs/niryo_one_msgs/srv/detail/change_hardware_version__type_support.h
[3.904s] -- Up-to-date: /home/noldona/niryo/niryo_two_ros/install/niryo_one_msgs/share/niryo_one_msgs/environment/library_path.sh
[3.904s] -- Up-to-date: /home/noldona/niryo/niryo_two_ros/install/niryo_one_msgs/share/niryo_one_msgs/environment/library_path.dsv
[3.904s] -- Up-to-date: /home/noldona/niryo/niryo_two_ros/install/niryo_one_msgs/lib/libniryo_one_msgs__rosidl_generator_c.so
[3.904s] -- Up-to-date: /home/noldona/niryo/niryo_two_ros/install/niryo_one_msgs/include/niryo_one_msgs/niryo_one_msgs
[3.904s] -- Up-to-date: /home/noldona/niryo/niryo_two_ros/install/niryo_one_msgs/include/niryo_one_msgs/niryo_one_msgs/msg
[3.905s] -- Up-to-date: /home/noldona/niryo/niryo_two_ros/install/niryo_one_msgs/include/niryo_one_msgs/niryo_one_msgs/msg/detail
[3.905s] -- Up-to-date: /home/noldona/niryo/niryo_two_ros/install/niryo_one_msgs/include/niryo_one_msgs/niryo_one_msgs/msg/detail/rpy__rosidl_typesupport_fastrtps_c.h
[3.905s] -- Up-to-date: /home/noldona/niryo/niryo_two_ros/install/niryo_one_msgs/include/niryo_one_msgs/niryo_one_msgs/msg/detail/position__rosidl_typesupport_fastrtps_c.h
[3.905s] -- Up-to-date: /home/noldona/niryo/niryo_two_ros/install/niryo_one_msgs/include/niryo_one_msgs/niryo_one_msgs/msg/detail/log_status__rosidl_typesupport_fastrtps_c.h
[3.905s] -- Up-to-date: /home/noldona/niryo/niryo_two_ros/install/niryo_one_msgs/include/niryo_one_msgs/niryo_one_msgs/msg/detail/trajectory__rosidl_typesupport_fastrtps_c.h
[3.905s] -- Up-to-date: /home/noldona/niryo/niryo_two_ros/install/niryo_one_msgs/include/niryo_one_msgs/niryo_one_msgs/msg/detail/trajectory_plan__rosidl_typesupport_fastrtps_c.h
[3.905s] -- Up-to-date: /home/noldona/niryo/niryo_two_ros/install/niryo_one_msgs/include/niryo_one_msgs/niryo_one_msgs/msg/detail/software_version__rosidl_typesupport_fastrtps_c.h
[3.905s] -- Up-to-date: /home/noldona/niryo/niryo_two_ros/install/niryo_one_msgs/include/niryo_one_msgs/niryo_one_msgs/msg/detail/hardware_status__rosidl_typesupport_fastrtps_c.h
[3.905s] -- Up-to-date: /home/noldona/niryo/niryo_two_ros/install/niryo_one_msgs/include/niryo_one_msgs/niryo_one_msgs/msg/detail/shift_pose__rosidl_typesupport_fastrtps_c.h
[3.905s] -- Up-to-date: /home/noldona/niryo/niryo_two_ros/install/niryo_one_msgs/include/niryo_one_msgs/niryo_one_msgs/msg/detail/digital_io_state__rosidl_typesupport_fastrtps_c.h
[3.906s] -- Up-to-date: /home/noldona/niryo/niryo_two_ros/install/niryo_one_msgs/include/niryo_one_msgs/niryo_one_msgs/msg/detail/robot_state__rosidl_typesupport_fastrtps_c.h
[3.906s] -- Up-to-date: /home/noldona/niryo/niryo_two_ros/install/niryo_one_msgs/include/niryo_one_msgs/niryo_one_msgs/msg/detail/robot_move_command__rosidl_typesupport_fastrtps_c.h
[3.906s] -- Up-to-date: /home/noldona/niryo/niryo_two_ros/install/niryo_one_msgs/include/niryo_one_msgs/niryo_one_msgs/msg/detail/conveyor_feedback__rosidl_typesupport_fastrtps_c.h
[3.906s] -- Up-to-date: /home/noldona/niryo/niryo_two_ros/install/niryo_one_msgs/include/niryo_one_msgs/niryo_one_msgs/msg/detail/sequence__rosidl_typesupport_fastrtps_c.h
[3.906s] -- Up-to-date: /home/noldona/niryo/niryo_two_ros/install/niryo_one_msgs/include/niryo_one_msgs/niryo_one_msgs/msg/detail/tool_command__rosidl_typesupport_fastrtps_c.h
[3.906s] -- Up-to-date: /home/noldona/niryo/niryo_two_ros/install/niryo_one_msgs/include/niryo_one_msgs/niryo_one_msgs/msg/detail/process_state__rosidl_typesupport_fastrtps_c.h
[3.906s] -- Up-to-date: /home/noldona/niryo/niryo_two_ros/install/niryo_one_msgs/include/niryo_one_msgs/niryo_one_msgs/msg/detail/matlab_move_result__rosidl_typesupport_fastrtps_c.h
[3.906s] -- Up-to-date: /home/noldona/niryo/niryo_two_ros/install/niryo_one_msgs/include/niryo_one_msgs/niryo_one_msgs/msg/detail/object_pose__rosidl_typesupport_fastrtps_c.h
[3.906s] -- Up-to-date: /home/noldona/niryo/niryo_two_ros/install/niryo_one_msgs/include/niryo_one_msgs/niryo_one_msgs/msg/detail/sequence_autorun_status__rosidl_typesupport_fastrtps_c.h
[3.906s] -- Up-to-date: /home/noldona/niryo/niryo_two_ros/install/niryo_one_msgs/include/niryo_one_msgs/niryo_one_msgs/msg/rosidl_typesupport_fastrtps_c__visibility_control.h
[3.907s] -- Up-to-date: /home/noldona/niryo/niryo_two_ros/install/niryo_one_msgs/include/niryo_one_msgs/niryo_one_msgs/srv
[3.907s] -- Up-to-date: /home/noldona/niryo/niryo_two_ros/install/niryo_one_msgs/include/niryo_one_msgs/niryo_one_msgs/srv/detail
[3.907s] -- Up-to-date: /home/noldona/niryo/niryo_two_ros/install/niryo_one_msgs/include/niryo_one_msgs/niryo_one_msgs/srv/detail/change_hardware_version__rosidl_typesupport_fastrtps_c.h
[3.907s] -- Up-to-date: /home/noldona/niryo/niryo_two_ros/install/niryo_one_msgs/lib/libniryo_one_msgs__rosidl_typesupport_fastrtps_c.so
[3.907s] -- Up-to-date: /home/noldona/niryo/niryo_two_ros/install/niryo_one_msgs/include/niryo_one_msgs/niryo_one_msgs
[3.907s] -- Up-to-date: /home/noldona/niryo/niryo_two_ros/install/niryo_one_msgs/include/niryo_one_msgs/niryo_one_msgs/msg
[3.907s] -- Up-to-date: /home/noldona/niryo/niryo_two_ros/install/niryo_one_msgs/include/niryo_one_msgs/niryo_one_msgs/msg/robot_state.hpp
[3.907s] -- Up-to-date: /home/noldona/niryo/niryo_two_ros/install/niryo_one_msgs/include/niryo_one_msgs/niryo_one_msgs/msg/software_version.hpp
[3.907s] -- Up-to-date: /home/noldona/niryo/niryo_two_ros/install/niryo_one_msgs/include/niryo_one_msgs/niryo_one_msgs/msg/tool_command.hpp
[3.907s] -- Up-to-date: /home/noldona/niryo/niryo_two_ros/install/niryo_one_msgs/include/niryo_one_msgs/niryo_one_msgs/msg/shift_pose.hpp
[3.908s] -- Up-to-date: /home/noldona/niryo/niryo_two_ros/install/niryo_one_msgs/include/niryo_one_msgs/niryo_one_msgs/msg/trajectory_plan.hpp
[3.908s] -- Up-to-date: /home/noldona/niryo/niryo_two_ros/install/niryo_one_msgs/include/niryo_one_msgs/niryo_one_msgs/msg/log_status.hpp
[3.908s] -- Up-to-date: /home/noldona/niryo/niryo_two_ros/install/niryo_one_msgs/include/niryo_one_msgs/niryo_one_msgs/msg/robot_move_command.hpp
[3.908s] -- Up-to-date: /home/noldona/niryo/niryo_two_ros/install/niryo_one_msgs/include/niryo_one_msgs/niryo_one_msgs/msg/trajectory.hpp
[3.908s] -- Up-to-date: /home/noldona/niryo/niryo_two_ros/install/niryo_one_msgs/include/niryo_one_msgs/niryo_one_msgs/msg/digital_io_state.hpp
[3.908s] -- Up-to-date: /home/noldona/niryo/niryo_two_ros/install/niryo_one_msgs/include/niryo_one_msgs/niryo_one_msgs/msg/position.hpp
[3.908s] -- Up-to-date: /home/noldona/niryo/niryo_two_ros/install/niryo_one_msgs/include/niryo_one_msgs/niryo_one_msgs/msg/detail
[3.908s] -- Up-to-date: /home/noldona/niryo/niryo_two_ros/install/niryo_one_msgs/include/niryo_one_msgs/niryo_one_msgs/msg/detail/object_pose__builder.hpp
[3.908s] -- Up-to-date: /home/noldona/niryo/niryo_two_ros/install/niryo_one_msgs/include/niryo_one_msgs/niryo_one_msgs/msg/detail/hardware_status__traits.hpp
[3.908s] -- Up-to-date: /home/noldona/niryo/niryo_two_ros/install/niryo_one_msgs/include/niryo_one_msgs/niryo_one_msgs/msg/detail/trajectory_plan__type_support.hpp
[3.909s] -- Up-to-date: /home/noldona/niryo/niryo_two_ros/install/niryo_one_msgs/include/niryo_one_msgs/niryo_one_msgs/msg/detail/rpy__builder.hpp
[3.909s] -- Up-to-date: /home/noldona/niryo/niryo_two_ros/install/niryo_one_msgs/include/niryo_one_msgs/niryo_one_msgs/msg/detail/software_version__builder.hpp
[3.909s] -- Up-to-date: /home/noldona/niryo/niryo_two_ros/install/niryo_one_msgs/include/niryo_one_msgs/niryo_one_msgs/msg/detail/tool_command__builder.hpp
[3.909s] -- Up-to-date: /home/noldona/niryo/niryo_two_ros/install/niryo_one_msgs/include/niryo_one_msgs/niryo_one_msgs/msg/detail/trajectory_plan__builder.hpp
[3.909s] -- Up-to-date: /home/noldona/niryo/niryo_two_ros/install/niryo_one_msgs/include/niryo_one_msgs/niryo_one_msgs/msg/detail/process_state__struct.hpp
[3.909s] -- Up-to-date: /home/noldona/niryo/niryo_two_ros/install/niryo_one_msgs/include/niryo_one_msgs/niryo_one_msgs/msg/detail/digital_io_state__type_support.hpp
[3.909s] -- Up-to-date: /home/noldona/niryo/niryo_two_ros/install/niryo_one_msgs/include/niryo_one_msgs/niryo_one_msgs/msg/detail/matlab_move_result__traits.hpp
[3.909s] -- Up-to-date: /home/noldona/niryo/niryo_two_ros/install/niryo_one_msgs/include/niryo_one_msgs/niryo_one_msgs/msg/detail/sequence_autorun_status__type_support.hpp
[3.909s] -- Up-to-date: /home/noldona/niryo/niryo_two_ros/install/niryo_one_msgs/include/niryo_one_msgs/niryo_one_msgs/msg/detail/robot_move_command__type_support.hpp
[3.909s] -- Up-to-date: /home/noldona/niryo/niryo_two_ros/install/niryo_one_msgs/include/niryo_one_msgs/niryo_one_msgs/msg/detail/hardware_status__type_support.hpp
[3.910s] -- Up-to-date: /home/noldona/niryo/niryo_two_ros/install/niryo_one_msgs/include/niryo_one_msgs/niryo_one_msgs/msg/detail/robot_state__traits.hpp
[3.910s] -- Up-to-date: /home/noldona/niryo/niryo_two_ros/install/niryo_one_msgs/include/niryo_one_msgs/niryo_one_msgs/msg/detail/process_state__type_support.hpp
[3.910s] -- Up-to-date: /home/noldona/niryo/niryo_two_ros/install/niryo_one_msgs/include/niryo_one_msgs/niryo_one_msgs/msg/detail/object_pose__type_support.hpp
[3.910s] -- Up-to-date: /home/noldona/niryo/niryo_two_ros/install/niryo_one_msgs/include/niryo_one_msgs/niryo_one_msgs/msg/detail/position__builder.hpp
[3.910s] -- Up-to-date: /home/noldona/niryo/niryo_two_ros/install/niryo_one_msgs/include/niryo_one_msgs/niryo_one_msgs/msg/detail/digital_io_state__traits.hpp
[3.910s] -- Up-to-date: /home/noldona/niryo/niryo_two_ros/install/niryo_one_msgs/include/niryo_one_msgs/niryo_one_msgs/msg/detail/trajectory__struct.hpp
[3.913s] -- Up-to-date: /home/noldona/niryo/niryo_two_ros/install/niryo_one_msgs/include/niryo_one_msgs/niryo_one_msgs/msg/detail/software_version__struct.hpp
[3.914s] -- Up-to-date: /home/noldona/niryo/niryo_two_ros/install/niryo_one_msgs/include/niryo_one_msgs/niryo_one_msgs/msg/detail/sequence__struct.hpp
[3.914s] -- Up-to-date: /home/noldona/niryo/niryo_two_ros/install/niryo_one_msgs/include/niryo_one_msgs/niryo_one_msgs/msg/detail/software_version__type_support.hpp
[3.914s] -- Up-to-date: /home/noldona/niryo/niryo_two_ros/install/niryo_one_msgs/include/niryo_one_msgs/niryo_one_msgs/msg/detail/hardware_status__builder.hpp
[3.914s] -- Up-to-date: /home/noldona/niryo/niryo_two_ros/install/niryo_one_msgs/include/niryo_one_msgs/niryo_one_msgs/msg/detail/matlab_move_result__struct.hpp
[3.914s] -- Up-to-date: /home/noldona/niryo/niryo_two_ros/install/niryo_one_msgs/include/niryo_one_msgs/niryo_one_msgs/msg/detail/tool_command__struct.hpp
[3.914s] -- Up-to-date: /home/noldona/niryo/niryo_two_ros/install/niryo_one_msgs/include/niryo_one_msgs/niryo_one_msgs/msg/detail/sequence_autorun_status__builder.hpp
[3.914s] -- Up-to-date: /home/noldona/niryo/niryo_two_ros/install/niryo_one_msgs/include/niryo_one_msgs/niryo_one_msgs/msg/detail/shift_pose__type_support.hpp
[3.914s] -- Up-to-date: /home/noldona/niryo/niryo_two_ros/install/niryo_one_msgs/include/niryo_one_msgs/niryo_one_msgs/msg/detail/conveyor_feedback__builder.hpp
[3.914s] -- Up-to-date: /home/noldona/niryo/niryo_two_ros/install/niryo_one_msgs/include/niryo_one_msgs/niryo_one_msgs/msg/detail/robot_move_command__traits.hpp
[3.914s] -- Up-to-date: /home/noldona/niryo/niryo_two_ros/install/niryo_one_msgs/include/niryo_one_msgs/niryo_one_msgs/msg/detail/sequence__traits.hpp
[3.915s] -- Up-to-date: /home/noldona/niryo/niryo_two_ros/install/niryo_one_msgs/include/niryo_one_msgs/niryo_one_msgs/msg/detail/robot_state__builder.hpp
[3.915s] -- Up-to-date: /home/noldona/niryo/niryo_two_ros/install/niryo_one_msgs/include/niryo_one_msgs/niryo_one_msgs/msg/detail/shift_pose__traits.hpp
[3.915s] -- Up-to-date: /home/noldona/niryo/niryo_two_ros/install/niryo_one_msgs/include/niryo_one_msgs/niryo_one_msgs/msg/detail/rpy__type_support.hpp
[3.915s] -- Up-to-date: /home/noldona/niryo/niryo_two_ros/install/niryo_one_msgs/include/niryo_one_msgs/niryo_one_msgs/msg/detail/robot_state__struct.hpp
[3.915s] -- Up-to-date: /home/noldona/niryo/niryo_two_ros/install/niryo_one_msgs/include/niryo_one_msgs/niryo_one_msgs/msg/detail/rpy__traits.hpp
[3.915s] -- Up-to-date: /home/noldona/niryo/niryo_two_ros/install/niryo_one_msgs/include/niryo_one_msgs/niryo_one_msgs/msg/detail/robot_move_command__struct.hpp
[3.915s] -- Up-to-date: /home/noldona/niryo/niryo_two_ros/install/niryo_one_msgs/include/niryo_one_msgs/niryo_one_msgs/msg/detail/rpy__struct.hpp
[3.915s] -- Up-to-date: /home/noldona/niryo/niryo_two_ros/install/niryo_one_msgs/include/niryo_one_msgs/niryo_one_msgs/msg/detail/digital_io_state__struct.hpp
[3.915s] -- Up-to-date: /home/noldona/niryo/niryo_two_ros/install/niryo_one_msgs/include/niryo_one_msgs/niryo_one_msgs/msg/detail/log_status__traits.hpp
[3.915s] -- Up-to-date: /home/noldona/niryo/niryo_two_ros/install/niryo_one_msgs/include/niryo_one_msgs/niryo_one_msgs/msg/detail/conveyor_feedback__traits.hpp
[3.916s] -- Up-to-date: /home/noldona/niryo/niryo_two_ros/install/niryo_one_msgs/include/niryo_one_msgs/niryo_one_msgs/msg/detail/trajectory_plan__struct.hpp
[3.916s] -- Up-to-date: /home/noldona/niryo/niryo_two_ros/install/niryo_one_msgs/include/niryo_one_msgs/niryo_one_msgs/msg/detail/sequence__type_support.hpp
[3.916s] -- Up-to-date: /home/noldona/niryo/niryo_two_ros/install/niryo_one_msgs/include/niryo_one_msgs/niryo_one_msgs/msg/detail/position__traits.hpp
[3.916s] -- Up-to-date: /home/noldona/niryo/niryo_two_ros/install/niryo_one_msgs/include/niryo_one_msgs/niryo_one_msgs/msg/detail/hardware_status__struct.hpp
[3.916s] -- Up-to-date: /home/noldona/niryo/niryo_two_ros/install/niryo_one_msgs/include/niryo_one_msgs/niryo_one_msgs/msg/detail/process_state__traits.hpp
[3.916s] -- Up-to-date: /home/noldona/niryo/niryo_two_ros/install/niryo_one_msgs/include/niryo_one_msgs/niryo_one_msgs/msg/detail/sequence__builder.hpp
[3.918s] -- Up-to-date: /home/noldona/niryo/niryo_two_ros/install/niryo_one_msgs/include/niryo_one_msgs/niryo_one_msgs/msg/detail/log_status__struct.hpp
[3.918s] -- Up-to-date: /home/noldona/niryo/niryo_two_ros/install/niryo_one_msgs/include/niryo_one_msgs/niryo_one_msgs/msg/detail/matlab_move_result__type_support.hpp
[3.918s] -- Up-to-date: /home/noldona/niryo/niryo_two_ros/install/niryo_one_msgs/include/niryo_one_msgs/niryo_one_msgs/msg/detail/conveyor_feedback__type_support.hpp
[3.919s] -- Up-to-date: /home/noldona/niryo/niryo_two_ros/install/niryo_one_msgs/include/niryo_one_msgs/niryo_one_msgs/msg/detail/position__struct.hpp
[3.919s] -- Up-to-date: /home/noldona/niryo/niryo_two_ros/install/niryo_one_msgs/include/niryo_one_msgs/niryo_one_msgs/msg/detail/sequence_autorun_status__traits.hpp
[3.919s] -- Up-to-date: /home/noldona/niryo/niryo_two_ros/install/niryo_one_msgs/include/niryo_one_msgs/niryo_one_msgs/msg/detail/conveyor_feedback__struct.hpp
[3.919s] -- Up-to-date: /home/noldona/niryo/niryo_two_ros/install/niryo_one_msgs/include/niryo_one_msgs/niryo_one_msgs/msg/detail/object_pose__traits.hpp
[3.919s] -- Up-to-date: /home/noldona/niryo/niryo_two_ros/install/niryo_one_msgs/include/niryo_one_msgs/niryo_one_msgs/msg/detail/shift_pose__builder.hpp
[3.919s] -- Up-to-date: /home/noldona/niryo/niryo_two_ros/install/niryo_one_msgs/include/niryo_one_msgs/niryo_one_msgs/msg/detail/trajectory_plan__traits.hpp
[3.919s] -- Up-to-date: /home/noldona/niryo/niryo_two_ros/install/niryo_one_msgs/include/niryo_one_msgs/niryo_one_msgs/msg/detail/object_pose__struct.hpp
[3.920s] -- Up-to-date: /home/noldona/niryo/niryo_two_ros/install/niryo_one_msgs/include/niryo_one_msgs/niryo_one_msgs/msg/detail/trajectory__traits.hpp
[3.920s] -- Up-to-date: /home/noldona/niryo/niryo_two_ros/install/niryo_one_msgs/include/niryo_one_msgs/niryo_one_msgs/msg/detail/trajectory__builder.hpp
[3.920s] -- Up-to-date: /home/noldona/niryo/niryo_two_ros/install/niryo_one_msgs/include/niryo_one_msgs/niryo_one_msgs/msg/detail/log_status__type_support.hpp
[3.920s] -- Up-to-date: /home/noldona/niryo/niryo_two_ros/install/niryo_one_msgs/include/niryo_one_msgs/niryo_one_msgs/msg/detail/software_version__traits.hpp
[3.920s] -- Up-to-date: /home/noldona/niryo/niryo_two_ros/install/niryo_one_msgs/include/niryo_one_msgs/niryo_one_msgs/msg/detail/digital_io_state__builder.hpp
[3.920s] -- Up-to-date: /home/noldona/niryo/niryo_two_ros/install/niryo_one_msgs/include/niryo_one_msgs/niryo_one_msgs/msg/detail/tool_command__traits.hpp
[3.920s] -- Up-to-date: /home/noldona/niryo/niryo_two_ros/install/niryo_one_msgs/include/niryo_one_msgs/niryo_one_msgs/msg/detail/shift_pose__struct.hpp
[3.920s] -- Up-to-date: /home/noldona/niryo/niryo_two_ros/install/niryo_one_msgs/include/niryo_one_msgs/niryo_one_msgs/msg/detail/sequence_autorun_status__struct.hpp
[3.920s] -- Up-to-date: /home/noldona/niryo/niryo_two_ros/install/niryo_one_msgs/include/niryo_one_msgs/niryo_one_msgs/msg/detail/robot_move_command__builder.hpp
[3.921s] -- Up-to-date: /home/noldona/niryo/niryo_two_ros/install/niryo_one_msgs/include/niryo_one_msgs/niryo_one_msgs/msg/detail/process_state__builder.hpp
[3.921s] -- Up-to-date: /home/noldona/niryo/niryo_two_ros/install/niryo_one_msgs/include/niryo_one_msgs/niryo_one_msgs/msg/detail/trajectory__type_support.hpp
[3.921s] -- Up-to-date: /home/noldona/niryo/niryo_two_ros/install/niryo_one_msgs/include/niryo_one_msgs/niryo_one_msgs/msg/detail/matlab_move_result__builder.hpp
[3.921s] -- Up-to-date: /home/noldona/niryo/niryo_two_ros/install/niryo_one_msgs/include/niryo_one_msgs/niryo_one_msgs/msg/detail/robot_state__type_support.hpp
[3.921s] -- Up-to-date: /home/noldona/niryo/niryo_two_ros/install/niryo_one_msgs/include/niryo_one_msgs/niryo_one_msgs/msg/detail/position__type_support.hpp
[3.921s] -- Up-to-date: /home/noldona/niryo/niryo_two_ros/install/niryo_one_msgs/include/niryo_one_msgs/niryo_one_msgs/msg/detail/log_status__builder.hpp
[3.924s] -- Up-to-date: /home/noldona/niryo/niryo_two_ros/install/niryo_one_msgs/include/niryo_one_msgs/niryo_one_msgs/msg/detail/tool_command__type_support.hpp
[3.924s] -- Up-to-date: /home/noldona/niryo/niryo_two_ros/install/niryo_one_msgs/include/niryo_one_msgs/niryo_one_msgs/msg/object_pose.hpp
[3.924s] -- Up-to-date: /home/noldona/niryo/niryo_two_ros/install/niryo_one_msgs/include/niryo_one_msgs/niryo_one_msgs/msg/matlab_move_result.hpp
[3.925s] -- Up-to-date: /home/noldona/niryo/niryo_two_ros/install/niryo_one_msgs/include/niryo_one_msgs/niryo_one_msgs/msg/sequence.hpp
[3.925s] -- Up-to-date: /home/noldona/niryo/niryo_two_ros/install/niryo_one_msgs/include/niryo_one_msgs/niryo_one_msgs/msg/conveyor_feedback.hpp
[3.925s] -- Up-to-date: /home/noldona/niryo/niryo_two_ros/install/niryo_one_msgs/include/niryo_one_msgs/niryo_one_msgs/msg/rpy.hpp
[3.925s] -- Up-to-date: /home/noldona/niryo/niryo_two_ros/install/niryo_one_msgs/include/niryo_one_msgs/niryo_one_msgs/msg/process_state.hpp
[3.925s] -- Up-to-date: /home/noldona/niryo/niryo_two_ros/install/niryo_one_msgs/include/niryo_one_msgs/niryo_one_msgs/msg/sequence_autorun_status.hpp
[3.925s] -- Up-to-date: /home/noldona/niryo/niryo_two_ros/install/niryo_one_msgs/include/niryo_one_msgs/niryo_one_msgs/msg/rosidl_generator_cpp__visibility_control.hpp
[3.926s] -- Up-to-date: /home/noldona/niryo/niryo_two_ros/install/niryo_one_msgs/include/niryo_one_msgs/niryo_one_msgs/msg/hardware_status.hpp
[3.926s] -- Up-to-date: /home/noldona/niryo/niryo_two_ros/install/niryo_one_msgs/include/niryo_one_msgs/niryo_one_msgs/srv
[3.926s] -- Up-to-date: /home/noldona/niryo/niryo_two_ros/install/niryo_one_msgs/include/niryo_one_msgs/niryo_one_msgs/srv/detail
[3.926s] -- Up-to-date: /home/noldona/niryo/niryo_two_ros/install/niryo_one_msgs/include/niryo_one_msgs/niryo_one_msgs/srv/detail/change_hardware_version__builder.hpp
[3.926s] -- Up-to-date: /home/noldona/niryo/niryo_two_ros/install/niryo_one_msgs/include/niryo_one_msgs/niryo_one_msgs/srv/detail/change_hardware_version__traits.hpp
[3.926s] -- Up-to-date: /home/noldona/niryo/niryo_two_ros/install/niryo_one_msgs/include/niryo_one_msgs/niryo_one_msgs/srv/detail/change_hardware_version__struct.hpp
[3.926s] -- Up-to-date: /home/noldona/niryo/niryo_two_ros/install/niryo_one_msgs/include/niryo_one_msgs/niryo_one_msgs/srv/detail/change_hardware_version__type_support.hpp
[3.926s] -- Up-to-date: /home/noldona/niryo/niryo_two_ros/install/niryo_one_msgs/include/niryo_one_msgs/niryo_one_msgs/srv/change_hardware_version.hpp
[3.926s] -- Up-to-date: /home/noldona/niryo/niryo_two_ros/install/niryo_one_msgs/include/niryo_one_msgs/niryo_one_msgs
[3.927s] -- Up-to-date: /home/noldona/niryo/niryo_two_ros/install/niryo_one_msgs/include/niryo_one_msgs/niryo_one_msgs/msg
[3.927s] -- Up-to-date: /home/noldona/niryo/niryo_two_ros/install/niryo_one_msgs/include/niryo_one_msgs/niryo_one_msgs/msg/detail
[3.927s] -- Up-to-date: /home/noldona/niryo/niryo_two_ros/install/niryo_one_msgs/include/niryo_one_msgs/niryo_one_msgs/msg/detail/robot_move_command__rosidl_typesupport_fastrtps_cpp.hpp
[3.927s] -- Up-to-date: /home/noldona/niryo/niryo_two_ros/install/niryo_one_msgs/include/niryo_one_msgs/niryo_one_msgs/msg/detail/matlab_move_result__rosidl_typesupport_fastrtps_cpp.hpp
[3.927s] -- Up-to-date: /home/noldona/niryo/niryo_two_ros/install/niryo_one_msgs/include/niryo_one_msgs/niryo_one_msgs/msg/detail/sequence__rosidl_typesupport_fastrtps_cpp.hpp
[3.927s] -- Up-to-date: /home/noldona/niryo/niryo_two_ros/install/niryo_one_msgs/include/niryo_one_msgs/niryo_one_msgs/msg/detail/position__rosidl_typesupport_fastrtps_cpp.hpp
[3.927s] -- Up-to-date: /home/noldona/niryo/niryo_two_ros/install/niryo_one_msgs/include/niryo_one_msgs/niryo_one_msgs/msg/detail/object_pose__rosidl_typesupport_fastrtps_cpp.hpp
[3.931s] -- Up-to-date: /home/noldona/niryo/niryo_two_ros/install/niryo_one_msgs/include/niryo_one_msgs/niryo_one_msgs/msg/detail/trajectory__rosidl_typesupport_fastrtps_cpp.hpp
[3.931s] -- Up-to-date: /home/noldona/niryo/niryo_two_ros/install/niryo_one_msgs/include/niryo_one_msgs/niryo_one_msgs/msg/detail/dds_fastrtps
[3.931s] -- Up-to-date: /home/noldona/niryo/niryo_two_ros/install/niryo_one_msgs/include/niryo_one_msgs/niryo_one_msgs/msg/detail/robot_state__rosidl_typesupport_fastrtps_cpp.hpp
[3.931s] -- Up-to-date: /home/noldona/niryo/niryo_two_ros/install/niryo_one_msgs/include/niryo_one_msgs/niryo_one_msgs/msg/detail/tool_command__rosidl_typesupport_fastrtps_cpp.hpp
[3.931s] -- Up-to-date: /home/noldona/niryo/niryo_two_ros/install/niryo_one_msgs/include/niryo_one_msgs/niryo_one_msgs/msg/detail/shift_pose__rosidl_typesupport_fastrtps_cpp.hpp
[3.931s] -- Up-to-date: /home/noldona/niryo/niryo_two_ros/install/niryo_one_msgs/include/niryo_one_msgs/niryo_one_msgs/msg/detail/digital_io_state__rosidl_typesupport_fastrtps_cpp.hpp
[3.931s] -- Up-to-date: /home/noldona/niryo/niryo_two_ros/install/niryo_one_msgs/include/niryo_one_msgs/niryo_one_msgs/msg/detail/log_status__rosidl_typesupport_fastrtps_cpp.hpp
[3.931s] -- Up-to-date: /home/noldona/niryo/niryo_two_ros/install/niryo_one_msgs/include/niryo_one_msgs/niryo_one_msgs/msg/detail/hardware_status__rosidl_typesupport_fastrtps_cpp.hpp
[3.931s] -- Up-to-date: /home/noldona/niryo/niryo_two_ros/install/niryo_one_msgs/include/niryo_one_msgs/niryo_one_msgs/msg/detail/sequence_autorun_status__rosidl_typesupport_fastrtps_cpp.hpp
[3.931s] -- Up-to-date: /home/noldona/niryo/niryo_two_ros/install/niryo_one_msgs/include/niryo_one_msgs/niryo_one_msgs/msg/detail/software_version__rosidl_typesupport_fastrtps_cpp.hpp
[3.932s] -- Up-to-date: /home/noldona/niryo/niryo_two_ros/install/niryo_one_msgs/include/niryo_one_msgs/niryo_one_msgs/msg/detail/process_state__rosidl_typesupport_fastrtps_cpp.hpp
[3.932s] -- Up-to-date: /home/noldona/niryo/niryo_two_ros/install/niryo_one_msgs/include/niryo_one_msgs/niryo_one_msgs/msg/detail/conveyor_feedback__rosidl_typesupport_fastrtps_cpp.hpp
[3.932s] -- Up-to-date: /home/noldona/niryo/niryo_two_ros/install/niryo_one_msgs/include/niryo_one_msgs/niryo_one_msgs/msg/detail/trajectory_plan__rosidl_typesupport_fastrtps_cpp.hpp
[3.932s] -- Up-to-date: /home/noldona/niryo/niryo_two_ros/install/niryo_one_msgs/include/niryo_one_msgs/niryo_one_msgs/msg/detail/rpy__rosidl_typesupport_fastrtps_cpp.hpp
[3.932s] -- Up-to-date: /home/noldona/niryo/niryo_two_ros/install/niryo_one_msgs/include/niryo_one_msgs/niryo_one_msgs/msg/rosidl_typesupport_fastrtps_cpp__visibility_control.h
[3.932s] -- Up-to-date: /home/noldona/niryo/niryo_two_ros/install/niryo_one_msgs/include/niryo_one_msgs/niryo_one_msgs/srv
[3.934s] -- Up-to-date: /home/noldona/niryo/niryo_two_ros/install/niryo_one_msgs/include/niryo_one_msgs/niryo_one_msgs/srv/detail
[3.934s] -- Up-to-date: /home/noldona/niryo/niryo_two_ros/install/niryo_one_msgs/include/niryo_one_msgs/niryo_one_msgs/srv/detail/dds_fastrtps
[3.935s] -- Up-to-date: /home/noldona/niryo/niryo_two_ros/install/niryo_one_msgs/include/niryo_one_msgs/niryo_one_msgs/srv/detail/change_hardware_version__rosidl_typesupport_fastrtps_cpp.hpp
[3.935s] -- Up-to-date: /home/noldona/niryo/niryo_two_ros/install/niryo_one_msgs/lib/libniryo_one_msgs__rosidl_typesupport_fastrtps_cpp.so
[3.935s] -- Up-to-date: /home/noldona/niryo/niryo_two_ros/install/niryo_one_msgs/include/niryo_one_msgs/niryo_one_msgs
[3.935s] -- Up-to-date: /home/noldona/niryo/niryo_two_ros/install/niryo_one_msgs/include/niryo_one_msgs/niryo_one_msgs/msg
[3.935s] -- Up-to-date: /home/noldona/niryo/niryo_two_ros/install/niryo_one_msgs/include/niryo_one_msgs/niryo_one_msgs/msg/detail
[3.935s] -- Up-to-date: /home/noldona/niryo/niryo_two_ros/install/niryo_one_msgs/include/niryo_one_msgs/niryo_one_msgs/msg/detail/hardware_status__rosidl_typesupport_introspection_c.h
[3.936s] -- Up-to-date: /home/noldona/niryo/niryo_two_ros/install/niryo_one_msgs/include/niryo_one_msgs/niryo_one_msgs/msg/detail/matlab_move_result__rosidl_typesupport_introspection_c.h
[3.936s] -- Up-to-date: /home/noldona/niryo/niryo_two_ros/install/niryo_one_msgs/include/niryo_one_msgs/niryo_one_msgs/msg/detail/conveyor_feedback__rosidl_typesupport_introspection_c.h
[3.936s] -- Up-to-date: /home/noldona/niryo/niryo_two_ros/install/niryo_one_msgs/include/niryo_one_msgs/niryo_one_msgs/msg/detail/robot_move_command__rosidl_typesupport_introspection_c.h
[3.936s] -- Up-to-date: /home/noldona/niryo/niryo_two_ros/install/niryo_one_msgs/include/niryo_one_msgs/niryo_one_msgs/msg/detail/sequence_autorun_status__rosidl_typesupport_introspection_c.h
[3.937s] -- Installing: /home/noldona/niryo/niryo_two_ros/install/niryo_one_msgs/include/niryo_one_msgs/niryo_one_msgs/msg/detail/trajectory_plan__type_support.c
[3.937s] -- Installing: /home/noldona/niryo/niryo_two_ros/install/niryo_one_msgs/include/niryo_one_msgs/niryo_one_msgs/msg/detail/robot_state__type_support.c
[3.937s] -- Installing: /home/noldona/niryo/niryo_two_ros/install/niryo_one_msgs/include/niryo_one_msgs/niryo_one_msgs/msg/detail/trajectory__type_support.c
[3.937s] -- Installing: /home/noldona/niryo/niryo_two_ros/install/niryo_one_msgs/include/niryo_one_msgs/niryo_one_msgs/msg/detail/log_status__type_support.c
[3.937s] -- Up-to-date: /home/noldona/niryo/niryo_two_ros/install/niryo_one_msgs/include/niryo_one_msgs/niryo_one_msgs/msg/detail/object_pose__rosidl_typesupport_introspection_c.h
[3.937s] -- Installing: /home/noldona/niryo/niryo_two_ros/install/niryo_one_msgs/include/niryo_one_msgs/niryo_one_msgs/msg/detail/sequence_autorun_status__type_support.c
[3.937s] -- Installing: /home/noldona/niryo/niryo_two_ros/install/niryo_one_msgs/include/niryo_one_msgs/niryo_one_msgs/msg/detail/hardware_status__type_support.c
[3.937s] -- Up-to-date: /home/noldona/niryo/niryo_two_ros/install/niryo_one_msgs/include/niryo_one_msgs/niryo_one_msgs/msg/detail/rpy__rosidl_typesupport_introspection_c.h
[3.937s] -- Installing: /home/noldona/niryo/niryo_two_ros/install/niryo_one_msgs/include/niryo_one_msgs/niryo_one_msgs/msg/detail/software_version__type_support.c
[3.937s] -- Up-to-date: /home/noldona/niryo/niryo_two_ros/install/niryo_one_msgs/include/niryo_one_msgs/niryo_one_msgs/msg/detail/software_version__rosidl_typesupport_introspection_c.h
[3.938s] -- Installing: /home/noldona/niryo/niryo_two_ros/install/niryo_one_msgs/include/niryo_one_msgs/niryo_one_msgs/msg/detail/position__type_support.c
[3.938s] -- Installing: /home/noldona/niryo/niryo_two_ros/install/niryo_one_msgs/include/niryo_one_msgs/niryo_one_msgs/msg/detail/matlab_move_result__type_support.c
[3.938s] -- Up-to-date: /home/noldona/niryo/niryo_two_ros/install/niryo_one_msgs/include/niryo_one_msgs/niryo_one_msgs/msg/detail/sequence__rosidl_typesupport_introspection_c.h
[3.938s] -- Up-to-date: /home/noldona/niryo/niryo_two_ros/install/niryo_one_msgs/include/niryo_one_msgs/niryo_one_msgs/msg/detail/digital_io_state__rosidl_typesupport_introspection_c.h
[3.938s] -- Up-to-date: /home/noldona/niryo/niryo_two_ros/install/niryo_one_msgs/include/niryo_one_msgs/niryo_one_msgs/msg/detail/tool_command__rosidl_typesupport_introspection_c.h
[3.938s] -- Up-to-date: /home/noldona/niryo/niryo_two_ros/install/niryo_one_msgs/include/niryo_one_msgs/niryo_one_msgs/msg/detail/trajectory_plan__rosidl_typesupport_introspection_c.h
[3.938s] -- Up-to-date: /home/noldona/niryo/niryo_two_ros/install/niryo_one_msgs/include/niryo_one_msgs/niryo_one_msgs/msg/detail/shift_pose__rosidl_typesupport_introspection_c.h
[3.938s] -- Installing: /home/noldona/niryo/niryo_two_ros/install/niryo_one_msgs/include/niryo_one_msgs/niryo_one_msgs/msg/detail/digital_io_state__type_support.c
[3.938s] -- Up-to-date: /home/noldona/niryo/niryo_two_ros/install/niryo_one_msgs/include/niryo_one_msgs/niryo_one_msgs/msg/detail/log_status__rosidl_typesupport_introspection_c.h
[3.938s] -- Up-to-date: /home/noldona/niryo/niryo_two_ros/install/niryo_one_msgs/include/niryo_one_msgs/niryo_one_msgs/msg/detail/position__rosidl_typesupport_introspection_c.h
[3.939s] -- Up-to-date: /home/noldona/niryo/niryo_two_ros/install/niryo_one_msgs/include/niryo_one_msgs/niryo_one_msgs/msg/detail/process_state__rosidl_typesupport_introspection_c.h
[3.939s] -- Installing: /home/noldona/niryo/niryo_two_ros/install/niryo_one_msgs/include/niryo_one_msgs/niryo_one_msgs/msg/detail/robot_move_command__type_support.c
[3.939s] -- Installing: /home/noldona/niryo/niryo_two_ros/install/niryo_one_msgs/include/niryo_one_msgs/niryo_one_msgs/msg/detail/conveyor_feedback__type_support.c
[3.939s] -- Installing: /home/noldona/niryo/niryo_two_ros/install/niryo_one_msgs/include/niryo_one_msgs/niryo_one_msgs/msg/detail/object_pose__type_support.c
[3.939s] -- Installing: /home/noldona/niryo/niryo_two_ros/install/niryo_one_msgs/include/niryo_one_msgs/niryo_one_msgs/msg/detail/tool_command__type_support.c
[3.939s] -- Installing: /home/noldona/niryo/niryo_two_ros/install/niryo_one_msgs/include/niryo_one_msgs/niryo_one_msgs/msg/detail/process_state__type_support.c
[3.940s] -- Installing: /home/noldona/niryo/niryo_two_ros/install/niryo_one_msgs/include/niryo_one_msgs/niryo_one_msgs/msg/detail/sequence__type_support.c
[3.940s] -- Up-to-date: /home/noldona/niryo/niryo_two_ros/install/niryo_one_msgs/include/niryo_one_msgs/niryo_one_msgs/msg/detail/trajectory__rosidl_typesupport_introspection_c.h
[3.940s] -- Installing: /home/noldona/niryo/niryo_two_ros/install/niryo_one_msgs/include/niryo_one_msgs/niryo_one_msgs/msg/detail/shift_pose__type_support.c
[3.940s] -- Installing: /home/noldona/niryo/niryo_two_ros/install/niryo_one_msgs/include/niryo_one_msgs/niryo_one_msgs/msg/detail/rpy__type_support.c
[3.940s] -- Up-to-date: /home/noldona/niryo/niryo_two_ros/install/niryo_one_msgs/include/niryo_one_msgs/niryo_one_msgs/msg/detail/robot_state__rosidl_typesupport_introspection_c.h
[3.941s] -- Up-to-date: /home/noldona/niryo/niryo_two_ros/install/niryo_one_msgs/include/niryo_one_msgs/niryo_one_msgs/msg/rosidl_typesupport_introspection_c__visibility_control.h
[3.941s] -- Up-to-date: /home/noldona/niryo/niryo_two_ros/install/niryo_one_msgs/include/niryo_one_msgs/niryo_one_msgs/srv
[3.941s] -- Up-to-date: /home/noldona/niryo/niryo_two_ros/install/niryo_one_msgs/include/niryo_one_msgs/niryo_one_msgs/srv/detail
[3.941s] -- Installing: /home/noldona/niryo/niryo_two_ros/install/niryo_one_msgs/include/niryo_one_msgs/niryo_one_msgs/srv/detail/change_hardware_version__type_support.c
[3.941s] -- Up-to-date: /home/noldona/niryo/niryo_two_ros/install/niryo_one_msgs/include/niryo_one_msgs/niryo_one_msgs/srv/detail/change_hardware_version__rosidl_typesupport_introspection_c.h
[3.941s] -- Up-to-date: /home/noldona/niryo/niryo_two_ros/install/niryo_one_msgs/lib/libniryo_one_msgs__rosidl_typesupport_introspection_c.so
[3.941s] -- Up-to-date: /home/noldona/niryo/niryo_two_ros/install/niryo_one_msgs/lib/libniryo_one_msgs__rosidl_typesupport_c.so
[3.941s] -- Up-to-date: /home/noldona/niryo/niryo_two_ros/install/niryo_one_msgs/include/niryo_one_msgs/niryo_one_msgs
[3.941s] -- Up-to-date: /home/noldona/niryo/niryo_two_ros/install/niryo_one_msgs/include/niryo_one_msgs/niryo_one_msgs/msg
[3.941s] -- Up-to-date: /home/noldona/niryo/niryo_two_ros/install/niryo_one_msgs/include/niryo_one_msgs/niryo_one_msgs/msg/detail
[3.942s] -- Up-to-date: /home/noldona/niryo/niryo_two_ros/install/niryo_one_msgs/include/niryo_one_msgs/niryo_one_msgs/msg/detail/position__type_support.cpp
[3.942s] -- Up-to-date: /home/noldona/niryo/niryo_two_ros/install/niryo_one_msgs/include/niryo_one_msgs/niryo_one_msgs/msg/detail/process_state__rosidl_typesupport_introspection_cpp.hpp
[3.942s] -- Up-to-date: /home/noldona/niryo/niryo_two_ros/install/niryo_one_msgs/include/niryo_one_msgs/niryo_one_msgs/msg/detail/sequence_autorun_status__type_support.cpp
[3.942s] -- Up-to-date: /home/noldona/niryo/niryo_two_ros/install/niryo_one_msgs/include/niryo_one_msgs/niryo_one_msgs/msg/detail/object_pose__type_support.cpp
[3.942s] -- Up-to-date: /home/noldona/niryo/niryo_two_ros/install/niryo_one_msgs/include/niryo_one_msgs/niryo_one_msgs/msg/detail/trajectory__rosidl_typesupport_introspection_cpp.hpp
[3.942s] -- Up-to-date: /home/noldona/niryo/niryo_two_ros/install/niryo_one_msgs/include/niryo_one_msgs/niryo_one_msgs/msg/detail/process_state__type_support.cpp
[3.942s] -- Up-to-date: /home/noldona/niryo/niryo_two_ros/install/niryo_one_msgs/include/niryo_one_msgs/niryo_one_msgs/msg/detail/sequence__type_support.cpp
[3.942s] -- Up-to-date: /home/noldona/niryo/niryo_two_ros/install/niryo_one_msgs/include/niryo_one_msgs/niryo_one_msgs/msg/detail/log_status__rosidl_typesupport_introspection_cpp.hpp
[3.942s] -- Up-to-date: /home/noldona/niryo/niryo_two_ros/install/niryo_one_msgs/include/niryo_one_msgs/niryo_one_msgs/msg/detail/hardware_status__rosidl_typesupport_introspection_cpp.hpp
[3.942s] -- Up-to-date: /home/noldona/niryo/niryo_two_ros/install/niryo_one_msgs/include/niryo_one_msgs/niryo_one_msgs/msg/detail/software_version__rosidl_typesupport_introspection_cpp.hpp
[3.943s] -- Up-to-date: /home/noldona/niryo/niryo_two_ros/install/niryo_one_msgs/include/niryo_one_msgs/niryo_one_msgs/msg/detail/robot_state__type_support.cpp
[3.943s] -- Up-to-date: /home/noldona/niryo/niryo_two_ros/install/niryo_one_msgs/include/niryo_one_msgs/niryo_one_msgs/msg/detail/sequence__rosidl_typesupport_introspection_cpp.hpp
[3.943s] -- Up-to-date: /home/noldona/niryo/niryo_two_ros/install/niryo_one_msgs/include/niryo_one_msgs/niryo_one_msgs/msg/detail/tool_command__type_support.cpp
[3.943s] -- Up-to-date: /home/noldona/niryo/niryo_two_ros/install/niryo_one_msgs/include/niryo_one_msgs/niryo_one_msgs/msg/detail/robot_move_command__rosidl_typesupport_introspection_cpp.hpp
[3.943s] -- Up-to-date: /home/noldona/niryo/niryo_two_ros/install/niryo_one_msgs/include/niryo_one_msgs/niryo_one_msgs/msg/detail/object_pose__rosidl_typesupport_introspection_cpp.hpp
[3.943s] -- Up-to-date: /home/noldona/niryo/niryo_two_ros/install/niryo_one_msgs/include/niryo_one_msgs/niryo_one_msgs/msg/detail/trajectory_plan__rosidl_typesupport_introspection_cpp.hpp
[3.943s] -- Up-to-date: /home/noldona/niryo/niryo_two_ros/install/niryo_one_msgs/include/niryo_one_msgs/niryo_one_msgs/msg/detail/log_status__type_support.cpp
[3.943s] -- Up-to-date: /home/noldona/niryo/niryo_two_ros/install/niryo_one_msgs/include/niryo_one_msgs/niryo_one_msgs/msg/detail/hardware_status__type_support.cpp
[3.943s] -- Up-to-date: /home/noldona/niryo/niryo_two_ros/install/niryo_one_msgs/include/niryo_one_msgs/niryo_one_msgs/msg/detail/trajectory__type_support.cpp
[3.943s] -- Up-to-date: /home/noldona/niryo/niryo_two_ros/install/niryo_one_msgs/include/niryo_one_msgs/niryo_one_msgs/msg/detail/digital_io_state__rosidl_typesupport_introspection_cpp.hpp
[3.944s] -- Up-to-date: /home/noldona/niryo/niryo_two_ros/install/niryo_one_msgs/include/niryo_one_msgs/niryo_one_msgs/msg/detail/digital_io_state__type_support.cpp
[3.944s] -- Up-to-date: /home/noldona/niryo/niryo_two_ros/install/niryo_one_msgs/include/niryo_one_msgs/niryo_one_msgs/msg/detail/conveyor_feedback__rosidl_typesupport_introspection_cpp.hpp
[3.944s] -- Up-to-date: /home/noldona/niryo/niryo_two_ros/install/niryo_one_msgs/include/niryo_one_msgs/niryo_one_msgs/msg/detail/matlab_move_result__type_support.cpp
[3.944s] -- Up-to-date: /home/noldona/niryo/niryo_two_ros/install/niryo_one_msgs/include/niryo_one_msgs/niryo_one_msgs/msg/detail/trajectory_plan__type_support.cpp
[3.944s] -- Up-to-date: /home/noldona/niryo/niryo_two_ros/install/niryo_one_msgs/include/niryo_one_msgs/niryo_one_msgs/msg/detail/conveyor_feedback__type_support.cpp
[3.944s] -- Up-to-date: /home/noldona/niryo/niryo_two_ros/install/niryo_one_msgs/include/niryo_one_msgs/niryo_one_msgs/msg/detail/rpy__type_support.cpp
[3.944s] -- Up-to-date: /home/noldona/niryo/niryo_two_ros/install/niryo_one_msgs/include/niryo_one_msgs/niryo_one_msgs/msg/detail/robot_move_command__type_support.cpp
[3.944s] -- Up-to-date: /home/noldona/niryo/niryo_two_ros/install/niryo_one_msgs/include/niryo_one_msgs/niryo_one_msgs/msg/detail/tool_command__rosidl_typesupport_introspection_cpp.hpp
[3.944s] -- Up-to-date: /home/noldona/niryo/niryo_two_ros/install/niryo_one_msgs/include/niryo_one_msgs/niryo_one_msgs/msg/detail/rpy__rosidl_typesupport_introspection_cpp.hpp
[3.945s] -- Up-to-date: /home/noldona/niryo/niryo_two_ros/install/niryo_one_msgs/include/niryo_one_msgs/niryo_one_msgs/msg/detail/shift_pose__rosidl_typesupport_introspection_cpp.hpp
[3.945s] -- Up-to-date: /home/noldona/niryo/niryo_two_ros/install/niryo_one_msgs/include/niryo_one_msgs/niryo_one_msgs/msg/detail/matlab_move_result__rosidl_typesupport_introspection_cpp.hpp
[3.945s] -- Up-to-date: /home/noldona/niryo/niryo_two_ros/install/niryo_one_msgs/include/niryo_one_msgs/niryo_one_msgs/msg/detail/sequence_autorun_status__rosidl_typesupport_introspection_cpp.hpp
[3.945s] -- Up-to-date: /home/noldona/niryo/niryo_two_ros/install/niryo_one_msgs/include/niryo_one_msgs/niryo_one_msgs/msg/detail/robot_state__rosidl_typesupport_introspection_cpp.hpp
[3.945s] -- Up-to-date: /home/noldona/niryo/niryo_two_ros/install/niryo_one_msgs/include/niryo_one_msgs/niryo_one_msgs/msg/detail/shift_pose__type_support.cpp
[3.945s] -- Up-to-date: /home/noldona/niryo/niryo_two_ros/install/niryo_one_msgs/include/niryo_one_msgs/niryo_one_msgs/msg/detail/software_version__type_support.cpp
[3.945s] -- Up-to-date: /home/noldona/niryo/niryo_two_ros/install/niryo_one_msgs/include/niryo_one_msgs/niryo_one_msgs/msg/detail/position__rosidl_typesupport_introspection_cpp.hpp
[3.945s] -- Up-to-date: /home/noldona/niryo/niryo_two_ros/install/niryo_one_msgs/include/niryo_one_msgs/niryo_one_msgs/srv
[3.945s] -- Up-to-date: /home/noldona/niryo/niryo_two_ros/install/niryo_one_msgs/include/niryo_one_msgs/niryo_one_msgs/srv/detail
[3.945s] -- Up-to-date: /home/noldona/niryo/niryo_two_ros/install/niryo_one_msgs/include/niryo_one_msgs/niryo_one_msgs/srv/detail/change_hardware_version__type_support.cpp
[3.945s] -- Up-to-date: /home/noldona/niryo/niryo_two_ros/install/niryo_one_msgs/include/niryo_one_msgs/niryo_one_msgs/srv/detail/change_hardware_version__rosidl_typesupport_introspection_cpp.hpp
[3.946s] -- Up-to-date: /home/noldona/niryo/niryo_two_ros/install/niryo_one_msgs/lib/libniryo_one_msgs__rosidl_typesupport_introspection_cpp.so
[3.946s] -- Up-to-date: /home/noldona/niryo/niryo_two_ros/install/niryo_one_msgs/lib/libniryo_one_msgs__rosidl_typesupport_cpp.so
[3.946s] -- Up-to-date: /home/noldona/niryo/niryo_two_ros/install/niryo_one_msgs/share/niryo_one_msgs/environment/pythonpath.sh
[3.946s] -- Up-to-date: /home/noldona/niryo/niryo_two_ros/install/niryo_one_msgs/share/niryo_one_msgs/environment/pythonpath.dsv
[3.946s] -- Up-to-date: /home/noldona/niryo/niryo_two_ros/install/niryo_one_msgs/lib/python3.12/site-packages/niryo_one_msgs-0.0.0-py3.12.egg-info
[3.946s] -- Installing: /home/noldona/niryo/niryo_two_ros/install/niryo_one_msgs/lib/python3.12/site-packages/niryo_one_msgs-0.0.0-py3.12.egg-info/SOURCES.txt
[3.946s] -- Installing: /home/noldona/niryo/niryo_two_ros/install/niryo_one_msgs/lib/python3.12/site-packages/niryo_one_msgs-0.0.0-py3.12.egg-info/PKG-INFO
[3.946s] -- Installing: /home/noldona/niryo/niryo_two_ros/install/niryo_one_msgs/lib/python3.12/site-packages/niryo_one_msgs-0.0.0-py3.12.egg-info/dependency_links.txt
[3.946s] -- Installing: /home/noldona/niryo/niryo_two_ros/install/niryo_one_msgs/lib/python3.12/site-packages/niryo_one_msgs-0.0.0-py3.12.egg-info/top_level.txt
[3.946s] -- Up-to-date: /home/noldona/niryo/niryo_two_ros/install/niryo_one_msgs/lib/python3.12/site-packages/niryo_one_msgs
[3.947s] -- Installing: /home/noldona/niryo/niryo_two_ros/install/niryo_one_msgs/lib/python3.12/site-packages/niryo_one_msgs/__init__.py
[3.947s] -- Up-to-date: /home/noldona/niryo/niryo_two_ros/install/niryo_one_msgs/lib/python3.12/site-packages/niryo_one_msgs/msg
[3.947s] -- Up-to-date: /home/noldona/niryo/niryo_two_ros/install/niryo_one_msgs/lib/python3.12/site-packages/niryo_one_msgs/msg/__init__.py
[3.947s] -- Up-to-date: /home/noldona/niryo/niryo_two_ros/install/niryo_one_msgs/lib/python3.12/site-packages/niryo_one_msgs/msg/_software_version.py
[3.947s] -- Up-to-date: /home/noldona/niryo/niryo_two_ros/install/niryo_one_msgs/lib/python3.12/site-packages/niryo_one_msgs/msg/_sequence_autorun_status.py
[3.947s] -- Up-to-date: /home/noldona/niryo/niryo_two_ros/install/niryo_one_msgs/lib/python3.12/site-packages/niryo_one_msgs/msg/_sequence_autorun_status_s.c
[3.947s] -- Up-to-date: /home/noldona/niryo/niryo_two_ros/install/niryo_one_msgs/lib/python3.12/site-packages/niryo_one_msgs/msg/_conveyor_feedback_s.c
[3.947s] -- Up-to-date: /home/noldona/niryo/niryo_two_ros/install/niryo_one_msgs/lib/python3.12/site-packages/niryo_one_msgs/msg/_tool_command_s.c
[3.947s] -- Up-to-date: /home/noldona/niryo/niryo_two_ros/install/niryo_one_msgs/lib/python3.12/site-packages/niryo_one_msgs/msg/_digital_io_state.py
[3.948s] -- Up-to-date: /home/noldona/niryo/niryo_two_ros/install/niryo_one_msgs/lib/python3.12/site-packages/niryo_one_msgs/msg/_hardware_status_s.c
[3.948s] -- Up-to-date: /home/noldona/niryo/niryo_two_ros/install/niryo_one_msgs/lib/python3.12/site-packages/niryo_one_msgs/msg/_trajectory_plan.py
[3.948s] -- Up-to-date: /home/noldona/niryo/niryo_two_ros/install/niryo_one_msgs/lib/python3.12/site-packages/niryo_one_msgs/msg/_robot_state.py
[3.948s] -- Up-to-date: /home/noldona/niryo/niryo_two_ros/install/niryo_one_msgs/lib/python3.12/site-packages/niryo_one_msgs/msg/_shift_pose_s.c
[3.948s] -- Up-to-date: /home/noldona/niryo/niryo_two_ros/install/niryo_one_msgs/lib/python3.12/site-packages/niryo_one_msgs/msg/_digital_io_state_s.c
[3.948s] -- Up-to-date: /home/noldona/niryo/niryo_two_ros/install/niryo_one_msgs/lib/python3.12/site-packages/niryo_one_msgs/msg/_sequence_s.c
[3.948s] -- Up-to-date: /home/noldona/niryo/niryo_two_ros/install/niryo_one_msgs/lib/python3.12/site-packages/niryo_one_msgs/msg/_matlab_move_result.py
[3.950s] -- Up-to-date: /home/noldona/niryo/niryo_two_ros/install/niryo_one_msgs/lib/python3.12/site-packages/niryo_one_msgs/msg/_object_pose.py
[3.950s] -- Up-to-date: /home/noldona/niryo/niryo_two_ros/install/niryo_one_msgs/lib/python3.12/site-packages/niryo_one_msgs/msg/_shift_pose.py
[3.950s] -- Up-to-date: /home/noldona/niryo/niryo_two_ros/install/niryo_one_msgs/lib/python3.12/site-packages/niryo_one_msgs/msg/_sequence.py
[3.951s] -- Up-to-date: /home/noldona/niryo/niryo_two_ros/install/niryo_one_msgs/lib/python3.12/site-packages/niryo_one_msgs/msg/_trajectory.py
[3.951s] -- Up-to-date: /home/noldona/niryo/niryo_two_ros/install/niryo_one_msgs/lib/python3.12/site-packages/niryo_one_msgs/msg/_process_state.py
[3.951s] -- Up-to-date: /home/noldona/niryo/niryo_two_ros/install/niryo_one_msgs/lib/python3.12/site-packages/niryo_one_msgs/msg/_rpy.py
[3.951s] -- Up-to-date: /home/noldona/niryo/niryo_two_ros/install/niryo_one_msgs/lib/python3.12/site-packages/niryo_one_msgs/msg/_robot_move_command.py
[3.951s] -- Up-to-date: /home/noldona/niryo/niryo_two_ros/install/niryo_one_msgs/lib/python3.12/site-packages/niryo_one_msgs/msg/_conveyor_feedback.py
[3.951s] -- Up-to-date: /home/noldona/niryo/niryo_two_ros/install/niryo_one_msgs/lib/python3.12/site-packages/niryo_one_msgs/msg/_log_status.py
[3.952s] -- Up-to-date: /home/noldona/niryo/niryo_two_ros/install/niryo_one_msgs/lib/python3.12/site-packages/niryo_one_msgs/msg/_position_s.c
[3.952s] -- Up-to-date: /home/noldona/niryo/niryo_two_ros/install/niryo_one_msgs/lib/python3.12/site-packages/niryo_one_msgs/msg/_trajectory_s.c
[3.953s] -- Up-to-date: /home/noldona/niryo/niryo_two_ros/install/niryo_one_msgs/lib/python3.12/site-packages/niryo_one_msgs/msg/_hardware_status.py
[3.953s] -- Up-to-date: /home/noldona/niryo/niryo_two_ros/install/niryo_one_msgs/lib/python3.12/site-packages/niryo_one_msgs/msg/_software_version_s.c
[3.953s] -- Up-to-date: /home/noldona/niryo/niryo_two_ros/install/niryo_one_msgs/lib/python3.12/site-packages/niryo_one_msgs/msg/_robot_move_command_s.c
[3.953s] -- Up-to-date: /home/noldona/niryo/niryo_two_ros/install/niryo_one_msgs/lib/python3.12/site-packages/niryo_one_msgs/msg/_robot_state_s.c
[3.953s] -- Up-to-date: /home/noldona/niryo/niryo_two_ros/install/niryo_one_msgs/lib/python3.12/site-packages/niryo_one_msgs/msg/_rpy_s.c
[3.953s] -- Up-to-date: /home/noldona/niryo/niryo_two_ros/install/niryo_one_msgs/lib/python3.12/site-packages/niryo_one_msgs/msg/_position.py
[3.953s] -- Up-to-date: /home/noldona/niryo/niryo_two_ros/install/niryo_one_msgs/lib/python3.12/site-packages/niryo_one_msgs/msg/_log_status_s.c
[3.953s] -- Up-to-date: /home/noldona/niryo/niryo_two_ros/install/niryo_one_msgs/lib/python3.12/site-packages/niryo_one_msgs/msg/_tool_command.py
[3.953s] -- Up-to-date: /home/noldona/niryo/niryo_two_ros/install/niryo_one_msgs/lib/python3.12/site-packages/niryo_one_msgs/msg/_object_pose_s.c
[3.953s] -- Up-to-date: /home/noldona/niryo/niryo_two_ros/install/niryo_one_msgs/lib/python3.12/site-packages/niryo_one_msgs/msg/_matlab_move_result_s.c
[3.953s] -- Up-to-date: /home/noldona/niryo/niryo_two_ros/install/niryo_one_msgs/lib/python3.12/site-packages/niryo_one_msgs/msg/_process_state_s.c
[3.954s] -- Up-to-date: /home/noldona/niryo/niryo_two_ros/install/niryo_one_msgs/lib/python3.12/site-packages/niryo_one_msgs/msg/_trajectory_plan_s.c
[3.954s] -- Up-to-date: /home/noldona/niryo/niryo_two_ros/install/niryo_one_msgs/lib/python3.12/site-packages/niryo_one_msgs/niryo_one_msgs_s__rosidl_typesupport_c.so
[3.954s] -- Up-to-date: /home/noldona/niryo/niryo_two_ros/install/niryo_one_msgs/lib/python3.12/site-packages/niryo_one_msgs/niryo_one_msgs_s__rosidl_typesupport_fastrtps_c.so
[3.954s] -- Up-to-date: /home/noldona/niryo/niryo_two_ros/install/niryo_one_msgs/lib/python3.12/site-packages/niryo_one_msgs/niryo_one_msgs_s__rosidl_typesupport_introspection_c.so
[3.954s] -- Up-to-date: /home/noldona/niryo/niryo_two_ros/install/niryo_one_msgs/lib/python3.12/site-packages/niryo_one_msgs/_niryo_one_msgs_s.ep.rosidl_typesupport_introspection_c.c
[3.954s] -- Up-to-date: /home/noldona/niryo/niryo_two_ros/install/niryo_one_msgs/lib/python3.12/site-packages/niryo_one_msgs/_niryo_one_msgs_s.ep.rosidl_typesupport_c.c
[3.956s] -- Up-to-date: /home/noldona/niryo/niryo_two_ros/install/niryo_one_msgs/lib/python3.12/site-packages/niryo_one_msgs/_niryo_one_msgs_s.ep.rosidl_typesupport_fastrtps_c.c
[3.957s] -- Up-to-date: /home/noldona/niryo/niryo_two_ros/install/niryo_one_msgs/lib/python3.12/site-packages/niryo_one_msgs/srv
[3.957s] -- Up-to-date: /home/noldona/niryo/niryo_two_ros/install/niryo_one_msgs/lib/python3.12/site-packages/niryo_one_msgs/srv/__init__.py
[3.957s] -- Up-to-date: /home/noldona/niryo/niryo_two_ros/install/niryo_one_msgs/lib/python3.12/site-packages/niryo_one_msgs/srv/_change_hardware_version.py
[3.957s] -- Up-to-date: /home/noldona/niryo/niryo_two_ros/install/niryo_one_msgs/lib/python3.12/site-packages/niryo_one_msgs/srv/_change_hardware_version_s.c
[3.963s] Listing '/home/noldona/niryo/niryo_two_ros/install/niryo_one_msgs/lib/python3.12/site-packages/niryo_one_msgs'...
[3.963s] Compiling '/home/noldona/niryo/niryo_two_ros/install/niryo_one_msgs/lib/python3.12/site-packages/niryo_one_msgs/__init__.py'...
[3.963s] Listing '/home/noldona/niryo/niryo_two_ros/install/niryo_one_msgs/lib/python3.12/site-packages/niryo_one_msgs/msg'...
[3.963s] Listing '/home/noldona/niryo/niryo_two_ros/install/niryo_one_msgs/lib/python3.12/site-packages/niryo_one_msgs/srv'...
[3.971s] -- Up-to-date: /home/noldona/niryo/niryo_two_ros/install/niryo_one_msgs/lib/python3.12/site-packages/niryo_one_msgs/niryo_one_msgs_s__rosidl_typesupport_fastrtps_c.so
[3.971s] -- Up-to-date: /home/noldona/niryo/niryo_two_ros/install/niryo_one_msgs/lib/python3.12/site-packages/niryo_one_msgs/niryo_one_msgs_s__rosidl_typesupport_introspection_c.so
[3.972s] -- Up-to-date: /home/noldona/niryo/niryo_two_ros/install/niryo_one_msgs/lib/python3.12/site-packages/niryo_one_msgs/niryo_one_msgs_s__rosidl_typesupport_c.so
[3.973s] -- Up-to-date: /home/noldona/niryo/niryo_two_ros/install/niryo_one_msgs/lib/libniryo_one_msgs__rosidl_generator_py.so
[3.974s] -- Up-to-date: /home/noldona/niryo/niryo_two_ros/install/niryo_one_msgs/share/niryo_one_msgs/msg/ConveyorFeedback.idl
[3.974s] -- Up-to-date: /home/noldona/niryo/niryo_two_ros/install/niryo_one_msgs/share/niryo_one_msgs/msg/DigitalIOState.idl
[3.974s] -- Up-to-date: /home/noldona/niryo/niryo_two_ros/install/niryo_one_msgs/share/niryo_one_msgs/msg/HardwareStatus.idl
[3.974s] -- Up-to-date: /home/noldona/niryo/niryo_two_ros/install/niryo_one_msgs/share/niryo_one_msgs/msg/LogStatus.idl
[3.974s] -- Up-to-date: /home/noldona/niryo/niryo_two_ros/install/niryo_one_msgs/share/niryo_one_msgs/msg/MatlabMoveResult.idl
[3.974s] -- Up-to-date: /home/noldona/niryo/niryo_two_ros/install/niryo_one_msgs/share/niryo_one_msgs/msg/ObjectPose.idl
[3.974s] -- Up-to-date: /home/noldona/niryo/niryo_two_ros/install/niryo_one_msgs/share/niryo_one_msgs/msg/RPY.idl
[3.975s] -- Up-to-date: /home/noldona/niryo/niryo_two_ros/install/niryo_one_msgs/share/niryo_one_msgs/msg/Position.idl
[3.975s] -- Up-to-date: /home/noldona/niryo/niryo_two_ros/install/niryo_one_msgs/share/niryo_one_msgs/msg/ProcessState.idl
[3.975s] -- Up-to-date: /home/noldona/niryo/niryo_two_ros/install/niryo_one_msgs/share/niryo_one_msgs/msg/ShiftPose.idl
[3.975s] -- Up-to-date: /home/noldona/niryo/niryo_two_ros/install/niryo_one_msgs/share/niryo_one_msgs/msg/TrajectoryPlan.idl
[3.975s] -- Up-to-date: /home/noldona/niryo/niryo_two_ros/install/niryo_one_msgs/share/niryo_one_msgs/msg/RobotMoveCommand.idl
[3.975s] -- Up-to-date: /home/noldona/niryo/niryo_two_ros/install/niryo_one_msgs/share/niryo_one_msgs/msg/RobotState.idl
[3.975s] -- Up-to-date: /home/noldona/niryo/niryo_two_ros/install/niryo_one_msgs/share/niryo_one_msgs/msg/Sequence.idl
[3.976s] -- Up-to-date: /home/noldona/niryo/niryo_two_ros/install/niryo_one_msgs/share/niryo_one_msgs/msg/SequenceAutorunStatus.idl
[3.976s] -- Up-to-date: /home/noldona/niryo/niryo_two_ros/install/niryo_one_msgs/share/niryo_one_msgs/msg/SoftwareVersion.idl
[3.976s] -- Up-to-date: /home/noldona/niryo/niryo_two_ros/install/niryo_one_msgs/share/niryo_one_msgs/msg/ToolCommand.idl
[3.976s] -- Up-to-date: /home/noldona/niryo/niryo_two_ros/install/niryo_one_msgs/share/niryo_one_msgs/msg/Trajectory.idl
[3.976s] -- Up-to-date: /home/noldona/niryo/niryo_two_ros/install/niryo_one_msgs/share/niryo_one_msgs/srv/ChangeHardwareVersion.idl
[3.976s] -- Up-to-date: /home/noldona/niryo/niryo_two_ros/install/niryo_one_msgs/share/niryo_one_msgs/msg/ConveyorFeedback.msg
[3.976s] -- Up-to-date: /home/noldona/niryo/niryo_two_ros/install/niryo_one_msgs/share/niryo_one_msgs/msg/DigitalIOState.msg
[3.976s] -- Up-to-date: /home/noldona/niryo/niryo_two_ros/install/niryo_one_msgs/share/niryo_one_msgs/msg/HardwareStatus.msg
[3.976s] -- Up-to-date: /home/noldona/niryo/niryo_two_ros/install/niryo_one_msgs/share/niryo_one_msgs/msg/LogStatus.msg
[3.977s] -- Up-to-date: /home/noldona/niryo/niryo_two_ros/install/niryo_one_msgs/share/niryo_one_msgs/msg/MatlabMoveResult.msg
[3.977s] -- Up-to-date: /home/noldona/niryo/niryo_two_ros/install/niryo_one_msgs/share/niryo_one_msgs/msg/ObjectPose.msg
[3.977s] -- Up-to-date: /home/noldona/niryo/niryo_two_ros/install/niryo_one_msgs/share/niryo_one_msgs/msg/RPY.msg
[3.977s] -- Up-to-date: /home/noldona/niryo/niryo_two_ros/install/niryo_one_msgs/share/niryo_one_msgs/msg/Position.msg
[3.977s] -- Up-to-date: /home/noldona/niryo/niryo_two_ros/install/niryo_one_msgs/share/niryo_one_msgs/msg/ProcessState.msg
[3.977s] -- Up-to-date: /home/noldona/niryo/niryo_two_ros/install/niryo_one_msgs/share/niryo_one_msgs/msg/ShiftPose.msg
[3.977s] -- Up-to-date: /home/noldona/niryo/niryo_two_ros/install/niryo_one_msgs/share/niryo_one_msgs/msg/TrajectoryPlan.msg
[3.978s] -- Up-to-date: /home/noldona/niryo/niryo_two_ros/install/niryo_one_msgs/share/niryo_one_msgs/msg/RobotMoveCommand.msg
[3.978s] -- Up-to-date: /home/noldona/niryo/niryo_two_ros/install/niryo_one_msgs/share/niryo_one_msgs/msg/RobotState.msg
[3.978s] -- Up-to-date: /home/noldona/niryo/niryo_two_ros/install/niryo_one_msgs/share/niryo_one_msgs/msg/Sequence.msg
[3.978s] -- Up-to-date: /home/noldona/niryo/niryo_two_ros/install/niryo_one_msgs/share/niryo_one_msgs/msg/SequenceAutorunStatus.msg
[3.978s] -- Up-to-date: /home/noldona/niryo/niryo_two_ros/install/niryo_one_msgs/share/niryo_one_msgs/msg/SoftwareVersion.msg
[3.978s] -- Up-to-date: /home/noldona/niryo/niryo_two_ros/install/niryo_one_msgs/share/niryo_one_msgs/msg/ToolCommand.msg
[3.978s] -- Up-to-date: /home/noldona/niryo/niryo_two_ros/install/niryo_one_msgs/share/niryo_one_msgs/msg/Trajectory.msg
[3.978s] -- Up-to-date: /home/noldona/niryo/niryo_two_ros/install/niryo_one_msgs/share/niryo_one_msgs/srv/ChangeHardwareVersion.srv
[3.979s] -- Up-to-date: /home/noldona/niryo/niryo_two_ros/install/niryo_one_msgs/share/ament_index/resource_index/package_run_dependencies/niryo_one_msgs
[3.979s] -- Up-to-date: /home/noldona/niryo/niryo_two_ros/install/niryo_one_msgs/share/ament_index/resource_index/parent_prefix_path/niryo_one_msgs
[3.979s] -- Up-to-date: /home/noldona/niryo/niryo_two_ros/install/niryo_one_msgs/share/niryo_one_msgs/environment/ament_prefix_path.sh
[3.979s] -- Up-to-date: /home/noldona/niryo/niryo_two_ros/install/niryo_one_msgs/share/niryo_one_msgs/environment/ament_prefix_path.dsv
[3.979s] -- Up-to-date: /home/noldona/niryo/niryo_two_ros/install/niryo_one_msgs/share/niryo_one_msgs/environment/path.sh
[3.979s] -- Up-to-date: /home/noldona/niryo/niryo_two_ros/install/niryo_one_msgs/share/niryo_one_msgs/environment/path.dsv
[3.980s] -- Up-to-date: /home/noldona/niryo/niryo_two_ros/install/niryo_one_msgs/share/niryo_one_msgs/local_setup.bash
[3.980s] -- Up-to-date: /home/noldona/niryo/niryo_two_ros/install/niryo_one_msgs/share/niryo_one_msgs/local_setup.sh
[3.980s] -- Up-to-date: /home/noldona/niryo/niryo_two_ros/install/niryo_one_msgs/share/niryo_one_msgs/local_setup.zsh
[3.980s] -- Up-to-date: /home/noldona/niryo/niryo_two_ros/install/niryo_one_msgs/share/niryo_one_msgs/local_setup.dsv
[3.980s] -- Installing: /home/noldona/niryo/niryo_two_ros/install/niryo_one_msgs/share/niryo_one_msgs/package.dsv
[3.980s] -- Up-to-date: /home/noldona/niryo/niryo_two_ros/install/niryo_one_msgs/share/ament_index/resource_index/packages/niryo_one_msgs
[3.980s] -- Up-to-date: /home/noldona/niryo/niryo_two_ros/install/niryo_one_msgs/share/niryo_one_msgs/cmake/export_niryo_one_msgs__rosidl_generator_cExport.cmake
[3.981s] -- Up-to-date: /home/noldona/niryo/niryo_two_ros/install/niryo_one_msgs/share/niryo_one_msgs/cmake/export_niryo_one_msgs__rosidl_generator_cExport-noconfig.cmake
[3.981s] -- Up-to-date: /home/noldona/niryo/niryo_two_ros/install/niryo_one_msgs/share/niryo_one_msgs/cmake/export_niryo_one_msgs__rosidl_typesupport_fastrtps_cExport.cmake
[3.981s] -- Up-to-date: /home/noldona/niryo/niryo_two_ros/install/niryo_one_msgs/share/niryo_one_msgs/cmake/export_niryo_one_msgs__rosidl_typesupport_fastrtps_cExport-noconfig.cmake
[3.981s] -- Up-to-date: /home/noldona/niryo/niryo_two_ros/install/niryo_one_msgs/share/niryo_one_msgs/cmake/export_niryo_one_msgs__rosidl_generator_cppExport.cmake
[3.981s] -- Up-to-date: /home/noldona/niryo/niryo_two_ros/install/niryo_one_msgs/share/niryo_one_msgs/cmake/export_niryo_one_msgs__rosidl_typesupport_fastrtps_cppExport.cmake
[3.981s] -- Up-to-date: /home/noldona/niryo/niryo_two_ros/install/niryo_one_msgs/share/niryo_one_msgs/cmake/export_niryo_one_msgs__rosidl_typesupport_fastrtps_cppExport-noconfig.cmake
[3.981s] -- Up-to-date: /home/noldona/niryo/niryo_two_ros/install/niryo_one_msgs/share/niryo_one_msgs/cmake/niryo_one_msgs__rosidl_typesupport_introspection_cExport.cmake
[3.981s] -- Up-to-date: /home/noldona/niryo/niryo_two_ros/install/niryo_one_msgs/share/niryo_one_msgs/cmake/niryo_one_msgs__rosidl_typesupport_introspection_cExport-noconfig.cmake
[3.982s] -- Up-to-date: /home/noldona/niryo/niryo_two_ros/install/niryo_one_msgs/share/niryo_one_msgs/cmake/niryo_one_msgs__rosidl_typesupport_cExport.cmake
[3.982s] -- Up-to-date: /home/noldona/niryo/niryo_two_ros/install/niryo_one_msgs/share/niryo_one_msgs/cmake/niryo_one_msgs__rosidl_typesupport_cExport-noconfig.cmake
[3.982s] -- Up-to-date: /home/noldona/niryo/niryo_two_ros/install/niryo_one_msgs/share/niryo_one_msgs/cmake/niryo_one_msgs__rosidl_typesupport_introspection_cppExport.cmake
[3.982s] -- Up-to-date: /home/noldona/niryo/niryo_two_ros/install/niryo_one_msgs/share/niryo_one_msgs/cmake/niryo_one_msgs__rosidl_typesupport_introspection_cppExport-noconfig.cmake
[3.982s] -- Up-to-date: /home/noldona/niryo/niryo_two_ros/install/niryo_one_msgs/share/niryo_one_msgs/cmake/niryo_one_msgs__rosidl_typesupport_cppExport.cmake
[3.982s] -- Up-to-date: /home/noldona/niryo/niryo_two_ros/install/niryo_one_msgs/share/niryo_one_msgs/cmake/niryo_one_msgs__rosidl_typesupport_cppExport-noconfig.cmake
[3.982s] -- Up-to-date: /home/noldona/niryo/niryo_two_ros/install/niryo_one_msgs/share/niryo_one_msgs/cmake/export_niryo_one_msgs__rosidl_generator_pyExport.cmake
[3.982s] -- Up-to-date: /home/noldona/niryo/niryo_two_ros/install/niryo_one_msgs/share/niryo_one_msgs/cmake/export_niryo_one_msgs__rosidl_generator_pyExport-noconfig.cmake
[3.982s] -- Up-to-date: /home/noldona/niryo/niryo_two_ros/install/niryo_one_msgs/share/niryo_one_msgs/cmake/rosidl_cmake-extras.cmake
[3.982s] -- Up-to-date: /home/noldona/niryo/niryo_two_ros/install/niryo_one_msgs/share/niryo_one_msgs/cmake/ament_cmake_export_dependencies-extras.cmake
[3.983s] -- Up-to-date: /home/noldona/niryo/niryo_two_ros/install/niryo_one_msgs/share/niryo_one_msgs/cmake/ament_cmake_export_include_directories-extras.cmake
[3.983s] -- Up-to-date: /home/noldona/niryo/niryo_two_ros/install/niryo_one_msgs/share/niryo_one_msgs/cmake/ament_cmake_export_libraries-extras.cmake
[3.983s] -- Up-to-date: /home/noldona/niryo/niryo_two_ros/install/niryo_one_msgs/share/niryo_one_msgs/cmake/ament_cmake_export_targets-extras.cmake
[3.983s] -- Up-to-date: /home/noldona/niryo/niryo_two_ros/install/niryo_one_msgs/share/niryo_one_msgs/cmake/rosidl_cmake_export_typesupport_targets-extras.cmake
[3.983s] -- Up-to-date: /home/noldona/niryo/niryo_two_ros/install/niryo_one_msgs/share/niryo_one_msgs/cmake/rosidl_cmake_export_typesupport_libraries-extras.cmake
[3.983s] -- Up-to-date: /home/noldona/niryo/niryo_two_ros/install/niryo_one_msgs/share/niryo_one_msgs/cmake/niryo_one_msgsConfig.cmake
[3.983s] -- Up-to-date: /home/noldona/niryo/niryo_two_ros/install/niryo_one_msgs/share/niryo_one_msgs/cmake/niryo_one_msgsConfig-version.cmake
[3.983s] -- Up-to-date: /home/noldona/niryo/niryo_two_ros/install/niryo_one_msgs/share/niryo_one_msgs/package.xml
[3.987s] Invoked command in '/home/noldona/niryo/niryo_two_ros/build/niryo_one_msgs' returned '0': CMAKE_PREFIX_PATH=${CMAKE_PREFIX_PATH}:/opt/ros/jazzy DEBUGINFOD_URLS=https://debuginfod.ubuntu.com /usr/bin/cmake --install /home/noldona/niryo/niryo_two_ros/build/niryo_one_msgs
